#
# There is insufficient memory for the Java Runtime Environment to continue.
# Native memory allocation (malloc) failed to allocate 1707696 bytes. Error detail: Chunk::new
# Possible reasons:
#   The system is out of physical RAM or swap space
#   This process is running with CompressedOops enabled, and the Java Heap may be blocking the growth of the native heap
# Possible solutions:
#   Reduce memory load on the system
#   Increase physical memory or swap space
#   Check if swap backing store is full
#   Decrease Java heap size (-Xmx/-Xms)
#   Decrease number of Java threads
#   Decrease Java thread stack sizes (-Xss)
#   Set larger code cache with -XX:ReservedCodeCacheSize=
#   JVM is running with Unscaled Compressed Oops mode in which the Java heap is
#     placed in the first 4GB address space. The Java Heap base address is the
#     maximum limit for the native heap growth. Please use -XX:HeapBaseMinAddress
#     to set the Java Heap base and to place the Java Heap above 4GB virtual address.
# This output file may be truncated or incomplete.
#
#  Out of Memory Error (arena.cpp:168), pid=39308, tid=46964
#
# JRE version: OpenJDK Runtime Environment (21.0.6) (build 21.0.6+-13391695-b895.109)
# Java VM: OpenJDK 64-Bit Server VM (21.0.6+-13391695-b895.109, mixed mode, tiered, compressed oops, compressed class ptrs, g1 gc, windows-amd64)
# No core dump will be written. Minidumps are not enabled by default on client versions of Windows
#

---------------  S U M M A R Y ------------

Command Line: --add-opens=java.base/java.lang=ALL-UNNAMED --add-opens=java.base/java.lang.invoke=ALL-UNNAMED --add-opens=java.base/java.util=ALL-UNNAMED --add-opens=java.prefs/java.util.prefs=ALL-UNNAMED --add-exports=jdk.compiler/com.sun.tools.javac.api=ALL-UNNAMED --add-exports=jdk.compiler/com.sun.tools.javac.util=ALL-UNNAMED --add-opens=java.base/java.util=ALL-UNNAMED --add-opens=java.prefs/java.util.prefs=ALL-UNNAMED --add-opens=java.base/java.nio.charset=ALL-UNNAMED --add-opens=java.base/java.net=ALL-UNNAMED --add-opens=java.base/java.util.concurrent.atomic=ALL-UNNAMED --add-opens=java.xml/javax.xml.namespace=ALL-UNNAMED -Xmx2048m -Dfile.encoding=UTF-8 -Duser.country=IN -Duser.language=en -Duser.variant -javaagent:C:\Users\rishabh.jain\.gradle\wrapper\dists\gradle-8.13-bin\5xuhj0ry160q40clulazy9h7d\gradle-8.13\lib\agents\gradle-instrumentation-agent-8.13.jar org.gradle.launcher.daemon.bootstrap.GradleDaemon 8.13

Host: Intel(R) Core(TM) 5 120U, 12 cores, 15G,  Windows 11 , 64 bit Build 26100 (10.0.26100.7309)
Time: Wed Dec 24 14:28:56 2025 India Standard Time elapsed time: 8.183456 seconds (0d 0h 0m 8s)

---------------  T H R E A D  ---------------

Current thread (0x000002a308bce1e0):  JavaThread "C2 CompilerThread1" daemon [_thread_in_native, id=46964, stack(0x000000e5b7900000,0x000000e5b7a00000) (1024K)]


Current CompileTask:
C2:8183 5372       4       java.net.URLClassLoader$1::run (5 bytes)

Stack: [0x000000e5b7900000,0x000000e5b7a00000]
Native frames: (J=compiled Java code, j=interpreted, Vv=VM code, C=native code)
V  [jvm.dll+0x6d0639]
V  [jvm.dll+0x85eb03]
V  [jvm.dll+0x86105e]
V  [jvm.dll+0x861743]
V  [jvm.dll+0x27e6e6]
V  [jvm.dll+0xbff6d]
V  [jvm.dll+0xc04a3]
V  [jvm.dll+0x3b6171]
V  [jvm.dll+0x3820c7]
V  [jvm.dll+0x38153a]
V  [jvm.dll+0x247c82]
V  [jvm.dll+0x247251]
V  [jvm.dll+0x1c5f04]
V  [jvm.dll+0x2569ac]
V  [jvm.dll+0x254ef6]
V  [jvm.dll+0x3f0e96]
V  [jvm.dll+0x806ed8]
V  [jvm.dll+0x6cef0d]
C  [ucrtbase.dll+0x37b0]
C  [KERNEL32.DLL+0x2e8d7]
C  [ntdll.dll+0x8c53c]


---------------  P R O C E S S  ---------------

Threads class SMR info:
_java_thread_list=0x000002a308970f80, length=34, elements={
0x000002a367c276f0, 0x000002a37f89d340, 0x000002a37f8a1db0, 0x000002a37f8a37c0,
0x000002a37f8ad630, 0x000002a37f8ae2a0, 0x000002a37f8af490, 0x000002a37f8b0340,
0x000002a37f8b11e0, 0x000002a37fa35620, 0x000002a304068230, 0x000002a305934180,
0x000002a305a0cfa0, 0x000002a3059dcdf0, 0x000002a305b87050, 0x000002a305b7a170,
0x000002a305c192d0, 0x000002a305c25e10, 0x000002a305b8ac80, 0x000002a305b8cd50,
0x000002a305b8b310, 0x000002a305b8b9a0, 0x000002a305b8d3e0, 0x000002a305b89f60,
0x000002a305b8c030, 0x000002a305b8a5f0, 0x000002a305b8c6c0, 0x000002a307c1bb10,
0x000002a307c1c830, 0x000002a307c1d550, 0x000002a307c1cec0, 0x000002a307c1b480,
0x000002a308bce1e0, 0x000002a30a786900
}

Java Threads: ( => current thread )
  0x000002a367c276f0 JavaThread "main"                              [_thread_blocked, id=3696, stack(0x000000e5b6700000,0x000000e5b6800000) (1024K)]
  0x000002a37f89d340 JavaThread "Reference Handler"          daemon [_thread_blocked, id=42732, stack(0x000000e5b6f00000,0x000000e5b7000000) (1024K)]
  0x000002a37f8a1db0 JavaThread "Finalizer"                  daemon [_thread_blocked, id=27264, stack(0x000000e5b7000000,0x000000e5b7100000) (1024K)]
  0x000002a37f8a37c0 JavaThread "Signal Dispatcher"          daemon [_thread_blocked, id=45280, stack(0x000000e5b7100000,0x000000e5b7200000) (1024K)]
  0x000002a37f8ad630 JavaThread "Attach Listener"            daemon [_thread_blocked, id=35884, stack(0x000000e5b7200000,0x000000e5b7300000) (1024K)]
  0x000002a37f8ae2a0 JavaThread "Service Thread"             daemon [_thread_blocked, id=44384, stack(0x000000e5b7300000,0x000000e5b7400000) (1024K)]
  0x000002a37f8af490 JavaThread "Monitor Deflation Thread"   daemon [_thread_blocked, id=44736, stack(0x000000e5b7400000,0x000000e5b7500000) (1024K)]
  0x000002a37f8b0340 JavaThread "C2 CompilerThread0"         daemon [_thread_in_native, id=43576, stack(0x000000e5b7500000,0x000000e5b7600000) (1024K)]
  0x000002a37f8b11e0 JavaThread "C1 CompilerThread0"         daemon [_thread_in_vm, id=20500, stack(0x000000e5b7600000,0x000000e5b7700000) (1024K)]
  0x000002a37fa35620 JavaThread "Common-Cleaner"             daemon [_thread_blocked, id=40804, stack(0x000000e5b7700000,0x000000e5b7800000) (1024K)]
  0x000002a304068230 JavaThread "Notification Thread"        daemon [_thread_blocked, id=36200, stack(0x000000e5b7800000,0x000000e5b7900000) (1024K)]
  0x000002a305934180 JavaThread "Daemon health stats"               [_thread_blocked, id=40940, stack(0x000000e5b8200000,0x000000e5b8300000) (1024K)]
  0x000002a305a0cfa0 JavaThread "Incoming local TCP Connector on port 52621"        [_thread_in_native, id=27404, stack(0x000000e5b8300000,0x000000e5b8400000) (1024K)]
  0x000002a3059dcdf0 JavaThread "Daemon periodic checks"            [_thread_blocked, id=28752, stack(0x000000e5b8400000,0x000000e5b8500000) (1024K)]
  0x000002a305b87050 JavaThread "Daemon"                            [_thread_blocked, id=37508, stack(0x000000e5b8500000,0x000000e5b8600000) (1024K)]
  0x000002a305b7a170 JavaThread "Handler for socket connection from /127.0.0.1:52621 to /127.0.0.1:52622"        [_thread_in_native, id=27828, stack(0x000000e5b8600000,0x000000e5b8700000) (1024K)]
  0x000002a305c192d0 JavaThread "Cancel handler"                    [_thread_blocked, id=8848, stack(0x000000e5b8700000,0x000000e5b8800000) (1024K)]
  0x000002a305c25e10 JavaThread "Daemon worker"                     [_thread_in_native, id=29716, stack(0x000000e5b8800000,0x000000e5b8900000) (1024K)]
  0x000002a305b8ac80 JavaThread "Asynchronous log dispatcher for DefaultDaemonConnection: socket connection from /127.0.0.1:52621 to /127.0.0.1:52622"        [_thread_blocked, id=37228, stack(0x000000e5b8900000,0x000000e5b8a00000) (1024K)]
  0x000002a305b8cd50 JavaThread "Stdin handler"                     [_thread_blocked, id=3576, stack(0x000000e5b8a00000,0x000000e5b8b00000) (1024K)]
  0x000002a305b8b310 JavaThread "Daemon client event forwarder"        [_thread_blocked, id=29516, stack(0x000000e5b8b00000,0x000000e5b8c00000) (1024K)]
  0x000002a305b8b9a0 JavaThread "Cache worker for journal cache (C:\Users\rishabh.jain\.gradle\caches\journal-1)"        [_thread_blocked, id=32624, stack(0x000000e5b8f00000,0x000000e5b9000000) (1024K)]
  0x000002a305b8d3e0 JavaThread "File lock request listener"        [_thread_in_native, id=37052, stack(0x000000e5b9000000,0x000000e5b9100000) (1024K)]
  0x000002a305b89f60 JavaThread "Cache worker for file hash cache (C:\Users\rishabh.jain\.gradle\caches\8.13\fileHashes)"        [_thread_blocked, id=31828, stack(0x000000e5b9100000,0x000000e5b9200000) (1024K)]
  0x000002a305b8c030 JavaThread "Cache worker for file hash cache (C:\Users\rishabh.jain\AndroidStudioProjects\VendorApplication\.gradle\8.13\fileHashes)"        [_thread_blocked, id=30448, stack(0x000000e5b9300000,0x000000e5b9400000) (1024K)]
  0x000002a305b8a5f0 JavaThread "Cache worker for Build Output Cleanup Cache (C:\Users\rishabh.jain\AndroidStudioProjects\VendorApplication\.gradle\buildOutputCleanup)"        [_thread_blocked, id=9856, stack(0x000000e5b9400000,0x000000e5b9500000) (1024K)]
  0x000002a305b8c6c0 JavaThread "File watcher server"        daemon [_thread_in_native, id=37364, stack(0x000000e5b9500000,0x000000e5b9600000) (1024K)]
  0x000002a307c1bb10 JavaThread "File watcher consumer"      daemon [_thread_blocked, id=37072, stack(0x000000e5b9600000,0x000000e5b9700000) (1024K)]
  0x000002a307c1c830 JavaThread "Cache worker for checksums cache (C:\Users\rishabh.jain\AndroidStudioProjects\VendorApplication\.gradle\8.13\checksums)"        [_thread_blocked, id=35440, stack(0x000000e5b9700000,0x000000e5b9800000) (1024K)]
  0x000002a307c1d550 JavaThread "Cache worker for file content cache (C:\Users\rishabh.jain\.gradle\caches\8.13\fileContent)"        [_thread_blocked, id=38672, stack(0x000000e5b9800000,0x000000e5b9900000) (1024K)]
  0x000002a307c1cec0 JavaThread "Cache worker for cache directory md-supplier (C:\Users\rishabh.jain\.gradle\caches\8.13\md-supplier)"        [_thread_blocked, id=13328, stack(0x000000e5b9900000,0x000000e5b9a00000) (1024K)]
  0x000002a307c1b480 JavaThread "Cache worker for cache directory md-rule (C:\Users\rishabh.jain\.gradle\caches\8.13\md-rule)"        [_thread_blocked, id=45096, stack(0x000000e5b9a00000,0x000000e5b9b00000) (1024K)]
=>0x000002a308bce1e0 JavaThread "C2 CompilerThread1"         daemon [_thread_in_native, id=46964, stack(0x000000e5b7900000,0x000000e5b7a00000) (1024K)]
  0x000002a30a786900 JavaThread "C2 CompilerThread2"         daemon [_thread_in_native, id=27524, stack(0x000000e5b9200000,0x000000e5b9300000) (1024K)]
Total: 34

Other Threads:
  0x000002a37f802eb0 VMThread "VM Thread"                           [id=46128, stack(0x000000e5b6e00000,0x000000e5b6f00000) (1024K)]
  0x000002a37f7e0090 WatcherThread "VM Periodic Task Thread"        [id=41316, stack(0x000000e5b6d00000,0x000000e5b6e00000) (1024K)]
  0x000002a367c81bd0 WorkerThread "GC Thread#0"                     [id=41760, stack(0x000000e5b6800000,0x000000e5b6900000) (1024K)]
  0x000002a304599280 WorkerThread "GC Thread#1"                     [id=15516, stack(0x000000e5b7b00000,0x000000e5b7c00000) (1024K)]
  0x000002a30423a380 WorkerThread "GC Thread#2"                     [id=39852, stack(0x000000e5b7c00000,0x000000e5b7d00000) (1024K)]
  0x000002a30423a720 WorkerThread "GC Thread#3"                     [id=29176, stack(0x000000e5b7d00000,0x000000e5b7e00000) (1024K)]
  0x000002a30423aac0 WorkerThread "GC Thread#4"                     [id=45148, stack(0x000000e5b7e00000,0x000000e5b7f00000) (1024K)]
  0x000002a3044fdda0 WorkerThread "GC Thread#5"                     [id=5916, stack(0x000000e5b7f00000,0x000000e5b8000000) (1024K)]
  0x000002a3058f62a0 WorkerThread "GC Thread#6"                     [id=11860, stack(0x000000e5b7a00000,0x000000e5b7b00000) (1024K)]
  0x000002a3058f6640 WorkerThread "GC Thread#7"                     [id=43696, stack(0x000000e5b8000000,0x000000e5b8100000) (1024K)]
  0x000002a3058f69e0 WorkerThread "GC Thread#8"                     [id=7904, stack(0x000000e5b8100000,0x000000e5b8200000) (1024K)]
  0x000002a3058f6d80 WorkerThread "GC Thread#9"                     [id=17628, stack(0x000000e5b8c00000,0x000000e5b8d00000) (1024K)]
  0x000002a367c92ac0 ConcurrentGCThread "G1 Main Marker"            [id=44544, stack(0x000000e5b6900000,0x000000e5b6a00000) (1024K)]
  0x000002a367c934d0 WorkerThread "G1 Conc#0"                       [id=3624, stack(0x000000e5b6a00000,0x000000e5b6b00000) (1024K)]
  0x000002a3058f7120 WorkerThread "G1 Conc#1"                       [id=18304, stack(0x000000e5b8d00000,0x000000e5b8e00000) (1024K)]
  0x000002a3058f74c0 WorkerThread "G1 Conc#2"                       [id=26836, stack(0x000000e5b8e00000,0x000000e5b8f00000) (1024K)]
  0x000002a37f56e640 ConcurrentGCThread "G1 Refine#0"               [id=44392, stack(0x000000e5b6b00000,0x000000e5b6c00000) (1024K)]
  0x000002a37f56ef60 ConcurrentGCThread "G1 Service"                [id=35148, stack(0x000000e5b6c00000,0x000000e5b6d00000) (1024K)]
Total: 18

Threads with active compile tasks:
C2 CompilerThread0  8257 5518       4       sun.security.provider.DigestBase::engineUpdate (176 bytes)
C1 CompilerThread0  8258 5505       3       org.gradle.internal.hash.HashCode$HashCode128::equals (57 bytes)
C2 CompilerThread1  8258 5372       4       java.net.URLClassLoader$1::run (5 bytes)
C2 CompilerThread2  8258 5371   !   4       java.net.URLClassLoader$1::run (81 bytes)
Total: 4

VM state: not at safepoint (normal execution)

VM Mutex/Monitor currently owned by a thread:  ([mutex/lock_event])
[0x00007fff818cc1a0] Metaspace_lock - owner thread: 0x000002a37f8b11e0

Heap address: 0x0000000080000000, size: 2048 MB, Compressed Oops mode: 32-bit

CDS archive(s) not mapped
Compressed class space mapped at: 0x0000000100000000-0x0000000140000000, reserved size: 1073741824
Narrow klass base: 0x0000000000000000, Narrow klass shift: 3, Narrow klass range: 0x140000000

GC Precious Log:
 CardTable entry size: 512
 Card Set container configuration: InlinePtr #cards 5 size 8 Array Of Cards #cards 12 size 40 Howl #buckets 4 coarsen threshold 1843 Howl Bitmap #cards 512 size 80 coarsen threshold 460 Card regions per heap region 1 cards per card region 2048
 CPUs: 12 total, 12 available
 Memory: 16066M
 Large Page Support: Disabled
 NUMA Support: Disabled
 Compressed Oops: Enabled (32-bit)
 Heap Region Size: 1M
 Heap Min Capacity: 8M
 Heap Initial Capacity: 252M
 Heap Max Capacity: 2G
 Pre-touch: Disabled
 Parallel Workers: 10
 Concurrent Workers: 3
 Concurrent Refinement Workers: 10
 Periodic GC: Disabled

Heap:
 garbage-first heap   total 112640K, used 84077K [0x0000000080000000, 0x0000000100000000)
  region size 1024K, 50 young (51200K), 5 survivors (5120K)
 Metaspace       used 64136K, committed 65792K, reserved 1114112K
  class space    used 8785K, committed 9664K, reserved 1048576K

Heap Regions: E=young(eden), S=young(survivor), O=old, HS=humongous(starts), HC=humongous(continues), CS=collection set, F=free, TAMS=top-at-mark-start, PB=parsable bottom
|   0|0x0000000080000000, 0x0000000080100000, 0x0000000080100000|100%|HS|  |TAMS 0x0000000080000000| PB 0x0000000080000000| Complete 
|   1|0x0000000080100000, 0x0000000080200000, 0x0000000080200000|100%|HC|  |TAMS 0x0000000080100000| PB 0x0000000080100000| Complete 
|   2|0x0000000080200000, 0x0000000080300000, 0x0000000080300000|100%|HC|  |TAMS 0x0000000080200000| PB 0x0000000080200000| Complete 
|   3|0x0000000080300000, 0x0000000080400000, 0x0000000080400000|100%| O|  |TAMS 0x0000000080300000| PB 0x0000000080300000| Untracked 
|   4|0x0000000080400000, 0x0000000080500000, 0x0000000080500000|100%| O|  |TAMS 0x0000000080400000| PB 0x0000000080400000| Untracked 
|   5|0x0000000080500000, 0x0000000080600000, 0x0000000080600000|100%| O|  |TAMS 0x0000000080500000| PB 0x0000000080500000| Untracked 
|   6|0x0000000080600000, 0x0000000080700000, 0x0000000080700000|100%|HS|  |TAMS 0x0000000080600000| PB 0x0000000080600000| Complete 
|   7|0x0000000080700000, 0x0000000080800000, 0x0000000080800000|100%| O|  |TAMS 0x0000000080700000| PB 0x0000000080700000| Untracked 
|   8|0x0000000080800000, 0x0000000080900000, 0x0000000080900000|100%| O|  |TAMS 0x0000000080800000| PB 0x0000000080800000| Untracked 
|   9|0x0000000080900000, 0x0000000080a00000, 0x0000000080a00000|100%| O|  |TAMS 0x0000000080900000| PB 0x0000000080900000| Untracked 
|  10|0x0000000080a00000, 0x0000000080b00000, 0x0000000080b00000|100%| O|  |TAMS 0x0000000080a00000| PB 0x0000000080a00000| Untracked 
|  11|0x0000000080b00000, 0x0000000080c00000, 0x0000000080c00000|100%| O|  |TAMS 0x0000000080b00000| PB 0x0000000080b00000| Untracked 
|  12|0x0000000080c00000, 0x0000000080d00000, 0x0000000080d00000|100%| O|  |TAMS 0x0000000080c00000| PB 0x0000000080c00000| Untracked 
|  13|0x0000000080d00000, 0x0000000080e00000, 0x0000000080e00000|100%| O|  |TAMS 0x0000000080d00000| PB 0x0000000080d00000| Untracked 
|  14|0x0000000080e00000, 0x0000000080f00000, 0x0000000080f00000|100%| O|  |TAMS 0x0000000080e00000| PB 0x0000000080e00000| Untracked 
|  15|0x0000000080f00000, 0x0000000081000000, 0x0000000081000000|100%| O|  |TAMS 0x0000000080f00000| PB 0x0000000080f00000| Untracked 
|  16|0x0000000081000000, 0x0000000081100000, 0x0000000081100000|100%| O|  |TAMS 0x0000000081000000| PB 0x0000000081000000| Untracked 
|  17|0x0000000081100000, 0x0000000081200000, 0x0000000081200000|100%| O|  |TAMS 0x0000000081100000| PB 0x0000000081100000| Untracked 
|  18|0x0000000081200000, 0x0000000081300000, 0x0000000081300000|100%| O|  |TAMS 0x0000000081200000| PB 0x0000000081200000| Untracked 
|  19|0x0000000081300000, 0x0000000081400000, 0x0000000081400000|100%| O|  |TAMS 0x0000000081300000| PB 0x0000000081300000| Untracked 
|  20|0x0000000081400000, 0x0000000081500000, 0x0000000081500000|100%| O|  |TAMS 0x0000000081400000| PB 0x0000000081400000| Untracked 
|  21|0x0000000081500000, 0x0000000081600000, 0x0000000081600000|100%| O|  |TAMS 0x0000000081500000| PB 0x0000000081500000| Untracked 
|  22|0x0000000081600000, 0x0000000081700000, 0x0000000081700000|100%| O|Cm|TAMS 0x0000000081600000| PB 0x0000000081600000| Complete 
|  23|0x0000000081700000, 0x0000000081800000, 0x0000000081800000|100%| O|  |TAMS 0x0000000081700000| PB 0x0000000081700000| Untracked 
|  24|0x0000000081800000, 0x0000000081900000, 0x0000000081900000|100%| O|  |TAMS 0x0000000081800000| PB 0x0000000081800000| Untracked 
|  25|0x0000000081900000, 0x0000000081a00000, 0x0000000081a00000|100%| O|  |TAMS 0x0000000081900000| PB 0x0000000081900000| Untracked 
|  26|0x0000000081a00000, 0x0000000081b00000, 0x0000000081b00000|100%| O|  |TAMS 0x0000000081a00000| PB 0x0000000081a00000| Untracked 
|  27|0x0000000081b00000, 0x0000000081bdec98, 0x0000000081c00000| 87%| O|  |TAMS 0x0000000081b00000| PB 0x0000000081b00000| Untracked 
|  28|0x0000000081c00000, 0x0000000081c00000, 0x0000000081d00000|  0%| F|  |TAMS 0x0000000081c00000| PB 0x0000000081c00000| Untracked 
|  29|0x0000000081d00000, 0x0000000081d00000, 0x0000000081e00000|  0%| F|  |TAMS 0x0000000081d00000| PB 0x0000000081d00000| Untracked 
|  30|0x0000000081e00000, 0x0000000081e00000, 0x0000000081f00000|  0%| F|  |TAMS 0x0000000081e00000| PB 0x0000000081e00000| Untracked 
|  31|0x0000000081f00000, 0x0000000081f00000, 0x0000000082000000|  0%| F|  |TAMS 0x0000000081f00000| PB 0x0000000081f00000| Untracked 
|  32|0x0000000082000000, 0x0000000082000000, 0x0000000082100000|  0%| F|  |TAMS 0x0000000082000000| PB 0x0000000082000000| Untracked 
|  33|0x0000000082100000, 0x0000000082200000, 0x0000000082200000|100%| O|  |TAMS 0x0000000082100000| PB 0x0000000082100000| Untracked 
|  34|0x0000000082200000, 0x0000000082300000, 0x0000000082300000|100%| O|  |TAMS 0x0000000082200000| PB 0x0000000082200000| Untracked 
|  35|0x0000000082300000, 0x0000000082400000, 0x0000000082400000|100%| O|  |TAMS 0x0000000082300000| PB 0x0000000082300000| Untracked 
|  36|0x0000000082400000, 0x0000000082500000, 0x0000000082500000|100%| O|  |TAMS 0x0000000082400000| PB 0x0000000082400000| Untracked 
|  37|0x0000000082500000, 0x0000000082600000, 0x0000000082600000|100%| O|  |TAMS 0x0000000082500000| PB 0x0000000082500000| Untracked 
|  38|0x0000000082600000, 0x0000000082700000, 0x0000000082700000|100%| O|  |TAMS 0x0000000082600000| PB 0x0000000082600000| Untracked 
|  39|0x0000000082700000, 0x0000000082700000, 0x0000000082800000|  0%| F|  |TAMS 0x0000000082700000| PB 0x0000000082700000| Untracked 
|  40|0x0000000082800000, 0x0000000082800000, 0x0000000082900000|  0%| F|  |TAMS 0x0000000082800000| PB 0x0000000082800000| Untracked 
|  41|0x0000000082900000, 0x0000000082900000, 0x0000000082a00000|  0%| F|  |TAMS 0x0000000082900000| PB 0x0000000082900000| Untracked 
|  42|0x0000000082a00000, 0x0000000082a00000, 0x0000000082b00000|  0%| F|  |TAMS 0x0000000082a00000| PB 0x0000000082a00000| Untracked 
|  43|0x0000000082b00000, 0x0000000082b00000, 0x0000000082c00000|  0%| F|  |TAMS 0x0000000082b00000| PB 0x0000000082b00000| Untracked 
|  44|0x0000000082c00000, 0x0000000082c00000, 0x0000000082d00000|  0%| F|  |TAMS 0x0000000082c00000| PB 0x0000000082c00000| Untracked 
|  45|0x0000000082d00000, 0x0000000082d00000, 0x0000000082e00000|  0%| F|  |TAMS 0x0000000082d00000| PB 0x0000000082d00000| Untracked 
|  46|0x0000000082e00000, 0x0000000082e00000, 0x0000000082f00000|  0%| F|  |TAMS 0x0000000082e00000| PB 0x0000000082e00000| Untracked 
|  47|0x0000000082f00000, 0x0000000082f00000, 0x0000000083000000|  0%| F|  |TAMS 0x0000000082f00000| PB 0x0000000082f00000| Untracked 
|  48|0x0000000083000000, 0x0000000083000000, 0x0000000083100000|  0%| F|  |TAMS 0x0000000083000000| PB 0x0000000083000000| Untracked 
|  49|0x0000000083100000, 0x0000000083100000, 0x0000000083200000|  0%| F|  |TAMS 0x0000000083100000| PB 0x0000000083100000| Untracked 
|  50|0x0000000083200000, 0x0000000083200000, 0x0000000083300000|  0%| F|  |TAMS 0x0000000083200000| PB 0x0000000083200000| Untracked 
|  51|0x0000000083300000, 0x0000000083300000, 0x0000000083400000|  0%| F|  |TAMS 0x0000000083300000| PB 0x0000000083300000| Untracked 
|  52|0x0000000083400000, 0x0000000083400000, 0x0000000083500000|  0%| F|  |TAMS 0x0000000083400000| PB 0x0000000083400000| Untracked 
|  53|0x0000000083500000, 0x0000000083500000, 0x0000000083600000|  0%| F|  |TAMS 0x0000000083500000| PB 0x0000000083500000| Untracked 
|  54|0x0000000083600000, 0x0000000083600000, 0x0000000083700000|  0%| F|  |TAMS 0x0000000083600000| PB 0x0000000083600000| Untracked 
|  55|0x0000000083700000, 0x0000000083700000, 0x0000000083800000|  0%| F|  |TAMS 0x0000000083700000| PB 0x0000000083700000| Untracked 
|  56|0x0000000083800000, 0x0000000083800000, 0x0000000083900000|  0%| F|  |TAMS 0x0000000083800000| PB 0x0000000083800000| Untracked 
|  57|0x0000000083900000, 0x0000000083900000, 0x0000000083a00000|  0%| F|  |TAMS 0x0000000083900000| PB 0x0000000083900000| Untracked 
|  58|0x0000000083a00000, 0x0000000083a00000, 0x0000000083b00000|  0%| F|  |TAMS 0x0000000083a00000| PB 0x0000000083a00000| Untracked 
|  59|0x0000000083b00000, 0x0000000083b00000, 0x0000000083c00000|  0%| F|  |TAMS 0x0000000083b00000| PB 0x0000000083b00000| Untracked 
|  60|0x0000000083c00000, 0x0000000083cc2410, 0x0000000083d00000| 75%| E|  |TAMS 0x0000000083c00000| PB 0x0000000083c00000| Complete 
|  61|0x0000000083d00000, 0x0000000083e00000, 0x0000000083e00000|100%| E|CS|TAMS 0x0000000083d00000| PB 0x0000000083d00000| Complete 
|  62|0x0000000083e00000, 0x0000000083f00000, 0x0000000083f00000|100%| E|CS|TAMS 0x0000000083e00000| PB 0x0000000083e00000| Complete 
|  63|0x0000000083f00000, 0x0000000084000000, 0x0000000084000000|100%| E|CS|TAMS 0x0000000083f00000| PB 0x0000000083f00000| Complete 
|  64|0x0000000084000000, 0x0000000084100000, 0x0000000084100000|100%| E|CS|TAMS 0x0000000084000000| PB 0x0000000084000000| Complete 
|  65|0x0000000084100000, 0x0000000084200000, 0x0000000084200000|100%| E|CS|TAMS 0x0000000084100000| PB 0x0000000084100000| Complete 
|  66|0x0000000084200000, 0x0000000084300000, 0x0000000084300000|100%| E|CS|TAMS 0x0000000084200000| PB 0x0000000084200000| Complete 
|  67|0x0000000084300000, 0x0000000084400000, 0x0000000084400000|100%| E|CS|TAMS 0x0000000084300000| PB 0x0000000084300000| Complete 
|  68|0x0000000084400000, 0x0000000084500000, 0x0000000084500000|100%| E|CS|TAMS 0x0000000084400000| PB 0x0000000084400000| Complete 
|  69|0x0000000084500000, 0x0000000084600000, 0x0000000084600000|100%| E|CS|TAMS 0x0000000084500000| PB 0x0000000084500000| Complete 
|  70|0x0000000084600000, 0x0000000084700000, 0x0000000084700000|100%| E|CS|TAMS 0x0000000084600000| PB 0x0000000084600000| Complete 
|  71|0x0000000084700000, 0x0000000084800000, 0x0000000084800000|100%| E|CS|TAMS 0x0000000084700000| PB 0x0000000084700000| Complete 
|  72|0x0000000084800000, 0x0000000084900000, 0x0000000084900000|100%| E|CS|TAMS 0x0000000084800000| PB 0x0000000084800000| Complete 
|  73|0x0000000084900000, 0x0000000084a00000, 0x0000000084a00000|100%| E|CS|TAMS 0x0000000084900000| PB 0x0000000084900000| Complete 
|  74|0x0000000084a00000, 0x0000000084b00000, 0x0000000084b00000|100%| E|CS|TAMS 0x0000000084a00000| PB 0x0000000084a00000| Complete 
|  75|0x0000000084b00000, 0x0000000084c00000, 0x0000000084c00000|100%| E|CS|TAMS 0x0000000084b00000| PB 0x0000000084b00000| Complete 
|  76|0x0000000084c00000, 0x0000000084d00000, 0x0000000084d00000|100%| E|CS|TAMS 0x0000000084c00000| PB 0x0000000084c00000| Complete 
|  77|0x0000000084d00000, 0x0000000084e00000, 0x0000000084e00000|100%| E|CS|TAMS 0x0000000084d00000| PB 0x0000000084d00000| Complete 
|  78|0x0000000084e00000, 0x0000000084f00000, 0x0000000084f00000|100%| E|CS|TAMS 0x0000000084e00000| PB 0x0000000084e00000| Complete 
|  79|0x0000000084f00000, 0x0000000085000000, 0x0000000085000000|100%| E|CS|TAMS 0x0000000084f00000| PB 0x0000000084f00000| Complete 
|  80|0x0000000085000000, 0x0000000085100000, 0x0000000085100000|100%| E|CS|TAMS 0x0000000085000000| PB 0x0000000085000000| Complete 
|  81|0x0000000085100000, 0x0000000085200000, 0x0000000085200000|100%| E|CS|TAMS 0x0000000085100000| PB 0x0000000085100000| Complete 
|  82|0x0000000085200000, 0x0000000085300000, 0x0000000085300000|100%| E|CS|TAMS 0x0000000085200000| PB 0x0000000085200000| Complete 
|  83|0x0000000085300000, 0x0000000085400000, 0x0000000085400000|100%| E|CS|TAMS 0x0000000085300000| PB 0x0000000085300000| Complete 
|  84|0x0000000085400000, 0x0000000085500000, 0x0000000085500000|100%| E|CS|TAMS 0x0000000085400000| PB 0x0000000085400000| Complete 
|  85|0x0000000085500000, 0x0000000085600000, 0x0000000085600000|100%| E|CS|TAMS 0x0000000085500000| PB 0x0000000085500000| Complete 
|  86|0x0000000085600000, 0x000000008563c8c0, 0x0000000085700000| 23%| S|CS|TAMS 0x0000000085600000| PB 0x0000000085600000| Complete 
|  87|0x0000000085700000, 0x0000000085800000, 0x0000000085800000|100%| S|CS|TAMS 0x0000000085700000| PB 0x0000000085700000| Complete 
|  88|0x0000000085800000, 0x0000000085900000, 0x0000000085900000|100%| S|CS|TAMS 0x0000000085800000| PB 0x0000000085800000| Complete 
|  89|0x0000000085900000, 0x0000000085a00000, 0x0000000085a00000|100%| S|CS|TAMS 0x0000000085900000| PB 0x0000000085900000| Complete 
|  90|0x0000000085a00000, 0x0000000085b00000, 0x0000000085b00000|100%| S|CS|TAMS 0x0000000085a00000| PB 0x0000000085a00000| Complete 
|  91|0x0000000085b00000, 0x0000000085c00000, 0x0000000085c00000|100%| E|CS|TAMS 0x0000000085b00000| PB 0x0000000085b00000| Complete 
|  92|0x0000000085c00000, 0x0000000085d00000, 0x0000000085d00000|100%| E|CS|TAMS 0x0000000085c00000| PB 0x0000000085c00000| Complete 
|  93|0x0000000085d00000, 0x0000000085e00000, 0x0000000085e00000|100%| E|CS|TAMS 0x0000000085d00000| PB 0x0000000085d00000| Complete 
|  94|0x0000000085e00000, 0x0000000085f00000, 0x0000000085f00000|100%| E|CS|TAMS 0x0000000085e00000| PB 0x0000000085e00000| Complete 
|  95|0x0000000085f00000, 0x0000000086000000, 0x0000000086000000|100%| E|CS|TAMS 0x0000000085f00000| PB 0x0000000085f00000| Complete 
|  96|0x0000000086000000, 0x0000000086100000, 0x0000000086100000|100%| E|CS|TAMS 0x0000000086000000| PB 0x0000000086000000| Complete 
|  97|0x0000000086100000, 0x0000000086200000, 0x0000000086200000|100%| E|CS|TAMS 0x0000000086100000| PB 0x0000000086100000| Complete 
|  98|0x0000000086200000, 0x0000000086300000, 0x0000000086300000|100%| E|CS|TAMS 0x0000000086200000| PB 0x0000000086200000| Complete 
|  99|0x0000000086300000, 0x0000000086400000, 0x0000000086400000|100%| E|CS|TAMS 0x0000000086300000| PB 0x0000000086300000| Complete 
| 100|0x0000000086400000, 0x0000000086500000, 0x0000000086500000|100%| E|CS|TAMS 0x0000000086400000| PB 0x0000000086400000| Complete 
| 220|0x000000008dc00000, 0x000000008dd00000, 0x000000008dd00000|100%| E|CS|TAMS 0x000000008dc00000| PB 0x000000008dc00000| Complete 
| 221|0x000000008dd00000, 0x000000008de00000, 0x000000008de00000|100%| E|CS|TAMS 0x000000008dd00000| PB 0x000000008dd00000| Complete 
| 222|0x000000008de00000, 0x000000008df00000, 0x000000008df00000|100%| E|CS|TAMS 0x000000008de00000| PB 0x000000008de00000| Complete 
| 223|0x000000008df00000, 0x000000008e000000, 0x000000008e000000|100%| E|CS|TAMS 0x000000008df00000| PB 0x000000008df00000| Complete 
| 224|0x000000008e000000, 0x000000008e100000, 0x000000008e100000|100%| E|CS|TAMS 0x000000008e000000| PB 0x000000008e000000| Complete 
| 225|0x000000008e100000, 0x000000008e200000, 0x000000008e200000|100%| E|CS|TAMS 0x000000008e100000| PB 0x000000008e100000| Complete 
| 226|0x000000008e200000, 0x000000008e300000, 0x000000008e300000|100%| E|CS|TAMS 0x000000008e200000| PB 0x000000008e200000| Complete 
| 227|0x000000008e300000, 0x000000008e400000, 0x000000008e400000|100%| E|CS|TAMS 0x000000008e300000| PB 0x000000008e300000| Complete 
| 251|0x000000008fb00000, 0x000000008fc00000, 0x000000008fc00000|100%| E|CS|TAMS 0x000000008fb00000| PB 0x000000008fb00000| Complete 

Card table byte_map: [0x000002a37a6c0000,0x000002a37aac0000] _byte_map_base: 0x000002a37a2c0000

Marking Bits: (CMBitMap*) 0x000002a367c821e0
 Bits: [0x000002a37aac0000, 0x000002a37cac0000)

Polling page: 0x000002a365540000

Metaspace:

Usage:
  Non-class:     54.05 MB used.
      Class:      8.58 MB used.
       Both:     62.63 MB used.

Virtual space:
  Non-class space:       64.00 MB reserved,      54.81 MB ( 86%) committed,  1 nodes.
      Class space:        1.00 GB reserved,       9.44 MB ( <1%) committed,  1 nodes.
             Both:        1.06 GB reserved,      64.25 MB (  6%) committed. 

Chunk freelists:
   Non-Class:  8.86 MB
       Class:  6.60 MB
        Both:  15.46 MB

MaxMetaspaceSize: unlimited
CompressedClassSpaceSize: 1.00 GB
Initial GC threshold: 21.00 MB
Current GC threshold: 98.25 MB
CDS: off
 - commit_granule_bytes: 65536.
 - commit_granule_words: 8192.
 - virtual_space_node_default_size: 8388608.
 - enlarge_chunks_in_place: 1.
 - use_allocation_guard: 0.


Internal statistics:

num_allocs_failed_limit: 9.
num_arena_births: 3116.
num_arena_deaths: 0.
num_vsnodes_births: 2.
num_vsnodes_deaths: 0.
num_space_committed: 1028.
num_space_uncommitted: 0.
num_chunks_returned_to_freelist: 9.
num_chunks_taken_from_freelist: 5712.
num_chunk_merges: 9.
num_chunk_splits: 3723.
num_chunks_enlarged: 2310.
num_inconsistent_stats: 0.

CodeHeap 'non-profiled nmethods': size=120000Kb used=3235Kb max_used=3235Kb free=116764Kb
 bounds [0x000002a372840000, 0x000002a372b70000, 0x000002a379d70000]
CodeHeap 'profiled nmethods': size=120000Kb used=9271Kb max_used=9271Kb free=110728Kb
 bounds [0x000002a36ad70000, 0x000002a36b680000, 0x000002a3722a0000]
CodeHeap 'non-nmethods': size=5760Kb used=1976Kb max_used=2017Kb free=3783Kb
 bounds [0x000002a3722a0000, 0x000002a372510000, 0x000002a372840000]
 total_blobs=5664 nmethods=4915 adapters=653
 compilation: enabled
              stopped_count=0, restarted_count=0
 full_count=0

Compilation events (20 events):
Event: 8.127 Thread 0x000002a30a786900 5371   !   4       java.net.URLClassLoader$1::run (81 bytes)
Event: 8.127 Thread 0x000002a37f8b11e0 nmethod 5441 0x000002a36b649f90 code [0x000002a36b64a160, 0x000002a36b64a658]
Event: 8.127 Thread 0x000002a37f8b11e0 5442       3       org.objectweb.asm.MethodWriter::visitLineNumber (50 bytes)
Event: 8.127 Thread 0x000002a37f8b11e0 nmethod 5442 0x000002a36b64a810 code [0x000002a36b64aa00, 0x000002a36b64ae80]
Event: 8.128 Thread 0x000002a37f8b11e0 5443       3       java.io.FilterInputStream::read (11 bytes)
Event: 8.128 Thread 0x000002a37f8b11e0 nmethod 5443 0x000002a36b64b090 code [0x000002a36b64b240, 0x000002a36b64b410]
Event: 8.128 Thread 0x000002a37f8b11e0 5444       3       org.objectweb.asm.ClassReader::readCode (5117 bytes)
Event: 8.151 Thread 0x000002a37f8b11e0 nmethod 5444 0x000002a36b64b510 code [0x000002a36b64cb60, 0x000002a36b65db80]
Event: 8.151 Thread 0x000002a37f8b11e0 5451       1       org.gradle.internal.instantiation.generator.DefaultInstantiationScheme::instantiator (5 bytes)
Event: 8.151 Thread 0x000002a37f8b11e0 nmethod 5451 0x000002a372b52890 code [0x000002a372b52a20, 0x000002a372b52ae8]
Event: 8.151 Thread 0x000002a37f8b11e0 5448       3       org.objectweb.asm.MethodWriter::visitLocalVariable (222 bytes)
Event: 8.153 Thread 0x000002a37f8b11e0 nmethod 5448 0x000002a36b665c90 code [0x000002a36b665fe0, 0x000002a36b667158]
Event: 8.153 Thread 0x000002a37f8b11e0 5445       3       org.objectweb.asm.ClassReader::readShort (27 bytes)
Event: 8.153 Thread 0x000002a37f8b11e0 nmethod 5445 0x000002a36b667990 code [0x000002a36b667b40, 0x000002a36b667cb8]
Event: 8.153 Thread 0x000002a37f8b11e0 5446       1       org.objectweb.asm.SymbolTable::getSource (5 bytes)
Event: 8.153 Thread 0x000002a37f8b11e0 nmethod 5446 0x000002a372b52b90 code [0x000002a372b52d20, 0x000002a372b52de8]
Event: 8.153 Thread 0x000002a37f8b11e0 5450       3       java.util.concurrent.ConcurrentHashMap$ReservationNode::<init> (9 bytes)
Event: 8.153 Thread 0x000002a37f8b11e0 nmethod 5450 0x000002a36b667d90 code [0x000002a36b667f40, 0x000002a36b6681a8]
Event: 8.176 Thread 0x000002a37f8b11e0 5453       3       org.gradle.cache.internal.btree.StateCheckBlockStore::read (33 bytes)
Event: 8.177 Thread 0x000002a37f8b11e0 nmethod 5453 0x000002a36b668290 code [0x000002a36b668440, 0x000002a36b668620]

GC Heap History (20 events):
Event: 2.211 GC heap before
{Heap before GC invocations=2 (full 0):
 garbage-first heap   total 258048K, used 63389K [0x0000000080000000, 0x0000000100000000)
  region size 1024K, 54 young (55296K), 5 survivors (5120K)
 Metaspace       used 15150K, committed 15424K, reserved 1114112K
  class space    used 1675K, committed 1792K, reserved 1048576K
}
Event: 2.217 GC heap after
{Heap after GC invocations=3 (full 0):
 garbage-first heap   total 258048K, used 18184K [0x0000000080000000, 0x0000000100000000)
  region size 1024K, 6 young (6144K), 6 survivors (6144K)
 Metaspace       used 15150K, committed 15424K, reserved 1114112K
  class space    used 1675K, committed 1792K, reserved 1048576K
}
Event: 2.639 GC heap before
{Heap before GC invocations=3 (full 0):
 garbage-first heap   total 258048K, used 41736K [0x0000000080000000, 0x0000000100000000)
  region size 1024K, 30 young (30720K), 6 survivors (6144K)
 Metaspace       used 21144K, committed 21504K, reserved 1114112K
  class space    used 2444K, committed 2624K, reserved 1048576K
}
Event: 2.643 GC heap after
{Heap after GC invocations=4 (full 0):
 garbage-first heap   total 258048K, used 20343K [0x0000000080000000, 0x0000000100000000)
  region size 1024K, 8 young (8192K), 8 survivors (8192K)
 Metaspace       used 21144K, committed 21504K, reserved 1114112K
  class space    used 2444K, committed 2624K, reserved 1048576K
}
Event: 3.328 GC heap before
{Heap before GC invocations=5 (full 0):
 garbage-first heap   total 68608K, used 67447K [0x0000000080000000, 0x0000000100000000)
  region size 1024K, 55 young (56320K), 8 survivors (8192K)
 Metaspace       used 28856K, committed 29376K, reserved 1114112K
  class space    used 3650K, committed 3904K, reserved 1048576K
}
Event: 3.335 GC heap after
{Heap after GC invocations=6 (full 0):
 garbage-first heap   total 79872K, used 22619K [0x0000000080000000, 0x0000000100000000)
  region size 1024K, 11 young (11264K), 11 survivors (11264K)
 Metaspace       used 28856K, committed 29376K, reserved 1114112K
  class space    used 3650K, committed 3904K, reserved 1048576K
}
Event: 3.738 GC heap before
{Heap before GC invocations=6 (full 0):
 garbage-first heap   total 79872K, used 57435K [0x0000000080000000, 0x0000000100000000)
  region size 1024K, 46 young (47104K), 11 survivors (11264K)
 Metaspace       used 33401K, committed 34240K, reserved 1114112K
  class space    used 4425K, committed 4800K, reserved 1048576K
}
Event: 3.745 GC heap after
{Heap after GC invocations=7 (full 0):
 garbage-first heap   total 79872K, used 25052K [0x0000000080000000, 0x0000000100000000)
  region size 1024K, 6 young (6144K), 6 survivors (6144K)
 Metaspace       used 33401K, committed 34240K, reserved 1114112K
  class space    used 4425K, committed 4800K, reserved 1048576K
}
Event: 3.912 GC heap before
{Heap before GC invocations=7 (full 0):
 garbage-first heap   total 79872K, used 35292K [0x0000000080000000, 0x0000000100000000)
  region size 1024K, 18 young (18432K), 6 survivors (6144K)
 Metaspace       used 35126K, committed 35968K, reserved 1114112K
  class space    used 4680K, committed 5120K, reserved 1048576K
}
Event: 3.916 GC heap after
{Heap after GC invocations=8 (full 0):
 garbage-first heap   total 79872K, used 25819K [0x0000000080000000, 0x0000000100000000)
  region size 1024K, 4 young (4096K), 4 survivors (4096K)
 Metaspace       used 35126K, committed 35968K, reserved 1114112K
  class space    used 4680K, committed 5120K, reserved 1048576K
}
Event: 4.485 GC heap before
{Heap before GC invocations=9 (full 0):
 garbage-first heap   total 79872K, used 66779K [0x0000000080000000, 0x0000000100000000)
  region size 1024K, 45 young (46080K), 4 survivors (4096K)
 Metaspace       used 42316K, committed 43200K, reserved 1114112K
  class space    used 5509K, committed 5952K, reserved 1048576K
}
Event: 4.490 GC heap after
{Heap after GC invocations=10 (full 0):
 garbage-first heap   total 79872K, used 30031K [0x0000000080000000, 0x0000000100000000)
  region size 1024K, 6 young (6144K), 6 survivors (6144K)
 Metaspace       used 42316K, committed 43200K, reserved 1114112K
  class space    used 5509K, committed 5952K, reserved 1048576K
}
Event: 4.759 GC heap before
{Heap before GC invocations=10 (full 0):
 garbage-first heap   total 79872K, used 67919K [0x0000000080000000, 0x0000000100000000)
  region size 1024K, 42 young (43008K), 6 survivors (6144K)
 Metaspace       used 44794K, committed 45760K, reserved 1114112K
  class space    used 5765K, committed 6272K, reserved 1048576K
}
Event: 4.765 GC heap after
{Heap after GC invocations=11 (full 0):
 garbage-first heap   total 79872K, used 32542K [0x0000000080000000, 0x0000000100000000)
  region size 1024K, 3 young (3072K), 3 survivors (3072K)
 Metaspace       used 44794K, committed 45760K, reserved 1114112K
  class space    used 5765K, committed 6272K, reserved 1048576K
}
Event: 5.333 GC heap before
{Heap before GC invocations=11 (full 0):
 garbage-first heap   total 79872K, used 68382K [0x0000000080000000, 0x0000000100000000)
  region size 1024K, 38 young (38912K), 3 survivors (3072K)
 Metaspace       used 47966K, committed 49152K, reserved 1114112K
  class space    used 6302K, committed 6912K, reserved 1048576K
}
Event: 5.338 GC heap after
{Heap after GC invocations=12 (full 0):
 garbage-first heap   total 112640K, used 34851K [0x0000000080000000, 0x0000000100000000)
  region size 1024K, 5 young (5120K), 5 survivors (5120K)
 Metaspace       used 47966K, committed 49152K, reserved 1114112K
  class space    used 6302K, committed 6912K, reserved 1048576K
}
Event: 6.417 GC heap before
{Heap before GC invocations=12 (full 0):
 garbage-first heap   total 112640K, used 97315K [0x0000000080000000, 0x0000000100000000)
  region size 1024K, 66 young (67584K), 5 survivors (5120K)
 Metaspace       used 56028K, committed 57536K, reserved 1114112K
  class space    used 7557K, committed 8320K, reserved 1048576K
}
Event: 6.424 GC heap after
{Heap after GC invocations=13 (full 0):
 garbage-first heap   total 112640K, used 37741K [0x0000000080000000, 0x0000000100000000)
  region size 1024K, 8 young (8192K), 8 survivors (8192K)
 Metaspace       used 56028K, committed 57536K, reserved 1114112K
  class space    used 7557K, committed 8320K, reserved 1048576K
}
Event: 6.866 GC heap before
{Heap before GC invocations=13 (full 0):
 garbage-first heap   total 112640K, used 56173K [0x0000000080000000, 0x0000000100000000)
  region size 1024K, 27 young (27648K), 8 survivors (8192K)
 Metaspace       used 58532K, committed 60096K, reserved 1114112K
  class space    used 7906K, committed 8704K, reserved 1048576K
}
Event: 6.874 GC heap after
{Heap after GC invocations=14 (full 0):
 garbage-first heap   total 112640K, used 39021K [0x0000000080000000, 0x0000000100000000)
  region size 1024K, 5 young (5120K), 5 survivors (5120K)
 Metaspace       used 58532K, committed 60096K, reserved 1114112K
  class space    used 7906K, committed 8704K, reserved 1048576K
}

Dll operation events (3 events):
Event: 0.084 Loaded shared library C:\Program Files\Android\Android Studio\jbr\bin\java.dll
Event: 0.117 Loaded shared library C:\Program Files\Android\Android Studio\jbr\bin\zip.dll
Event: 1.024 Loaded shared library C:\Program Files\Android\Android Studio\jbr\bin\verify.dll

Deoptimization events (20 events):
Event: 7.617 Thread 0x000002a305c25e10 Uncommon trap: trap_request=0xffffffde fr.pc=0x000002a372a41fa0 relative=0x0000000000000200
Event: 7.617 Thread 0x000002a305c25e10 Uncommon trap: reason=class_check action=maybe_recompile pc=0x000002a372a41fa0 method=jdk.internal.loader.URLClassPath.getResource(Ljava/lang/String;Z)Ljdk/internal/loader/Resource; @ 53 c2
Event: 7.617 Thread 0x000002a305c25e10 DEOPT PACKING pc=0x000002a372a41fa0 sp=0x000000e5b88f8990
Event: 7.617 Thread 0x000002a305c25e10 DEOPT UNPACKING pc=0x000002a3722f46a2 sp=0x000000e5b88f8938 mode 2
Event: 7.990 Thread 0x000002a305c25e10 Uncommon trap: trap_request=0xffffff45 fr.pc=0x000002a372a78514 relative=0x0000000000000374
Event: 7.990 Thread 0x000002a305c25e10 Uncommon trap: reason=unstable_if action=reinterpret pc=0x000002a372a78514 method=org.gradle.internal.reflect.PropertyAccessorType.isGetGetterName(Ljava/lang/String;)Z @ 14 c2
Event: 7.990 Thread 0x000002a305c25e10 DEOPT PACKING pc=0x000002a372a78514 sp=0x000000e5b88f93a0
Event: 7.990 Thread 0x000002a305c25e10 DEOPT UNPACKING pc=0x000002a3722f46a2 sp=0x000000e5b88f92f8 mode 2
Event: 8.045 Thread 0x000002a305c25e10 Uncommon trap: trap_request=0xffffff45 fr.pc=0x000002a37284e428 relative=0x0000000000000108
Event: 8.045 Thread 0x000002a305c25e10 Uncommon trap: reason=unstable_if action=reinterpret pc=0x000002a37284e428 method=org.objectweb.asm.ByteVector.putShort(I)Lorg/objectweb/asm/ByteVector; @ 13 c2
Event: 8.045 Thread 0x000002a305c25e10 DEOPT PACKING pc=0x000002a37284e428 sp=0x000000e5b88f9110
Event: 8.045 Thread 0x000002a305c25e10 DEOPT UNPACKING pc=0x000002a3722f46a2 sp=0x000000e5b88f90a8 mode 2
Event: 8.046 Thread 0x000002a305c25e10 Uncommon trap: trap_request=0xffffff45 fr.pc=0x000002a372aee20c relative=0x000000000000040c
Event: 8.046 Thread 0x000002a305c25e10 Uncommon trap: reason=unstable_if action=reinterpret pc=0x000002a372aee20c method=org.objectweb.asm.MethodWriter.visitVarInsn(II)V @ 108 c2
Event: 8.046 Thread 0x000002a305c25e10 DEOPT PACKING pc=0x000002a372aee20c sp=0x000000e5b88f8f40
Event: 8.046 Thread 0x000002a305c25e10 DEOPT UNPACKING pc=0x000002a3722f46a2 sp=0x000000e5b88f8ef8 mode 2
Event: 8.099 Thread 0x000002a305c25e10 Uncommon trap: trap_request=0xffffff45 fr.pc=0x000002a372a71d70 relative=0x00000000000013b0
Event: 8.099 Thread 0x000002a305c25e10 Uncommon trap: reason=unstable_if action=reinterpret pc=0x000002a372a71d70 method=java.util.concurrent.ConcurrentHashMap.computeIfAbsent(Ljava/lang/Object;Ljava/util/function/Function;)Ljava/lang/Object; @ 123 c2
Event: 8.099 Thread 0x000002a305c25e10 DEOPT PACKING pc=0x000002a372a71d70 sp=0x000000e5b88fa230
Event: 8.099 Thread 0x000002a305c25e10 DEOPT UNPACKING pc=0x000002a3722f46a2 sp=0x000000e5b88fa1b0 mode 2

Classes loaded (20 events):
Event: 7.498 Loading class java/io/ObjectStreamClass$1
Event: 7.498 Loading class java/io/ObjectStreamClass$1 done
Event: 7.498 Loading class java/io/ObjectStreamClass$MemberSignature
Event: 7.498 Loading class java/io/ObjectStreamClass$MemberSignature done
Event: 7.498 Loading class java/io/ObjectStreamClass$3
Event: 7.498 Loading class java/io/ObjectStreamClass$3 done
Event: 7.498 Loading class java/io/ObjectStreamClass$4
Event: 7.498 Loading class java/io/ObjectStreamClass$4 done
Event: 7.498 Loading class java/io/ObjectStreamClass$5
Event: 7.498 Loading class java/io/ObjectStreamClass$5 done
Event: 7.499 Loading class java/io/ObjectStreamClass$ClassDataSlot
Event: 7.499 Loading class java/io/ObjectStreamClass$ClassDataSlot done
Event: 7.501 Loading class jdk/internal/reflect/MethodHandleLongFieldAccessorImpl
Event: 7.502 Loading class jdk/internal/reflect/MethodHandleLongFieldAccessorImpl done
Event: 7.504 Loading class java/io/SerialCallbackContext
Event: 7.505 Loading class java/io/SerialCallbackContext done
Event: 7.927 Loading class java/util/DualPivotQuicksort
Event: 7.928 Loading class java/util/DualPivotQuicksort done
Event: 7.985 Loading class java/util/function/LongUnaryOperator
Event: 7.985 Loading class java/util/function/LongUnaryOperator done

Classes unloaded (0 events):
No events

Classes redefined (0 events):
No events

Internal exceptions (20 events):
Event: 6.888 Thread 0x000002a305c25e10 Exception <a 'sun/nio/fs/WindowsException'{0x000000008fbe2330}> (0x000000008fbe2330) 
thrown [s\src\hotspot\share\prims\jni.cpp, line 535]
Event: 6.888 Thread 0x000002a305c25e10 Exception <a 'sun/nio/fs/WindowsException'{0x000000008fbe3a68}> (0x000000008fbe3a68) 
thrown [s\src\hotspot\share\prims\jni.cpp, line 535]
Event: 6.898 Thread 0x000002a305c25e10 Exception <a 'java/lang/NoSuchMethodError'{0x000000008e3dd0c0}: 'java.lang.Object java.lang.invoke.DirectMethodHandle$Holder.newInvokeSpecial(java.lang.Object, java.lang.Object, java.lang.Object, int)'> (0x000000008e3dd0c0) 
thrown [s\src\hotspot\share\interpreter\linkResolver.cpp, line 784]
Event: 6.898 Thread 0x000002a305c25e10 Exception <a 'java/lang/NoSuchMethodError'{0x000000008e3e18f8}: 'java.lang.Object java.lang.invoke.DirectMethodHandle$Holder.invokeSpecial(java.lang.Object, java.lang.Object, java.lang.Object, java.lang.Object, int)'> (0x000000008e3e18f8) 
thrown [s\src\hotspot\share\interpreter\linkResolver.cpp, line 784]
Event: 6.898 Thread 0x000002a305c25e10 Exception <a 'java/lang/NoSuchMethodError'{0x000000008e3e5a78}: 'java.lang.Object java.lang.invoke.Invokers$Holder.linkToTargetMethod(java.lang.Object, java.lang.Object, int, java.lang.Object)'> (0x000000008e3e5a78) 
thrown [s\src\hotspot\share\interpreter\linkResolver.cpp, line 784]
Event: 6.917 Thread 0x000002a305c25e10 Exception <a 'sun/nio/fs/WindowsException'{0x000000008e298d40}> (0x000000008e298d40) 
thrown [s\src\hotspot\share\prims\jni.cpp, line 535]
Event: 6.967 Thread 0x000002a305c25e10 Exception <a 'java/lang/NoSuchMethodError'{0x000000008df31a40}: 'int java.lang.invoke.DirectMethodHandle$Holder.invokeInterface(java.lang.Object, java.lang.Object, java.lang.Object, java.lang.Object, java.lang.Object)'> (0x000000008df31a40) 
thrown [s\src\hotspot\share\interpreter\linkResolver.cpp, line 784]
Event: 7.132 Thread 0x000002a305c25e10 Exception <a 'java/lang/NoSuchMethodError'{0x0000000086006098}: 'void java.lang.invoke.DirectMethodHandle$Holder.invokeStatic(java.lang.Object, java.lang.Object, java.lang.Object, java.lang.Object, java.lang.Object, java.lang.Object, java.lang.Object)'> (0x0000000086006098) 
thrown [s\src\hotspot\share\interpreter\linkResolver.cpp, line 784]
Event: 7.498 Thread 0x000002a305b8b310 Exception <a 'java/lang/NoSuchMethodError'{0x0000000084e129e0}: static Lorg/gradle/internal/build/event/types/DefaultOperationStartedProgressEvent;.<clinit>()V> (0x0000000084e129e0) 
thrown [s\src\hotspot\share\prims\jni.cpp, line 1139]
Event: 7.499 Thread 0x000002a305b8b310 Exception <a 'java/lang/NoSuchMethodError'{0x0000000084e14830}: static Lorg/gradle/internal/build/event/types/AbstractProgressEvent;.<clinit>()V> (0x0000000084e14830) 
thrown [s\src\hotspot\share\prims\jni.cpp, line 1139]
Event: 7.501 Thread 0x000002a305b8b310 Exception <a 'java/lang/NoSuchMethodError'{0x0000000084e26338}: static Lorg/gradle/internal/build/event/types/DefaultProjectConfigurationDescriptor;.<clinit>()V> (0x0000000084e26338) 
thrown [s\src\hotspot\share\prims\jni.cpp, line 1139]
Event: 7.501 Thread 0x000002a305b8b310 Exception <a 'java/lang/NoSuchMethodError'{0x0000000084e288c0}: static Lorg/gradle/internal/build/event/types/DefaultOperationDescriptor;.<clinit>()V> (0x0000000084e288c0) 
thrown [s\src\hotspot\share\prims\jni.cpp, line 1139]
Event: 7.502 Thread 0x000002a305b8b310 Exception <a 'java/lang/NoSuchMethodError'{0x0000000084e2d748}: 'long java.lang.invoke.DirectMethodHandle$Holder.invokeSpecial(java.lang.Object, java.lang.Object)'> (0x0000000084e2d748) 
thrown [s\src\hotspot\share\interpreter\linkResolver.cpp, line 784]
Event: 7.502 Thread 0x000002a305b8b310 Exception <a 'java/lang/NoSuchMethodError'{0x0000000084e30c00}: 'long java.lang.invoke.Invokers$Holder.invokeExact_MT(java.lang.Object, java.lang.Object)'> (0x0000000084e30c00) 
thrown [s\src\hotspot\share\interpreter\linkResolver.cpp, line 784]
Event: 7.503 Thread 0x000002a305b8b310 Exception <a 'java/lang/NoSuchMethodError'{0x0000000084e47c40}: static Lorg/gradle/internal/operations/OperationIdentifier;.<clinit>()V> (0x0000000084e47c40) 
thrown [s\src\hotspot\share\prims\jni.cpp, line 1139]
Event: 7.985 Thread 0x000002a305c25e10 Exception <a 'java/lang/NoSuchMethodError'{0x00000000847bd990}: 'long java.lang.invoke.DirectMethodHandle$Holder.invokeStatic(java.lang.Object, long)'> (0x00000000847bd990) 
thrown [s\src\hotspot\share\interpreter\linkResolver.cpp, line 784]
Event: 8.046 Thread 0x000002a305c25e10 Implicit null exception at 0x000002a372aedec3 to 0x000002a372aee200
Event: 8.085 Thread 0x000002a305c25e10 Exception <a 'java/lang/NoSuchMethodError'{0x000000008426d500}: 'java.lang.Object java.lang.invoke.DirectMethodHandle$Holder.invokeVirtual(java.lang.Object, java.lang.Object, java.lang.Object, java.lang.Object, java.lang.Object, java.lang.Object, java.lang.Object, java.lang.Object, java.lang.Object, java.lang.Object, java.lang.Object, java.lang.Object, java.lang.Object, java.lang.Object, java.lang.Object, java.lang.Object, java.lang.Object)'> (0x000000008426d500) 
thrown [s\src\hotspot\share\interpreter\li
Event: 8.086 Thread 0x000002a305c25e10 Exception <a 'java/lang/NoSuchMethodError'{0x00000000842733d0}: 'java.lang.Object java.lang.invoke.DirectMethodHandle$Holder.invokeSpecial(java.lang.Object, java.lang.Object, java.lang.Object, java.lang.Object, java.lang.Object, java.lang.Object, java.lang.Object, java.lang.Object, java.lang.Object, java.lang.Object, java.lang.Object, java.lang.Object, java.lang.Object, java.lang.Object, java.lang.Object, java.lang.Object, java.lang.Object, java.lang.Object)'> (0x00000000842733d0) 
thrown [s\src\hotspot\sh
Event: 8.086 Thread 0x000002a305c25e10 Exception <a 'java/lang/NoSuchMethodError'{0x0000000084278928}: 'java.lang.Object java.lang.invoke.DelegatingMethodHandle$Holder.reinvoke_L(java.lang.Object, java.lang.Object, java.lang.Object, java.lang.Object, java.lang.Object, java.lang.Object, java.lang.Object, java.lang.Object, java.lang.Object, java.lang.Object, java.lang.Object, java.lang.Object, java.lang.Object, java.lang.Object, java.lang.Object, java.lang.Object, java.lang.Object)'> (0x0000000084278928) 
thrown [s\src\hotspot\share\interpreter\l

ZGC Phase Switch (0 events):
No events

VM Operations (20 events):
Event: 5.660 Executing VM operation: HandshakeAllThreads (Deoptimize)
Event: 5.660 Executing VM operation: HandshakeAllThreads (Deoptimize) done
Event: 6.105 Executing VM operation: HandshakeAllThreads (Deoptimize)
Event: 6.105 Executing VM operation: HandshakeAllThreads (Deoptimize) done
Event: 6.141 Executing VM operation: ICBufferFull
Event: 6.142 Executing VM operation: ICBufferFull done
Event: 6.148 Executing VM operation: HandshakeAllThreads (Deoptimize)
Event: 6.148 Executing VM operation: HandshakeAllThreads (Deoptimize) done
Event: 6.417 Executing VM operation: G1CollectForAllocation (G1 Evacuation Pause)
Event: 6.424 Executing VM operation: G1CollectForAllocation (G1 Evacuation Pause) done
Event: 6.866 Executing VM operation: CollectForMetadataAllocation (Metadata GC Threshold)
Event: 6.874 Executing VM operation: CollectForMetadataAllocation (Metadata GC Threshold) done
Event: 6.899 Executing VM operation: G1PauseRemark
Event: 6.902 Executing VM operation: G1PauseRemark done
Event: 6.911 Executing VM operation: G1PauseCleanup
Event: 6.911 Executing VM operation: G1PauseCleanup done
Event: 7.333 Executing VM operation: ICBufferFull
Event: 7.333 Executing VM operation: ICBufferFull done
Event: 7.383 Executing VM operation: HandshakeAllThreads (Deoptimize)
Event: 7.383 Executing VM operation: HandshakeAllThreads (Deoptimize) done

Memory protections (0 events):
No events

Nmethod flushes (20 events):
Event: 6.901 Thread 0x000002a37f802eb0 flushing  nmethod 0x000002a36b0e9410
Event: 6.901 Thread 0x000002a37f802eb0 flushing  nmethod 0x000002a36b1ccd10
Event: 6.901 Thread 0x000002a37f802eb0 flushing  nmethod 0x000002a36b1ce590
Event: 6.901 Thread 0x000002a37f802eb0 flushing  nmethod 0x000002a36b256c90
Event: 6.901 Thread 0x000002a37f802eb0 flushing  nmethod 0x000002a37296e410
Event: 6.901 Thread 0x000002a37f802eb0 flushing  nmethod 0x000002a372970190
Event: 6.901 Thread 0x000002a37f802eb0 flushing  nmethod 0x000002a36ad9e290
Event: 6.901 Thread 0x000002a37f802eb0 flushing  nmethod 0x000002a36ada0710
Event: 6.901 Thread 0x000002a37f802eb0 flushing  nmethod 0x000002a36ae3e710
Event: 6.901 Thread 0x000002a37f802eb0 flushing  nmethod 0x000002a36aef3190
Event: 6.901 Thread 0x000002a37f802eb0 flushing  nmethod 0x000002a36aef4210
Event: 6.901 Thread 0x000002a37f802eb0 flushing  nmethod 0x000002a36afa0d10
Event: 6.901 Thread 0x000002a37f802eb0 flushing  nmethod 0x000002a36b0ab210
Event: 6.901 Thread 0x000002a37f802eb0 flushing  nmethod 0x000002a36b0aea10
Event: 6.901 Thread 0x000002a37f802eb0 flushing  nmethod 0x000002a36b0f7b90
Event: 6.901 Thread 0x000002a37f802eb0 flushing  nmethod 0x000002a36b0f8510
Event: 6.901 Thread 0x000002a37f802eb0 flushing  nmethod 0x000002a36b0f9090
Event: 6.901 Thread 0x000002a37f802eb0 flushing  nmethod 0x000002a36b0faa10
Event: 6.901 Thread 0x000002a37f802eb0 flushing  nmethod 0x000002a36b0fae10
Event: 6.901 Thread 0x000002a37f802eb0 flushing  nmethod 0x000002a36b1d4c10

Events (20 events):
Event: 2.583 Thread 0x000002a305c25e10 Thread added: 0x000002a305b8cd50
Event: 2.584 Thread 0x000002a305c25e10 Thread added: 0x000002a305b8b310
Event: 2.870 Thread 0x000002a305c25e10 Thread added: 0x000002a305b8b9a0
Event: 2.886 Thread 0x000002a305c25e10 Thread added: 0x000002a305b8d3e0
Event: 2.918 Thread 0x000002a305c25e10 Thread added: 0x000002a305b89f60
Event: 3.077 Thread 0x000002a37f8b11e0 Thread added: 0x000002a306051220
Event: 3.613 Thread 0x000002a305c25e10 Thread added: 0x000002a305b8c030
Event: 3.631 Thread 0x000002a305c25e10 Thread added: 0x000002a305b8a5f0
Event: 3.831 Thread 0x000002a305c25e10 Thread added: 0x000002a305b8c6c0
Event: 3.837 Thread 0x000002a305c25e10 Thread added: 0x000002a307c1bb10
Event: 3.839 Thread 0x000002a306051220 Thread exited: 0x000002a306051220
Event: 4.504 Thread 0x000002a37f8b11e0 Thread added: 0x000002a30748b090
Event: 5.092 Thread 0x000002a305c25e10 Thread added: 0x000002a307c1c830
Event: 5.132 Thread 0x000002a305c25e10 Thread added: 0x000002a307c1d550
Event: 5.350 Thread 0x000002a305c25e10 Thread added: 0x000002a307c1cec0
Event: 5.419 Thread 0x000002a305c25e10 Thread added: 0x000002a307c1b480
Event: 6.359 Thread 0x000002a30748b090 Thread exited: 0x000002a30748b090
Event: 6.708 Thread 0x000002a3059140d0 Thread exited: 0x000002a3059140d0
Event: 7.139 Thread 0x000002a37f8b11e0 Thread added: 0x000002a308bce1e0
Event: 8.127 Thread 0x000002a37f8b11e0 Thread added: 0x000002a30a786900


Dynamic libraries:
0x00007ff60d2c0000 - 0x00007ff60d2ca000 	C:\Program Files\Android\Android Studio\jbr\bin\java.exe
0x00007ff825560000 - 0x00007ff8257c7000 	C:\windows\SYSTEM32\ntdll.dll
0x00007ff823960000 - 0x00007ff823a29000 	C:\windows\System32\KERNEL32.DLL
0x00007ff822f00000 - 0x00007ff8232ef000 	C:\windows\System32\KERNELBASE.dll
0x00007ff8223c0000 - 0x00007ff822575000 	C:\Windows\system32\hmpalert.dll
0x00007ff8221d0000 - 0x00007ff8223bc000 	C:\windows\System32\SophosED\SophosED.dll
0x00007ff822740000 - 0x00007ff82288b000 	C:\windows\System32\ucrtbase.dll
0x00007fffd66d0000 - 0x00007fffd66eb000 	C:\Program Files\Android\Android Studio\jbr\bin\VCRUNTIME140.dll
0x00007fffcad50000 - 0x00007fffcad68000 	C:\Program Files\Android\Android Studio\jbr\bin\jli.dll
0x00007ff824780000 - 0x00007ff824945000 	C:\windows\System32\USER32.dll
0x00007ff822ed0000 - 0x00007ff822ef7000 	C:\windows\System32\win32u.dll
0x00007ff824950000 - 0x00007ff82497b000 	C:\windows\System32\GDI32.dll
0x00007ff822a10000 - 0x00007ff822b3c000 	C:\windows\System32\gdi32full.dll
0x00007ff822cb0000 - 0x00007ff822d53000 	C:\windows\System32\msvcp_win.dll
0x00007ff803f40000 - 0x00007ff8041d3000 	C:\windows\WinSxS\amd64_microsoft.windows.common-controls_6595b64144ccf1df_6.0.26100.7309_none_3e05feeae336a044\COMCTL32.dll
0x00007ff825470000 - 0x00007ff825519000 	C:\windows\System32\msvcrt.dll
0x00007ff823320000 - 0x00007ff823351000 	C:\windows\System32\IMM32.DLL
0x00007ff8038e0000 - 0x00007ff8038ec000 	C:\Program Files\Android\Android Studio\jbr\bin\vcruntime140_1.dll
0x00007fff94410000 - 0x00007fff9449d000 	C:\Program Files\Android\Android Studio\jbr\bin\msvcp140.dll
0x00007fff80d20000 - 0x00007fff819ab000 	C:\Program Files\Android\Android Studio\jbr\bin\server\jvm.dll
0x00007ff823d30000 - 0x00007ff823de4000 	C:\windows\System32\ADVAPI32.dll
0x00007ff823ab0000 - 0x00007ff823b56000 	C:\windows\System32\sechost.dll
0x00007ff8252c0000 - 0x00007ff8253d8000 	C:\windows\System32\RPCRT4.dll
0x00007ff8253f0000 - 0x00007ff825464000 	C:\windows\System32\WS2_32.dll
0x00007ff821fb0000 - 0x00007ff82200e000 	C:\windows\SYSTEM32\POWRPROF.dll
0x00007ff81af30000 - 0x00007ff81af65000 	C:\windows\SYSTEM32\WINMM.dll
0x00007ff81b6b0000 - 0x00007ff81b6bb000 	C:\windows\SYSTEM32\VERSION.dll
0x00007ff821f90000 - 0x00007ff821fa4000 	C:\windows\SYSTEM32\UMPDC.dll
0x00007ff821070000 - 0x00007ff82108b000 	C:\windows\SYSTEM32\kernel.appcore.dll
0x00007ff8033e0000 - 0x00007ff8033ea000 	C:\Program Files\Android\Android Studio\jbr\bin\jimage.dll
0x00007ff81fa40000 - 0x00007ff81fc82000 	C:\windows\SYSTEM32\DBGHELP.DLL
0x00007ff824280000 - 0x00007ff824605000 	C:\windows\System32\combase.dll
0x00007ff824610000 - 0x00007ff8246e6000 	C:\windows\System32\OLEAUT32.dll
0x00007ff802340000 - 0x00007ff80237c000 	C:\windows\SYSTEM32\dbgcore.DLL
0x00007ff822d60000 - 0x00007ff822e05000 	C:\windows\System32\bcryptPrimitives.dll
0x00007fffe6a30000 - 0x00007fffe6a3e000 	C:\Program Files\Android\Android Studio\jbr\bin\instrument.dll
0x00007fffd3e90000 - 0x00007fffd3eb0000 	C:\Program Files\Android\Android Studio\jbr\bin\java.dll
0x00007fffcc4c0000 - 0x00007fffcc4d8000 	C:\Program Files\Android\Android Studio\jbr\bin\zip.dll
0x00007ff824980000 - 0x00007ff8250d3000 	C:\windows\System32\SHELL32.dll
0x00007ff822b40000 - 0x00007ff822caa000 	C:\windows\System32\wintypes.dll
0x00007ff81fcc0000 - 0x00007ff82051e000 	C:\windows\SYSTEM32\windows.storage.dll
0x00007ff825130000 - 0x00007ff825225000 	C:\windows\System32\SHCORE.dll
0x00007ff824210000 - 0x00007ff824276000 	C:\windows\System32\shlwapi.dll
0x00007ff8225d0000 - 0x00007ff8225f9000 	C:\windows\SYSTEM32\profapi.dll
0x00007ff8000e0000 - 0x00007ff8000f0000 	C:\Program Files\Android\Android Studio\jbr\bin\net.dll
0x00007ff81a440000 - 0x00007ff81a568000 	C:\windows\SYSTEM32\WINHTTP.dll
0x00007ff8215c0000 - 0x00007ff82162b000 	C:\windows\system32\mswsock.dll
0x00007fffcad10000 - 0x00007fffcad26000 	C:\Program Files\Android\Android Studio\jbr\bin\nio.dll
0x00007ff80eff0000 - 0x00007ff80f000000 	C:\Program Files\Android\Android Studio\jbr\bin\verify.dll
0x00007fffde400000 - 0x00007fffde427000 	C:\Users\rishabh.jain\.gradle\native\1def1411415f61bf3af743bc5b6707747c0891f09f0c88961ee8f79bc544acac\windows-amd64\native-platform.dll
0x00007fffca270000 - 0x00007fffca2e8000 	C:\Users\rishabh.jain\.gradle\native\0.2.7\x86_64-windows-gnu\gradle-fileevents.dll
0x00007ffff7300000 - 0x00007ffff7309000 	C:\Program Files\Android\Android Studio\jbr\bin\management.dll
0x00007fffef8c0000 - 0x00007fffef8cb000 	C:\Program Files\Android\Android Studio\jbr\bin\management_ext.dll
0x00007ff823a30000 - 0x00007ff823a38000 	C:\windows\System32\PSAPI.DLL
0x00007ff820860000 - 0x00007ff820894000 	C:\windows\SYSTEM32\IPHLPAPI.DLL
0x00007ff8253e0000 - 0x00007ff8253ea000 	C:\windows\System32\NSI.dll
0x00007ffff9c60000 - 0x00007ffff9c69000 	C:\Program Files\Android\Android Studio\jbr\bin\extnet.dll
0x00007ff8219b0000 - 0x00007ff8219cb000 	C:\windows\SYSTEM32\CRYPTSP.dll
0x00007ff820fd0000 - 0x00007ff82100a000 	C:\windows\system32\rsaenh.dll
0x00007ff821670000 - 0x00007ff82169b000 	C:\windows\SYSTEM32\USERENV.dll
0x00007ff8225a0000 - 0x00007ff8225ca000 	C:\windows\SYSTEM32\bcrypt.dll
0x00007ff821810000 - 0x00007ff82181c000 	C:\windows\SYSTEM32\CRYPTBASE.dll
0x00007fffecfa0000 - 0x00007fffecfa8000 	C:\windows\system32\wshunix.dll

dbghelp: loaded successfully - version: 4.0.5 - missing functions: none
symbol engine: initialized successfully - sym options: 0x614 - pdb path: .;C:\Program Files\Android\Android Studio\jbr\bin;C:\windows\SYSTEM32;C:\windows\System32\SophosED;C:\windows\WinSxS\amd64_microsoft.windows.common-controls_6595b64144ccf1df_6.0.26100.7309_none_3e05feeae336a044;C:\Program Files\Android\Android Studio\jbr\bin\server;C:\Users\rishabh.jain\.gradle\native\1def1411415f61bf3af743bc5b6707747c0891f09f0c88961ee8f79bc544acac\windows-amd64;C:\Users\rishabh.jain\.gradle\native\0.2.7\x86_64-windows-gnu

VM Arguments:
jvm_args: --add-opens=java.base/java.lang=ALL-UNNAMED --add-opens=java.base/java.lang.invoke=ALL-UNNAMED --add-opens=java.base/java.util=ALL-UNNAMED --add-opens=java.prefs/java.util.prefs=ALL-UNNAMED --add-exports=jdk.compiler/com.sun.tools.javac.api=ALL-UNNAMED --add-exports=jdk.compiler/com.sun.tools.javac.util=ALL-UNNAMED --add-opens=java.base/java.util=ALL-UNNAMED --add-opens=java.prefs/java.util.prefs=ALL-UNNAMED --add-opens=java.base/java.nio.charset=ALL-UNNAMED --add-opens=java.base/java.net=ALL-UNNAMED --add-opens=java.base/java.util.concurrent.atomic=ALL-UNNAMED --add-opens=java.xml/javax.xml.namespace=ALL-UNNAMED -Xmx2048m -Dfile.encoding=UTF-8 -Duser.country=IN -Duser.language=en -Duser.variant -javaagent:C:\Users\rishabh.jain\.gradle\wrapper\dists\gradle-8.13-bin\5xuhj0ry160q40clulazy9h7d\gradle-8.13\lib\agents\gradle-instrumentation-agent-8.13.jar 
java_command: org.gradle.launcher.daemon.bootstrap.GradleDaemon 8.13
java_class_path (initial): C:\Users\rishabh.jain\.gradle\wrapper\dists\gradle-8.13-bin\5xuhj0ry160q40clulazy9h7d\gradle-8.13\lib\gradle-daemon-main-8.13.jar
Launcher Type: SUN_STANDARD

[Global flags]
     intx CICompilerCount                          = 4                                         {product} {ergonomic}
     uint ConcGCThreads                            = 3                                         {product} {ergonomic}
     uint G1ConcRefinementThreads                  = 10                                        {product} {ergonomic}
   size_t G1HeapRegionSize                         = 1048576                                   {product} {ergonomic}
    uintx GCDrainStackTargetSize                   = 64                                        {product} {ergonomic}
   size_t InitialHeapSize                          = 264241152                                 {product} {ergonomic}
   size_t MarkStackSize                            = 4194304                                   {product} {ergonomic}
   size_t MaxHeapSize                              = 2147483648                                {product} {command line}
   size_t MaxNewSize                               = 1287651328                                {product} {ergonomic}
   size_t MinHeapDeltaBytes                        = 1048576                                   {product} {ergonomic}
   size_t MinHeapSize                              = 8388608                                   {product} {ergonomic}
    uintx NonNMethodCodeHeapSize                   = 5839372                                {pd product} {ergonomic}
    uintx NonProfiledCodeHeapSize                  = 122909434                              {pd product} {ergonomic}
    uintx ProfiledCodeHeapSize                     = 122909434                              {pd product} {ergonomic}
    uintx ReservedCodeCacheSize                    = 251658240                              {pd product} {ergonomic}
     bool SegmentedCodeCache                       = true                                      {product} {ergonomic}
   size_t SoftMaxHeapSize                          = 2147483648                             {manageable} {ergonomic}
     bool UseCompressedOops                        = true                           {product lp64_product} {ergonomic}
     bool UseG1GC                                  = true                                      {product} {ergonomic}
     bool UseLargePagesIndividualAllocation        = false                                  {pd product} {ergonomic}

Logging:
Log output configuration:
 #0: stdout all=warning uptime,level,tags foldmultilines=false
 #1: stderr all=off uptime,level,tags foldmultilines=false

Environment Variables:
JAVA_HOME=C:\Program Files\Java\jdk-17
PATH=C:\Program Files\Common Files\Oracle\Java\javapath;C:\windows\system32;C:\windows;C:\windows\System32\Wbem;C:\windows\System32\WindowsPowerShell\v1.0\;C:\windows\System32\OpenSSH\;C:\Program Files\dotnet\;C:\Program Files\nodejs\;D:\cursor\resources\app\bin;C:\Program Files\Java\jdk-17\bin;C:\Program Files\Common Files\Oracle\Java\javapath;C:\windows\system32;C:\windows;C:\windows\System32\Wbem;C:\windows\System32\WindowsPowerShell\v1.0\;C:\windows\System32\OpenSSH\;C:\Program Files\dotnet\;C:\Program Files\nodejs\;C:\Users\rishabh.jain\AppData\Local\Android\Sdk\platform-tools;C:\Users\rishabh.jain\AppData\Local\Android\Sdk\tools;C:\Users\rishabh.jain\AppData\Local\Android\Sdk\platform-tools;C:\Users\rishabh.jain\AppData\Local\Android\Sdk\tools;C:\Program Files\Common Files\Oracle\Java\javapath;C:\windows\system32;C:\windows;C:\windows\System32\Wbem;C:\windows\System32\WindowsPowerShell\v1.0\;C:\windows\System32\OpenSSH\;C:\Program Files\dotnet\;C:\Program Files\nodejs\;C:\Program Files\Common Files\Oracle\Java\javapath;C:\windows\system32;C:\windows;C:\windows\System32\Wbem;C:\windows\System32\WindowsPowerShell\v1.0\;C:\windows\System32\OpenSSH\;C:\Program Files\dotnet\;C:\Program Files\nodejs\;C:\Users\rishabh.jain\AppData\Local\Microsoft\WindowsApps;C:\Users\rishabh.jain\AppD;C:\Users\rishabh.jain\AppData\Local\Programs\Microsoft VS Code\bin;C:\Users\rishabh.jain\AppData\Local\Programs\Git\cmd
USERNAME=rishabh.jain
OS=Windows_NT
PROCESSOR_IDENTIFIER=Intel64 Family 6 Model 186 Stepping 3, GenuineIntel
TMP=C:\Users\RISHAB~1.JAI\AppData\Local\Temp
TEMP=C:\Users\RISHAB~1.JAI\AppData\Local\Temp




Periodic native trim disabled

JNI global refs:
JNI global refs: 27, weak refs: 8

JNI global refs memory usage: 835, weak refs: 833

Process memory usage:
Resident Set Size: 340660K (2% of 16452404K total physical memory with 750960K free physical memory)

OOME stack traces (most recent first):
Classloader memory used:
