#
# There is insufficient memory for the Java Runtime Environment to continue.
# Native memory allocation (malloc) failed to allocate 1790736 bytes. Error detail: Chunk::new
# Possible reasons:
#   The system is out of physical RAM or swap space
#   This process is running with CompressedOops enabled, and the Java Heap may be blocking the growth of the native heap
# Possible solutions:
#   Reduce memory load on the system
#   Increase physical memory or swap space
#   Check if swap backing store is full
#   Decrease Java heap size (-Xmx/-Xms)
#   Decrease number of Java threads
#   Decrease Java thread stack sizes (-Xss)
#   Set larger code cache with -XX:ReservedCodeCacheSize=
#   JVM is running with Unscaled Compressed Oops mode in which the Java heap is
#     placed in the first 4GB address space. The Java Heap base address is the
#     maximum limit for the native heap growth. Please use -XX:HeapBaseMinAddress
#     to set the Java Heap base and to place the Java Heap above 4GB virtual address.
# This output file may be truncated or incomplete.
#
#  Out of Memory Error (arena.cpp:168), pid=35452, tid=3320
#
# JRE version: OpenJDK Runtime Environment (21.0.6) (build 21.0.6+-13391695-b895.109)
# Java VM: OpenJDK 64-Bit Server VM (21.0.6+-13391695-b895.109, mixed mode, tiered, compressed oops, compressed class ptrs, g1 gc, windows-amd64)
# No core dump will be written. Minidumps are not enabled by default on client versions of Windows
#

---------------  S U M M A R Y ------------

Command Line: --add-opens=java.base/java.lang=ALL-UNNAMED --add-opens=java.base/java.lang.invoke=ALL-UNNAMED --add-opens=java.base/java.util=ALL-UNNAMED --add-opens=java.prefs/java.util.prefs=ALL-UNNAMED --add-exports=jdk.compiler/com.sun.tools.javac.api=ALL-UNNAMED --add-exports=jdk.compiler/com.sun.tools.javac.util=ALL-UNNAMED --add-opens=java.base/java.util=ALL-UNNAMED --add-opens=java.prefs/java.util.prefs=ALL-UNNAMED --add-opens=java.base/java.nio.charset=ALL-UNNAMED --add-opens=java.base/java.net=ALL-UNNAMED --add-opens=java.base/java.util.concurrent.atomic=ALL-UNNAMED --add-opens=java.xml/javax.xml.namespace=ALL-UNNAMED -Xmx2048m -Dfile.encoding=UTF-8 -Duser.country=IN -Duser.language=en -Duser.variant -javaagent:C:\Users\rishabh.jain\.gradle\wrapper\dists\gradle-8.13-bin\5xuhj0ry160q40clulazy9h7d\gradle-8.13\lib\agents\gradle-instrumentation-agent-8.13.jar org.gradle.launcher.daemon.bootstrap.GradleDaemon 8.13

Host: Intel(R) Core(TM) 5 120U, 12 cores, 15G,  Windows 11 , 64 bit Build 26100 (10.0.26100.7309)
Time: Wed Dec 17 16:31:27 2025 India Standard Time elapsed time: 6.260983 seconds (0d 0h 0m 6s)

---------------  T H R E A D  ---------------

Current thread (0x00000217a8e74600):  JavaThread "C2 CompilerThread1" daemon [_thread_in_native, id=3320, stack(0x00000085d7600000,0x00000085d7700000) (1024K)]


Current CompileTask:
C2:6261 5900   !   4       sun.reflect.annotation.AnnotationParser::parseAnnotations (37 bytes)

Stack: [0x00000085d7600000,0x00000085d7700000]
Native frames: (J=compiled Java code, j=interpreted, Vv=VM code, C=native code)
V  [jvm.dll+0x6d0639]
V  [jvm.dll+0x85eb03]
V  [jvm.dll+0x86105e]
V  [jvm.dll+0x861743]
V  [jvm.dll+0x27e6e6]
V  [jvm.dll+0xbff6d]
V  [jvm.dll+0xc04a3]
V  [jvm.dll+0x3b6171]
V  [jvm.dll+0x3820c7]
V  [jvm.dll+0x38153a]
V  [jvm.dll+0x247c82]
V  [jvm.dll+0x247251]
V  [jvm.dll+0x1c5f04]
V  [jvm.dll+0x2569ac]
V  [jvm.dll+0x254ef6]
V  [jvm.dll+0x3f0e96]
V  [jvm.dll+0x806ed8]
V  [jvm.dll+0x6cef0d]
C  [ucrtbase.dll+0x37b0]
C  [KERNEL32.DLL+0x2e8d7]
C  [ntdll.dll+0x8c53c]


---------------  P R O C E S S  ---------------

Threads class SMR info:
_java_thread_list=0x00000217a82eff00, length=68, elements={
0x00000217892eb090, 0x00000217a39d90e0, 0x00000217a39db750, 0x00000217a39df9f0,
0x00000217a39dcdc0, 0x00000217a39dd420, 0x00000217a39dda80, 0x00000217a39de410,
0x00000217a39deab0, 0x00000217a3a9fe40, 0x00000217a805e8b0, 0x00000217a8e74600,
0x00000217a98c76f0, 0x00000217a99ad460, 0x00000217a993cb50, 0x00000217a9a15410,
0x00000217a9a13070, 0x00000217a9a90540, 0x00000217a9ad5b60, 0x00000217a9bbc650,
0x00000217a9bbe090, 0x00000217a9bbcce0, 0x00000217a9bbe720, 0x00000217a9bbd370,
0x00000217a9bbda00, 0x00000217a9bbbfc0, 0x00000217a9bbf440, 0x00000217a9bbedb0,
0x00000217a9e5f2d0, 0x00000217a9e5fff0, 0x00000217a9e613a0, 0x00000217a9e5ec40,
0x00000217a9e5e5b0, 0x00000217a9e60680, 0x00000217a9e60d10, 0x00000217a9e5df20,
0x00000217a9e62750, 0x00000217a9e5f960, 0x00000217a9e61a30, 0x00000217a9e64190,
0x00000217a9e63b00, 0x00000217a9e62de0, 0x00000217a9e64eb0, 0x00000217a9e64820,
0x00000217ac0833e0, 0x00000217ac0861d0, 0x00000217ac083a70, 0x00000217ac084100,
0x00000217ac0854b0, 0x00000217ac084790, 0x00000217ac082d50, 0x00000217ac086860,
0x00000217ac084e20, 0x00000217ac087580, 0x00000217ac0882a0, 0x00000217ac089650,
0x00000217ac088fc0, 0x00000217ac088930, 0x00000217ac089ce0, 0x00000217ac08a370,
0x00000217ac086ef0, 0x00000217ac087c10, 0x00000217ab3706e0, 0x00000217ab371400,
0x00000217ab370d70, 0x00000217ab3734d0, 0x00000217ab370050, 0x00000217ab373b60
}

Java Threads: ( => current thread )
  0x00000217892eb090 JavaThread "main"                              [_thread_blocked, id=13836, stack(0x00000085d6400000,0x00000085d6500000) (1024K)]
  0x00000217a39d90e0 JavaThread "Reference Handler"          daemon [_thread_blocked, id=27820, stack(0x00000085d6c00000,0x00000085d6d00000) (1024K)]
  0x00000217a39db750 JavaThread "Finalizer"                  daemon [_thread_blocked, id=30448, stack(0x00000085d6d00000,0x00000085d6e00000) (1024K)]
  0x00000217a39df9f0 JavaThread "Signal Dispatcher"          daemon [_thread_blocked, id=34068, stack(0x00000085d6e00000,0x00000085d6f00000) (1024K)]
  0x00000217a39dcdc0 JavaThread "Attach Listener"            daemon [_thread_blocked, id=23616, stack(0x00000085d6f00000,0x00000085d7000000) (1024K)]
  0x00000217a39dd420 JavaThread "Service Thread"             daemon [_thread_blocked, id=18056, stack(0x00000085d7000000,0x00000085d7100000) (1024K)]
  0x00000217a39dda80 JavaThread "Monitor Deflation Thread"   daemon [_thread_blocked, id=26932, stack(0x00000085d7100000,0x00000085d7200000) (1024K)]
  0x00000217a39de410 JavaThread "C2 CompilerThread0"         daemon [_thread_in_native, id=29308, stack(0x00000085d7200000,0x00000085d7300000) (1024K)]
  0x00000217a39deab0 JavaThread "C1 CompilerThread0"         daemon [_thread_blocked, id=35580, stack(0x00000085d7300000,0x00000085d7400000) (1024K)]
  0x00000217a3a9fe40 JavaThread "Common-Cleaner"             daemon [_thread_blocked, id=26540, stack(0x00000085d7400000,0x00000085d7500000) (1024K)]
  0x00000217a805e8b0 JavaThread "Notification Thread"        daemon [_thread_blocked, id=25084, stack(0x00000085d7500000,0x00000085d7600000) (1024K)]
=>0x00000217a8e74600 JavaThread "C2 CompilerThread1"         daemon [_thread_in_native, id=3320, stack(0x00000085d7600000,0x00000085d7700000) (1024K)]
  0x00000217a98c76f0 JavaThread "Daemon health stats"               [_thread_blocked, id=26168, stack(0x00000085d7700000,0x00000085d7800000) (1024K)]
  0x00000217a99ad460 JavaThread "Incoming local TCP Connector on port 49311"        [_thread_in_native, id=35112, stack(0x00000085d7d00000,0x00000085d7e00000) (1024K)]
  0x00000217a993cb50 JavaThread "Daemon periodic checks"            [_thread_blocked, id=32036, stack(0x00000085d7e00000,0x00000085d7f00000) (1024K)]
  0x00000217a9a15410 JavaThread "Daemon"                            [_thread_blocked, id=21916, stack(0x00000085d7f00000,0x00000085d8000000) (1024K)]
  0x00000217a9a13070 JavaThread "Handler for socket connection from /127.0.0.1:49311 to /127.0.0.1:49312"        [_thread_in_native, id=19280, stack(0x00000085d8000000,0x00000085d8100000) (1024K)]
  0x00000217a9a90540 JavaThread "Cancel handler"                    [_thread_blocked, id=15288, stack(0x00000085d8100000,0x00000085d8200000) (1024K)]
  0x00000217a9ad5b60 JavaThread "Daemon worker"                     [_thread_in_vm, id=30368, stack(0x00000085d8200000,0x00000085d8300000) (1024K)]
  0x00000217a9bbc650 JavaThread "Asynchronous log dispatcher for DefaultDaemonConnection: socket connection from /127.0.0.1:49311 to /127.0.0.1:49312"        [_thread_blocked, id=35292, stack(0x00000085d8300000,0x00000085d8400000) (1024K)]
  0x00000217a9bbe090 JavaThread "Stdin handler"                     [_thread_blocked, id=20532, stack(0x00000085d8400000,0x00000085d8500000) (1024K)]
  0x00000217a9bbcce0 JavaThread "Daemon client event forwarder"        [_thread_blocked, id=7048, stack(0x00000085d8500000,0x00000085d8600000) (1024K)]
  0x00000217a9bbe720 JavaThread "Cache worker for journal cache (C:\Users\rishabh.jain\.gradle\caches\journal-1)"        [_thread_blocked, id=19264, stack(0x00000085d8c00000,0x00000085d8d00000) (1024K)]
  0x00000217a9bbd370 JavaThread "File lock request listener"        [_thread_in_native, id=36240, stack(0x00000085d8d00000,0x00000085d8e00000) (1024K)]
  0x00000217a9bbda00 JavaThread "Cache worker for file hash cache (C:\Users\rishabh.jain\.gradle\caches\8.13\fileHashes)"        [_thread_blocked, id=15284, stack(0x00000085d8e00000,0x00000085d8f00000) (1024K)]
  0x00000217a9bbbfc0 JavaThread "Cache worker for file hash cache (C:\Users\rishabh.jain\AndroidStudioProjects\VendorApplication\.gradle\8.13\fileHashes)"        [_thread_blocked, id=32796, stack(0x00000085d8f00000,0x00000085d9000000) (1024K)]
  0x00000217a9bbf440 JavaThread "Cache worker for Build Output Cleanup Cache (C:\Users\rishabh.jain\AndroidStudioProjects\VendorApplication\.gradle\buildOutputCleanup)"        [_thread_blocked, id=29740, stack(0x00000085d9000000,0x00000085d9100000) (1024K)]
  0x00000217a9bbedb0 JavaThread "File watcher server"        daemon [_thread_in_native, id=5960, stack(0x00000085d9100000,0x00000085d9200000) (1024K)]
  0x00000217a9e5f2d0 JavaThread "File watcher consumer"      daemon [_thread_blocked, id=30072, stack(0x00000085d9200000,0x00000085d9300000) (1024K)]
  0x00000217a9e5fff0 JavaThread "jar transforms"                    [_thread_blocked, id=33468, stack(0x00000085d9300000,0x00000085d9400000) (1024K)]
  0x00000217a9e613a0 JavaThread "jar transforms Thread 2"           [_thread_blocked, id=35532, stack(0x00000085d9400000,0x00000085d9500000) (1024K)]
  0x00000217a9e5ec40 JavaThread "jar transforms Thread 3"           [_thread_blocked, id=24068, stack(0x00000085d9500000,0x00000085d9600000) (1024K)]
  0x00000217a9e5e5b0 JavaThread "jar transforms Thread 4"           [_thread_blocked, id=28208, stack(0x00000085d9600000,0x00000085d9700000) (1024K)]
  0x00000217a9e60680 JavaThread "jar transforms Thread 5"           [_thread_blocked, id=28140, stack(0x00000085d9700000,0x00000085d9800000) (1024K)]
  0x00000217a9e60d10 JavaThread "jar transforms Thread 6"           [_thread_blocked, id=20352, stack(0x00000085d9800000,0x00000085d9900000) (1024K)]
  0x00000217a9e5df20 JavaThread "jar transforms Thread 7"           [_thread_blocked, id=35884, stack(0x00000085d9900000,0x00000085d9a00000) (1024K)]
  0x00000217a9e62750 JavaThread "jar transforms Thread 8"           [_thread_blocked, id=33984, stack(0x00000085d9a00000,0x00000085d9b00000) (1024K)]
  0x00000217a9e5f960 JavaThread "jar transforms Thread 9"           [_thread_blocked, id=10352, stack(0x00000085d9b00000,0x00000085d9c00000) (1024K)]
  0x00000217a9e61a30 JavaThread "jar transforms Thread 10"          [_thread_blocked, id=14220, stack(0x00000085d9c00000,0x00000085d9d00000) (1024K)]
  0x00000217a9e64190 JavaThread "jar transforms Thread 11"          [_thread_blocked, id=33816, stack(0x00000085d9d00000,0x00000085d9e00000) (1024K)]
  0x00000217a9e63b00 JavaThread "jar transforms Thread 12"          [_thread_blocked, id=12636, stack(0x00000085d9e00000,0x00000085d9f00000) (1024K)]
  0x00000217a9e62de0 JavaThread "Cache worker for checksums cache (C:\Users\rishabh.jain\AndroidStudioProjects\VendorApplication\.gradle\8.13\checksums)"        [_thread_blocked, id=24024, stack(0x00000085da000000,0x00000085da100000) (1024K)]
  0x00000217a9e64eb0 JavaThread "Cache worker for file content cache (C:\Users\rishabh.jain\.gradle\caches\8.13\fileContent)"        [_thread_blocked, id=29504, stack(0x00000085da100000,0x00000085da200000) (1024K)]
  0x00000217a9e64820 JavaThread "Cache worker for cache directory md-supplier (C:\Users\rishabh.jain\.gradle\caches\8.13\md-supplier)"        [_thread_blocked, id=32844, stack(0x00000085da200000,0x00000085da300000) (1024K)]
  0x00000217ac0833e0 JavaThread "Cache worker for cache directory md-rule (C:\Users\rishabh.jain\.gradle\caches\8.13\md-rule)"        [_thread_blocked, id=30532, stack(0x00000085da300000,0x00000085da400000) (1024K)]
  0x00000217ac0861d0 JavaThread "Unconstrained build operations"        [_thread_blocked, id=18060, stack(0x00000085da400000,0x00000085da500000) (1024K)]
  0x00000217ac083a70 JavaThread "Unconstrained build operations Thread 2"        [_thread_blocked, id=35236, stack(0x00000085da500000,0x00000085da600000) (1024K)]
  0x00000217ac084100 JavaThread "Unconstrained build operations Thread 3"        [_thread_blocked, id=27464, stack(0x00000085da600000,0x00000085da700000) (1024K)]
  0x00000217ac0854b0 JavaThread "Unconstrained build operations Thread 4"        [_thread_blocked, id=10932, stack(0x00000085da700000,0x00000085da800000) (1024K)]
  0x00000217ac084790 JavaThread "Unconstrained build operations Thread 5"        [_thread_blocked, id=16960, stack(0x00000085da800000,0x00000085da900000) (1024K)]
  0x00000217ac082d50 JavaThread "Unconstrained build operations Thread 6"        [_thread_blocked, id=32692, stack(0x00000085da900000,0x00000085daa00000) (1024K)]
  0x00000217ac086860 JavaThread "Unconstrained build operations Thread 7"        [_thread_blocked, id=28652, stack(0x00000085daa00000,0x00000085dab00000) (1024K)]
  0x00000217ac084e20 JavaThread "Unconstrained build operations Thread 8"        [_thread_blocked, id=20844, stack(0x00000085dab00000,0x00000085dac00000) (1024K)]
  0x00000217ac087580 JavaThread "Unconstrained build operations Thread 9"        [_thread_blocked, id=22328, stack(0x00000085dac00000,0x00000085dad00000) (1024K)]
  0x00000217ac0882a0 JavaThread "Unconstrained build operations Thread 10"        [_thread_blocked, id=33316, stack(0x00000085dad00000,0x00000085dae00000) (1024K)]
  0x00000217ac089650 JavaThread "Unconstrained build operations Thread 11"        [_thread_blocked, id=26500, stack(0x00000085dae00000,0x00000085daf00000) (1024K)]
  0x00000217ac088fc0 JavaThread "Unconstrained build operations Thread 12"        [_thread_blocked, id=25824, stack(0x00000085daf00000,0x00000085db000000) (1024K)]
  0x00000217ac088930 JavaThread "Unconstrained build operations Thread 13"        [_thread_blocked, id=25608, stack(0x00000085db000000,0x00000085db100000) (1024K)]
  0x00000217ac089ce0 JavaThread "Unconstrained build operations Thread 14"        [_thread_blocked, id=35476, stack(0x00000085db100000,0x00000085db200000) (1024K)]
  0x00000217ac08a370 JavaThread "Unconstrained build operations Thread 15"        [_thread_blocked, id=32532, stack(0x00000085db200000,0x00000085db300000) (1024K)]
  0x00000217ac086ef0 JavaThread "Unconstrained build operations Thread 16"        [_thread_blocked, id=3304, stack(0x00000085db300000,0x00000085db400000) (1024K)]
  0x00000217ac087c10 JavaThread "Unconstrained build operations Thread 17"        [_thread_blocked, id=7144, stack(0x00000085db400000,0x00000085db500000) (1024K)]
  0x00000217ab3706e0 JavaThread "Unconstrained build operations Thread 18"        [_thread_blocked, id=21632, stack(0x00000085db500000,0x00000085db600000) (1024K)]
  0x00000217ab371400 JavaThread "Unconstrained build operations Thread 19"        [_thread_blocked, id=10992, stack(0x00000085db600000,0x00000085db700000) (1024K)]
  0x00000217ab370d70 JavaThread "Unconstrained build operations Thread 20"        [_thread_blocked, id=18756, stack(0x00000085db700000,0x00000085db800000) (1024K)]
  0x00000217ab3734d0 JavaThread "Unconstrained build operations Thread 21"        [_thread_blocked, id=7016, stack(0x00000085db800000,0x00000085db900000) (1024K)]
  0x00000217ab370050 JavaThread "Unconstrained build operations Thread 22"        [_thread_blocked, id=36764, stack(0x00000085db900000,0x00000085dba00000) (1024K)]
  0x00000217ab373b60 JavaThread "Unconstrained build operations Thread 23"        [_thread_blocked, id=33212, stack(0x00000085dba00000,0x00000085dbb00000) (1024K)]
Total: 68

Other Threads:
  0x00000217a397f4e0 VMThread "VM Thread"                           [id=23776, stack(0x00000085d6b00000,0x00000085d6c00000) (1024K)]
  0x00000217a39309d0 WatcherThread "VM Periodic Task Thread"        [id=26320, stack(0x00000085d6a00000,0x00000085d6b00000) (1024K)]
  0x000002178bdc1140 WorkerThread "GC Thread#0"                     [id=23584, stack(0x00000085d6500000,0x00000085d6600000) (1024K)]
  0x00000217a8352420 WorkerThread "GC Thread#1"                     [id=29748, stack(0x00000085d7800000,0x00000085d7900000) (1024K)]
  0x00000217a876ae70 WorkerThread "GC Thread#2"                     [id=27212, stack(0x00000085d7900000,0x00000085d7a00000) (1024K)]
  0x00000217a8503040 WorkerThread "GC Thread#3"                     [id=15824, stack(0x00000085d7a00000,0x00000085d7b00000) (1024K)]
  0x00000217a85033e0 WorkerThread "GC Thread#4"                     [id=264, stack(0x00000085d7b00000,0x00000085d7c00000) (1024K)]
  0x00000217a81727a0 WorkerThread "GC Thread#5"                     [id=27244, stack(0x00000085d7c00000,0x00000085d7d00000) (1024K)]
  0x00000217a9bd1540 WorkerThread "GC Thread#6"                     [id=31956, stack(0x00000085d8600000,0x00000085d8700000) (1024K)]
  0x00000217a9bd18e0 WorkerThread "GC Thread#7"                     [id=13380, stack(0x00000085d8700000,0x00000085d8800000) (1024K)]
  0x00000217a9bd1c80 WorkerThread "GC Thread#8"                     [id=12520, stack(0x00000085d8800000,0x00000085d8900000) (1024K)]
  0x00000217a9bd6ba0 WorkerThread "GC Thread#9"                     [id=14468, stack(0x00000085d8900000,0x00000085d8a00000) (1024K)]
  0x000002178bdd2190 ConcurrentGCThread "G1 Main Marker"            [id=16720, stack(0x00000085d6600000,0x00000085d6700000) (1024K)]
  0x000002178bdd4730 WorkerThread "G1 Conc#0"                       [id=3288, stack(0x00000085d6700000,0x00000085d6800000) (1024K)]
  0x00000217a9bd6f40 WorkerThread "G1 Conc#1"                       [id=25480, stack(0x00000085d8a00000,0x00000085d8b00000) (1024K)]
  0x00000217a9bd72e0 WorkerThread "G1 Conc#2"                       [id=7300, stack(0x00000085d8b00000,0x00000085d8c00000) (1024K)]
  0x00000217a2f259b0 ConcurrentGCThread "G1 Refine#0"               [id=32072, stack(0x00000085d6800000,0x00000085d6900000) (1024K)]
  0x00000217a2f26ef0 ConcurrentGCThread "G1 Service"                [id=33116, stack(0x00000085d6900000,0x00000085d6a00000) (1024K)]
Total: 18

Threads with active compile tasks:
C2 CompilerThread0  6293 5990       4       org.gradle.internal.service.DefaultServiceRegistry$OwnServices::getService (317 bytes)
C2 CompilerThread1  6293 5900   !   4       sun.reflect.annotation.AnnotationParser::parseAnnotations (37 bytes)
Total: 2

VM state: not at safepoint (normal execution)

VM Mutex/Monitor currently owned by a thread: None

Heap address: 0x0000000080000000, size: 2048 MB, Compressed Oops mode: 32-bit

CDS archive(s) not mapped
Compressed class space mapped at: 0x0000000100000000-0x0000000140000000, reserved size: 1073741824
Narrow klass base: 0x0000000000000000, Narrow klass shift: 3, Narrow klass range: 0x140000000

GC Precious Log:
 CardTable entry size: 512
 Card Set container configuration: InlinePtr #cards 5 size 8 Array Of Cards #cards 12 size 40 Howl #buckets 4 coarsen threshold 1843 Howl Bitmap #cards 512 size 80 coarsen threshold 460 Card regions per heap region 1 cards per card region 2048
 CPUs: 12 total, 12 available
 Memory: 16066M
 Large Page Support: Disabled
 NUMA Support: Disabled
 Compressed Oops: Enabled (32-bit)
 Heap Region Size: 1M
 Heap Min Capacity: 8M
 Heap Initial Capacity: 252M
 Heap Max Capacity: 2G
 Pre-touch: Disabled
 Parallel Workers: 10
 Concurrent Workers: 3
 Concurrent Refinement Workers: 10
 Periodic GC: Disabled

Heap:
 garbage-first heap   total 156672K, used 109814K [0x0000000080000000, 0x0000000100000000)
  region size 1024K, 21 young (21504K), 7 survivors (7168K)
 Metaspace       used 60255K, committed 61888K, reserved 1114112K
  class space    used 8070K, committed 8896K, reserved 1048576K

Heap Regions: E=young(eden), S=young(survivor), O=old, HS=humongous(starts), HC=humongous(continues), CS=collection set, F=free, TAMS=top-at-mark-start, PB=parsable bottom
|   0|0x0000000080000000, 0x0000000080100000, 0x0000000080100000|100%|HS|  |TAMS 0x0000000080000000| PB 0x0000000080000000| Complete 
|   1|0x0000000080100000, 0x0000000080200000, 0x0000000080200000|100%|HC|  |TAMS 0x0000000080100000| PB 0x0000000080100000| Complete 
|   2|0x0000000080200000, 0x0000000080300000, 0x0000000080300000|100%|HC|  |TAMS 0x0000000080200000| PB 0x0000000080200000| Complete 
|   3|0x0000000080300000, 0x0000000080400000, 0x0000000080400000|100%| O|  |TAMS 0x0000000080300000| PB 0x0000000080300000| Untracked 
|   4|0x0000000080400000, 0x0000000080500000, 0x0000000080500000|100%| O|  |TAMS 0x0000000080400000| PB 0x0000000080400000| Untracked 
|   5|0x0000000080500000, 0x0000000080600000, 0x0000000080600000|100%| O|  |TAMS 0x0000000080500000| PB 0x0000000080500000| Untracked 
|   6|0x0000000080600000, 0x0000000080700000, 0x0000000080700000|100%|HS|  |TAMS 0x0000000080600000| PB 0x0000000080600000| Complete 
|   7|0x0000000080700000, 0x0000000080800000, 0x0000000080800000|100%| O|  |TAMS 0x0000000080700000| PB 0x0000000080700000| Untracked 
|   8|0x0000000080800000, 0x0000000080900000, 0x0000000080900000|100%| O|  |TAMS 0x0000000080800000| PB 0x0000000080800000| Untracked 
|   9|0x0000000080900000, 0x0000000080a00000, 0x0000000080a00000|100%| O|  |TAMS 0x0000000080900000| PB 0x0000000080900000| Untracked 
|  10|0x0000000080a00000, 0x0000000080b00000, 0x0000000080b00000|100%| O|  |TAMS 0x0000000080a00000| PB 0x0000000080a00000| Untracked 
|  11|0x0000000080b00000, 0x0000000080c00000, 0x0000000080c00000|100%| O|  |TAMS 0x0000000080b00000| PB 0x0000000080b00000| Untracked 
|  12|0x0000000080c00000, 0x0000000080d00000, 0x0000000080d00000|100%|HS|  |TAMS 0x0000000080c00000| PB 0x0000000080c00000| Complete 
|  13|0x0000000080d00000, 0x0000000080e00000, 0x0000000080e00000|100%| O|  |TAMS 0x0000000080d00000| PB 0x0000000080d00000| Untracked 
|  14|0x0000000080e00000, 0x0000000080f00000, 0x0000000080f00000|100%| O|  |TAMS 0x0000000080e00000| PB 0x0000000080e00000| Untracked 
|  15|0x0000000080f00000, 0x0000000081000000, 0x0000000081000000|100%| O|  |TAMS 0x0000000080f00000| PB 0x0000000080f00000| Untracked 
|  16|0x0000000081000000, 0x0000000081100000, 0x0000000081100000|100%| O|  |TAMS 0x0000000081000000| PB 0x0000000081000000| Untracked 
|  17|0x0000000081100000, 0x0000000081200000, 0x0000000081200000|100%| O|  |TAMS 0x0000000081100000| PB 0x0000000081100000| Untracked 
|  18|0x0000000081200000, 0x0000000081300000, 0x0000000081300000|100%| O|  |TAMS 0x0000000081200000| PB 0x0000000081200000| Untracked 
|  19|0x0000000081300000, 0x0000000081400000, 0x0000000081400000|100%| O|  |TAMS 0x0000000081300000| PB 0x0000000081300000| Untracked 
|  20|0x0000000081400000, 0x0000000081500000, 0x0000000081500000|100%| O|  |TAMS 0x0000000081400000| PB 0x0000000081400000| Untracked 
|  21|0x0000000081500000, 0x0000000081600000, 0x0000000081600000|100%|HS|  |TAMS 0x0000000081500000| PB 0x0000000081500000| Complete 
|  22|0x0000000081600000, 0x0000000081700000, 0x0000000081700000|100%|HC|  |TAMS 0x0000000081600000| PB 0x0000000081600000| Complete 
|  23|0x0000000081700000, 0x0000000081800000, 0x0000000081800000|100%|HC|  |TAMS 0x0000000081700000| PB 0x0000000081700000| Complete 
|  24|0x0000000081800000, 0x0000000081900000, 0x0000000081900000|100%|HC|  |TAMS 0x0000000081800000| PB 0x0000000081800000| Complete 
|  25|0x0000000081900000, 0x0000000081a00000, 0x0000000081a00000|100%|HC|  |TAMS 0x0000000081900000| PB 0x0000000081900000| Complete 
|  26|0x0000000081a00000, 0x0000000081b00000, 0x0000000081b00000|100%|HC|  |TAMS 0x0000000081a00000| PB 0x0000000081a00000| Complete 
|  27|0x0000000081b00000, 0x0000000081c00000, 0x0000000081c00000|100%|HS|  |TAMS 0x0000000081b00000| PB 0x0000000081b00000| Complete 
|  28|0x0000000081c00000, 0x0000000081d00000, 0x0000000081d00000|100%|HC|  |TAMS 0x0000000081c00000| PB 0x0000000081c00000| Complete 
|  29|0x0000000081d00000, 0x0000000081e00000, 0x0000000081e00000|100%|HC|  |TAMS 0x0000000081d00000| PB 0x0000000081d00000| Complete 
|  30|0x0000000081e00000, 0x0000000081f00000, 0x0000000081f00000|100%|HC|  |TAMS 0x0000000081e00000| PB 0x0000000081e00000| Complete 
|  31|0x0000000081f00000, 0x0000000082000000, 0x0000000082000000|100%| O|  |TAMS 0x0000000081f00000| PB 0x0000000081f00000| Untracked 
|  32|0x0000000082000000, 0x0000000082100000, 0x0000000082100000|100%|HS|  |TAMS 0x0000000082000000| PB 0x0000000082000000| Complete 
|  33|0x0000000082100000, 0x0000000082200000, 0x0000000082200000|100%|HC|  |TAMS 0x0000000082100000| PB 0x0000000082100000| Complete 
|  34|0x0000000082200000, 0x0000000082300000, 0x0000000082300000|100%|HS|  |TAMS 0x0000000082200000| PB 0x0000000082200000| Complete 
|  35|0x0000000082300000, 0x0000000082400000, 0x0000000082400000|100%|HS|  |TAMS 0x0000000082300000| PB 0x0000000082300000| Complete 
|  36|0x0000000082400000, 0x0000000082500000, 0x0000000082500000|100%|HS|  |TAMS 0x0000000082400000| PB 0x0000000082400000| Complete 
|  37|0x0000000082500000, 0x0000000082600000, 0x0000000082600000|100%| O|Cm|TAMS 0x0000000082500000| PB 0x0000000082500000| Complete 
|  38|0x0000000082600000, 0x0000000082700000, 0x0000000082700000|100%| O|  |TAMS 0x0000000082600000| PB 0x0000000082600000| Untracked 
|  39|0x0000000082700000, 0x0000000082800000, 0x0000000082800000|100%| O|  |TAMS 0x0000000082700000| PB 0x0000000082700000| Untracked 
|  40|0x0000000082800000, 0x0000000082900000, 0x0000000082900000|100%| O|  |TAMS 0x0000000082800000| PB 0x0000000082800000| Untracked 
|  41|0x0000000082900000, 0x0000000082a00000, 0x0000000082a00000|100%| O|  |TAMS 0x0000000082900000| PB 0x0000000082900000| Untracked 
|  42|0x0000000082a00000, 0x0000000082b00000, 0x0000000082b00000|100%|HS|  |TAMS 0x0000000082a00000| PB 0x0000000082a00000| Complete 
|  43|0x0000000082b00000, 0x0000000082c00000, 0x0000000082c00000|100%|HC|  |TAMS 0x0000000082b00000| PB 0x0000000082b00000| Complete 
|  44|0x0000000082c00000, 0x0000000082d00000, 0x0000000082d00000|100%|HC|  |TAMS 0x0000000082c00000| PB 0x0000000082c00000| Complete 
|  45|0x0000000082d00000, 0x0000000082e00000, 0x0000000082e00000|100%|HC|  |TAMS 0x0000000082d00000| PB 0x0000000082d00000| Complete 
|  46|0x0000000082e00000, 0x0000000082f00000, 0x0000000082f00000|100%|HC|  |TAMS 0x0000000082e00000| PB 0x0000000082e00000| Complete 
|  47|0x0000000082f00000, 0x0000000083000000, 0x0000000083000000|100%|HC|  |TAMS 0x0000000082f00000| PB 0x0000000082f00000| Complete 
|  48|0x0000000083000000, 0x0000000083100000, 0x0000000083100000|100%|HS|  |TAMS 0x0000000083000000| PB 0x0000000083000000| Complete 
|  49|0x0000000083100000, 0x0000000083200000, 0x0000000083200000|100%|HC|  |TAMS 0x0000000083100000| PB 0x0000000083100000| Complete 
|  50|0x0000000083200000, 0x0000000083300000, 0x0000000083300000|100%|HC|  |TAMS 0x0000000083200000| PB 0x0000000083200000| Complete 
|  51|0x0000000083300000, 0x0000000083400000, 0x0000000083400000|100%|HC|  |TAMS 0x0000000083300000| PB 0x0000000083300000| Complete 
|  52|0x0000000083400000, 0x0000000083500000, 0x0000000083500000|100%|HS|  |TAMS 0x0000000083400000| PB 0x0000000083400000| Complete 
|  53|0x0000000083500000, 0x0000000083600000, 0x0000000083600000|100%|HC|  |TAMS 0x0000000083500000| PB 0x0000000083500000| Complete 
|  54|0x0000000083600000, 0x0000000083700000, 0x0000000083700000|100%| O|  |TAMS 0x0000000083600000| PB 0x0000000083600000| Untracked 
|  55|0x0000000083700000, 0x0000000083800000, 0x0000000083800000|100%| O|  |TAMS 0x0000000083700000| PB 0x0000000083700000| Untracked 
|  56|0x0000000083800000, 0x0000000083900000, 0x0000000083900000|100%| O|  |TAMS 0x0000000083800000| PB 0x0000000083800000| Untracked 
|  57|0x0000000083900000, 0x0000000083a00000, 0x0000000083a00000|100%| O|  |TAMS 0x0000000083900000| PB 0x0000000083900000| Untracked 
|  58|0x0000000083a00000, 0x0000000083b00000, 0x0000000083b00000|100%| O|  |TAMS 0x0000000083a00000| PB 0x0000000083a00000| Untracked 
|  59|0x0000000083b00000, 0x0000000083c00000, 0x0000000083c00000|100%| O|  |TAMS 0x0000000083b00000| PB 0x0000000083b00000| Untracked 
|  60|0x0000000083c00000, 0x0000000083d00000, 0x0000000083d00000|100%| O|  |TAMS 0x0000000083c00000| PB 0x0000000083c00000| Untracked 
|  61|0x0000000083d00000, 0x0000000083e00000, 0x0000000083e00000|100%| O|  |TAMS 0x0000000083d00000| PB 0x0000000083d00000| Untracked 
|  62|0x0000000083e00000, 0x0000000083f00000, 0x0000000083f00000|100%| O|  |TAMS 0x0000000083e00000| PB 0x0000000083e00000| Untracked 
|  63|0x0000000083f00000, 0x0000000084000000, 0x0000000084000000|100%|HS|  |TAMS 0x0000000083f00000| PB 0x0000000083f00000| Complete 
|  64|0x0000000084000000, 0x0000000084100000, 0x0000000084100000|100%|HC|  |TAMS 0x0000000084000000| PB 0x0000000084000000| Complete 
|  65|0x0000000084100000, 0x0000000084200000, 0x0000000084200000|100%|HS|  |TAMS 0x0000000084100000| PB 0x0000000084100000| Complete 
|  66|0x0000000084200000, 0x0000000084300000, 0x0000000084300000|100%|HC|  |TAMS 0x0000000084200000| PB 0x0000000084200000| Complete 
|  67|0x0000000084300000, 0x0000000084400000, 0x0000000084400000|100%|HC|  |TAMS 0x0000000084300000| PB 0x0000000084300000| Complete 
|  68|0x0000000084400000, 0x0000000084500000, 0x0000000084500000|100%|HC|  |TAMS 0x0000000084400000| PB 0x0000000084400000| Complete 
|  69|0x0000000084500000, 0x0000000084600000, 0x0000000084600000|100%|HC|  |TAMS 0x0000000084500000| PB 0x0000000084500000| Complete 
|  70|0x0000000084600000, 0x0000000084700000, 0x0000000084700000|100%|HC|  |TAMS 0x0000000084600000| PB 0x0000000084600000| Complete 
|  71|0x0000000084700000, 0x0000000084800000, 0x0000000084800000|100%|HS|  |TAMS 0x0000000084700000| PB 0x0000000084700000| Complete 
|  72|0x0000000084800000, 0x0000000084900000, 0x0000000084900000|100%|HS|  |TAMS 0x0000000084800000| PB 0x0000000084800000| Complete 
|  73|0x0000000084900000, 0x0000000084a00000, 0x0000000084a00000|100%|HC|  |TAMS 0x0000000084900000| PB 0x0000000084900000| Complete 
|  74|0x0000000084a00000, 0x0000000084b00000, 0x0000000084b00000|100%|HC|  |TAMS 0x0000000084a00000| PB 0x0000000084a00000| Complete 
|  75|0x0000000084b00000, 0x0000000084c00000, 0x0000000084c00000|100%|HC|  |TAMS 0x0000000084b00000| PB 0x0000000084b00000| Complete 
|  76|0x0000000084c00000, 0x0000000084d00000, 0x0000000084d00000|100%|HC|  |TAMS 0x0000000084c00000| PB 0x0000000084c00000| Complete 
|  77|0x0000000084d00000, 0x0000000084e00000, 0x0000000084e00000|100%|HC|  |TAMS 0x0000000084d00000| PB 0x0000000084d00000| Complete 
|  78|0x0000000084e00000, 0x0000000084f00000, 0x0000000084f00000|100%|HS|  |TAMS 0x0000000084e00000| PB 0x0000000084e00000| Complete 
|  79|0x0000000084f00000, 0x0000000084f00000, 0x0000000085000000|  0%| F|  |TAMS 0x0000000084f00000| PB 0x0000000084f00000| Untracked 
|  80|0x0000000085000000, 0x0000000085000000, 0x0000000085100000|  0%| F|  |TAMS 0x0000000085000000| PB 0x0000000085000000| Untracked 
|  81|0x0000000085100000, 0x0000000085200000, 0x0000000085200000|100%| O|  |TAMS 0x0000000085100000| PB 0x0000000085100000| Untracked 
|  82|0x0000000085200000, 0x0000000085300000, 0x0000000085300000|100%| S|CS|TAMS 0x0000000085200000| PB 0x0000000085200000| Complete 
|  83|0x0000000085300000, 0x0000000085400000, 0x0000000085400000|100%| S|CS|TAMS 0x0000000085300000| PB 0x0000000085300000| Complete 
|  84|0x0000000085400000, 0x0000000085400000, 0x0000000085500000|  0%| F|  |TAMS 0x0000000085400000| PB 0x0000000085400000| Untracked 
|  85|0x0000000085500000, 0x0000000085500000, 0x0000000085600000|  0%| F|  |TAMS 0x0000000085500000| PB 0x0000000085500000| Untracked 
|  86|0x0000000085600000, 0x0000000085600000, 0x0000000085700000|  0%| F|  |TAMS 0x0000000085600000| PB 0x0000000085600000| Untracked 
|  87|0x0000000085700000, 0x0000000085700000, 0x0000000085800000|  0%| F|  |TAMS 0x0000000085700000| PB 0x0000000085700000| Untracked 
|  88|0x0000000085800000, 0x0000000085800000, 0x0000000085900000|  0%| F|  |TAMS 0x0000000085800000| PB 0x0000000085800000| Untracked 
|  89|0x0000000085900000, 0x0000000085900000, 0x0000000085a00000|  0%| F|  |TAMS 0x0000000085900000| PB 0x0000000085900000| Untracked 
|  90|0x0000000085a00000, 0x0000000085a00000, 0x0000000085b00000|  0%| F|  |TAMS 0x0000000085a00000| PB 0x0000000085a00000| Untracked 
|  91|0x0000000085b00000, 0x0000000085b00000, 0x0000000085c00000|  0%| F|  |TAMS 0x0000000085b00000| PB 0x0000000085b00000| Untracked 
|  92|0x0000000085c00000, 0x0000000085c00000, 0x0000000085d00000|  0%| F|  |TAMS 0x0000000085c00000| PB 0x0000000085c00000| Untracked 
|  93|0x0000000085d00000, 0x0000000085d00000, 0x0000000085e00000|  0%| F|  |TAMS 0x0000000085d00000| PB 0x0000000085d00000| Untracked 
|  94|0x0000000085e00000, 0x0000000085e00000, 0x0000000085f00000|  0%| F|  |TAMS 0x0000000085e00000| PB 0x0000000085e00000| Untracked 
|  95|0x0000000085f00000, 0x0000000085f00000, 0x0000000086000000|  0%| F|  |TAMS 0x0000000085f00000| PB 0x0000000085f00000| Untracked 
|  96|0x0000000086000000, 0x0000000086000000, 0x0000000086100000|  0%| F|  |TAMS 0x0000000086000000| PB 0x0000000086000000| Untracked 
|  97|0x0000000086100000, 0x0000000086100000, 0x0000000086200000|  0%| F|  |TAMS 0x0000000086100000| PB 0x0000000086100000| Untracked 
|  98|0x0000000086200000, 0x0000000086200000, 0x0000000086300000|  0%| F|  |TAMS 0x0000000086200000| PB 0x0000000086200000| Untracked 
|  99|0x0000000086300000, 0x0000000086300000, 0x0000000086400000|  0%| F|  |TAMS 0x0000000086300000| PB 0x0000000086300000| Untracked 
| 100|0x0000000086400000, 0x0000000086400000, 0x0000000086500000|  0%| F|  |TAMS 0x0000000086400000| PB 0x0000000086400000| Untracked 
| 101|0x0000000086500000, 0x0000000086500000, 0x0000000086600000|  0%| F|  |TAMS 0x0000000086500000| PB 0x0000000086500000| Untracked 
| 102|0x0000000086600000, 0x0000000086600000, 0x0000000086700000|  0%| F|  |TAMS 0x0000000086600000| PB 0x0000000086600000| Untracked 
| 103|0x0000000086700000, 0x0000000086700000, 0x0000000086800000|  0%| F|  |TAMS 0x0000000086700000| PB 0x0000000086700000| Untracked 
| 104|0x0000000086800000, 0x0000000086800000, 0x0000000086900000|  0%| F|  |TAMS 0x0000000086800000| PB 0x0000000086800000| Untracked 
| 105|0x0000000086900000, 0x0000000086900000, 0x0000000086a00000|  0%| F|  |TAMS 0x0000000086900000| PB 0x0000000086900000| Untracked 
| 106|0x0000000086a00000, 0x0000000086a00000, 0x0000000086b00000|  0%| F|  |TAMS 0x0000000086a00000| PB 0x0000000086a00000| Untracked 
| 107|0x0000000086b00000, 0x0000000086b00000, 0x0000000086c00000|  0%| F|  |TAMS 0x0000000086b00000| PB 0x0000000086b00000| Untracked 
| 108|0x0000000086c00000, 0x0000000086c00000, 0x0000000086d00000|  0%| F|  |TAMS 0x0000000086c00000| PB 0x0000000086c00000| Untracked 
| 109|0x0000000086d00000, 0x0000000086d00000, 0x0000000086e00000|  0%| F|  |TAMS 0x0000000086d00000| PB 0x0000000086d00000| Untracked 
| 110|0x0000000086e00000, 0x0000000086e00000, 0x0000000086f00000|  0%| F|  |TAMS 0x0000000086e00000| PB 0x0000000086e00000| Untracked 
| 111|0x0000000086f00000, 0x0000000086f00000, 0x0000000087000000|  0%| F|  |TAMS 0x0000000086f00000| PB 0x0000000086f00000| Untracked 
| 112|0x0000000087000000, 0x0000000087000000, 0x0000000087100000|  0%| F|  |TAMS 0x0000000087000000| PB 0x0000000087000000| Untracked 
| 113|0x0000000087100000, 0x0000000087100000, 0x0000000087200000|  0%| F|  |TAMS 0x0000000087100000| PB 0x0000000087100000| Untracked 
| 114|0x0000000087200000, 0x0000000087200000, 0x0000000087300000|  0%| F|  |TAMS 0x0000000087200000| PB 0x0000000087200000| Untracked 
| 115|0x0000000087300000, 0x0000000087300000, 0x0000000087400000|  0%| F|  |TAMS 0x0000000087300000| PB 0x0000000087300000| Untracked 
| 116|0x0000000087400000, 0x0000000087400000, 0x0000000087500000|  0%| F|  |TAMS 0x0000000087400000| PB 0x0000000087400000| Untracked 
| 117|0x0000000087500000, 0x0000000087500000, 0x0000000087600000|  0%| F|  |TAMS 0x0000000087500000| PB 0x0000000087500000| Untracked 
| 118|0x0000000087600000, 0x0000000087600000, 0x0000000087700000|  0%| F|  |TAMS 0x0000000087600000| PB 0x0000000087600000| Untracked 
| 119|0x0000000087700000, 0x0000000087700000, 0x0000000087800000|  0%| F|  |TAMS 0x0000000087700000| PB 0x0000000087700000| Untracked 
| 120|0x0000000087800000, 0x0000000087800000, 0x0000000087900000|  0%| F|  |TAMS 0x0000000087800000| PB 0x0000000087800000| Untracked 
| 121|0x0000000087900000, 0x0000000087900000, 0x0000000087a00000|  0%| F|  |TAMS 0x0000000087900000| PB 0x0000000087900000| Untracked 
| 122|0x0000000087a00000, 0x0000000087a00000, 0x0000000087b00000|  0%| F|  |TAMS 0x0000000087a00000| PB 0x0000000087a00000| Untracked 
| 123|0x0000000087b00000, 0x0000000087b00000, 0x0000000087c00000|  0%| F|  |TAMS 0x0000000087b00000| PB 0x0000000087b00000| Untracked 
| 124|0x0000000087c00000, 0x0000000087c00000, 0x0000000087d00000|  0%| F|  |TAMS 0x0000000087c00000| PB 0x0000000087c00000| Untracked 
| 125|0x0000000087d00000, 0x0000000087e00000, 0x0000000087e00000|100%| E|  |TAMS 0x0000000087d00000| PB 0x0000000087d00000| Complete 
| 126|0x0000000087e00000, 0x0000000087f00000, 0x0000000087f00000|100%| E|CS|TAMS 0x0000000087e00000| PB 0x0000000087e00000| Complete 
| 127|0x0000000087f00000, 0x0000000088000000, 0x0000000088000000|100%| E|CS|TAMS 0x0000000087f00000| PB 0x0000000087f00000| Complete 
| 128|0x0000000088000000, 0x0000000088100000, 0x0000000088100000|100%| S|CS|TAMS 0x0000000088000000| PB 0x0000000088000000| Complete 
| 129|0x0000000088100000, 0x0000000088200000, 0x0000000088200000|100%| S|CS|TAMS 0x0000000088100000| PB 0x0000000088100000| Complete 
| 130|0x0000000088200000, 0x0000000088300000, 0x0000000088300000|100%| S|CS|TAMS 0x0000000088200000| PB 0x0000000088200000| Complete 
| 131|0x0000000088300000, 0x0000000088400000, 0x0000000088400000|100%| S|CS|TAMS 0x0000000088300000| PB 0x0000000088300000| Complete 
| 132|0x0000000088400000, 0x0000000088426880, 0x0000000088500000| 15%| S|CS|TAMS 0x0000000088400000| PB 0x0000000088400000| Complete 
| 217|0x000000008d900000, 0x000000008da00000, 0x000000008da00000|100%| E|CS|TAMS 0x000000008d900000| PB 0x000000008d900000| Complete 
| 218|0x000000008da00000, 0x000000008db00000, 0x000000008db00000|100%| E|CS|TAMS 0x000000008da00000| PB 0x000000008da00000| Complete 
| 219|0x000000008db00000, 0x000000008dc00000, 0x000000008dc00000|100%| E|CS|TAMS 0x000000008db00000| PB 0x000000008db00000| Complete 
| 220|0x000000008dc00000, 0x000000008dd00000, 0x000000008dd00000|100%| E|CS|TAMS 0x000000008dc00000| PB 0x000000008dc00000| Complete 
| 221|0x000000008dd00000, 0x000000008de00000, 0x000000008de00000|100%| E|CS|TAMS 0x000000008dd00000| PB 0x000000008dd00000| Complete 
| 222|0x000000008de00000, 0x000000008df00000, 0x000000008df00000|100%| E|CS|TAMS 0x000000008de00000| PB 0x000000008de00000| Complete 
| 223|0x000000008df00000, 0x000000008e000000, 0x000000008e000000|100%| E|CS|TAMS 0x000000008df00000| PB 0x000000008df00000| Complete 
| 224|0x000000008e000000, 0x000000008e100000, 0x000000008e100000|100%| E|CS|TAMS 0x000000008e000000| PB 0x000000008e000000| Complete 
| 225|0x000000008e100000, 0x000000008e200000, 0x000000008e200000|100%| E|CS|TAMS 0x000000008e100000| PB 0x000000008e100000| Complete 
| 250|0x000000008fa00000, 0x000000008fb00000, 0x000000008fb00000|100%| E|CS|TAMS 0x000000008fa00000| PB 0x000000008fa00000| Complete 
| 251|0x000000008fb00000, 0x000000008fc00000, 0x000000008fc00000|100%| E|CS|TAMS 0x000000008fb00000| PB 0x000000008fb00000| Complete 
|2039|0x00000000ff700000, 0x00000000ff716ff8, 0x00000000ff800000|  8%| O|  |TAMS 0x00000000ff700000| PB 0x00000000ff700000| Untracked 
|2040|0x00000000ff800000, 0x00000000ff900000, 0x00000000ff900000|100%| O|  |TAMS 0x00000000ff800000| PB 0x00000000ff800000| Untracked 
|2041|0x00000000ff900000, 0x00000000ffa00000, 0x00000000ffa00000|100%| O|  |TAMS 0x00000000ff900000| PB 0x00000000ff900000| Untracked 
|2042|0x00000000ffa00000, 0x00000000ffb00000, 0x00000000ffb00000|100%| O|  |TAMS 0x00000000ffa00000| PB 0x00000000ffa00000| Untracked 
|2043|0x00000000ffb00000, 0x00000000ffc00000, 0x00000000ffc00000|100%| O|  |TAMS 0x00000000ffb00000| PB 0x00000000ffb00000| Untracked 
|2044|0x00000000ffc00000, 0x00000000ffd00000, 0x00000000ffd00000|100%| O|  |TAMS 0x00000000ffc00000| PB 0x00000000ffc00000| Untracked 
|2045|0x00000000ffd00000, 0x00000000ffe00000, 0x00000000ffe00000|100%| O|  |TAMS 0x00000000ffd00000| PB 0x00000000ffd00000| Untracked 
|2046|0x00000000ffe00000, 0x00000000fff00000, 0x00000000fff00000|100%| O|  |TAMS 0x00000000ffe00000| PB 0x00000000ffe00000| Untracked 
|2047|0x00000000fff00000, 0x0000000100000000, 0x0000000100000000|100%| O|  |TAMS 0x00000000fff00000| PB 0x00000000fff00000| Untracked 

Card table byte_map: [0x000002179e800000,0x000002179ec00000] _byte_map_base: 0x000002179e400000

Marking Bits: (CMBitMap*) 0x000002178bdc1750
 Bits: [0x000002179ec00000, 0x00000217a0c00000)

Polling page: 0x0000021789830000

Metaspace:

Usage:
  Non-class:     51.04 MB used.
      Class:      7.90 MB used.
       Both:     58.94 MB used.

Virtual space:
  Non-class space:       64.00 MB reserved,      51.88 MB ( 81%) committed,  1 nodes.
      Class space:        1.00 GB reserved,       8.69 MB ( <1%) committed,  1 nodes.
             Both:        1.06 GB reserved,      60.56 MB (  6%) committed. 

Chunk freelists:
   Non-Class:  12.16 MB
       Class:  7.33 MB
        Both:  19.48 MB

MaxMetaspaceSize: unlimited
CompressedClassSpaceSize: 1.00 GB
Initial GC threshold: 21.00 MB
Current GC threshold: 95.56 MB
CDS: off
 - commit_granule_bytes: 65536.
 - commit_granule_words: 8192.
 - virtual_space_node_default_size: 8388608.
 - enlarge_chunks_in_place: 1.
 - use_allocation_guard: 0.


Internal statistics:

num_allocs_failed_limit: 3.
num_arena_births: 2940.
num_arena_deaths: 0.
num_vsnodes_births: 2.
num_vsnodes_deaths: 0.
num_space_committed: 969.
num_space_uncommitted: 0.
num_chunks_returned_to_freelist: 3.
num_chunks_taken_from_freelist: 5465.
num_chunk_merges: 0.
num_chunk_splits: 3475.
num_chunks_enlarged: 2071.
num_inconsistent_stats: 0.

CodeHeap 'non-profiled nmethods': size=120000Kb used=3272Kb max_used=3272Kb free=116727Kb
 bounds [0x0000021796980000, 0x0000021796cc0000, 0x000002179deb0000]
CodeHeap 'profiled nmethods': size=120000Kb used=10312Kb max_used=10312Kb free=109687Kb
 bounds [0x000002178eeb0000, 0x000002178f8d0000, 0x00000217963e0000]
CodeHeap 'non-nmethods': size=5760Kb used=2709Kb max_used=2746Kb free=3050Kb
 bounds [0x00000217963e0000, 0x00000217966a0000, 0x0000021796980000]
 total_blobs=6265 nmethods=5406 adapters=763
 compilation: enabled
              stopped_count=0, restarted_count=0
 full_count=0

Compilation events (20 events):
Event: 6.253 Thread 0x00000217a39deab0 5935       3       java.util.concurrent.locks.AbstractQueuedSynchronizer$ConditionObject::doSignal (62 bytes)
Event: 6.254 Thread 0x00000217a39deab0 nmethod 5935 0x000002178f89c690 code [0x000002178f89c860, 0x000002178f89cc40]
Event: 6.254 Thread 0x00000217a39deab0 5936       3       org.gradle.internal.snapshot.ChildMapFactory::childMapFromSorted (84 bytes)
Event: 6.254 Thread 0x00000217a39deab0 nmethod 5936 0x000002178f89cd90 code [0x000002178f89cfe0, 0x000002178f89d9c0]
Event: 6.254 Thread 0x00000217a39deab0 5937       3       org.gradle.internal.snapshot.SnapshotHierarchy$$Lambda/0x00000001004e1700::<init> (10 bytes)
Event: 6.255 Thread 0x00000217a39deab0 nmethod 5937 0x000002178f89dc90 code [0x000002178f89de40, 0x000002178f89dff8]
Event: 6.255 Thread 0x00000217a39deab0 5938       3       org.gradle.internal.snapshot.SnapshotHierarchy$$Lambda/0x00000001004e1968::<init> (10 bytes)
Event: 6.255 Thread 0x00000217a39deab0 nmethod 5938 0x000002178f89e090 code [0x000002178f89e240, 0x000002178f89e3f8]
Event: 6.255 Thread 0x00000217a39deab0 5939       3       java.util.concurrent.FutureTask::get (23 bytes)
Event: 6.255 Thread 0x00000217a39deab0 nmethod 5939 0x000002178f89e490 code [0x000002178f89e640, 0x000002178f89e810]
Event: 6.255 Thread 0x00000217a39deab0 5940       3       org.gradle.internal.snapshot.SnapshotHierarchy::findSnapshot (38 bytes)
Event: 6.256 Thread 0x00000217a39deab0 nmethod 5940 0x000002178f89e910 code [0x000002178f89ec80, 0x000002178f8a0278]
Event: 6.256 Thread 0x00000217a39de410 5941       4       com.google.common.cache.LocalCache::unset (4 bytes)
Event: 6.256 Thread 0x00000217a39deab0 5942       3       com.google.common.cache.CacheBuilder$1::recordMisses (1 bytes)
Event: 6.256 Thread 0x00000217a39deab0 nmethod 5942 0x000002178f8a0910 code [0x000002178f8a0aa0, 0x000002178f8a0ba8]
Event: 6.256 Thread 0x00000217a39de410 nmethod 5941 0x0000021796cac790 code [0x0000021796cac920, 0x0000021796cac990]
Event: 6.257 Thread 0x00000217a39deab0 5943       3       org.gradle.internal.snapshot.SnapshotUtil$2::handleAsDescendantOfChild (10 bytes)
Event: 6.257 Thread 0x00000217a39deab0 nmethod 5943 0x000002178f8a0c10 code [0x000002178f8a0de0, 0x000002178f8a1120]
Event: 6.257 Thread 0x00000217a39deab0 5944       3       org.gradle.internal.snapshot.SnapshotUtil$2::handleAsDescendantOfChild (12 bytes)
Event: 6.257 Thread 0x00000217a39deab0 nmethod 5944 0x000002178f8a1210 code [0x000002178f8a13c0, 0x000002178f8a1598]

GC Heap History (20 events):
Event: 2.707 GC heap before
{Heap before GC invocations=3 (full 0):
 garbage-first heap   total 258048K, used 42267K [0x0000000080000000, 0x0000000100000000)
  region size 1024K, 31 young (31744K), 5 survivors (5120K)
 Metaspace       used 21187K, committed 21504K, reserved 1114112K
  class space    used 2430K, committed 2624K, reserved 1048576K
}
Event: 2.711 GC heap after
{Heap after GC invocations=4 (full 0):
 garbage-first heap   total 258048K, used 20286K [0x0000000080000000, 0x0000000100000000)
  region size 1024K, 9 young (9216K), 9 survivors (9216K)
 Metaspace       used 21187K, committed 21504K, reserved 1114112K
  class space    used 2430K, committed 2624K, reserved 1048576K
}
Event: 3.162 GC heap before
{Heap before GC invocations=5 (full 0):
 garbage-first heap   total 71680K, used 53054K [0x0000000080000000, 0x0000000100000000)
  region size 1024K, 42 young (43008K), 9 survivors (9216K)
 Metaspace       used 27162K, committed 27712K, reserved 1114112K
  class space    used 3330K, committed 3584K, reserved 1048576K
}
Event: 3.167 GC heap after
{Heap after GC invocations=6 (full 0):
 garbage-first heap   total 71680K, used 21956K [0x0000000080000000, 0x0000000100000000)
  region size 1024K, 3 young (3072K), 3 survivors (3072K)
 Metaspace       used 27162K, committed 27712K, reserved 1114112K
  class space    used 3330K, committed 3584K, reserved 1048576K
}
Event: 3.446 GC heap before
{Heap before GC invocations=6 (full 0):
 garbage-first heap   total 71680K, used 55748K [0x0000000080000000, 0x0000000100000000)
  region size 1024K, 36 young (36864K), 3 survivors (3072K)
 Metaspace       used 31573K, committed 32192K, reserved 1114112K
  class space    used 4099K, committed 4416K, reserved 1048576K
}
Event: 3.449 GC heap after
{Heap after GC invocations=7 (full 0):
 garbage-first heap   total 71680K, used 24359K [0x0000000080000000, 0x0000000100000000)
  region size 1024K, 5 young (5120K), 5 survivors (5120K)
 Metaspace       used 31573K, committed 32192K, reserved 1114112K
  class space    used 4099K, committed 4416K, reserved 1048576K
}
Event: 3.740 GC heap before
{Heap before GC invocations=7 (full 0):
 garbage-first heap   total 71680K, used 63271K [0x0000000080000000, 0x0000000100000000)
  region size 1024K, 33 young (33792K), 5 survivors (5120K)
 Metaspace       used 35266K, committed 36096K, reserved 1114112K
  class space    used 4740K, committed 5120K, reserved 1048576K
}
Event: 3.743 GC heap after
{Heap after GC invocations=8 (full 0):
 garbage-first heap   total 72704K, used 38626K [0x0000000080000000, 0x0000000100000000)
  region size 1024K, 5 young (5120K), 5 survivors (5120K)
 Metaspace       used 35266K, committed 36096K, reserved 1114112K
  class space    used 4740K, committed 5120K, reserved 1048576K
}
Event: 3.944 GC heap before
{Heap before GC invocations=9 (full 0):
 garbage-first heap   total 72704K, used 72418K [0x0000000080000000, 0x0000000100000000)
  region size 1024K, 21 young (21504K), 5 survivors (5120K)
 Metaspace       used 36668K, committed 37632K, reserved 1114112K
  class space    used 4980K, committed 5440K, reserved 1048576K
}
Event: 3.949 GC heap after
{Heap after GC invocations=10 (full 0):
 garbage-first heap   total 149504K, used 60678K [0x0000000080000000, 0x0000000100000000)
  region size 1024K, 4 young (4096K), 4 survivors (4096K)
 Metaspace       used 36668K, committed 37632K, reserved 1114112K
  class space    used 4980K, committed 5440K, reserved 1048576K
}
Event: 4.474 GC heap before
{Heap before GC invocations=10 (full 0):
 garbage-first heap   total 149504K, used 113926K [0x0000000080000000, 0x0000000100000000)
  region size 1024K, 57 young (58368K), 4 survivors (4096K)
 Metaspace       used 45843K, committed 46848K, reserved 1114112K
  class space    used 6081K, committed 6592K, reserved 1048576K
}
Event: 4.479 GC heap after
{Heap after GC invocations=11 (full 0):
 garbage-first heap   total 149504K, used 66008K [0x0000000080000000, 0x0000000100000000)
  region size 1024K, 8 young (8192K), 8 survivors (8192K)
 Metaspace       used 45843K, committed 46848K, reserved 1114112K
  class space    used 6081K, committed 6592K, reserved 1048576K
}
Event: 5.053 GC heap before
{Heap before GC invocations=11 (full 0):
 garbage-first heap   total 149504K, used 126424K [0x0000000080000000, 0x0000000100000000)
  region size 1024K, 63 young (64512K), 8 survivors (8192K)
 Metaspace       used 50925K, committed 52160K, reserved 1114112K
  class space    used 6750K, committed 7360K, reserved 1048576K
}
Event: 5.058 GC heap after
{Heap after GC invocations=12 (full 0):
 garbage-first heap   total 149504K, used 70744K [0x0000000080000000, 0x0000000100000000)
  region size 1024K, 8 young (8192K), 8 survivors (8192K)
 Metaspace       used 50925K, committed 52160K, reserved 1114112K
  class space    used 6750K, committed 7360K, reserved 1048576K
}
Event: 5.563 GC heap before
{Heap before GC invocations=12 (full 0):
 garbage-first heap   total 149504K, used 122968K [0x0000000080000000, 0x0000000100000000)
  region size 1024K, 60 young (61440K), 8 survivors (8192K)
 Metaspace       used 56946K, committed 58432K, reserved 1114112K
  class space    used 7748K, committed 8512K, reserved 1048576K
}
Event: 5.572 GC heap after
{Heap after GC invocations=13 (full 0):
 garbage-first heap   total 149504K, used 75136K [0x0000000080000000, 0x0000000100000000)
  region size 1024K, 4 young (4096K), 4 survivors (4096K)
 Metaspace       used 56946K, committed 58432K, reserved 1114112K
  class space    used 7748K, committed 8512K, reserved 1048576K
}
Event: 5.678 GC heap before
{Heap before GC invocations=13 (full 0):
 garbage-first heap   total 149504K, used 76160K [0x0000000080000000, 0x0000000100000000)
  region size 1024K, 6 young (6144K), 4 survivors (4096K)
 Metaspace       used 57025K, committed 58688K, reserved 1114112K
  class space    used 7754K, committed 8576K, reserved 1048576K
}
Event: 5.684 GC heap after
{Heap after GC invocations=14 (full 0):
 garbage-first heap   total 149504K, used 75136K [0x0000000080000000, 0x0000000100000000)
  region size 1024K, 4 young (4096K), 4 survivors (4096K)
 Metaspace       used 57025K, committed 58688K, reserved 1114112K
  class space    used 7754K, committed 8576K, reserved 1048576K
}
Event: 6.213 GC heap before
{Heap before GC invocations=15 (full 0):
 garbage-first heap   total 149504K, used 144768K [0x0000000080000000, 0x0000000100000000)
  region size 1024K, 55 young (56320K), 4 survivors (4096K)
 Metaspace       used 59883K, committed 61504K, reserved 1114112K
  class space    used 8016K, committed 8832K, reserved 1048576K
}
Event: 6.220 GC heap after
{Heap after GC invocations=16 (full 0):
 garbage-first heap   total 156672K, used 96502K [0x0000000080000000, 0x0000000100000000)
  region size 1024K, 7 young (7168K), 7 survivors (7168K)
 Metaspace       used 59883K, committed 61504K, reserved 1114112K
  class space    used 8016K, committed 8832K, reserved 1048576K
}

Dll operation events (3 events):
Event: 0.066 Loaded shared library C:\Program Files\Android\Android Studio\jbr\bin\java.dll
Event: 0.081 Loaded shared library C:\Program Files\Android\Android Studio\jbr\bin\zip.dll
Event: 1.038 Loaded shared library C:\Program Files\Android\Android Studio\jbr\bin\verify.dll

Deoptimization events (20 events):
Event: 6.201 Thread 0x00000217a9ad5b60 DEOPT PACKING pc=0x000002178f2e5f5e sp=0x00000085d82f7620
Event: 6.201 Thread 0x00000217a9ad5b60 DEOPT UNPACKING pc=0x0000021796434e42 sp=0x00000085d82f6b08 mode 0
Event: 6.202 Thread 0x00000217a9ad5b60 Uncommon trap: trap_request=0xffffffc6 fr.pc=0x0000021796ba9e3c relative=0x000000000000025c
Event: 6.202 Thread 0x00000217a9ad5b60 Uncommon trap: reason=bimorphic_or_optimized_type_check action=maybe_recompile pc=0x0000021796ba9e3c method=java.util.regex.Pattern$BmpCharProperty.match(Ljava/util/regex/Matcher;ILjava/lang/CharSequence;)Z @ 19 c2
Event: 6.202 Thread 0x00000217a9ad5b60 DEOPT PACKING pc=0x0000021796ba9e3c sp=0x00000085d82f7720
Event: 6.202 Thread 0x00000217a9ad5b60 DEOPT UNPACKING pc=0x00000217964346a2 sp=0x00000085d82f76b8 mode 2
Event: 6.203 Thread 0x00000217a9ad5b60 DEOPT PACKING pc=0x000002178f2e5f5e sp=0x00000085d82f7620
Event: 6.203 Thread 0x00000217a9ad5b60 DEOPT UNPACKING pc=0x0000021796434e42 sp=0x00000085d82f6b08 mode 0
Event: 6.209 Thread 0x00000217a9ad5b60 DEOPT PACKING pc=0x000002178f1147dd sp=0x00000085d82f7a50
Event: 6.209 Thread 0x00000217a9ad5b60 DEOPT UNPACKING pc=0x0000021796434e42 sp=0x00000085d82f6ec8 mode 0
Event: 6.210 Thread 0x00000217a9ad5b60 DEOPT PACKING pc=0x000002178f1147dd sp=0x00000085d82f7a50
Event: 6.210 Thread 0x00000217a9ad5b60 DEOPT UNPACKING pc=0x0000021796434e42 sp=0x00000085d82f6ec8 mode 0
Event: 6.220 Thread 0x00000217a98c76f0 Uncommon trap: trap_request=0xffffffc6 fr.pc=0x0000021796c26ae0 relative=0x0000000000000560
Event: 6.220 Thread 0x00000217a98c76f0 Uncommon trap: reason=bimorphic_or_optimized_type_check action=maybe_recompile pc=0x0000021796c26ae0 method=java.util.stream.Sink$ChainedReference.cancellationRequested()Z @ 4 c2
Event: 6.220 Thread 0x00000217a98c76f0 DEOPT PACKING pc=0x0000021796c26ae0 sp=0x00000085d77fea70
Event: 6.220 Thread 0x00000217a98c76f0 DEOPT UNPACKING pc=0x00000217964346a2 sp=0x00000085d77fe878 mode 2
Event: 6.250 Thread 0x00000217a9ad5b60 Uncommon trap: trap_request=0xffffff45 fr.pc=0x0000021796b21ab8 relative=0x00000000000001d8
Event: 6.250 Thread 0x00000217a9ad5b60 Uncommon trap: reason=unstable_if action=reinterpret pc=0x0000021796b21ab8 method=java.util.HashMap.getNode(Ljava/lang/Object;)Ljava/util/HashMap$Node; @ 131 c2
Event: 6.250 Thread 0x00000217a9ad5b60 DEOPT PACKING pc=0x0000021796b21ab8 sp=0x00000085d82f8220
Event: 6.250 Thread 0x00000217a9ad5b60 DEOPT UNPACKING pc=0x00000217964346a2 sp=0x00000085d82f8130 mode 2

Classes loaded (20 events):
Event: 6.030 Loading class java/lang/ClassBeanInfo
Event: 6.030 Loading class java/lang/ClassBeanInfo done
Event: 6.030 Loading class java/lang/ClassBeanInfo
Event: 6.030 Loading class java/lang/ClassBeanInfo done
Event: 6.030 Loading class java/lang/ClassCustomizer
Event: 6.030 Loading class java/lang/ClassCustomizer done
Event: 6.030 Loading class java/lang/ClassCustomizer
Event: 6.030 Loading class java/lang/ClassCustomizer done
Event: 6.031 Loading class sun/reflect/generics/tree/BooleanSignature
Event: 6.032 Loading class sun/reflect/generics/tree/BooleanSignature done
Event: 6.032 Loading class sun/reflect/generics/reflectiveObjects/GenericArrayTypeImpl
Event: 6.032 Loading class sun/reflect/generics/reflectiveObjects/GenericArrayTypeImpl done
Event: 6.035 Loading class jdk/internal/vm/annotation/ForceInline
Event: 6.036 Loading class jdk/internal/vm/annotation/ForceInline done
Event: 6.155 Loading class java/util/BitSet$1BitSetSpliterator
Event: 6.155 Loading class java/util/BitSet$1BitSetSpliterator done
Event: 6.169 Loading class java/util/Collections$SynchronizedRandomAccessList
Event: 6.169 Loading class java/util/Collections$SynchronizedList
Event: 6.169 Loading class java/util/Collections$SynchronizedList done
Event: 6.169 Loading class java/util/Collections$SynchronizedRandomAccessList done

Classes unloaded (0 events):
No events

Classes redefined (0 events):
No events

Internal exceptions (20 events):
Event: 6.043 Thread 0x00000217a9ad5b60 Exception <a 'java/lang/ClassNotFoundException'{0x000000008721d3c0}: org/gradle/tooling/provider/model/internal/DefaultToolingModelBuilderRegistryBeanInfo> (0x000000008721d3c0) 
thrown [s\src\hotspot\share\classfile\systemDictionary.cpp, line 312]
Event: 6.043 Thread 0x00000217a9ad5b60 Exception <a 'java/lang/ClassNotFoundException'{0x00000000872334a8}: org/gradle/tooling/provider/model/internal/DefaultToolingModelBuilderRegistryCustomizer> (0x00000000872334a8) 
thrown [s\src\hotspot\share\classfile\systemDictionary.cpp, line 312]
Event: 6.050 Thread 0x00000217a9ad5b60 Exception <a 'java/lang/ClassNotFoundException'{0x0000000087296bd0}: org/gradle/internal/service/ScopedServiceRegistryBeanInfo> (0x0000000087296bd0) 
thrown [s\src\hotspot\share\classfile\systemDictionary.cpp, line 312]
Event: 6.051 Thread 0x00000217a9ad5b60 Exception <a 'java/lang/ClassNotFoundException'{0x00000000872ac338}: org/gradle/internal/service/DefaultServiceRegistryBeanInfo> (0x00000000872ac338) 
thrown [s\src\hotspot\share\classfile\systemDictionary.cpp, line 312]
Event: 6.051 Thread 0x00000217a9ad5b60 Exception <a 'java/lang/ClassNotFoundException'{0x00000000872c1808}: org/gradle/internal/service/DefaultServiceRegistryCustomizer> (0x00000000872c1808) 
thrown [s\src\hotspot\share\classfile\systemDictionary.cpp, line 312]
Event: 6.052 Thread 0x00000217a9ad5b60 Exception <a 'java/lang/ClassNotFoundException'{0x00000000872e4870}: org/gradle/internal/service/ScopedServiceRegistryCustomizer> (0x00000000872e4870) 
thrown [s\src\hotspot\share\classfile\systemDictionary.cpp, line 312]
Event: 6.055 Thread 0x00000217a9ad5b60 Exception <a 'java/lang/ClassNotFoundException'{0x000000008712ff48}: org/gradle/internal/extensibility/DefaultConventionBeanInfo> (0x000000008712ff48) 
thrown [s\src\hotspot\share\classfile\systemDictionary.cpp, line 312]
Event: 6.055 Thread 0x00000217a9ad5b60 Exception <a 'java/lang/ClassNotFoundException'{0x0000000087144978}: org/gradle/internal/extensibility/DefaultConventionCustomizer> (0x0000000087144978) 
thrown [s\src\hotspot\share\classfile\systemDictionary.cpp, line 312]
Event: 6.064 Thread 0x00000217a9ad5b60 Exception <a 'java/lang/ClassNotFoundException'{0x00000000871dedd8}: com/intellij/gradle/toolingExtension/impl/modelBuilder/ExtraModelBuilderBeanInfo> (0x00000000871dedd8) 
thrown [s\src\hotspot\share\classfile\systemDictionary.cpp, line 312]
Event: 6.065 Thread 0x00000217a9ad5b60 Exception <a 'java/lang/ClassNotFoundException'{0x00000000871ea878}: com/intellij/gradle/toolingExtension/impl/modelBuilder/ExtraModelBuilderCustomizer> (0x00000000871ea878) 
thrown [s\src\hotspot\share\classfile\systemDictionary.cpp, line 312]
Event: 6.159 Thread 0x00000217a9ad5b60 Exception <a 'java/lang/IncompatibleClassChangeError'{0x000000008666cb30}: Found class java.lang.Object, but interface was expected> (0x000000008666cb30) 
thrown [s\src\hotspot\share\interpreter\linkResolver.cpp, line 851]
Event: 6.164 Thread 0x00000217a9ad5b60 Exception <a 'sun/nio/fs/WindowsException'{0x00000000866ad888}> (0x00000000866ad888) 
thrown [s\src\hotspot\share\prims\jni.cpp, line 535]
Event: 6.165 Thread 0x00000217a9ad5b60 Exception <a 'sun/nio/fs/WindowsException'{0x00000000866af098}> (0x00000000866af098) 
thrown [s\src\hotspot\share\prims\jni.cpp, line 535]
Event: 6.165 Thread 0x00000217a9ad5b60 Exception <a 'sun/nio/fs/WindowsException'{0x00000000866b0870}> (0x00000000866b0870) 
thrown [s\src\hotspot\share\prims\jni.cpp, line 535]
Event: 6.165 Thread 0x00000217a9ad5b60 Exception <a 'sun/nio/fs/WindowsException'{0x00000000866b1c60}> (0x00000000866b1c60) 
thrown [s\src\hotspot\share\prims\jni.cpp, line 535]
Event: 6.166 Thread 0x00000217a9ad5b60 Exception <a 'java/lang/NoSuchMethodError'{0x00000000866c6a28}: 'java.lang.Object java.lang.invoke.Invokers$Holder.invoker(java.lang.Object, java.lang.Object, java.lang.Object, java.lang.Object, java.lang.Object, java.lang.Object)'> (0x00000000866c6a28) 
thrown [s\src\hotspot\share\interpreter\linkResolver.cpp, line 784]
Event: 6.174 Thread 0x00000217a9ad5b60 Exception <a 'java/lang/NoSuchMethodError'{0x00000000865d52b8}: 'java.lang.Object java.lang.invoke.DirectMethodHandle$Holder.invokeSpecial(java.lang.Object, java.lang.Object, java.lang.Object, java.lang.Object, java.lang.Object, java.lang.Object, java.lang.Object, java.lang.Object, java.lang.Object, java.lang.Object, java.lang.Object, java.lang.Object, java.lang.Object, java.lang.Object, java.lang.Object, java.lang.Object, java.lang.Object, java.lang.Object, java.lang.Object, java.lang.Object, java.lang.Ob
Event: 6.174 Thread 0x00000217a9ad5b60 Exception <a 'java/lang/NoSuchMethodError'{0x00000000865db5d0}: 'java.lang.Object java.lang.invoke.DelegatingMethodHandle$Holder.reinvoke_L(java.lang.Object, java.lang.Object, java.lang.Object, java.lang.Object, java.lang.Object, java.lang.Object, java.lang.Object, java.lang.Object, java.lang.Object, java.lang.Object, java.lang.Object, java.lang.Object, java.lang.Object, java.lang.Object, java.lang.Object, java.lang.Object, java.lang.Object, java.lang.Object, java.lang.Object, java.lang.Object, java.lang.O
Event: 6.174 Thread 0x00000217a9ad5b60 Exception <a 'java/lang/NoSuchMethodError'{0x00000000865e6988}: 'java.lang.Object java.lang.invoke.Invokers$Holder.invoker(java.lang.Object, java.lang.Object, java.lang.Object, java.lang.Object, java.lang.Object, java.lang.Object, java.lang.Object, java.lang.Object, java.lang.Object, java.lang.Object, java.lang.Object, java.lang.Object, java.lang.Object, java.lang.Object, java.lang.Object, java.lang.Object, java.lang.Object, java.lang.Object, java.lang.Object, java.lang.Object, java.lang.Object, java.lang.
Event: 6.174 Thread 0x00000217a9ad5b60 Exception <a 'java/lang/NoSuchMethodError'{0x00000000865ed550}: 'java.lang.Object java.lang.invoke.DelegatingMethodHandle$Holder.delegate(java.lang.Object, java.lang.Object, java.lang.Object, java.lang.Object, java.lang.Object, java.lang.Object, java.lang.Object, java.lang.Object, java.lang.Object, java.lang.Object, java.lang.Object, java.lang.Object, java.lang.Object, java.lang.Object, java.lang.Object, java.lang.Object, java.lang.Object, java.lang.Object, java.lang.Object, java.lang.Object, java.lang.Obj

ZGC Phase Switch (0 events):
No events

VM Operations (20 events):
Event: 5.398 Executing VM operation: HandshakeAllThreads (Deoptimize)
Event: 5.398 Executing VM operation: HandshakeAllThreads (Deoptimize) done
Event: 5.450 Executing VM operation: HandshakeAllThreads (Deoptimize)
Event: 5.450 Executing VM operation: HandshakeAllThreads (Deoptimize) done
Event: 5.530 Executing VM operation: ICBufferFull
Event: 5.530 Executing VM operation: ICBufferFull done
Event: 5.563 Executing VM operation: G1CollectForAllocation (G1 Evacuation Pause)
Event: 5.572 Executing VM operation: G1CollectForAllocation (G1 Evacuation Pause) done
Event: 5.678 Executing VM operation: G1TryInitiateConcMark (G1 Humongous Allocation)
Event: 5.684 Executing VM operation: G1TryInitiateConcMark (G1 Humongous Allocation) done
Event: 5.709 Executing VM operation: G1PauseRemark
Event: 5.712 Executing VM operation: G1PauseRemark done
Event: 5.722 Executing VM operation: G1PauseCleanup
Event: 5.722 Executing VM operation: G1PauseCleanup done
Event: 6.025 Executing VM operation: ICBufferFull
Event: 6.025 Executing VM operation: ICBufferFull done
Event: 6.046 Executing VM operation: HandshakeAllThreads (Deoptimize)
Event: 6.046 Executing VM operation: HandshakeAllThreads (Deoptimize) done
Event: 6.213 Executing VM operation: G1CollectForAllocation (G1 Evacuation Pause)
Event: 6.220 Executing VM operation: G1CollectForAllocation (G1 Evacuation Pause) done

Memory protections (0 events):
No events

Nmethod flushes (20 events):
Event: 5.711 Thread 0x00000217a397f4e0 flushing  nmethod 0x000002178f088390
Event: 5.711 Thread 0x00000217a397f4e0 flushing  nmethod 0x000002178f089190
Event: 5.711 Thread 0x00000217a397f4e0 flushing  nmethod 0x000002178f08b890
Event: 5.711 Thread 0x00000217a397f4e0 flushing  nmethod 0x000002178f08c010
Event: 5.711 Thread 0x00000217a397f4e0 flushing  nmethod 0x000002178f08c710
Event: 5.711 Thread 0x00000217a397f4e0 flushing  nmethod 0x000002178f08d110
Event: 5.711 Thread 0x00000217a397f4e0 flushing  nmethod 0x000002178f08f990
Event: 5.711 Thread 0x00000217a397f4e0 flushing  nmethod 0x000002178f33ee90
Event: 5.711 Thread 0x00000217a397f4e0 flushing  nmethod 0x0000021796ac6210
Event: 5.711 Thread 0x00000217a397f4e0 flushing  nmethod 0x000002178eeccd90
Event: 5.711 Thread 0x00000217a397f4e0 flushing  nmethod 0x000002178ef3b810
Event: 5.711 Thread 0x00000217a397f4e0 flushing  nmethod 0x000002178ef8e910
Event: 5.711 Thread 0x00000217a397f4e0 flushing  nmethod 0x000002178f082f90
Event: 5.711 Thread 0x00000217a397f4e0 flushing  nmethod 0x000002178f0be190
Event: 5.711 Thread 0x00000217a397f4e0 flushing  nmethod 0x000002178f1e8490
Event: 5.711 Thread 0x00000217a397f4e0 flushing  nmethod 0x000002178f235110
Event: 5.711 Thread 0x00000217a397f4e0 flushing  nmethod 0x000002178f23a190
Event: 5.711 Thread 0x00000217a397f4e0 flushing  nmethod 0x000002178f2b3210
Event: 5.711 Thread 0x00000217a397f4e0 flushing  nmethod 0x000002178f2b3e90
Event: 5.711 Thread 0x00000217a397f4e0 flushing  nmethod 0x000002178f325310

Events (20 events):
Event: 5.790 Thread 0x00000217a9ad5b60 Thread added: 0x00000217ac084790
Event: 5.791 Thread 0x00000217a9ad5b60 Thread added: 0x00000217ac082d50
Event: 5.793 Thread 0x00000217a9ad5b60 Thread added: 0x00000217ac086860
Event: 5.794 Thread 0x00000217a9ad5b60 Thread added: 0x00000217ac084e20
Event: 5.795 Thread 0x00000217a9ad5b60 Thread added: 0x00000217ac087580
Event: 5.796 Thread 0x00000217a9ad5b60 Thread added: 0x00000217ac0882a0
Event: 5.798 Thread 0x00000217a9ad5b60 Thread added: 0x00000217ac089650
Event: 5.799 Thread 0x00000217a9ad5b60 Thread added: 0x00000217ac088fc0
Event: 5.800 Thread 0x00000217a9ad5b60 Thread added: 0x00000217ac088930
Event: 5.832 Thread 0x00000217a9ad5b60 Thread added: 0x00000217ac089ce0
Event: 5.833 Thread 0x00000217a9ad5b60 Thread added: 0x00000217ac08a370
Event: 5.834 Thread 0x00000217a9ad5b60 Thread added: 0x00000217ac086ef0
Event: 5.835 Thread 0x00000217a9ad5b60 Thread added: 0x00000217ac087c10
Event: 5.836 Thread 0x00000217a9ad5b60 Thread added: 0x00000217ab3706e0
Event: 5.836 Thread 0x00000217a9ad5b60 Thread added: 0x00000217ab371400
Event: 5.837 Thread 0x00000217a9ad5b60 Thread added: 0x00000217ab370d70
Event: 5.838 Thread 0x00000217a9ad5b60 Thread added: 0x00000217ab3734d0
Event: 5.839 Thread 0x00000217a9ad5b60 Thread added: 0x00000217ab370050
Event: 5.840 Thread 0x00000217a9ad5b60 Thread added: 0x00000217ab373b60
Event: 6.065 Thread 0x00000217a8c1c350 Thread exited: 0x00000217a8c1c350


Dynamic libraries:
0x00007ff678c00000 - 0x00007ff678c0a000 	C:\Program Files\Android\Android Studio\jbr\bin\java.exe
0x00007ffda8520000 - 0x00007ffda8787000 	C:\windows\SYSTEM32\ntdll.dll
0x00007ffda6780000 - 0x00007ffda6849000 	C:\windows\System32\KERNEL32.DLL
0x00007ffda5930000 - 0x00007ffda5d1f000 	C:\windows\System32\KERNELBASE.dll
0x00007ffda5380000 - 0x00007ffda5535000 	C:\Windows\system32\hmpalert.dll
0x00007ffda4fe0000 - 0x00007ffda51cc000 	C:\windows\System32\SophosED\SophosED.dll
0x00007ffda57e0000 - 0x00007ffda592b000 	C:\windows\System32\ucrtbase.dll
0x00007ffd777d0000 - 0x00007ffd777e8000 	C:\Program Files\Android\Android Studio\jbr\bin\jli.dll
0x00007ffd208a0000 - 0x00007ffd208bb000 	C:\Program Files\Android\Android Studio\jbr\bin\VCRUNTIME140.dll
0x00007ffda6580000 - 0x00007ffda6745000 	C:\windows\System32\USER32.dll
0x00007ffda5e60000 - 0x00007ffda5e87000 	C:\windows\System32\win32u.dll
0x00007ffda6750000 - 0x00007ffda677b000 	C:\windows\System32\GDI32.dll
0x00007ffda5d30000 - 0x00007ffda5e5c000 	C:\windows\System32\gdi32full.dll
0x00007ffda6090000 - 0x00007ffda6133000 	C:\windows\System32\msvcp_win.dll
0x00007ffd8c000000 - 0x00007ffd8c293000 	C:\windows\WinSxS\amd64_microsoft.windows.common-controls_6595b64144ccf1df_6.0.26100.7309_none_3e05feeae336a044\COMCTL32.dll
0x00007ffda6340000 - 0x00007ffda63e9000 	C:\windows\System32\msvcrt.dll
0x00007ffda7880000 - 0x00007ffda78b1000 	C:\windows\System32\IMM32.DLL
0x00007ffd76610000 - 0x00007ffd7661c000 	C:\Program Files\Android\Android Studio\jbr\bin\vcruntime140_1.dll
0x00007ffd2e160000 - 0x00007ffd2e1ed000 	C:\Program Files\Android\Android Studio\jbr\bin\msvcp140.dll
0x00007ffd208e0000 - 0x00007ffd2156b000 	C:\Program Files\Android\Android Studio\jbr\bin\server\jvm.dll
0x00007ffda8420000 - 0x00007ffda84d4000 	C:\windows\System32\ADVAPI32.dll
0x00007ffda6eb0000 - 0x00007ffda6f56000 	C:\windows\System32\sechost.dll
0x00007ffda63f0000 - 0x00007ffda6508000 	C:\windows\System32\RPCRT4.dll
0x00007ffda62c0000 - 0x00007ffda6334000 	C:\windows\System32\WS2_32.dll
0x00007ffd9fc30000 - 0x00007ffd9fc65000 	C:\windows\SYSTEM32\WINMM.dll
0x00007ffda4f70000 - 0x00007ffda4fce000 	C:\windows\SYSTEM32\POWRPROF.dll
0x00007ffd9e370000 - 0x00007ffd9e37b000 	C:\windows\SYSTEM32\VERSION.dll
0x00007ffda4f50000 - 0x00007ffda4f64000 	C:\windows\SYSTEM32\UMPDC.dll
0x00007ffda4030000 - 0x00007ffda404b000 	C:\windows\SYSTEM32\kernel.appcore.dll
0x00007ffd6fcc0000 - 0x00007ffd6fcca000 	C:\Program Files\Android\Android Studio\jbr\bin\jimage.dll
0x00007ffda2930000 - 0x00007ffda2b72000 	C:\windows\SYSTEM32\DBGHELP.DLL
0x00007ffda7420000 - 0x00007ffda77a5000 	C:\windows\System32\combase.dll
0x00007ffda6f60000 - 0x00007ffda7036000 	C:\windows\System32\OLEAUT32.dll
0x00007ffd8be60000 - 0x00007ffd8be9c000 	C:\windows\SYSTEM32\dbgcore.DLL
0x00007ffda5fe0000 - 0x00007ffda6085000 	C:\windows\System32\bcryptPrimitives.dll
0x00007ffd9e770000 - 0x00007ffd9e77e000 	C:\Program Files\Android\Android Studio\jbr\bin\instrument.dll
0x00007ffd208c0000 - 0x00007ffd208e0000 	C:\Program Files\Android\Android Studio\jbr\bin\java.dll
0x00007ffd20880000 - 0x00007ffd20898000 	C:\Program Files\Android\Android Studio\jbr\bin\zip.dll
0x00007ffda7ae0000 - 0x00007ffda8233000 	C:\windows\System32\SHELL32.dll
0x00007ffda5670000 - 0x00007ffda57da000 	C:\windows\System32\wintypes.dll
0x00007ffda2b80000 - 0x00007ffda33de000 	C:\windows\SYSTEM32\windows.storage.dll
0x00007ffda79e0000 - 0x00007ffda7ad5000 	C:\windows\System32\SHCORE.dll
0x00007ffda6510000 - 0x00007ffda6576000 	C:\windows\System32\shlwapi.dll
0x00007ffda5590000 - 0x00007ffda55b9000 	C:\windows\SYSTEM32\profapi.dll
0x00007ffd8ac90000 - 0x00007ffd8aca0000 	C:\Program Files\Android\Android Studio\jbr\bin\net.dll
0x00007ffd9eb40000 - 0x00007ffd9ec68000 	C:\windows\SYSTEM32\WINHTTP.dll
0x00007ffda4580000 - 0x00007ffda45eb000 	C:\windows\system32\mswsock.dll
0x00007ffd225b0000 - 0x00007ffd225c6000 	C:\Program Files\Android\Android Studio\jbr\bin\nio.dll
0x00007ffd9e390000 - 0x00007ffd9e3a0000 	C:\Program Files\Android\Android Studio\jbr\bin\verify.dll
0x00007ffd87e70000 - 0x00007ffd87e97000 	C:\Users\rishabh.jain\.gradle\native\1def1411415f61bf3af743bc5b6707747c0891f09f0c88961ee8f79bc544acac\windows-amd64\native-platform.dll
0x00007ffd59bb0000 - 0x00007ffd59c28000 	C:\Users\rishabh.jain\.gradle\native\0.2.7\x86_64-windows-gnu\gradle-fileevents.dll
0x00007ffd6e8a0000 - 0x00007ffd6e8a9000 	C:\Program Files\Android\Android Studio\jbr\bin\management.dll
0x00007ffd63ba0000 - 0x00007ffd63bab000 	C:\Program Files\Android\Android Studio\jbr\bin\management_ext.dll
0x00007ffda6850000 - 0x00007ffda6858000 	C:\windows\System32\PSAPI.DLL
0x00007ffda3810000 - 0x00007ffda3844000 	C:\windows\SYSTEM32\IPHLPAPI.DLL
0x00007ffda70d0000 - 0x00007ffda70da000 	C:\windows\System32\NSI.dll
0x00007ffd6f200000 - 0x00007ffd6f209000 	C:\Program Files\Android\Android Studio\jbr\bin\extnet.dll
0x00007ffda4970000 - 0x00007ffda498b000 	C:\windows\SYSTEM32\CRYPTSP.dll
0x00007ffda3f90000 - 0x00007ffda3fca000 	C:\windows\system32\rsaenh.dll
0x00007ffda4630000 - 0x00007ffda465b000 	C:\windows\SYSTEM32\USERENV.dll
0x00007ffda5560000 - 0x00007ffda558a000 	C:\windows\SYSTEM32\bcrypt.dll
0x00007ffda47d0000 - 0x00007ffda47dc000 	C:\windows\SYSTEM32\CRYPTBASE.dll
0x00007ffd6c9c0000 - 0x00007ffd6c9c8000 	C:\windows\system32\wshunix.dll

dbghelp: loaded successfully - version: 4.0.5 - missing functions: none
symbol engine: initialized successfully - sym options: 0x614 - pdb path: .;C:\Program Files\Android\Android Studio\jbr\bin;C:\windows\SYSTEM32;C:\windows\System32\SophosED;C:\windows\WinSxS\amd64_microsoft.windows.common-controls_6595b64144ccf1df_6.0.26100.7309_none_3e05feeae336a044;C:\Program Files\Android\Android Studio\jbr\bin\server;C:\Users\rishabh.jain\.gradle\native\1def1411415f61bf3af743bc5b6707747c0891f09f0c88961ee8f79bc544acac\windows-amd64;C:\Users\rishabh.jain\.gradle\native\0.2.7\x86_64-windows-gnu

VM Arguments:
jvm_args: --add-opens=java.base/java.lang=ALL-UNNAMED --add-opens=java.base/java.lang.invoke=ALL-UNNAMED --add-opens=java.base/java.util=ALL-UNNAMED --add-opens=java.prefs/java.util.prefs=ALL-UNNAMED --add-exports=jdk.compiler/com.sun.tools.javac.api=ALL-UNNAMED --add-exports=jdk.compiler/com.sun.tools.javac.util=ALL-UNNAMED --add-opens=java.base/java.util=ALL-UNNAMED --add-opens=java.prefs/java.util.prefs=ALL-UNNAMED --add-opens=java.base/java.nio.charset=ALL-UNNAMED --add-opens=java.base/java.net=ALL-UNNAMED --add-opens=java.base/java.util.concurrent.atomic=ALL-UNNAMED --add-opens=java.xml/javax.xml.namespace=ALL-UNNAMED -Xmx2048m -Dfile.encoding=UTF-8 -Duser.country=IN -Duser.language=en -Duser.variant -javaagent:C:\Users\rishabh.jain\.gradle\wrapper\dists\gradle-8.13-bin\5xuhj0ry160q40clulazy9h7d\gradle-8.13\lib\agents\gradle-instrumentation-agent-8.13.jar 
java_command: org.gradle.launcher.daemon.bootstrap.GradleDaemon 8.13
java_class_path (initial): C:\Users\rishabh.jain\.gradle\wrapper\dists\gradle-8.13-bin\5xuhj0ry160q40clulazy9h7d\gradle-8.13\lib\gradle-daemon-main-8.13.jar
Launcher Type: SUN_STANDARD

[Global flags]
     intx CICompilerCount                          = 4                                         {product} {ergonomic}
     uint ConcGCThreads                            = 3                                         {product} {ergonomic}
     uint G1ConcRefinementThreads                  = 10                                        {product} {ergonomic}
   size_t G1HeapRegionSize                         = 1048576                                   {product} {ergonomic}
    uintx GCDrainStackTargetSize                   = 64                                        {product} {ergonomic}
   size_t InitialHeapSize                          = 264241152                                 {product} {ergonomic}
   size_t MarkStackSize                            = 4194304                                   {product} {ergonomic}
   size_t MaxHeapSize                              = 2147483648                                {product} {command line}
   size_t MaxNewSize                               = 1287651328                                {product} {ergonomic}
   size_t MinHeapDeltaBytes                        = 1048576                                   {product} {ergonomic}
   size_t MinHeapSize                              = 8388608                                   {product} {ergonomic}
    uintx NonNMethodCodeHeapSize                   = 5839372                                {pd product} {ergonomic}
    uintx NonProfiledCodeHeapSize                  = 122909434                              {pd product} {ergonomic}
    uintx ProfiledCodeHeapSize                     = 122909434                              {pd product} {ergonomic}
    uintx ReservedCodeCacheSize                    = 251658240                              {pd product} {ergonomic}
     bool SegmentedCodeCache                       = true                                      {product} {ergonomic}
   size_t SoftMaxHeapSize                          = 2147483648                             {manageable} {ergonomic}
     bool UseCompressedOops                        = true                           {product lp64_product} {ergonomic}
     bool UseG1GC                                  = true                                      {product} {ergonomic}
     bool UseLargePagesIndividualAllocation        = false                                  {pd product} {ergonomic}

Logging:
Log output configuration:
 #0: stdout all=warning uptime,level,tags foldmultilines=false
 #1: stderr all=off uptime,level,tags foldmultilines=false

Environment Variables:
JAVA_HOME=C:\Program Files\Java\jdk-17
PATH=C:\Program Files\Common Files\Oracle\Java\javapath;C:\windows\system32;C:\windows;C:\windows\System32\Wbem;C:\windows\System32\WindowsPowerShell\v1.0\;C:\windows\System32\OpenSSH\;C:\Program Files\dotnet\;C:\Program Files\nodejs\;C:\Program Files\Java\jdk-17\bin;C:\Program Files\Common Files\Oracle\Java\javapath;C:\windows\system32;C:\windows;C:\windows\System32\Wbem;C:\windows\System32\WindowsPowerShell\v1.0\;C:\windows\System32\OpenSSH\;C:\Program Files\dotnet\;C:\Program Files\nodejs\;C:\Users\rishabh.jain\AppData\Local\Android\Sdk\platform-tools;C:\Users\rishabh.jain\AppData\Local\Android\Sdk\tools;C:\Users\rishabh.jain\AppData\Local\Android\Sdk\platform-tools;C:\Users\rishabh.jain\AppData\Local\Android\Sdk\tools;C:\Program Files\Common Files\Oracle\Java\javapath;C:\windows\system32;C:\windows;C:\windows\System32\Wbem;C:\windows\System32\WindowsPowerShell\v1.0\;C:\windows\System32\OpenSSH\;C:\Program Files\dotnet\;C:\Program Files\nodejs\;C:\Program Files\Common Files\Oracle\Java\javapath;C:\windows\system32;C:\windows;C:\windows\System32\Wbem;C:\windows\System32\WindowsPowerShell\v1.0\;C:\windows\System32\OpenSSH\;C:\Program Files\dotnet\;C:\Program Files\nodejs\;C:\Users\rishabh.jain\AppData\Local\Microsoft\WindowsApps;C:\Users\rishabh.jain\AppD;C:\Users\rishabh.jain\AppData\Local\Programs\Microsoft VS Code\bin
USERNAME=rishabh.jain
OS=Windows_NT
PROCESSOR_IDENTIFIER=Intel64 Family 6 Model 186 Stepping 3, GenuineIntel
TMP=C:\Users\RISHAB~1.JAI\AppData\Local\Temp
TEMP=C:\Users\RISHAB~1.JAI\AppData\Local\Temp




Periodic native trim disabled

JNI global refs:
JNI global refs: 26, weak refs: 0

JNI global refs memory usage: 835, weak refs: 833

Process memory usage:
Resident Set Size: 348308K (2% of 16452404K total physical memory with 1240376K free physical memory)

OOME stack traces (most recent first):
Classloader memory used:
Loader org.gradle.internal.classloader.VisitableURLClassLoader                         : 28989K
Loader bootstrap                                                                       : 22512K
Loader org.gradle.initialization.MixInLegacyTypesClassLoader                           : 6529K
Loader org.gradle.internal.classloader.VisitableURLClassLoader                         : 764K
Loader org.gradle.internal.classloader.VisitableURLClassLoader$InstrumentingVisitableURLClassLoader: 576K
Loader jdk.internal.loader.ClassLoaders$PlatformClassLoader                            : 513K
Loader jdk.internal.loader.ClassLoaders$AppClassLoader                                 : 235K
Loader jdk.internal.reflect.DelegatingClassLoader                                      : 167K
Loader org.gradle.groovy.scripts.internal.DefaultScriptCompilationHandler$ScriptClassLoader: 91352B
Loader org.codehaus.groovy.runtime.callsite.CallSiteClassLoader                        : 49592B

Classes loaded by more than one classloader:
Class org.gradle.api.GradleException                                                  : loaded 3 times (x 78B)
Class org.gradle.internal.classloader.FilteringClassLoader                            : loaded 2 times (x 101B)
Class org.gradle.internal.classloader.ClassLoaderHierarchy                            : loaded 2 times (x 66B)
Class org.gradle.api.internal.classpath.ManifestUtil                                  : loaded 2 times (x 67B)
Class org.gradle.internal.operations.MultipleBuildOperationFailures                   : loaded 2 times (x 91B)
Class org.gradle.internal.classloader.DefaultClassLoaderFactory                       : loaded 2 times (x 78B)
Class kotlin.collections.AbstractList$Companion                                       : loaded 2 times (x 67B)
Class org.gradle.internal.classloader.ClassLoaderVisitor                              : loaded 2 times (x 72B)
Class org.gradle.api.internal.classpath.EffectiveClassPath                            : loaded 2 times (x 86B)
Class org.gradle.api.internal.DefaultClassPathProvider                                : loaded 2 times (x 72B)
Class [Lorg.gradle.api.internal.ClassPathProvider;                                    : loaded 2 times (x 65B)
Class org.gradle.api.internal.ClassPathProvider                                       : loaded 2 times (x 66B)
Class org.gradle.internal.service.UnknownServiceException                             : loaded 2 times (x 79B)
Class org.gradle.internal.classpath.TransformedClassPath                              : loaded 2 times (x 92B)
Class org.gradle.internal.classloader.InstrumentingClassLoader                        : loaded 2 times (x 66B)
Class kotlin.enums.EnumEntriesList                                                    : loaded 2 times (x 219B)
Class sync_studio_tooling2007_bf5lyvyone0i2e5vcuffqq7wj                               : loaded 2 times (x 175B)
Class ijInit4_24j9u5vibx830r786qo72hseq                                               : loaded 2 times (x 175B)
Class org.gradle.internal.service.ServiceLocator                                      : loaded 2 times (x 66B)
Class org.gradle.internal.InternalTransformer                                         : loaded 2 times (x 66B)
Class org.gradle.internal.time.DefaultTimer                                           : loaded 2 times (x 76B)
Class org.gradle.internal.classloader.ClasspathUtil$1                                 : loaded 2 times (x 72B)
Class org.gradle.api.internal.classpath.DefaultModuleRegistry$DefaultModule           : loaded 2 times (x 82B)
Class org.gradle.internal.time.DefaultCountdownTimer                                  : loaded 2 times (x 84B)
Class kotlin.Function                                                                 : loaded 2 times (x 66B)
Class org.gradle.api.internal.classpath.Module                                        : loaded 2 times (x 66B)
Class org.gradle.api.internal.classpath.UnknownModuleException                        : loaded 2 times (x 78B)
Class org.gradle.api.internal.DefaultClassPathRegistry                                : loaded 2 times (x 72B)
Class org.gradle.api.internal.ClassPathRegistry                                       : loaded 2 times (x 66B)
Class org.gradle.internal.classpath.DefaultClassPath$ImmutableUniqueList              : loaded 2 times (x 195B)
Class org.gradle.internal.classpath.ClassPath                                         : loaded 2 times (x 66B)
Class org.gradle.api.UncheckedIOException                                             : loaded 2 times (x 78B)
Class kotlin.UninitializedPropertyAccessException                                     : loaded 2 times (x 78B)
Class org.gradle.internal.installation.GradleInstallation$1                           : loaded 2 times (x 71B)
Class org.gradle.api.internal.classpath.ModuleRegistry                                : loaded 2 times (x 66B)
Class org.gradle.api.internal.classpath.DefaultModuleRegistry                         : loaded 2 times (x 82B)
Class org.gradle.internal.time.MonotonicClock                                         : loaded 2 times (x 73B)
Class org.gradle.internal.service.ServiceLookupException                              : loaded 2 times (x 78B)
Class org.gradle.internal.classloader.ClassLoaderFactory                              : loaded 2 times (x 66B)
Class org.gradle.internal.service.CachingServiceLocator                               : loaded 2 times (x 78B)
Class org.gradle.internal.time.TimeSource                                             : loaded 2 times (x 66B)
Class kotlin.enums.EnumEntries                                                        : loaded 2 times (x 66B)
Class org.gradle.internal.exceptions.ResolutionProvider                               : loaded 2 times (x 66B)
Class org.gradle.internal.classloader.ClasspathUtil                                   : loaded 2 times (x 67B)
Class org.gradle.internal.time.TimeSource$1                                           : loaded 2 times (x 73B)
Class kotlin.jvm.internal.DefaultConstructorMarker                                    : loaded 2 times (x 67B)
Class org.gradle.api.specs.Spec                                                       : loaded 2 times (x 66B)
Class org.gradle.internal.time.Clock                                                  : loaded 2 times (x 66B)
Class kotlin.collections.AbstractList                                                 : loaded 2 times (x 193B)
Class kotlin.collections.AbstractCollection                                           : loaded 2 times (x 113B)
Class org.gradle.internal.classloader.VisitableURLClassLoader$InstrumentingVisitableURLClassLoader: loaded 2 times (x 119B)
Class org.gradle.internal.classloader.VisitableURLClassLoader$Spec                    : loaded 2 times (x 70B)
Class org.gradle.internal.classpath.DefaultClassPath                                  : loaded 2 times (x 86B)
Class org.gradle.internal.classloader.ClassLoaderSpec                                 : loaded 2 times (x 67B)
Class kotlin.Unit                                                                     : loaded 2 times (x 67B)
Class org.gradle.internal.classloader.VisitableURLClassLoader                         : loaded 2 times (x 113B)
Class org.gradle.internal.Cast                                                        : loaded 2 times (x 67B)
Class org.gradle.api.Action                                                           : loaded 2 times (x 66B)
Class kotlin.jvm.functions.Function1                                                  : loaded 2 times (x 66B)
Class org.gradle.internal.classpath.DefaultClassPath$ImmutableUniqueList$Builder      : loaded 2 times (x 71B)
Class kotlin.NotImplementedError                                                      : loaded 2 times (x 78B)
Class org.gradle.internal.exceptions.NonGradleCauseExceptionsHolder                   : loaded 2 times (x 66B)
Class org.jetbrains.plugins.gradle.tooling.ModelBuilderService$Parameter              : loaded 2 times (x 66B)
Class kotlin.enums.EnumEntriesKt                                                      : loaded 2 times (x 67B)
Class org.gradle.internal.IoActions                                                   : loaded 2 times (x 67B)
Class org.gradle.internal.classloader.SystemClassLoaderSpec                           : loaded 2 times (x 67B)
Class org.gradle.internal.exceptions.MultiCauseException                              : loaded 2 times (x 66B)
Class org.gradle.internal.time.CountdownTimer                                         : loaded 2 times (x 66B)
Class kotlin.jvm.internal.Intrinsics                                                  : loaded 2 times (x 67B)
Class org.gradle.tooling.model.ProjectModel                                           : loaded 2 times (x 66B)
Class kotlin.KotlinNullPointerException                                               : loaded 2 times (x 79B)
Class org.gradle.internal.exceptions.DefaultMultiCauseException                       : loaded 2 times (x 91B)
Class org.gradle.internal.time.Time                                                   : loaded 2 times (x 67B)
Class org.gradle.api.internal.classpath.GlobalCacheRootsProvider                      : loaded 2 times (x 66B)
Class org.gradle.internal.time.Timer                                                  : loaded 2 times (x 66B)
Class kotlin.jvm.internal.markers.KMappedMarker                                       : loaded 2 times (x 66B)
Class org.gradle.internal.installation.CurrentGradleInstallationLocator               : loaded 2 times (x 67B)
Class org.gradle.internal.service.DefaultServiceLocator                               : loaded 2 times (x 79B)
Class org.gradle.util.GradleVersion                                                   : loaded 2 times (x 75B)
Class org.gradle.internal.installation.CurrentGradleInstallation                      : loaded 2 times (x 69B)
Class org.gradle.util.internal.GUtil                                                  : loaded 2 times (x 67B)
Class org.gradle.internal.installation.GradleInstallation                             : loaded 2 times (x 71B)

---------------  S Y S T E M  ---------------

OS:
 Windows 11 , 64 bit Build 26100 (10.0.26100.7309)
OS uptime: 0 days 22:28 hours
Hyper-V role detected

CPU: total 12 (initial active 12) (6 cores per cpu, 2 threads per core) family 6 model 186 stepping 3 microcode 0x4128, cx8, cmov, fxsr, ht, mmx, 3dnowpref, sse, sse2, sse3, ssse3, sse4.1, sse4.2, popcnt, lzcnt, tsc, tscinvbit, avx, avx2, aes, erms, clmul, bmi1, bmi2, adx, sha, fma, vzeroupper, clflush, clflushopt, clwb, hv, serialize, rdtscp, rdpid, fsrm, f16c, cet_ibt, cet_ss
Processor Information for the first 12 processors :
  Max Mhz: 1400, Current Mhz: 1400, Mhz Limit: 1400

Memory: 4k page, system-wide physical 16066M (1211M free)
TotalPageFile size 35961M (AvailPageFile size 5M)
current process WorkingSet (physical memory assigned to process): 340M, peak: 340M
current process commit charge ("private bytes"): 387M, peak: 389M

vm_info: OpenJDK 64-Bit Server VM (21.0.6+-13391695-b895.109) for windows-amd64 JRE (21.0.6+-13391695-b895.109), built on 2025-04-22T21:19:17Z by "builder" with MS VC++ 16.10 / 16.11 (VS2019)

END.
