#
# There is insufficient memory for the Java Runtime Environment to continue.
# Native memory allocation (malloc) failed to allocate 1676944 bytes. Error detail: Chunk::new
# Possible reasons:
#   The system is out of physical RAM or swap space
#   This process is running with CompressedOops enabled, and the Java Heap may be blocking the growth of the native heap
# Possible solutions:
#   Reduce memory load on the system
#   Increase physical memory or swap space
#   Check if swap backing store is full
#   Decrease Java heap size (-Xmx/-Xms)
#   Decrease number of Java threads
#   Decrease Java thread stack sizes (-Xss)
#   Set larger code cache with -XX:ReservedCodeCacheSize=
#   JVM is running with Unscaled Compressed Oops mode in which the Java heap is
#     placed in the first 4GB address space. The Java Heap base address is the
#     maximum limit for the native heap growth. Please use -XX:HeapBaseMinAddress
#     to set the Java Heap base and to place the Java Heap above 4GB virtual address.
# This output file may be truncated or incomplete.
#
#  Out of Memory Error (arena.cpp:168), pid=17636, tid=1356
#
# JRE version: OpenJDK Runtime Environment (21.0.6) (build 21.0.6+-13391695-b895.109)
# Java VM: OpenJDK 64-Bit Server VM (21.0.6+-13391695-b895.109, mixed mode, tiered, compressed oops, compressed class ptrs, g1 gc, windows-amd64)
# No core dump will be written. Minidumps are not enabled by default on client versions of Windows
#

---------------  S U M M A R Y ------------

Command Line: --add-opens=java.base/java.lang=ALL-UNNAMED --add-opens=java.base/java.lang.invoke=ALL-UNNAMED --add-opens=java.base/java.util=ALL-UNNAMED --add-opens=java.prefs/java.util.prefs=ALL-UNNAMED --add-exports=jdk.compiler/com.sun.tools.javac.api=ALL-UNNAMED --add-exports=jdk.compiler/com.sun.tools.javac.util=ALL-UNNAMED --add-opens=java.base/java.util=ALL-UNNAMED --add-opens=java.prefs/java.util.prefs=ALL-UNNAMED --add-opens=java.base/java.nio.charset=ALL-UNNAMED --add-opens=java.base/java.net=ALL-UNNAMED --add-opens=java.base/java.util.concurrent.atomic=ALL-UNNAMED --add-opens=java.xml/javax.xml.namespace=ALL-UNNAMED -Xmx2048m -Dfile.encoding=UTF-8 -Duser.country=IN -Duser.language=en -Duser.variant -javaagent:C:\Users\rishabh.jain\.gradle\wrapper\dists\gradle-8.13-bin\5xuhj0ry160q40clulazy9h7d\gradle-8.13\lib\agents\gradle-instrumentation-agent-8.13.jar org.gradle.launcher.daemon.bootstrap.GradleDaemon 8.13

Host: Intel(R) Core(TM) 5 120U, 12 cores, 15G,  Windows 11 , 64 bit Build 26100 (10.0.26100.7309)
Time: Wed Dec 17 16:27:32 2025 India Standard Time elapsed time: 21.832894 seconds (0d 0h 0m 21s)

---------------  T H R E A D  ---------------

Current thread (0x00000209003abae0):  JavaThread "C2 CompilerThread1" daemon [_thread_in_native, id=1356, stack(0x000000314b700000,0x000000314b800000) (1024K)]


Current CompileTask:
C2:21833 6589   !   4       sun.reflect.annotation.AnnotationParser::parseAnnotations (37 bytes)

Stack: [0x000000314b700000,0x000000314b800000]
Native frames: (J=compiled Java code, j=interpreted, Vv=VM code, C=native code)
V  [jvm.dll+0x6d0639]
V  [jvm.dll+0x85eb03]
V  [jvm.dll+0x86105e]
V  [jvm.dll+0x861743]
V  [jvm.dll+0x27e6e6]
V  [jvm.dll+0xbff6d]
V  [jvm.dll+0xc04a3]
V  [jvm.dll+0x3b61ab]
V  [jvm.dll+0x1de872]
V  [jvm.dll+0x247dd4]
V  [jvm.dll+0x247251]
V  [jvm.dll+0x1c5f04]
V  [jvm.dll+0x2569ac]
V  [jvm.dll+0x254ef6]
V  [jvm.dll+0x3f0e96]
V  [jvm.dll+0x806ed8]
V  [jvm.dll+0x6cef0d]
C  [ucrtbase.dll+0x37b0]
C  [KERNEL32.DLL+0x2e8d7]
C  [ntdll.dll+0x8c53c]


---------------  P R O C E S S  ---------------

Threads class SMR info:
_java_thread_list=0x000002097e4100d0, length=68, elements={
0x000002095d9caf70, 0x000002097804a9c0, 0x000002097804e730, 0x00000209780510b0,
0x0000020978063770, 0x000002097806f640, 0x000002097805a630, 0x0000020978070f40,
0x00000209780723d0, 0x00000209781b8e20, 0x000002097834d7d0, 0x000002097e29e880,
0x000002097e260470, 0x000002097e417d90, 0x000002097e146700, 0x000002097e140470,
0x000002097e1aa9b0, 0x000002097e4534a0, 0x000002097e4831e0, 0x000002097e481110,
0x000002097e47fd60, 0x000002097e4824c0, 0x000002097e481e30, 0x000002097e4803f0,
0x000002097e482b50, 0x000002097e480a80, 0x000002097e4817a0, 0x000002097ec2ae90,
0x000002097ec2bbb0, 0x000002097ec2b520, 0x000002097ec2c240, 0x000002097ec28dc0,
0x000002097ec2c8d0, 0x000002097ec29ae0, 0x000002097ec29450, 0x000002097ec2cf60,
0x000002097ec2a800, 0x000002097ec2d5f0, 0x000002097ec2a170, 0x000002097ec2f6c0,
0x000002097ec2e9a0, 0x000002097ec2f030, 0x000002097ec51b70, 0x000002097ec55680,
0x000002097ec52f20, 0x000002097ec52200, 0x000002097ec54960, 0x000002097ec55d10,
0x000002097ec52890, 0x000002097ec54ff0, 0x000002097ec563a0, 0x000002097ec56a30,
0x000002097ec570c0, 0x000002097ec53c40, 0x000002097ec57750, 0x000002097ec57de0,
0x000002097ec58470, 0x000002097ec58b00, 0x000002097ec59190, 0x000002097eb8b7c0,
0x000002097eb89d80, 0x000002097eb8aaa0, 0x000002097eb8b130, 0x000002097eb88340,
0x000002097eb8a410, 0x000002097eb8be50, 0x000002097eb889d0, 0x00000209003abae0
}

Java Threads: ( => current thread )
  0x000002095d9caf70 JavaThread "main"                              [_thread_blocked, id=34304, stack(0x0000003147900000,0x0000003147a00000) (1024K)]
  0x000002097804a9c0 JavaThread "Reference Handler"          daemon [_thread_blocked, id=21104, stack(0x0000003148100000,0x0000003148200000) (1024K)]
  0x000002097804e730 JavaThread "Finalizer"                  daemon [_thread_blocked, id=21116, stack(0x0000003148200000,0x0000003148300000) (1024K)]
  0x00000209780510b0 JavaThread "Signal Dispatcher"          daemon [_thread_blocked, id=25108, stack(0x0000003148300000,0x0000003148400000) (1024K)]
  0x0000020978063770 JavaThread "Attach Listener"            daemon [_thread_blocked, id=3676, stack(0x0000003148400000,0x0000003148500000) (1024K)]
  0x000002097806f640 JavaThread "Service Thread"             daemon [_thread_blocked, id=13824, stack(0x0000003148500000,0x0000003148600000) (1024K)]
  0x000002097805a630 JavaThread "Monitor Deflation Thread"   daemon [_thread_blocked, id=28116, stack(0x0000003148600000,0x0000003148700000) (1024K)]
  0x0000020978070f40 JavaThread "C2 CompilerThread0"         daemon [_thread_in_native, id=25992, stack(0x0000003148700000,0x0000003148800000) (1024K)]
  0x00000209780723d0 JavaThread "C1 CompilerThread0"         daemon [_thread_blocked, id=10796, stack(0x0000003148800000,0x0000003148900000) (1024K)]
  0x00000209781b8e20 JavaThread "Common-Cleaner"             daemon [_thread_blocked, id=23536, stack(0x0000003148900000,0x0000003148a00000) (1024K)]
  0x000002097834d7d0 JavaThread "Notification Thread"        daemon [_thread_blocked, id=27532, stack(0x0000003148a00000,0x0000003148b00000) (1024K)]
  0x000002097e29e880 JavaThread "Daemon health stats"               [_thread_blocked, id=9892, stack(0x0000003149400000,0x0000003149500000) (1024K)]
  0x000002097e260470 JavaThread "Incoming local TCP Connector on port 55036"        [_thread_in_native, id=3380, stack(0x0000003149500000,0x0000003149600000) (1024K)]
  0x000002097e417d90 JavaThread "Daemon periodic checks"            [_thread_blocked, id=17712, stack(0x0000003149600000,0x0000003149700000) (1024K)]
  0x000002097e146700 JavaThread "Daemon"                            [_thread_blocked, id=32864, stack(0x0000003149700000,0x0000003149800000) (1024K)]
  0x000002097e140470 JavaThread "Handler for socket connection from /127.0.0.1:55036 to /127.0.0.1:55037"        [_thread_in_native, id=34604, stack(0x0000003149800000,0x0000003149900000) (1024K)]
  0x000002097e1aa9b0 JavaThread "Cancel handler"                    [_thread_blocked, id=28980, stack(0x0000003149900000,0x0000003149a00000) (1024K)]
  0x000002097e4534a0 JavaThread "Daemon worker"                     [_thread_in_Java, id=15420, stack(0x0000003149a00000,0x0000003149b00000) (1024K)]
  0x000002097e4831e0 JavaThread "Asynchronous log dispatcher for DefaultDaemonConnection: socket connection from /127.0.0.1:55036 to /127.0.0.1:55037"        [_thread_blocked, id=35240, stack(0x0000003149b00000,0x0000003149c00000) (1024K)]
  0x000002097e481110 JavaThread "Stdin handler"                     [_thread_blocked, id=29152, stack(0x0000003149c00000,0x0000003149d00000) (1024K)]
  0x000002097e47fd60 JavaThread "Daemon client event forwarder"        [_thread_blocked, id=32912, stack(0x0000003149d00000,0x0000003149e00000) (1024K)]
  0x000002097e4824c0 JavaThread "Cache worker for journal cache (C:\Users\rishabh.jain\.gradle\caches\journal-1)"        [_thread_blocked, id=3544, stack(0x0000003148b00000,0x0000003148c00000) (1024K)]
  0x000002097e481e30 JavaThread "File lock request listener"        [_thread_in_native, id=28732, stack(0x000000314a100000,0x000000314a200000) (1024K)]
  0x000002097e4803f0 JavaThread "Cache worker for file hash cache (C:\Users\rishabh.jain\.gradle\caches\8.13\fileHashes)"        [_thread_blocked, id=27224, stack(0x000000314a200000,0x000000314a300000) (1024K)]
  0x000002097e482b50 JavaThread "Cache worker for file hash cache (C:\Users\rishabh.jain\AndroidStudioProjects\VendorApplication\.gradle\8.13\fileHashes)"        [_thread_blocked, id=18584, stack(0x000000314a400000,0x000000314a500000) (1024K)]
  0x000002097e480a80 JavaThread "Cache worker for Build Output Cleanup Cache (C:\Users\rishabh.jain\AndroidStudioProjects\VendorApplication\.gradle\buildOutputCleanup)"        [_thread_blocked, id=26904, stack(0x000000314a500000,0x000000314a600000) (1024K)]
  0x000002097e4817a0 JavaThread "File watcher server"        daemon [_thread_in_native, id=7484, stack(0x000000314a300000,0x000000314a400000) (1024K)]
  0x000002097ec2ae90 JavaThread "File watcher consumer"      daemon [_thread_blocked, id=28156, stack(0x000000314a600000,0x000000314a700000) (1024K)]
  0x000002097ec2bbb0 JavaThread "jar transforms"                    [_thread_blocked, id=35464, stack(0x000000314a700000,0x000000314a800000) (1024K)]
  0x000002097ec2b520 JavaThread "jar transforms Thread 2"           [_thread_blocked, id=27472, stack(0x000000314a800000,0x000000314a900000) (1024K)]
  0x000002097ec2c240 JavaThread "jar transforms Thread 3"           [_thread_blocked, id=15272, stack(0x000000314a900000,0x000000314aa00000) (1024K)]
  0x000002097ec28dc0 JavaThread "jar transforms Thread 4"           [_thread_blocked, id=7576, stack(0x000000314aa00000,0x000000314ab00000) (1024K)]
  0x000002097ec2c8d0 JavaThread "jar transforms Thread 5"           [_thread_blocked, id=3616, stack(0x000000314ab00000,0x000000314ac00000) (1024K)]
  0x000002097ec29ae0 JavaThread "jar transforms Thread 6"           [_thread_blocked, id=28008, stack(0x000000314ac00000,0x000000314ad00000) (1024K)]
  0x000002097ec29450 JavaThread "jar transforms Thread 7"           [_thread_blocked, id=27624, stack(0x000000314ad00000,0x000000314ae00000) (1024K)]
  0x000002097ec2cf60 JavaThread "jar transforms Thread 8"           [_thread_blocked, id=23584, stack(0x000000314ae00000,0x000000314af00000) (1024K)]
  0x000002097ec2a800 JavaThread "jar transforms Thread 9"           [_thread_blocked, id=6552, stack(0x000000314af00000,0x000000314b000000) (1024K)]
  0x000002097ec2d5f0 JavaThread "jar transforms Thread 10"          [_thread_blocked, id=21204, stack(0x000000314b000000,0x000000314b100000) (1024K)]
  0x000002097ec2a170 JavaThread "jar transforms Thread 11"          [_thread_blocked, id=20080, stack(0x000000314b100000,0x000000314b200000) (1024K)]
  0x000002097ec2f6c0 JavaThread "jar transforms Thread 12"          [_thread_blocked, id=15232, stack(0x000000314b200000,0x000000314b300000) (1024K)]
  0x000002097ec2e9a0 JavaThread "Cache worker for checksums cache (C:\Users\rishabh.jain\AndroidStudioProjects\VendorApplication\.gradle\8.13\checksums)"        [_thread_blocked, id=12816, stack(0x000000314b500000,0x000000314b600000) (1024K)]
  0x000002097ec2f030 JavaThread "Cache worker for file content cache (C:\Users\rishabh.jain\.gradle\caches\8.13\fileContent)"        [_thread_blocked, id=19492, stack(0x000000314b600000,0x000000314b700000) (1024K)]
  0x000002097ec51b70 JavaThread "Cache worker for cache directory md-supplier (C:\Users\rishabh.jain\.gradle\caches\8.13\md-supplier)"        [_thread_blocked, id=32804, stack(0x000000314b400000,0x000000314b500000) (1024K)]
  0x000002097ec55680 JavaThread "Cache worker for cache directory md-rule (C:\Users\rishabh.jain\.gradle\caches\8.13\md-rule)"        [_thread_blocked, id=35344, stack(0x000000314b300000,0x000000314b400000) (1024K)]
  0x000002097ec52f20 JavaThread "Unconstrained build operations"        [_thread_blocked, id=19156, stack(0x000000314b800000,0x000000314b900000) (1024K)]
  0x000002097ec52200 JavaThread "Unconstrained build operations Thread 2"        [_thread_blocked, id=34904, stack(0x000000314b900000,0x000000314ba00000) (1024K)]
  0x000002097ec54960 JavaThread "Unconstrained build operations Thread 3"        [_thread_blocked, id=29396, stack(0x000000314ba00000,0x000000314bb00000) (1024K)]
  0x000002097ec55d10 JavaThread "Unconstrained build operations Thread 4"        [_thread_blocked, id=22940, stack(0x000000314bb00000,0x000000314bc00000) (1024K)]
  0x000002097ec52890 JavaThread "Unconstrained build operations Thread 5"        [_thread_blocked, id=29264, stack(0x000000314bc00000,0x000000314bd00000) (1024K)]
  0x000002097ec54ff0 JavaThread "Unconstrained build operations Thread 6"        [_thread_blocked, id=8004, stack(0x000000314bd00000,0x000000314be00000) (1024K)]
  0x000002097ec563a0 JavaThread "Unconstrained build operations Thread 7"        [_thread_blocked, id=24896, stack(0x000000314be00000,0x000000314bf00000) (1024K)]
  0x000002097ec56a30 JavaThread "Unconstrained build operations Thread 8"        [_thread_blocked, id=36212, stack(0x000000314bf00000,0x000000314c000000) (1024K)]
  0x000002097ec570c0 JavaThread "Unconstrained build operations Thread 9"        [_thread_blocked, id=32744, stack(0x000000314c000000,0x000000314c100000) (1024K)]
  0x000002097ec53c40 JavaThread "Unconstrained build operations Thread 10"        [_thread_blocked, id=21500, stack(0x000000314c100000,0x000000314c200000) (1024K)]
  0x000002097ec57750 JavaThread "Unconstrained build operations Thread 11"        [_thread_blocked, id=13412, stack(0x000000314c200000,0x000000314c300000) (1024K)]
  0x000002097ec57de0 JavaThread "Unconstrained build operations Thread 12"        [_thread_blocked, id=26348, stack(0x000000314c300000,0x000000314c400000) (1024K)]
  0x000002097ec58470 JavaThread "Unconstrained build operations Thread 13"        [_thread_blocked, id=15332, stack(0x000000314c400000,0x000000314c500000) (1024K)]
  0x000002097ec58b00 JavaThread "Unconstrained build operations Thread 14"        [_thread_blocked, id=2876, stack(0x000000314c500000,0x000000314c600000) (1024K)]
  0x000002097ec59190 JavaThread "Unconstrained build operations Thread 15"        [_thread_blocked, id=35784, stack(0x000000314c600000,0x000000314c700000) (1024K)]
  0x000002097eb8b7c0 JavaThread "Unconstrained build operations Thread 16"        [_thread_blocked, id=35908, stack(0x000000314c700000,0x000000314c800000) (1024K)]
  0x000002097eb89d80 JavaThread "Unconstrained build operations Thread 17"        [_thread_blocked, id=26780, stack(0x000000314c800000,0x000000314c900000) (1024K)]
  0x000002097eb8aaa0 JavaThread "Unconstrained build operations Thread 18"        [_thread_blocked, id=20812, stack(0x000000314c900000,0x000000314ca00000) (1024K)]
  0x000002097eb8b130 JavaThread "Unconstrained build operations Thread 19"        [_thread_blocked, id=29928, stack(0x000000314ca00000,0x000000314cb00000) (1024K)]
  0x000002097eb88340 JavaThread "Unconstrained build operations Thread 20"        [_thread_blocked, id=19684, stack(0x000000314cb00000,0x000000314cc00000) (1024K)]
  0x000002097eb8a410 JavaThread "Unconstrained build operations Thread 21"        [_thread_blocked, id=33744, stack(0x000000314cc00000,0x000000314cd00000) (1024K)]
  0x000002097eb8be50 JavaThread "Unconstrained build operations Thread 22"        [_thread_blocked, id=17020, stack(0x000000314cd00000,0x000000314ce00000) (1024K)]
  0x000002097eb889d0 JavaThread "Unconstrained build operations Thread 23"        [_thread_blocked, id=25560, stack(0x000000314ce00000,0x000000314cf00000) (1024K)]
=>0x00000209003abae0 JavaThread "C2 CompilerThread1"         daemon [_thread_in_native, id=1356, stack(0x000000314b700000,0x000000314b800000) (1024K)]
Total: 68

Other Threads:
  0x0000020977f26530 VMThread "VM Thread"                           [id=36152, stack(0x0000003148000000,0x0000003148100000) (1024K)]
  0x0000020977fd09d0 WatcherThread "VM Periodic Task Thread"        [id=11016, stack(0x0000003147f00000,0x0000003148000000) (1024K)]
  0x0000020960460a20 WorkerThread "GC Thread#0"                     [id=33496, stack(0x0000003147a00000,0x0000003147b00000) (1024K)]
  0x0000020978670a80 WorkerThread "GC Thread#1"                     [id=8232, stack(0x0000003148d00000,0x0000003148e00000) (1024K)]
  0x00000209788c1d70 WorkerThread "GC Thread#2"                     [id=8632, stack(0x0000003148e00000,0x0000003148f00000) (1024K)]
  0x00000209788c2110 WorkerThread "GC Thread#3"                     [id=35268, stack(0x0000003148f00000,0x0000003149000000) (1024K)]
  0x00000209787c48d0 WorkerThread "GC Thread#4"                     [id=32788, stack(0x0000003149000000,0x0000003149100000) (1024K)]
  0x0000020978a087f0 WorkerThread "GC Thread#5"                     [id=33936, stack(0x0000003149100000,0x0000003149200000) (1024K)]
  0x000002097e296c50 WorkerThread "GC Thread#6"                     [id=7872, stack(0x0000003148c00000,0x0000003148d00000) (1024K)]
  0x000002097e297400 WorkerThread "GC Thread#7"                     [id=14812, stack(0x0000003149200000,0x0000003149300000) (1024K)]
  0x000002097e298780 WorkerThread "GC Thread#8"                     [id=24584, stack(0x0000003149300000,0x0000003149400000) (1024K)]
  0x000002097e3f9a90 WorkerThread "GC Thread#9"                     [id=26764, stack(0x0000003149e00000,0x0000003149f00000) (1024K)]
  0x0000020960472750 ConcurrentGCThread "G1 Main Marker"            [id=35288, stack(0x0000003147b00000,0x0000003147c00000) (1024K)]
  0x0000020960473900 WorkerThread "G1 Conc#0"                       [id=15720, stack(0x0000003147c00000,0x0000003147d00000) (1024K)]
  0x000002097e3fa1d0 WorkerThread "G1 Conc#1"                       [id=20096, stack(0x0000003149f00000,0x000000314a000000) (1024K)]
  0x000002097e3fa570 WorkerThread "G1 Conc#2"                       [id=8328, stack(0x000000314a000000,0x000000314a100000) (1024K)]
  0x0000020977e31340 ConcurrentGCThread "G1 Refine#0"               [id=21856, stack(0x0000003147d00000,0x0000003147e00000) (1024K)]
  0x0000020977e32cd0 ConcurrentGCThread "G1 Service"                [id=14572, stack(0x0000003147e00000,0x0000003147f00000) (1024K)]
Total: 18

Threads with active compile tasks:
C2 CompilerThread0  21930 6634       4       groovy.lang.MetaClassImpl$1MOPIter::methodNameAction (325 bytes)
C2 CompilerThread1  21931 6589   !   4       sun.reflect.annotation.AnnotationParser::parseAnnotations (37 bytes)
Total: 2

VM state: not at safepoint (normal execution)

VM Mutex/Monitor currently owned by a thread:  ([mutex/lock_event])
[0x00007ffd2148c1a0] Metaspace_lock - owner thread: 0x0000000000000000

Heap address: 0x0000000080000000, size: 2048 MB, Compressed Oops mode: 32-bit

CDS archive(s) not mapped
Compressed class space mapped at: 0x0000000100000000-0x0000000140000000, reserved size: 1073741824
Narrow klass base: 0x0000000000000000, Narrow klass shift: 3, Narrow klass range: 0x140000000

GC Precious Log:
 CardTable entry size: 512
 Card Set container configuration: InlinePtr #cards 5 size 8 Array Of Cards #cards 12 size 40 Howl #buckets 4 coarsen threshold 1843 Howl Bitmap #cards 512 size 80 coarsen threshold 460 Card regions per heap region 1 cards per card region 2048
 CPUs: 12 total, 12 available
 Memory: 16066M
 Large Page Support: Disabled
 NUMA Support: Disabled
 Compressed Oops: Enabled (32-bit)
 Heap Region Size: 1M
 Heap Min Capacity: 8M
 Heap Initial Capacity: 252M
 Heap Max Capacity: 2G
 Pre-touch: Disabled
 Parallel Workers: 10
 Concurrent Workers: 3
 Concurrent Refinement Workers: 10
 Periodic GC: Disabled

Heap:
 garbage-first heap   total 165888K, used 131856K [0x0000000080000000, 0x0000000100000000)
  region size 1024K, 38 young (38912K), 4 survivors (4096K)
 Metaspace       used 70492K, committed 72320K, reserved 1114112K
  class space    used 9581K, committed 10496K, reserved 1048576K

Heap Regions: E=young(eden), S=young(survivor), O=old, HS=humongous(starts), HC=humongous(continues), CS=collection set, F=free, TAMS=top-at-mark-start, PB=parsable bottom
|   0|0x0000000080000000, 0x0000000080100000, 0x0000000080100000|100%|HS|  |TAMS 0x0000000080000000| PB 0x0000000080000000| Complete 
|   1|0x0000000080100000, 0x0000000080200000, 0x0000000080200000|100%|HC|  |TAMS 0x0000000080100000| PB 0x0000000080100000| Complete 
|   2|0x0000000080200000, 0x0000000080300000, 0x0000000080300000|100%|HC|  |TAMS 0x0000000080200000| PB 0x0000000080200000| Complete 
|   3|0x0000000080300000, 0x0000000080400000, 0x0000000080400000|100%| O|  |TAMS 0x0000000080300000| PB 0x0000000080300000| Untracked 
|   4|0x0000000080400000, 0x0000000080500000, 0x0000000080500000|100%| O|  |TAMS 0x0000000080400000| PB 0x0000000080400000| Untracked 
|   5|0x0000000080500000, 0x0000000080600000, 0x0000000080600000|100%| O|  |TAMS 0x0000000080500000| PB 0x0000000080500000| Untracked 
|   6|0x0000000080600000, 0x0000000080700000, 0x0000000080700000|100%|HS|  |TAMS 0x0000000080600000| PB 0x0000000080600000| Complete 
|   7|0x0000000080700000, 0x0000000080800000, 0x0000000080800000|100%| O|  |TAMS 0x0000000080700000| PB 0x0000000080700000| Untracked 
|   8|0x0000000080800000, 0x0000000080900000, 0x0000000080900000|100%| O|  |TAMS 0x0000000080800000| PB 0x0000000080800000| Untracked 
|   9|0x0000000080900000, 0x0000000080a00000, 0x0000000080a00000|100%| O|  |TAMS 0x0000000080900000| PB 0x0000000080900000| Untracked 
|  10|0x0000000080a00000, 0x0000000080b00000, 0x0000000080b00000|100%| O|  |TAMS 0x0000000080a00000| PB 0x0000000080a00000| Untracked 
|  11|0x0000000080b00000, 0x0000000080c00000, 0x0000000080c00000|100%| O|  |TAMS 0x0000000080b00000| PB 0x0000000080b00000| Untracked 
|  12|0x0000000080c00000, 0x0000000080d00000, 0x0000000080d00000|100%| O|  |TAMS 0x0000000080c00000| PB 0x0000000080c00000| Untracked 
|  13|0x0000000080d00000, 0x0000000080e00000, 0x0000000080e00000|100%| O|  |TAMS 0x0000000080d00000| PB 0x0000000080d00000| Untracked 
|  14|0x0000000080e00000, 0x0000000080f00000, 0x0000000080f00000|100%| O|  |TAMS 0x0000000080e00000| PB 0x0000000080e00000| Untracked 
|  15|0x0000000080f00000, 0x0000000081000000, 0x0000000081000000|100%| O|  |TAMS 0x0000000080f00000| PB 0x0000000080f00000| Untracked 
|  16|0x0000000081000000, 0x0000000081100000, 0x0000000081100000|100%| O|  |TAMS 0x0000000081000000| PB 0x0000000081000000| Untracked 
|  17|0x0000000081100000, 0x0000000081200000, 0x0000000081200000|100%| O|  |TAMS 0x0000000081100000| PB 0x0000000081100000| Untracked 
|  18|0x0000000081200000, 0x0000000081300000, 0x0000000081300000|100%| O|  |TAMS 0x0000000081200000| PB 0x0000000081200000| Untracked 
|  19|0x0000000081300000, 0x0000000081400000, 0x0000000081400000|100%| O|  |TAMS 0x0000000081300000| PB 0x0000000081300000| Untracked 
|  20|0x0000000081400000, 0x0000000081500000, 0x0000000081500000|100%| O|  |TAMS 0x0000000081400000| PB 0x0000000081400000| Untracked 
|  21|0x0000000081500000, 0x0000000081600000, 0x0000000081600000|100%|HS|  |TAMS 0x0000000081500000| PB 0x0000000081500000| Complete 
|  22|0x0000000081600000, 0x0000000081700000, 0x0000000081700000|100%|HC|  |TAMS 0x0000000081600000| PB 0x0000000081600000| Complete 
|  23|0x0000000081700000, 0x0000000081800000, 0x0000000081800000|100%|HC|  |TAMS 0x0000000081700000| PB 0x0000000081700000| Complete 
|  24|0x0000000081800000, 0x0000000081900000, 0x0000000081900000|100%|HC|  |TAMS 0x0000000081800000| PB 0x0000000081800000| Complete 
|  25|0x0000000081900000, 0x0000000081a00000, 0x0000000081a00000|100%|HC|  |TAMS 0x0000000081900000| PB 0x0000000081900000| Complete 
|  26|0x0000000081a00000, 0x0000000081b00000, 0x0000000081b00000|100%|HC|  |TAMS 0x0000000081a00000| PB 0x0000000081a00000| Complete 
|  27|0x0000000081b00000, 0x0000000081c00000, 0x0000000081c00000|100%|HS|  |TAMS 0x0000000081b00000| PB 0x0000000081b00000| Complete 
|  28|0x0000000081c00000, 0x0000000081d00000, 0x0000000081d00000|100%|HS|  |TAMS 0x0000000081c00000| PB 0x0000000081c00000| Complete 
|  29|0x0000000081d00000, 0x0000000081e00000, 0x0000000081e00000|100%|HC|  |TAMS 0x0000000081d00000| PB 0x0000000081d00000| Complete 
|  30|0x0000000081e00000, 0x0000000081f00000, 0x0000000081f00000|100%|HC|  |TAMS 0x0000000081e00000| PB 0x0000000081e00000| Complete 
|  31|0x0000000081f00000, 0x0000000082000000, 0x0000000082000000|100%|HC|  |TAMS 0x0000000081f00000| PB 0x0000000081f00000| Complete 
|  32|0x0000000082000000, 0x0000000082100000, 0x0000000082100000|100%|HS|  |TAMS 0x0000000082000000| PB 0x0000000082000000| Complete 
|  33|0x0000000082100000, 0x0000000082200000, 0x0000000082200000|100%|HC|  |TAMS 0x0000000082100000| PB 0x0000000082100000| Complete 
|  34|0x0000000082200000, 0x0000000082300000, 0x0000000082300000|100%| O|  |TAMS 0x0000000082200000| PB 0x0000000082200000| Untracked 
|  35|0x0000000082300000, 0x0000000082400000, 0x0000000082400000|100%| O|  |TAMS 0x0000000082300000| PB 0x0000000082300000| Untracked 
|  36|0x0000000082400000, 0x0000000082500000, 0x0000000082500000|100%| O|  |TAMS 0x0000000082400000| PB 0x0000000082400000| Untracked 
|  37|0x0000000082500000, 0x0000000082600000, 0x0000000082600000|100%| O|  |TAMS 0x0000000082500000| PB 0x0000000082500000| Untracked 
|  38|0x0000000082600000, 0x0000000082600000, 0x0000000082700000|  0%| F|  |TAMS 0x0000000082600000| PB 0x0000000082600000| Untracked 
|  39|0x0000000082700000, 0x0000000082800000, 0x0000000082800000|100%|HS|  |TAMS 0x0000000082700000| PB 0x0000000082700000| Complete 
|  40|0x0000000082800000, 0x0000000082900000, 0x0000000082900000|100%|HS|  |TAMS 0x0000000082800000| PB 0x0000000082800000| Complete 
|  41|0x0000000082900000, 0x0000000082a00000, 0x0000000082a00000|100%|HC|  |TAMS 0x0000000082900000| PB 0x0000000082900000| Complete 
|  42|0x0000000082a00000, 0x0000000082b00000, 0x0000000082b00000|100%|HC|  |TAMS 0x0000000082a00000| PB 0x0000000082a00000| Complete 
|  43|0x0000000082b00000, 0x0000000082c00000, 0x0000000082c00000|100%|HC|  |TAMS 0x0000000082b00000| PB 0x0000000082b00000| Complete 
|  44|0x0000000082c00000, 0x0000000082d00000, 0x0000000082d00000|100%|HC|  |TAMS 0x0000000082c00000| PB 0x0000000082c00000| Complete 
|  45|0x0000000082d00000, 0x0000000082e00000, 0x0000000082e00000|100%|HC|  |TAMS 0x0000000082d00000| PB 0x0000000082d00000| Complete 
|  46|0x0000000082e00000, 0x0000000082f00000, 0x0000000082f00000|100%|HS|  |TAMS 0x0000000082e00000| PB 0x0000000082e00000| Complete 
|  47|0x0000000082f00000, 0x0000000083000000, 0x0000000083000000|100%|HS|  |TAMS 0x0000000082f00000| PB 0x0000000082f00000| Complete 
|  48|0x0000000083000000, 0x0000000083100000, 0x0000000083100000|100%|HC|  |TAMS 0x0000000083000000| PB 0x0000000083000000| Complete 
|  49|0x0000000083100000, 0x0000000083200000, 0x0000000083200000|100%|HC|  |TAMS 0x0000000083100000| PB 0x0000000083100000| Complete 
|  50|0x0000000083200000, 0x0000000083300000, 0x0000000083300000|100%|HC|  |TAMS 0x0000000083200000| PB 0x0000000083200000| Complete 
|  51|0x0000000083300000, 0x0000000083400000, 0x0000000083400000|100%| O|  |TAMS 0x0000000083300000| PB 0x0000000083300000| Untracked 
|  52|0x0000000083400000, 0x0000000083400000, 0x0000000083500000|  0%| F|  |TAMS 0x0000000083400000| PB 0x0000000083400000| Untracked 
|  53|0x0000000083500000, 0x0000000083600000, 0x0000000083600000|100%| O|  |TAMS 0x0000000083500000| PB 0x0000000083500000| Untracked 
|  54|0x0000000083600000, 0x0000000083700000, 0x0000000083700000|100%| O|  |TAMS 0x0000000083600000| PB 0x0000000083600000| Untracked 
|  55|0x0000000083700000, 0x0000000083800000, 0x0000000083800000|100%| O|  |TAMS 0x0000000083700000| PB 0x0000000083700000| Untracked 
|  56|0x0000000083800000, 0x0000000083900000, 0x0000000083900000|100%| O|  |TAMS 0x0000000083800000| PB 0x0000000083800000| Untracked 
|  57|0x0000000083900000, 0x0000000083a00000, 0x0000000083a00000|100%|HS|  |TAMS 0x0000000083900000| PB 0x0000000083900000| Complete 
|  58|0x0000000083a00000, 0x0000000083b00000, 0x0000000083b00000|100%|HC|  |TAMS 0x0000000083a00000| PB 0x0000000083a00000| Complete 
|  59|0x0000000083b00000, 0x0000000083c00000, 0x0000000083c00000|100%|HS|  |TAMS 0x0000000083b00000| PB 0x0000000083b00000| Complete 
|  60|0x0000000083c00000, 0x0000000083d00000, 0x0000000083d00000|100%| O|  |TAMS 0x0000000083c00000| PB 0x0000000083c00000| Untracked 
|  61|0x0000000083d00000, 0x0000000083e00000, 0x0000000083e00000|100%| O|  |TAMS 0x0000000083d00000| PB 0x0000000083d00000| Untracked 
|  62|0x0000000083e00000, 0x0000000083f00000, 0x0000000083f00000|100%| O|  |TAMS 0x0000000083e00000| PB 0x0000000083e00000| Untracked 
|  63|0x0000000083f00000, 0x0000000084000000, 0x0000000084000000|100%| O|  |TAMS 0x0000000083f00000| PB 0x0000000083f00000| Untracked 
|  64|0x0000000084000000, 0x0000000084100000, 0x0000000084100000|100%|HS|  |TAMS 0x0000000084000000| PB 0x0000000084000000| Complete 
|  65|0x0000000084100000, 0x0000000084200000, 0x0000000084200000|100%|HC|  |TAMS 0x0000000084100000| PB 0x0000000084100000| Complete 
|  66|0x0000000084200000, 0x0000000084300000, 0x0000000084300000|100%|HS|  |TAMS 0x0000000084200000| PB 0x0000000084200000| Complete 
|  67|0x0000000084300000, 0x0000000084400000, 0x0000000084400000|100%| O|  |TAMS 0x0000000084300000| PB 0x0000000084300000| Untracked 
|  68|0x0000000084400000, 0x0000000084500000, 0x0000000084500000|100%|HS|  |TAMS 0x0000000084400000| PB 0x0000000084400000| Complete 
|  69|0x0000000084500000, 0x0000000084600000, 0x0000000084600000|100%|HC|  |TAMS 0x0000000084500000| PB 0x0000000084500000| Complete 
|  70|0x0000000084600000, 0x0000000084700000, 0x0000000084700000|100%|HC|  |TAMS 0x0000000084600000| PB 0x0000000084600000| Complete 
|  71|0x0000000084700000, 0x0000000084800000, 0x0000000084800000|100%|HC|  |TAMS 0x0000000084700000| PB 0x0000000084700000| Complete 
|  72|0x0000000084800000, 0x0000000084900000, 0x0000000084900000|100%|HC|  |TAMS 0x0000000084800000| PB 0x0000000084800000| Complete 
|  73|0x0000000084900000, 0x0000000084a00000, 0x0000000084a00000|100%|HC|  |TAMS 0x0000000084900000| PB 0x0000000084900000| Complete 
|  74|0x0000000084a00000, 0x0000000084b00000, 0x0000000084b00000|100%|HS|  |TAMS 0x0000000084a00000| PB 0x0000000084a00000| Complete 
|  75|0x0000000084b00000, 0x0000000084be0328, 0x0000000084c00000| 87%| O|  |TAMS 0x0000000084b00000| PB 0x0000000084b00000| Untracked 
|  76|0x0000000084c00000, 0x0000000084d00000, 0x0000000084d00000|100%| O|  |TAMS 0x0000000084c00000| PB 0x0000000084c00000| Untracked 
|  77|0x0000000084d00000, 0x0000000084e00000, 0x0000000084e00000|100%| O|  |TAMS 0x0000000084d00000| PB 0x0000000084d00000| Untracked 
|  78|0x0000000084e00000, 0x0000000084f00000, 0x0000000084f00000|100%| O|  |TAMS 0x0000000084e00000| PB 0x0000000084e00000| Untracked 
|  79|0x0000000084f00000, 0x0000000084f00000, 0x0000000085000000|  0%| F|  |TAMS 0x0000000084f00000| PB 0x0000000084f00000| Untracked 
|  80|0x0000000085000000, 0x0000000085100000, 0x0000000085100000|100%| O|  |TAMS 0x0000000085000000| PB 0x0000000085000000| Untracked 
|  81|0x0000000085100000, 0x0000000085200000, 0x0000000085200000|100%| O|  |TAMS 0x0000000085100000| PB 0x0000000085100000| Untracked 
|  82|0x0000000085200000, 0x0000000085200000, 0x0000000085300000|  0%| F|  |TAMS 0x0000000085200000| PB 0x0000000085200000| Untracked 
|  83|0x0000000085300000, 0x0000000085300000, 0x0000000085400000|  0%| F|  |TAMS 0x0000000085300000| PB 0x0000000085300000| Untracked 
|  84|0x0000000085400000, 0x0000000085400000, 0x0000000085500000|  0%| F|  |TAMS 0x0000000085400000| PB 0x0000000085400000| Untracked 
|  85|0x0000000085500000, 0x0000000085500000, 0x0000000085600000|  0%| F|  |TAMS 0x0000000085500000| PB 0x0000000085500000| Untracked 
|  86|0x0000000085600000, 0x0000000085600000, 0x0000000085700000|  0%| F|  |TAMS 0x0000000085600000| PB 0x0000000085600000| Untracked 
|  87|0x0000000085700000, 0x0000000085700000, 0x0000000085800000|  0%| F|  |TAMS 0x0000000085700000| PB 0x0000000085700000| Untracked 
|  88|0x0000000085800000, 0x0000000085800000, 0x0000000085900000|  0%| F|  |TAMS 0x0000000085800000| PB 0x0000000085800000| Untracked 
|  89|0x0000000085900000, 0x00000000859e4018, 0x0000000085a00000| 89%| S|CS|TAMS 0x0000000085900000| PB 0x0000000085900000| Complete 
|  90|0x0000000085a00000, 0x0000000085b00000, 0x0000000085b00000|100%| S|CS|TAMS 0x0000000085a00000| PB 0x0000000085a00000| Complete 
|  91|0x0000000085b00000, 0x0000000085c00000, 0x0000000085c00000|100%| S|CS|TAMS 0x0000000085b00000| PB 0x0000000085b00000| Complete 
|  92|0x0000000085c00000, 0x0000000085d00000, 0x0000000085d00000|100%| S|CS|TAMS 0x0000000085c00000| PB 0x0000000085c00000| Complete 
|  93|0x0000000085d00000, 0x0000000085d00000, 0x0000000085e00000|  0%| F|  |TAMS 0x0000000085d00000| PB 0x0000000085d00000| Untracked 
|  94|0x0000000085e00000, 0x0000000085e00000, 0x0000000085f00000|  0%| F|  |TAMS 0x0000000085e00000| PB 0x0000000085e00000| Untracked 
|  95|0x0000000085f00000, 0x0000000085f00000, 0x0000000086000000|  0%| F|  |TAMS 0x0000000085f00000| PB 0x0000000085f00000| Untracked 
|  96|0x0000000086000000, 0x0000000086000000, 0x0000000086100000|  0%| F|  |TAMS 0x0000000086000000| PB 0x0000000086000000| Untracked 
|  97|0x0000000086100000, 0x0000000086100000, 0x0000000086200000|  0%| F|  |TAMS 0x0000000086100000| PB 0x0000000086100000| Untracked 
|  98|0x0000000086200000, 0x0000000086200000, 0x0000000086300000|  0%| F|  |TAMS 0x0000000086200000| PB 0x0000000086200000| Untracked 
|  99|0x0000000086300000, 0x0000000086300000, 0x0000000086400000|  0%| F|  |TAMS 0x0000000086300000| PB 0x0000000086300000| Untracked 
| 100|0x0000000086400000, 0x0000000086400000, 0x0000000086500000|  0%| F|  |TAMS 0x0000000086400000| PB 0x0000000086400000| Untracked 
| 101|0x0000000086500000, 0x0000000086500000, 0x0000000086600000|  0%| F|  |TAMS 0x0000000086500000| PB 0x0000000086500000| Untracked 
| 102|0x0000000086600000, 0x0000000086600000, 0x0000000086700000|  0%| F|  |TAMS 0x0000000086600000| PB 0x0000000086600000| Untracked 
| 103|0x0000000086700000, 0x0000000086700000, 0x0000000086800000|  0%| F|  |TAMS 0x0000000086700000| PB 0x0000000086700000| Untracked 
| 104|0x0000000086800000, 0x0000000086800000, 0x0000000086900000|  0%| F|  |TAMS 0x0000000086800000| PB 0x0000000086800000| Untracked 
| 105|0x0000000086900000, 0x0000000086900000, 0x0000000086a00000|  0%| F|  |TAMS 0x0000000086900000| PB 0x0000000086900000| Untracked 
| 106|0x0000000086a00000, 0x0000000086a00000, 0x0000000086b00000|  0%| F|  |TAMS 0x0000000086a00000| PB 0x0000000086a00000| Untracked 
| 107|0x0000000086b00000, 0x0000000086b00000, 0x0000000086c00000|  0%| F|  |TAMS 0x0000000086b00000| PB 0x0000000086b00000| Untracked 
| 108|0x0000000086c00000, 0x0000000086d00000, 0x0000000086d00000|100%|HS|  |TAMS 0x0000000086c00000| PB 0x0000000086c00000| Complete 
| 109|0x0000000086d00000, 0x0000000086e00000, 0x0000000086e00000|100%|HC|  |TAMS 0x0000000086d00000| PB 0x0000000086d00000| Complete 
| 110|0x0000000086e00000, 0x0000000086f00000, 0x0000000086f00000|100%|HC|  |TAMS 0x0000000086e00000| PB 0x0000000086e00000| Complete 
| 111|0x0000000086f00000, 0x0000000087000000, 0x0000000087000000|100%|HC|  |TAMS 0x0000000086f00000| PB 0x0000000086f00000| Complete 
| 112|0x0000000087000000, 0x0000000087100000, 0x0000000087100000|100%|HC|  |TAMS 0x0000000087000000| PB 0x0000000087000000| Complete 
| 113|0x0000000087100000, 0x0000000087200000, 0x0000000087200000|100%|HC|  |TAMS 0x0000000087100000| PB 0x0000000087100000| Complete 
| 114|0x0000000087200000, 0x0000000087200000, 0x0000000087300000|  0%| F|  |TAMS 0x0000000087200000| PB 0x0000000087200000| Untracked 
| 115|0x0000000087300000, 0x0000000087300000, 0x0000000087400000|  0%| F|  |TAMS 0x0000000087300000| PB 0x0000000087300000| Untracked 
| 116|0x0000000087400000, 0x0000000087400000, 0x0000000087500000|  0%| F|  |TAMS 0x0000000087400000| PB 0x0000000087400000| Untracked 
| 117|0x0000000087500000, 0x0000000087500000, 0x0000000087600000|  0%| F|  |TAMS 0x0000000087500000| PB 0x0000000087500000| Untracked 
| 118|0x0000000087600000, 0x0000000087600000, 0x0000000087700000|  0%| F|  |TAMS 0x0000000087600000| PB 0x0000000087600000| Untracked 
| 119|0x0000000087700000, 0x0000000087700000, 0x0000000087800000|  0%| F|  |TAMS 0x0000000087700000| PB 0x0000000087700000| Untracked 
| 120|0x0000000087800000, 0x0000000087886fe0, 0x0000000087900000| 52%| E|  |TAMS 0x0000000087800000| PB 0x0000000087800000| Complete 
| 121|0x0000000087900000, 0x0000000087a00000, 0x0000000087a00000|100%| E|CS|TAMS 0x0000000087900000| PB 0x0000000087900000| Complete 
| 122|0x0000000087a00000, 0x0000000087b00000, 0x0000000087b00000|100%| E|CS|TAMS 0x0000000087a00000| PB 0x0000000087a00000| Complete 
| 123|0x0000000087b00000, 0x0000000087c00000, 0x0000000087c00000|100%| E|CS|TAMS 0x0000000087b00000| PB 0x0000000087b00000| Complete 
| 124|0x0000000087c00000, 0x0000000087d00000, 0x0000000087d00000|100%| E|CS|TAMS 0x0000000087c00000| PB 0x0000000087c00000| Complete 
| 125|0x0000000087d00000, 0x0000000087e00000, 0x0000000087e00000|100%| E|CS|TAMS 0x0000000087d00000| PB 0x0000000087d00000| Complete 
| 126|0x0000000087e00000, 0x0000000087f00000, 0x0000000087f00000|100%| E|CS|TAMS 0x0000000087e00000| PB 0x0000000087e00000| Complete 
| 127|0x0000000087f00000, 0x0000000088000000, 0x0000000088000000|100%| E|CS|TAMS 0x0000000087f00000| PB 0x0000000087f00000| Complete 
| 128|0x0000000088000000, 0x0000000088100000, 0x0000000088100000|100%| E|CS|TAMS 0x0000000088000000| PB 0x0000000088000000| Complete 
| 129|0x0000000088100000, 0x0000000088200000, 0x0000000088200000|100%| E|CS|TAMS 0x0000000088100000| PB 0x0000000088100000| Complete 
| 130|0x0000000088200000, 0x0000000088300000, 0x0000000088300000|100%| E|CS|TAMS 0x0000000088200000| PB 0x0000000088200000| Complete 
| 131|0x0000000088300000, 0x0000000088400000, 0x0000000088400000|100%| E|CS|TAMS 0x0000000088300000| PB 0x0000000088300000| Complete 
| 132|0x0000000088400000, 0x0000000088500000, 0x0000000088500000|100%| E|CS|TAMS 0x0000000088400000| PB 0x0000000088400000| Complete 
| 133|0x0000000088500000, 0x0000000088600000, 0x0000000088600000|100%| E|CS|TAMS 0x0000000088500000| PB 0x0000000088500000| Complete 
| 134|0x0000000088600000, 0x0000000088700000, 0x0000000088700000|100%| E|CS|TAMS 0x0000000088600000| PB 0x0000000088600000| Complete 
| 135|0x0000000088700000, 0x0000000088800000, 0x0000000088800000|100%| E|CS|TAMS 0x0000000088700000| PB 0x0000000088700000| Complete 
| 136|0x0000000088800000, 0x0000000088900000, 0x0000000088900000|100%| E|CS|TAMS 0x0000000088800000| PB 0x0000000088800000| Complete 
| 137|0x0000000088900000, 0x0000000088a00000, 0x0000000088a00000|100%| E|CS|TAMS 0x0000000088900000| PB 0x0000000088900000| Complete 
| 138|0x0000000088a00000, 0x0000000088b00000, 0x0000000088b00000|100%| E|CS|TAMS 0x0000000088a00000| PB 0x0000000088a00000| Complete 
| 139|0x0000000088b00000, 0x0000000088c00000, 0x0000000088c00000|100%| E|CS|TAMS 0x0000000088b00000| PB 0x0000000088b00000| Complete 
| 140|0x0000000088c00000, 0x0000000088d00000, 0x0000000088d00000|100%| E|CS|TAMS 0x0000000088c00000| PB 0x0000000088c00000| Complete 
| 141|0x0000000088d00000, 0x0000000088e00000, 0x0000000088e00000|100%| E|CS|TAMS 0x0000000088d00000| PB 0x0000000088d00000| Complete 
| 142|0x0000000088e00000, 0x0000000088f00000, 0x0000000088f00000|100%| E|CS|TAMS 0x0000000088e00000| PB 0x0000000088e00000| Complete 
| 143|0x0000000088f00000, 0x0000000089000000, 0x0000000089000000|100%| E|CS|TAMS 0x0000000088f00000| PB 0x0000000088f00000| Complete 
| 221|0x000000008dd00000, 0x000000008de00000, 0x000000008de00000|100%| E|CS|TAMS 0x000000008dd00000| PB 0x000000008dd00000| Complete 
| 222|0x000000008de00000, 0x000000008df00000, 0x000000008df00000|100%| E|CS|TAMS 0x000000008de00000| PB 0x000000008de00000| Complete 
| 223|0x000000008df00000, 0x000000008e000000, 0x000000008e000000|100%| E|CS|TAMS 0x000000008df00000| PB 0x000000008df00000| Complete 
| 224|0x000000008e000000, 0x000000008e100000, 0x000000008e100000|100%| E|CS|TAMS 0x000000008e000000| PB 0x000000008e000000| Complete 
| 225|0x000000008e100000, 0x000000008e200000, 0x000000008e200000|100%| E|CS|TAMS 0x000000008e100000| PB 0x000000008e100000| Complete 
| 226|0x000000008e200000, 0x000000008e300000, 0x000000008e300000|100%| E|CS|TAMS 0x000000008e200000| PB 0x000000008e200000| Complete 
| 227|0x000000008e300000, 0x000000008e400000, 0x000000008e400000|100%| E|CS|TAMS 0x000000008e300000| PB 0x000000008e300000| Complete 
| 228|0x000000008e400000, 0x000000008e500000, 0x000000008e500000|100%| E|CS|TAMS 0x000000008e400000| PB 0x000000008e400000| Complete 
| 229|0x000000008e500000, 0x000000008e600000, 0x000000008e600000|100%| E|CS|TAMS 0x000000008e500000| PB 0x000000008e500000| Complete 
| 251|0x000000008fb00000, 0x000000008fc00000, 0x000000008fc00000|100%| E|CS|TAMS 0x000000008fb00000| PB 0x000000008fb00000| Complete 
|2040|0x00000000ff800000, 0x00000000ff900000, 0x00000000ff900000|100%| O|  |TAMS 0x00000000ff800000| PB 0x00000000ff800000| Untracked 
|2041|0x00000000ff900000, 0x00000000ffa00000, 0x00000000ffa00000|100%| O|  |TAMS 0x00000000ff900000| PB 0x00000000ff900000| Untracked 
|2042|0x00000000ffa00000, 0x00000000ffb00000, 0x00000000ffb00000|100%| O|  |TAMS 0x00000000ffa00000| PB 0x00000000ffa00000| Untracked 
|2043|0x00000000ffb00000, 0x00000000ffc00000, 0x00000000ffc00000|100%| E|CS|TAMS 0x00000000ffb00000| PB 0x00000000ffb00000| Complete 
|2044|0x00000000ffc00000, 0x00000000ffd00000, 0x00000000ffd00000|100%| O|  |TAMS 0x00000000ffc00000| PB 0x00000000ffc00000| Untracked 
|2045|0x00000000ffd00000, 0x00000000ffe00000, 0x00000000ffe00000|100%| O|  |TAMS 0x00000000ffd00000| PB 0x00000000ffd00000| Untracked 
|2046|0x00000000ffe00000, 0x00000000fff00000, 0x00000000fff00000|100%| O|  |TAMS 0x00000000ffe00000| PB 0x00000000ffe00000| Untracked 
|2047|0x00000000fff00000, 0x0000000100000000, 0x0000000100000000|100%| O|  |TAMS 0x00000000fff00000| PB 0x00000000fff00000| Untracked 

Card table byte_map: [0x0000020972eb0000,0x00000209732b0000] _byte_map_base: 0x0000020972ab0000

Marking Bits: (CMBitMap*) 0x0000020960461030
 Bits: [0x00000209732b0000, 0x00000209752b0000)

Polling page: 0x000002095dc30000

Metaspace:

Usage:
  Non-class:     59.60 MB used.
      Class:      9.37 MB used.
       Both:     68.97 MB used.

Virtual space:
  Non-class space:       64.00 MB reserved,      60.44 MB ( 94%) committed,  1 nodes.
      Class space:        1.00 GB reserved,      10.25 MB (  1%) committed,  1 nodes.
             Both:        1.06 GB reserved,      70.69 MB (  6%) committed. 

Chunk freelists:
   Non-Class:  2.69 MB
       Class:  5.56 MB
        Both:  8.25 MB

MaxMetaspaceSize: unlimited
CompressedClassSpaceSize: 1.00 GB
Initial GC threshold: 21.00 MB
Current GC threshold: 99.06 MB
CDS: off
 - commit_granule_bytes: 65536.
 - commit_granule_words: 8192.
 - virtual_space_node_default_size: 8388608.
 - enlarge_chunks_in_place: 1.
 - use_allocation_guard: 0.


Internal statistics:

num_allocs_failed_limit: 6.
num_arena_births: 3288.
num_arena_deaths: 0.
num_vsnodes_births: 2.
num_vsnodes_deaths: 0.
num_space_committed: 1132.
num_space_uncommitted: 0.
num_chunks_returned_to_freelist: 6.
num_chunks_taken_from_freelist: 6284.
num_chunk_merges: 6.
num_chunk_splits: 4036.
num_chunks_enlarged: 2411.
num_inconsistent_stats: 0.

CodeHeap 'non-profiled nmethods': size=120000Kb used=3366Kb max_used=3366Kb free=116633Kb
 bounds [0x000002096b020000, 0x000002096b370000, 0x0000020972550000]
CodeHeap 'profiled nmethods': size=120000Kb used=11143Kb max_used=11143Kb free=108856Kb
 bounds [0x0000020963550000, 0x0000020964040000, 0x000002096aa80000]
CodeHeap 'non-nmethods': size=5760Kb used=2746Kb max_used=2792Kb free=3013Kb
 bounds [0x000002096aa80000, 0x000002096ad50000, 0x000002096b020000]
 total_blobs=6727 nmethods=5837 adapters=794
 compilation: enabled
              stopped_count=0, restarted_count=0
 full_count=0

Compilation events (20 events):
Event: 21.808 Thread 0x00000209780723d0 6641       1       kotlin.sequences.FilteringSequence::access$getSendWhen$p (5 bytes)
Event: 21.808 Thread 0x00000209780723d0 nmethod 6641 0x000002096b368f90 code [0x000002096b369120, 0x000002096b3691d0]
Event: 21.808 Thread 0x00000209780723d0 6638       3       com.sun.beans.introspect.PropertyInfo$$Lambda/0x0000000100662a38::test (8 bytes)
Event: 21.809 Thread 0x00000209780723d0 nmethod 6638 0x0000020964014210 code [0x00000209640143e0, 0x00000209640146b0]
Event: 21.809 Thread 0x00000209780723d0 6639       3       java.beans.PropertyDescriptor::<init> (302 bytes)
Event: 21.814 Thread 0x00000209780723d0 nmethod 6639 0x0000020964014790 code [0x0000020964014ea0, 0x0000020964019848]
Event: 21.814 Thread 0x00000209780723d0 6642       3       jdk.internal.reflect.MethodHandleFieldAccessorImpl::isStatic (16 bytes)
Event: 21.814 Thread 0x00000209780723d0 nmethod 6642 0x000002096401ac10 code [0x000002096401ada0, 0x000002096401af08]
Event: 21.814 Thread 0x00000209780723d0 6644       3       jdk.internal.org.objectweb.asm.MethodVisitor::visitTypeInsn (17 bytes)
Event: 21.814 Thread 0x00000209780723d0 nmethod 6644 0x000002096401af90 code [0x000002096401b140, 0x000002096401b340]
Event: 21.814 Thread 0x00000209780723d0 6643       1       org.gradle.internal.serialize.graph.AbstractIsolateContext::getTrace (5 bytes)
Event: 21.814 Thread 0x00000209780723d0 nmethod 6643 0x000002096b369290 code [0x000002096b369420, 0x000002096b3694e8]
Event: 21.815 Thread 0x00000209780723d0 6645       3       java.lang.reflect.Field::getOverrideFieldAccessor (18 bytes)
Event: 21.815 Thread 0x00000209780723d0 nmethod 6645 0x000002096401b410 code [0x000002096401b5c0, 0x000002096401b748]
Event: 21.815 Thread 0x00000209780723d0 6646       1       jdk.internal.reflect.ClassFileAssembler::setMaxLocals (6 bytes)
Event: 21.815 Thread 0x00000209780723d0 nmethod 6646 0x000002096b369590 code [0x000002096b369720, 0x000002096b3697e8]
Event: 21.815 Thread 0x00000209780723d0 6647       3       jdk.internal.reflect.ByteVectorImpl::put (27 bytes)
Event: 21.815 Thread 0x00000209780723d0 nmethod 6647 0x000002096401b810 code [0x000002096401b9c0, 0x000002096401bb90]
Event: 21.815 Thread 0x00000209780723d0 6648       3       jdk.internal.reflect.ClassFileAssembler::opc_new (16 bytes)
Event: 21.816 Thread 0x00000209780723d0 nmethod 6648 0x000002096401bc90 code [0x000002096401bea0, 0x000002096401c3e8]

GC Heap History (20 events):
Event: 10.948 GC heap before
{Heap before GC invocations=10 (full 0):
 garbage-first heap   total 81920K, used 71600K [0x0000000080000000, 0x0000000100000000)
  region size 1024K, 17 young (17408K), 5 survivors (5120K)
 Metaspace       used 37856K, committed 38784K, reserved 1114112K
  class space    used 5105K, committed 5568K, reserved 1048576K
}
Event: 10.952 GC heap after
{Heap after GC invocations=11 (full 0):
 garbage-first heap   total 81920K, used 60953K [0x0000000080000000, 0x0000000100000000)
  region size 1024K, 1 young (1024K), 1 survivors (1024K)
 Metaspace       used 37856K, committed 38784K, reserved 1114112K
  class space    used 5105K, committed 5568K, reserved 1048576K
}
Event: 11.324 GC heap before
{Heap before GC invocations=11 (full 0):
 garbage-first heap   total 81920K, used 74265K [0x0000000080000000, 0x0000000100000000)
  region size 1024K, 14 young (14336K), 1 survivors (1024K)
 Metaspace       used 39749K, committed 40704K, reserved 1114112K
  class space    used 5418K, committed 5888K, reserved 1048576K
}
Event: 11.326 GC heap after
{Heap after GC invocations=12 (full 0):
 garbage-first heap   total 81920K, used 61665K [0x0000000080000000, 0x0000000100000000)
  region size 1024K, 2 young (2048K), 2 survivors (2048K)
 Metaspace       used 39749K, committed 40704K, reserved 1114112K
  class space    used 5418K, committed 5888K, reserved 1048576K
}
Event: 11.635 GC heap before
{Heap before GC invocations=13 (full 0):
 garbage-first heap   total 104448K, used 71905K [0x0000000080000000, 0x0000000100000000)
  region size 1024K, 13 young (13312K), 2 survivors (2048K)
 Metaspace       used 41556K, committed 42624K, reserved 1114112K
  class space    used 5626K, committed 6144K, reserved 1048576K
}
Event: 11.638 GC heap after
{Heap after GC invocations=14 (full 0):
 garbage-first heap   total 104448K, used 62849K [0x0000000080000000, 0x0000000100000000)
  region size 1024K, 2 young (2048K), 2 survivors (2048K)
 Metaspace       used 41556K, committed 42624K, reserved 1114112K
  class space    used 5626K, committed 6144K, reserved 1048576K
}
Event: 12.137 GC heap before
{Heap before GC invocations=14 (full 0):
 garbage-first heap   total 104448K, used 92545K [0x0000000080000000, 0x0000000100000000)
  region size 1024K, 32 young (32768K), 2 survivors (2048K)
 Metaspace       used 45867K, committed 46848K, reserved 1114112K
  class space    used 6071K, committed 6528K, reserved 1048576K
}
Event: 12.142 GC heap after
{Heap after GC invocations=15 (full 0):
 garbage-first heap   total 125952K, used 66008K [0x0000000080000000, 0x0000000100000000)
  region size 1024K, 4 young (4096K), 4 survivors (4096K)
 Metaspace       used 45867K, committed 46848K, reserved 1114112K
  class space    used 6071K, committed 6528K, reserved 1048576K
}
Event: 13.344 GC heap before
{Heap before GC invocations=15 (full 0):
 garbage-first heap   total 125952K, used 115160K [0x0000000080000000, 0x0000000100000000)
  region size 1024K, 47 young (48128K), 4 survivors (4096K)
 Metaspace       used 50699K, committed 51968K, reserved 1114112K
  class space    used 6697K, committed 7360K, reserved 1048576K
}
Event: 13.351 GC heap after
{Heap after GC invocations=16 (full 0):
 garbage-first heap   total 125952K, used 70118K [0x0000000080000000, 0x0000000100000000)
  region size 1024K, 6 young (6144K), 6 survivors (6144K)
 Metaspace       used 50699K, committed 51968K, reserved 1114112K
  class space    used 6697K, committed 7360K, reserved 1048576K
}
Event: 16.546 GC heap before
{Heap before GC invocations=17 (full 0):
 garbage-first heap   total 125952K, used 111078K [0x0000000080000000, 0x0000000100000000)
  region size 1024K, 46 young (47104K), 6 survivors (6144K)
 Metaspace       used 55525K, committed 57088K, reserved 1114112K
  class space    used 7489K, committed 8256K, reserved 1048576K
}
Event: 16.551 GC heap after
{Heap after GC invocations=18 (full 0):
 garbage-first heap   total 125952K, used 72875K [0x0000000080000000, 0x0000000100000000)
  region size 1024K, 3 young (3072K), 3 survivors (3072K)
 Metaspace       used 55525K, committed 57088K, reserved 1114112K
  class space    used 7489K, committed 8256K, reserved 1048576K
}
Event: 18.770 GC heap before
{Heap before GC invocations=18 (full 0):
 garbage-first heap   total 132096K, used 128171K [0x0000000080000000, 0x0000000100000000)
  region size 1024K, 42 young (43008K), 3 survivors (3072K)
 Metaspace       used 57793K, committed 59392K, reserved 1114112K
  class space    used 7830K, committed 8640K, reserved 1048576K
}
Event: 18.794 GC heap after
{Heap after GC invocations=19 (full 0):
 garbage-first heap   total 139264K, used 94786K [0x0000000080000000, 0x0000000100000000)
  region size 1024K, 6 young (6144K), 6 survivors (6144K)
 Metaspace       used 57793K, committed 59392K, reserved 1114112K
  class space    used 7830K, committed 8640K, reserved 1048576K
}
Event: 19.606 GC heap before
{Heap before GC invocations=19 (full 0):
 garbage-first heap   total 139264K, used 98882K [0x0000000080000000, 0x0000000100000000)
  region size 1024K, 12 young (12288K), 6 survivors (6144K)
 Metaspace       used 58299K, committed 59904K, reserved 1114112K
  class space    used 7868K, committed 8640K, reserved 1048576K
}
Event: 19.701 GC heap after
{Heap after GC invocations=20 (full 0):
 garbage-first heap   total 139264K, used 96331K [0x0000000080000000, 0x0000000100000000)
  region size 1024K, 2 young (2048K), 2 survivors (2048K)
 Metaspace       used 58299K, committed 59904K, reserved 1114112K
  class space    used 7868K, committed 8640K, reserved 1048576K
}
Event: 20.010 GC heap before
{Heap before GC invocations=21 (full 0):
 garbage-first heap   total 165888K, used 129099K [0x0000000080000000, 0x0000000100000000)
  region size 1024K, 32 young (32768K), 2 survivors (2048K)
 Metaspace       used 59984K, committed 61632K, reserved 1114112K
  class space    used 8021K, committed 8832K, reserved 1048576K
}
Event: 20.013 GC heap after
{Heap after GC invocations=22 (full 0):
 garbage-first heap   total 165888K, used 95972K [0x0000000080000000, 0x0000000100000000)
  region size 1024K, 1 young (1024K), 1 survivors (1024K)
 Metaspace       used 59984K, committed 61632K, reserved 1114112K
  class space    used 8021K, committed 8832K, reserved 1048576K
}
Event: 21.154 GC heap before
{Heap before GC invocations=22 (full 0):
 garbage-first heap   total 165888K, used 152292K [0x0000000080000000, 0x0000000100000000)
  region size 1024K, 56 young (57344K), 1 survivors (1024K)
 Metaspace       used 67233K, committed 68992K, reserved 1114112K
  class space    used 9072K, committed 9920K, reserved 1048576K
}
Event: 21.158 GC heap after
{Heap after GC invocations=23 (full 0):
 garbage-first heap   total 165888K, used 98064K [0x0000000080000000, 0x0000000100000000)
  region size 1024K, 4 young (4096K), 4 survivors (4096K)
 Metaspace       used 67233K, committed 68992K, reserved 1114112K
  class space    used 9072K, committed 9920K, reserved 1048576K
}

Dll operation events (3 events):
Event: 0.064 Loaded shared library C:\Program Files\Android\Android Studio\jbr\bin\java.dll
Event: 0.156 Loaded shared library C:\Program Files\Android\Android Studio\jbr\bin\zip.dll
Event: 1.776 Loaded shared library C:\Program Files\Android\Android Studio\jbr\bin\verify.dll

Deoptimization events (20 events):
Event: 21.417 Thread 0x000002097e4534a0 DEOPT PACKING pc=0x000002096b047870 sp=0x0000003149af78f0
Event: 21.417 Thread 0x000002097e4534a0 DEOPT UNPACKING pc=0x000002096aad46a2 sp=0x0000003149af7870 mode 2
Event: 21.442 Thread 0x000002097e4534a0 Uncommon trap: trap_request=0xffffff54 fr.pc=0x000002096b35f4bc relative=0x000000000000009c
Event: 21.442 Thread 0x000002097e4534a0 Uncommon trap: reason=speculate_null_assert action=make_not_entrant pc=0x000002096b35f4bc method=java.lang.invoke.LambdaFormEditor.getInCache(Ljava/lang/invoke/LambdaFormEditor$TransformKey;)Ljava/lang/invoke/LambdaForm; @ 37 c2
Event: 21.442 Thread 0x000002097e4534a0 DEOPT PACKING pc=0x000002096b35f4bc sp=0x0000003149af7f20
Event: 21.442 Thread 0x000002097e4534a0 DEOPT UNPACKING pc=0x000002096aad46a2 sp=0x0000003149af7e80 mode 2
Event: 21.673 Thread 0x000002097e4534a0 Uncommon trap: trap_request=0xffffff45 fr.pc=0x000002096b362630 relative=0x0000000000000090
Event: 21.673 Thread 0x000002097e4534a0 Uncommon trap: reason=unstable_if action=reinterpret pc=0x000002096b362630 method=org.gradle.internal.serialize.graph.codecs.BindingsBuilder$producerForSubtypesOf$1.encodingForType(Ljava/lang/Class;)Lorg/gradle/internal/serialize/graph/Codec; @ 27 c2
Event: 21.673 Thread 0x000002097e4534a0 DEOPT PACKING pc=0x000002096b362630 sp=0x0000003149af85a0
Event: 21.673 Thread 0x000002097e4534a0 DEOPT UNPACKING pc=0x000002096aad46a2 sp=0x0000003149af84a8 mode 2
Event: 21.719 Thread 0x000002097e4534a0 Uncommon trap: trap_request=0xffffff45 fr.pc=0x000002096b095f70 relative=0x0000000000000670
Event: 21.719 Thread 0x000002097e4534a0 Uncommon trap: reason=unstable_if action=reinterpret pc=0x000002096b095f70 method=java.lang.invoke.LambdaForm$BasicType.basicType(C)Ljava/lang/invoke/LambdaForm$BasicType; @ 1 c2
Event: 21.719 Thread 0x000002097e4534a0 DEOPT PACKING pc=0x000002096b095f70 sp=0x0000003149af6700
Event: 21.719 Thread 0x000002097e4534a0 DEOPT UNPACKING pc=0x000002096aad46a2 sp=0x0000003149af65b0 mode 2
Event: 21.722 Thread 0x000002097e4534a0 DEOPT PACKING pc=0x0000020963dbc9e9 sp=0x0000003149af7360
Event: 21.722 Thread 0x000002097e4534a0 DEOPT UNPACKING pc=0x000002096aad4e42 sp=0x0000003149af6800 mode 0
Event: 21.735 Thread 0x000002097e4534a0 Uncommon trap: trap_request=0xffffffde fr.pc=0x000002096b265c60 relative=0x0000000000002740
Event: 21.735 Thread 0x000002097e4534a0 Uncommon trap: reason=class_check action=maybe_recompile pc=0x000002096b265c60 method=java.util.regex.Pattern$CharProperty.study(Ljava/util/regex/Pattern$TreeInfo;)Z @ 25 c2
Event: 21.735 Thread 0x000002097e4534a0 DEOPT PACKING pc=0x000002096b265c60 sp=0x0000003149af8a10
Event: 21.735 Thread 0x000002097e4534a0 DEOPT UNPACKING pc=0x000002096aad46a2 sp=0x0000003149af8908 mode 2

Classes loaded (20 events):
Event: 21.035 Loading class java/util/EmptyStackException
Event: 21.035 Loading class java/util/EmptyStackException done
Event: 21.044 Loading class java/io/InvalidClassException
Event: 21.044 Loading class java/io/InvalidClassException done
Event: 21.202 Loading class java/util/Comparators$NaturalOrderComparator
Event: 21.203 Loading class java/util/Comparators$NaturalOrderComparator done
Event: 21.392 Loading class java/io/FileWriter
Event: 21.392 Loading class java/io/FileWriter done
Event: 21.719 Loading class jdk/internal/reflect/MethodHandleBooleanFieldAccessorImpl
Event: 21.719 Loading class jdk/internal/reflect/MethodHandleBooleanFieldAccessorImpl done
Event: 21.730 Loading class java/util/IdentityHashMap$EntrySet
Event: 21.730 Loading class java/util/IdentityHashMap$EntrySet done
Event: 21.730 Loading class java/util/IdentityHashMap$EntryIterator
Event: 21.730 Loading class java/util/IdentityHashMap$IdentityHashMapIterator
Event: 21.730 Loading class java/util/IdentityHashMap$IdentityHashMapIterator done
Event: 21.730 Loading class java/util/IdentityHashMap$EntryIterator done
Event: 21.730 Loading class java/util/IdentityHashMap$EntryIterator$Entry
Event: 21.731 Loading class java/util/IdentityHashMap$EntryIterator$Entry done
Event: 21.810 Loading class java/lang/invoke/SerializedLambda$1
Event: 21.810 Loading class java/lang/invoke/SerializedLambda$1 done

Classes unloaded (0 events):
No events

Classes redefined (0 events):
No events

Internal exceptions (20 events):
Event: 20.904 Thread 0x000002097e47fd60 Exception <a 'java/lang/NoSuchMethodError'{0x0000000086917000}: static Lorg/gradle/internal/build/event/types/AbstractProgressEvent;.<clinit>()V> (0x0000000086917000) 
thrown [s\src\hotspot\share\prims\jni.cpp, line 1139]
Event: 20.905 Thread 0x000002097e47fd60 Exception <a 'java/lang/NoSuchMethodError'{0x000000008692bd50}: static Lorg/gradle/internal/build/event/types/DefaultBuildPhaseDescriptor;.<clinit>()V> (0x000000008692bd50) 
thrown [s\src\hotspot\share\prims\jni.cpp, line 1139]
Event: 20.906 Thread 0x000002097e47fd60 Exception <a 'java/lang/NoSuchMethodError'{0x000000008692f908}: static Lorg/gradle/internal/build/event/types/DefaultOperationDescriptor;.<clinit>()V> (0x000000008692f908) 
thrown [s\src\hotspot\share\prims\jni.cpp, line 1139]
Event: 20.908 Thread 0x000002097e47fd60 Exception <a 'java/lang/NoSuchMethodError'{0x00000000869cae50}: static Lorg/gradle/internal/operations/OperationIdentifier;.<clinit>()V> (0x00000000869cae50) 
thrown [s\src\hotspot\share\prims\jni.cpp, line 1139]
Event: 21.010 Thread 0x000002097e4534a0 Exception <a 'sun/nio/fs/WindowsException'{0x0000000086490f18}> (0x0000000086490f18) 
thrown [s\src\hotspot\share\prims\jni.cpp, line 535]
Event: 21.011 Thread 0x000002097e4534a0 Exception <a 'sun/nio/fs/WindowsException'{0x0000000086492900}> (0x0000000086492900) 
thrown [s\src\hotspot\share\prims\jni.cpp, line 535]
Event: 21.012 Thread 0x000002097e4534a0 Exception <a 'sun/nio/fs/WindowsException'{0x000000008649be18}> (0x000000008649be18) 
thrown [s\src\hotspot\share\prims\jni.cpp, line 535]
Event: 21.172 Thread 0x000002097e4534a0 Exception <a 'java/lang/NoSuchMethodError'{0x00000000ffb86b08}: 'void java.lang.invoke.DirectMethodHandle$Holder.invokeStatic(java.lang.Object, java.lang.Object, java.lang.Object, java.lang.Object, java.lang.Object, java.lang.Object, java.lang.Object)'> (0x00000000ffb86b08) 
thrown [s\src\hotspot\share\interpreter\linkResolver.cpp, line 784]
Event: 21.720 Thread 0x000002097e4534a0 Exception <a 'java/lang/NoSuchMethodError'{0x000000008837bdb0}: 'void java.lang.invoke.DelegatingMethodHandle$Holder.reinvoke_L(java.lang.Object, java.lang.Object, int)'> (0x000000008837bdb0) 
thrown [s\src\hotspot\share\interpreter\linkResolver.cpp, line 784]
Event: 21.720 Thread 0x000002097e4534a0 Exception <a 'java/lang/NoSuchMethodError'{0x0000000088383620}: 'int java.lang.invoke.Invokers$Holder.invokeExact_MT(java.lang.Object, java.lang.Object, java.lang.Object)'> (0x0000000088383620) 
thrown [s\src\hotspot\share\interpreter\linkResolver.cpp, line 784]
Event: 21.723 Thread 0x000002097e4534a0 Exception <a 'java/lang/NoSuchMethodError'{0x00000000883938b0}: 'long java.lang.invoke.DelegatingMethodHandle$Holder.reinvoke_L(java.lang.Object, java.lang.Object)'> (0x00000000883938b0) 
thrown [s\src\hotspot\share\interpreter\linkResolver.cpp, line 784]
Event: 21.724 Thread 0x000002097e4534a0 Exception <a 'java/lang/NoSuchMethodError'{0x000000008839e1d8}: 'void java.lang.invoke.DelegatingMethodHandle$Holder.reinvoke_L(java.lang.Object, java.lang.Object, long)'> (0x000000008839e1d8) 
thrown [s\src\hotspot\share\interpreter\linkResolver.cpp, line 784]
Event: 21.725 Thread 0x000002097e4534a0 Exception <a 'java/lang/NoSuchMethodError'{0x00000000883a5a08}: 'long java.lang.invoke.Invokers$Holder.invokeExact_MT(java.lang.Object, java.lang.Object, java.lang.Object)'> (0x00000000883a5a08) 
thrown [s\src\hotspot\share\interpreter\linkResolver.cpp, line 784]
Event: 21.790 Thread 0x000002097e4534a0 Exception <a 'java/lang/NoSuchMethodError'{0x00000000880654b8}: 'void java.lang.invoke.Invokers$Holder.invokeExact_MT(java.lang.Object, java.lang.Object, java.lang.Object, java.lang.Object)'> (0x00000000880654b8) 
thrown [s\src\hotspot\share\interpreter\linkResolver.cpp, line 784]
Event: 21.801 Thread 0x000002097e4534a0 Exception <a 'java/lang/ClassNotFoundException'{0x00000000880da528}: org/gradle/internal/serialize/codecs/core/ClosureCodec$BrokenScriptBeanInfo> (0x00000000880da528) 
thrown [s\src\hotspot\share\classfile\systemDictionary.cpp, line 312]
Event: 21.802 Thread 0x000002097e4534a0 Exception <a 'java/lang/ClassNotFoundException'{0x00000000880ea5d0}: org/gradle/internal/serialize/codecs/core/ClosureCodec$BrokenScriptCustomizer> (0x00000000880ea5d0) 
thrown [s\src\hotspot\share\classfile\systemDictionary.cpp, line 312]
Event: 21.804 Thread 0x000002097e4534a0 Exception <a 'java/lang/ClassNotFoundException'{0x0000000087f09958}: org/gradle/api/invocation/GradleBeanInfo> (0x0000000087f09958) 
thrown [s\src\hotspot\share\classfile\systemDictionary.cpp, line 312]
Event: 21.805 Thread 0x000002097e4534a0 Exception <a 'java/lang/ClassNotFoundException'{0x0000000087f16c38}: org/gradle/api/invocation/GradleCustomizer> (0x0000000087f16c38) 
thrown [s\src\hotspot\share\classfile\systemDictionary.cpp, line 312]
Event: 21.808 Thread 0x000002097e4534a0 Exception <a 'java/lang/NoSuchMethodError'{0x0000000087f39630}: 'void java.lang.invoke.Invokers$Holder.invokeExact_MT(java.lang.Object, java.lang.Object, int, java.lang.Object)'> (0x0000000087f39630) 
thrown [s\src\hotspot\share\interpreter\linkResolver.cpp, line 784]
Event: 21.814 Thread 0x000002097e4534a0 Exception <a 'java/lang/NoSuchMethodError'{0x0000000087f5bfa8}: 'void java.lang.invoke.Invokers$Holder.invokeExact_MT(java.lang.Object, java.lang.Object, long, java.lang.Object)'> (0x0000000087f5bfa8) 
thrown [s\src\hotspot\share\interpreter\linkResolver.cpp, line 784]

ZGC Phase Switch (0 events):
No events

VM Operations (20 events):
Event: 19.606 Executing VM operation: G1TryInitiateConcMark (G1 Humongous Allocation)
Event: 19.701 Executing VM operation: G1TryInitiateConcMark (G1 Humongous Allocation) done
Event: 19.794 Executing VM operation: G1PauseRemark
Event: 19.799 Executing VM operation: G1PauseRemark done
Event: 19.816 Executing VM operation: G1PauseCleanup
Event: 19.816 Executing VM operation: G1PauseCleanup done
Event: 20.010 Executing VM operation: G1CollectForAllocation (G1 Evacuation Pause)
Event: 20.013 Executing VM operation: G1CollectForAllocation (G1 Evacuation Pause) done
Event: 21.020 Executing VM operation: Cleanup
Event: 21.021 Executing VM operation: Cleanup done
Event: 21.154 Executing VM operation: G1CollectForAllocation (G1 Evacuation Pause)
Event: 21.158 Executing VM operation: G1CollectForAllocation (G1 Evacuation Pause) done
Event: 21.207 Executing VM operation: HandshakeAllThreads (Deoptimize)
Event: 21.207 Executing VM operation: HandshakeAllThreads (Deoptimize) done
Event: 21.393 Executing VM operation: HandshakeAllThreads (Deoptimize)
Event: 21.393 Executing VM operation: HandshakeAllThreads (Deoptimize) done
Event: 21.611 Executing VM operation: HandshakeAllThreads (Deoptimize)
Event: 21.612 Executing VM operation: HandshakeAllThreads (Deoptimize) done
Event: 21.755 Executing VM operation: HandshakeAllThreads (Deoptimize)
Event: 21.755 Executing VM operation: HandshakeAllThreads (Deoptimize) done

Memory protections (0 events):
No events

Nmethod flushes (20 events):
Event: 19.798 Thread 0x0000020977f26530 flushing  nmethod 0x00000209636dfb90
Event: 19.798 Thread 0x0000020977f26530 flushing  nmethod 0x000002096372b190
Event: 19.798 Thread 0x0000020977f26530 flushing  nmethod 0x000002096372ba10
Event: 19.798 Thread 0x0000020977f26530 flushing  nmethod 0x000002096372ca90
Event: 19.798 Thread 0x0000020977f26530 flushing  nmethod 0x000002096379e410
Event: 19.798 Thread 0x0000020977f26530 flushing  nmethod 0x00000209637a3e10
Event: 19.798 Thread 0x0000020977f26530 flushing  nmethod 0x000002096388b510
Event: 19.798 Thread 0x0000020977f26530 flushing  nmethod 0x000002096399bf90
Event: 19.798 Thread 0x0000020977f26530 flushing  nmethod 0x00000209639dc590
Event: 19.798 Thread 0x0000020977f26530 flushing  nmethod 0x0000020963a4c290
Event: 19.798 Thread 0x0000020977f26530 flushing  nmethod 0x0000020963a4d590
Event: 19.798 Thread 0x0000020977f26530 flushing  nmethod 0x0000020963a51390
Event: 19.798 Thread 0x0000020977f26530 flushing  nmethod 0x0000020963a52190
Event: 19.798 Thread 0x0000020977f26530 flushing  nmethod 0x0000020963ad1490
Event: 19.798 Thread 0x0000020977f26530 flushing  nmethod 0x0000020963b9e310
Event: 19.798 Thread 0x0000020977f26530 flushing  nmethod 0x0000020963ba2a10
Event: 19.798 Thread 0x0000020977f26530 flushing  nmethod 0x0000020963bae990
Event: 19.798 Thread 0x0000020977f26530 flushing  nmethod 0x0000020963c12110
Event: 19.798 Thread 0x0000020977f26530 flushing  nmethod 0x0000020963c12510
Event: 19.798 Thread 0x0000020977f26530 flushing  nmethod 0x0000020963c69d10

Events (20 events):
Event: 17.043 Thread 0x000002097e4534a0 Thread added: 0x000002097ec56a30
Event: 17.044 Thread 0x000002097e4534a0 Thread added: 0x000002097ec570c0
Event: 17.044 Thread 0x000002097e4534a0 Thread added: 0x000002097ec53c40
Event: 17.045 Thread 0x000002097e4534a0 Thread added: 0x000002097ec57750
Event: 17.046 Thread 0x000002097e4534a0 Thread added: 0x000002097ec57de0
Event: 17.046 Thread 0x000002097e4534a0 Thread added: 0x000002097ec58470
Event: 17.081 Thread 0x000002097e4534a0 Thread added: 0x000002097ec58b00
Event: 17.081 Thread 0x000002097e4534a0 Thread added: 0x000002097ec59190
Event: 17.082 Thread 0x000002097e4534a0 Thread added: 0x000002097eb8b7c0
Event: 17.083 Thread 0x000002097e4534a0 Thread added: 0x000002097eb89d80
Event: 17.084 Thread 0x000002097e4534a0 Thread added: 0x000002097eb8aaa0
Event: 17.084 Thread 0x000002097e4534a0 Thread added: 0x000002097eb8b130
Event: 17.085 Thread 0x000002097e4534a0 Thread added: 0x000002097eb88340
Event: 17.086 Thread 0x000002097e4534a0 Thread added: 0x000002097eb8a410
Event: 17.086 Thread 0x000002097e4534a0 Thread added: 0x000002097eb8be50
Event: 17.087 Thread 0x000002097e4534a0 Thread added: 0x000002097eb889d0
Event: 17.466 Thread 0x00000209003ac880 Thread exited: 0x00000209003ac880
Event: 21.062 Thread 0x00000209780723d0 Thread added: 0x00000209003abae0
Event: 21.138 Thread 0x00000209780723d0 Thread added: 0x00000209003aa670
Event: 21.615 Thread 0x00000209003aa670 Thread exited: 0x00000209003aa670


Dynamic libraries:
0x00007ff678c00000 - 0x00007ff678c0a000 	C:\Program Files\Android\Android Studio\jbr\bin\java.exe
0x00007ffda8520000 - 0x00007ffda8787000 	C:\windows\SYSTEM32\ntdll.dll
0x00007ffda6780000 - 0x00007ffda6849000 	C:\windows\System32\KERNEL32.DLL
0x00007ffda5930000 - 0x00007ffda5d1f000 	C:\windows\System32\KERNELBASE.dll
0x00007ffda5380000 - 0x00007ffda5535000 	C:\Windows\system32\hmpalert.dll
0x00007ffda4fe0000 - 0x00007ffda51cc000 	C:\windows\System32\SophosED\SophosED.dll
0x00007ffda57e0000 - 0x00007ffda592b000 	C:\windows\System32\ucrtbase.dll
0x00007ffd208a0000 - 0x00007ffd208bb000 	C:\Program Files\Android\Android Studio\jbr\bin\VCRUNTIME140.dll
0x00007ffd777d0000 - 0x00007ffd777e8000 	C:\Program Files\Android\Android Studio\jbr\bin\jli.dll
0x00007ffda6580000 - 0x00007ffda6745000 	C:\windows\System32\USER32.dll
0x00007ffda5e60000 - 0x00007ffda5e87000 	C:\windows\System32\win32u.dll
0x00007ffda6750000 - 0x00007ffda677b000 	C:\windows\System32\GDI32.dll
0x00007ffda5d30000 - 0x00007ffda5e5c000 	C:\windows\System32\gdi32full.dll
0x00007ffda6090000 - 0x00007ffda6133000 	C:\windows\System32\msvcp_win.dll
0x00007ffd8c000000 - 0x00007ffd8c293000 	C:\windows\WinSxS\amd64_microsoft.windows.common-controls_6595b64144ccf1df_6.0.26100.7309_none_3e05feeae336a044\COMCTL32.dll
0x00007ffda6340000 - 0x00007ffda63e9000 	C:\windows\System32\msvcrt.dll
0x00007ffda7880000 - 0x00007ffda78b1000 	C:\windows\System32\IMM32.DLL
0x00007ffd76610000 - 0x00007ffd7661c000 	C:\Program Files\Android\Android Studio\jbr\bin\vcruntime140_1.dll
0x00007ffd2e160000 - 0x00007ffd2e1ed000 	C:\Program Files\Android\Android Studio\jbr\bin\msvcp140.dll
0x00007ffd208e0000 - 0x00007ffd2156b000 	C:\Program Files\Android\Android Studio\jbr\bin\server\jvm.dll
0x00007ffda8420000 - 0x00007ffda84d4000 	C:\windows\System32\ADVAPI32.dll
0x00007ffda6eb0000 - 0x00007ffda6f56000 	C:\windows\System32\sechost.dll
0x00007ffda63f0000 - 0x00007ffda6508000 	C:\windows\System32\RPCRT4.dll
0x00007ffda62c0000 - 0x00007ffda6334000 	C:\windows\System32\WS2_32.dll
0x00007ffd9e370000 - 0x00007ffd9e37b000 	C:\windows\SYSTEM32\VERSION.dll
0x00007ffda4f70000 - 0x00007ffda4fce000 	C:\windows\SYSTEM32\POWRPROF.dll
0x00007ffd9fc30000 - 0x00007ffd9fc65000 	C:\windows\SYSTEM32\WINMM.dll
0x00007ffda4f50000 - 0x00007ffda4f64000 	C:\windows\SYSTEM32\UMPDC.dll
0x00007ffda4030000 - 0x00007ffda404b000 	C:\windows\SYSTEM32\kernel.appcore.dll
0x00007ffd6fcc0000 - 0x00007ffd6fcca000 	C:\Program Files\Android\Android Studio\jbr\bin\jimage.dll
0x00007ffda2930000 - 0x00007ffda2b72000 	C:\windows\SYSTEM32\DBGHELP.DLL
0x00007ffda7420000 - 0x00007ffda77a5000 	C:\windows\System32\combase.dll
0x00007ffda6f60000 - 0x00007ffda7036000 	C:\windows\System32\OLEAUT32.dll
0x00007ffd8be60000 - 0x00007ffd8be9c000 	C:\windows\SYSTEM32\dbgcore.DLL
0x00007ffda5fe0000 - 0x00007ffda6085000 	C:\windows\System32\bcryptPrimitives.dll
0x00007ffd9e770000 - 0x00007ffd9e77e000 	C:\Program Files\Android\Android Studio\jbr\bin\instrument.dll
0x00007ffd208c0000 - 0x00007ffd208e0000 	C:\Program Files\Android\Android Studio\jbr\bin\java.dll
0x00007ffd20880000 - 0x00007ffd20898000 	C:\Program Files\Android\Android Studio\jbr\bin\zip.dll
0x00007ffda7ae0000 - 0x00007ffda8233000 	C:\windows\System32\SHELL32.dll
0x00007ffda5670000 - 0x00007ffda57da000 	C:\windows\System32\wintypes.dll
0x00007ffda2b80000 - 0x00007ffda33de000 	C:\windows\SYSTEM32\windows.storage.dll
0x00007ffda79e0000 - 0x00007ffda7ad5000 	C:\windows\System32\SHCORE.dll
0x00007ffda6510000 - 0x00007ffda6576000 	C:\windows\System32\shlwapi.dll
0x00007ffda5590000 - 0x00007ffda55b9000 	C:\windows\SYSTEM32\profapi.dll
0x00007ffd8ac90000 - 0x00007ffd8aca0000 	C:\Program Files\Android\Android Studio\jbr\bin\net.dll
0x00007ffd9eb40000 - 0x00007ffd9ec68000 	C:\windows\SYSTEM32\WINHTTP.dll
0x00007ffda4580000 - 0x00007ffda45eb000 	C:\windows\system32\mswsock.dll
0x00007ffd225b0000 - 0x00007ffd225c6000 	C:\Program Files\Android\Android Studio\jbr\bin\nio.dll
0x00007ffd9e390000 - 0x00007ffd9e3a0000 	C:\Program Files\Android\Android Studio\jbr\bin\verify.dll
0x00007ffd87e70000 - 0x00007ffd87e97000 	C:\Users\rishabh.jain\.gradle\native\1def1411415f61bf3af743bc5b6707747c0891f09f0c88961ee8f79bc544acac\windows-amd64\native-platform.dll
0x00007ffd77dd0000 - 0x00007ffd77e48000 	C:\Users\rishabh.jain\.gradle\native\0.2.7\x86_64-windows-gnu\gradle-fileevents.dll
0x00007ffd6e8a0000 - 0x00007ffd6e8a9000 	C:\Program Files\Android\Android Studio\jbr\bin\management.dll
0x00007ffd63ba0000 - 0x00007ffd63bab000 	C:\Program Files\Android\Android Studio\jbr\bin\management_ext.dll
0x00007ffda6850000 - 0x00007ffda6858000 	C:\windows\System32\PSAPI.DLL
0x00007ffda3810000 - 0x00007ffda3844000 	C:\windows\SYSTEM32\IPHLPAPI.DLL
0x00007ffda70d0000 - 0x00007ffda70da000 	C:\windows\System32\NSI.dll
0x00007ffd6f200000 - 0x00007ffd6f209000 	C:\Program Files\Android\Android Studio\jbr\bin\extnet.dll
0x00007ffda4970000 - 0x00007ffda498b000 	C:\windows\SYSTEM32\CRYPTSP.dll
0x00007ffda3f90000 - 0x00007ffda3fca000 	C:\windows\system32\rsaenh.dll
0x00007ffda4630000 - 0x00007ffda465b000 	C:\windows\SYSTEM32\USERENV.dll
0x00007ffda5560000 - 0x00007ffda558a000 	C:\windows\SYSTEM32\bcrypt.dll
0x00007ffda47d0000 - 0x00007ffda47dc000 	C:\windows\SYSTEM32\CRYPTBASE.dll
0x00007ffd6c9c0000 - 0x00007ffd6c9c8000 	C:\windows\system32\wshunix.dll

dbghelp: loaded successfully - version: 4.0.5 - missing functions: none
symbol engine: initialized successfully - sym options: 0x614 - pdb path: .;C:\Program Files\Android\Android Studio\jbr\bin;C:\windows\SYSTEM32;C:\windows\System32\SophosED;C:\windows\WinSxS\amd64_microsoft.windows.common-controls_6595b64144ccf1df_6.0.26100.7309_none_3e05feeae336a044;C:\Program Files\Android\Android Studio\jbr\bin\server;C:\Users\rishabh.jain\.gradle\native\1def1411415f61bf3af743bc5b6707747c0891f09f0c88961ee8f79bc544acac\windows-amd64;C:\Users\rishabh.jain\.gradle\native\0.2.7\x86_64-windows-gnu

VM Arguments:
jvm_args: --add-opens=java.base/java.lang=ALL-UNNAMED --add-opens=java.base/java.lang.invoke=ALL-UNNAMED --add-opens=java.base/java.util=ALL-UNNAMED --add-opens=java.prefs/java.util.prefs=ALL-UNNAMED --add-exports=jdk.compiler/com.sun.tools.javac.api=ALL-UNNAMED --add-exports=jdk.compiler/com.sun.tools.javac.util=ALL-UNNAMED --add-opens=java.base/java.util=ALL-UNNAMED --add-opens=java.prefs/java.util.prefs=ALL-UNNAMED --add-opens=java.base/java.nio.charset=ALL-UNNAMED --add-opens=java.base/java.net=ALL-UNNAMED --add-opens=java.base/java.util.concurrent.atomic=ALL-UNNAMED --add-opens=java.xml/javax.xml.namespace=ALL-UNNAMED -Xmx2048m -Dfile.encoding=UTF-8 -Duser.country=IN -Duser.language=en -Duser.variant -javaagent:C:\Users\rishabh.jain\.gradle\wrapper\dists\gradle-8.13-bin\5xuhj0ry160q40clulazy9h7d\gradle-8.13\lib\agents\gradle-instrumentation-agent-8.13.jar 
java_command: org.gradle.launcher.daemon.bootstrap.GradleDaemon 8.13
java_class_path (initial): C:\Users\rishabh.jain\.gradle\wrapper\dists\gradle-8.13-bin\5xuhj0ry160q40clulazy9h7d\gradle-8.13\lib\gradle-daemon-main-8.13.jar
Launcher Type: SUN_STANDARD

[Global flags]
     intx CICompilerCount                          = 4                                         {product} {ergonomic}
     uint ConcGCThreads                            = 3                                         {product} {ergonomic}
     uint G1ConcRefinementThreads                  = 10                                        {product} {ergonomic}
   size_t G1HeapRegionSize                         = 1048576                                   {product} {ergonomic}
    uintx GCDrainStackTargetSize                   = 64                                        {product} {ergonomic}
   size_t InitialHeapSize                          = 264241152                                 {product} {ergonomic}
   size_t MarkStackSize                            = 4194304                                   {product} {ergonomic}
   size_t MaxHeapSize                              = 2147483648                                {product} {command line}
   size_t MaxNewSize                               = 1287651328                                {product} {ergonomic}
   size_t MinHeapDeltaBytes                        = 1048576                                   {product} {ergonomic}
   size_t MinHeapSize                              = 8388608                                   {product} {ergonomic}
    uintx NonNMethodCodeHeapSize                   = 5839372                                {pd product} {ergonomic}
    uintx NonProfiledCodeHeapSize                  = 122909434                              {pd product} {ergonomic}
    uintx ProfiledCodeHeapSize                     = 122909434                              {pd product} {ergonomic}
    uintx ReservedCodeCacheSize                    = 251658240                              {pd product} {ergonomic}
     bool SegmentedCodeCache                       = true                                      {product} {ergonomic}
   size_t SoftMaxHeapSize                          = 2147483648                             {manageable} {ergonomic}
     bool UseCompressedOops                        = true                           {product lp64_product} {ergonomic}
     bool UseG1GC                                  = true                                      {product} {ergonomic}
     bool UseLargePagesIndividualAllocation        = false                                  {pd product} {ergonomic}

Logging:
Log output configuration:
 #0: stdout all=warning uptime,level,tags foldmultilines=false
 #1: stderr all=off uptime,level,tags foldmultilines=false

Environment Variables:
JAVA_HOME=C:\Program Files\Java\jdk-17
PATH=C:\Program Files\Common Files\Oracle\Java\javapath;C:\windows\system32;C:\windows;C:\windows\System32\Wbem;C:\windows\System32\WindowsPowerShell\v1.0\;C:\windows\System32\OpenSSH\;C:\Program Files\dotnet\;C:\Program Files\nodejs\;C:\Program Files\Java\jdk-17\bin;C:\Program Files\Common Files\Oracle\Java\javapath;C:\windows\system32;C:\windows;C:\windows\System32\Wbem;C:\windows\System32\WindowsPowerShell\v1.0\;C:\windows\System32\OpenSSH\;C:\Program Files\dotnet\;C:\Program Files\nodejs\;C:\Users\rishabh.jain\AppData\Local\Android\Sdk\platform-tools;C:\Users\rishabh.jain\AppData\Local\Android\Sdk\tools;C:\Users\rishabh.jain\AppData\Local\Android\Sdk\platform-tools;C:\Users\rishabh.jain\AppData\Local\Android\Sdk\tools;C:\Program Files\Common Files\Oracle\Java\javapath;C:\windows\system32;C:\windows;C:\windows\System32\Wbem;C:\windows\System32\WindowsPowerShell\v1.0\;C:\windows\System32\OpenSSH\;C:\Program Files\dotnet\;C:\Program Files\nodejs\;C:\Program Files\Common Files\Oracle\Java\javapath;C:\windows\system32;C:\windows;C:\windows\System32\Wbem;C:\windows\System32\WindowsPowerShell\v1.0\;C:\windows\System32\OpenSSH\;C:\Program Files\dotnet\;C:\Program Files\nodejs\;C:\Users\rishabh.jain\AppData\Local\Microsoft\WindowsApps;C:\Users\rishabh.jain\AppD;C:\Users\rishabh.jain\AppData\Local\Programs\Microsoft VS Code\bin
USERNAME=rishabh.jain
OS=Windows_NT
PROCESSOR_IDENTIFIER=Intel64 Family 6 Model 186 Stepping 3, GenuineIntel
TMP=C:\Users\RISHAB~1.JAI\AppData\Local\Temp
TEMP=C:\Users\RISHAB~1.JAI\AppData\Local\Temp




Periodic native trim disabled

JNI global refs:
JNI global refs: 26, weak refs: 0

JNI global refs memory usage: 835, weak refs: 833

Process memory usage:
Resident Set Size: 387344K (2% of 16452404K total physical memory with 758028K free physical memory)

OOME stack traces (most recent first):
Classloader memory used:
Loader org.gradle.internal.classloader.VisitableURLClassLoader                         : 35922K
Loader bootstrap                                                                       : 23091K
Loader org.gradle.initialization.MixInLegacyTypesClassLoader                           : 8946K
Loader org.gradle.internal.classloader.VisitableURLClassLoader                         : 879K
Loader org.gradle.internal.classloader.VisitableURLClassLoader$InstrumentingVisitableURLClassLoader: 731K
Loader jdk.internal.loader.ClassLoaders$PlatformClassLoader                            : 518K
Loader jdk.internal.loader.ClassLoaders$AppClassLoader                                 : 235K
Loader jdk.internal.reflect.DelegatingClassLoader                                      : 214K
Loader org.gradle.groovy.scripts.internal.DefaultScriptCompilationHandler$ScriptClassLoader: 89112B
Loader org.codehaus.groovy.runtime.callsite.CallSiteClassLoader                        : 49592B

Classes loaded by more than one classloader:
Class org.gradle.api.GradleException                                                  : loaded 3 times (x 78B)
Class org.gradle.internal.classloader.FilteringClassLoader                            : loaded 2 times (x 101B)
Class org.gradle.internal.classloader.ClassLoaderHierarchy                            : loaded 2 times (x 66B)
Class org.gradle.api.internal.classpath.ManifestUtil                                  : loaded 2 times (x 67B)
Class org.jetbrains.plugins.gradle.model.GradleExtensions                             : loaded 2 times (x 66B)
Class org.jetbrains.plugins.gradle.model.AnnotationProcessingModel                    : loaded 2 times (x 66B)
Class org.gradle.internal.operations.MultipleBuildOperationFailures                   : loaded 2 times (x 91B)
Class org.jetbrains.kotlin.idea.gradleTooling.model.noarg.NoArgModel                  : loaded 2 times (x 66B)
Class org.gradle.internal.classloader.DefaultClassLoaderFactory                       : loaded 2 times (x 78B)
Class kotlin.collections.AbstractList$Companion                                       : loaded 2 times (x 67B)
Class org.gradle.internal.classloader.ClassLoaderVisitor                              : loaded 2 times (x 72B)
Class org.gradle.api.internal.classpath.EffectiveClassPath                            : loaded 2 times (x 86B)
Class org.gradle.tooling.internal.gradle.DefaultProjectIdentifier                     : loaded 2 times (x 82B)
Class org.jetbrains.kotlin.idea.gradleTooling.model.allopen.AllOpenModel              : loaded 2 times (x 66B)
Class org.gradle.api.internal.DefaultClassPathProvider                                : loaded 2 times (x 72B)
Class [Lorg.gradle.api.internal.ClassPathProvider;                                    : loaded 2 times (x 65B)
Class org.gradle.api.internal.ClassPathProvider                                       : loaded 2 times (x 66B)
Class org.gradle.internal.service.UnknownServiceException                             : loaded 2 times (x 79B)
Class org.jetbrains.kotlin.idea.gradleTooling.KotlinDslScriptAdditionalTask           : loaded 2 times (x 66B)
Class org.gradle.internal.classpath.TransformedClassPath                              : loaded 2 times (x 92B)
Class org.gradle.internal.classloader.InstrumentingClassLoader                        : loaded 2 times (x 66B)
Class kotlin.enums.EnumEntriesList                                                    : loaded 2 times (x 219B)
Class org.jetbrains.kotlin.idea.gradleTooling.KotlinSourceSetContainer                : loaded 2 times (x 66B)
Class org.jetbrains.plugins.gradle.model.IntelliJSettings                             : loaded 2 times (x 66B)
Class ijInit4_24j9u5vibx830r786qo72hseq                                               : loaded 2 times (x 175B)
Class org.gradle.internal.service.ServiceLocator                                      : loaded 2 times (x 66B)
Class org.jetbrains.kotlin.android.synthetic.idea.AndroidExtensionsGradleModel        : loaded 2 times (x 66B)
Class org.gradle.tooling.model.UnsupportedMethodException                             : loaded 2 times (x 78B)
Class com.intellij.compose.ide.plugin.gradleTooling.rt.ComposeResourcesModel          : loaded 2 times (x 66B)
Class org.gradle.internal.InternalTransformer                                         : loaded 2 times (x 66B)
Class org.gradle.internal.time.DefaultTimer                                           : loaded 2 times (x 76B)
Class org.gradle.internal.classloader.ClasspathUtil$1                                 : loaded 2 times (x 72B)
Class org.gradle.api.internal.classpath.DefaultModuleRegistry$DefaultModule           : loaded 2 times (x 82B)
Class org.jetbrains.kotlin.idea.gradleTooling.model.lombok.LombokModel                : loaded 2 times (x 66B)
Class org.gradle.internal.time.DefaultCountdownTimer                                  : loaded 2 times (x 84B)
Class org.gradle.tooling.internal.gradle.DefaultBuildIdentifier                       : loaded 2 times (x 75B)
Class kotlin.Function                                                                 : loaded 2 times (x 66B)
Class org.gradle.api.internal.classpath.Module                                        : loaded 2 times (x 66B)
Class org.gradle.api.internal.classpath.UnknownModuleException                        : loaded 2 times (x 78B)
Class com.intellij.openapi.externalSystem.model.project.dependencies.ProjectDependencies: loaded 2 times (x 66B)
Class org.gradle.tooling.internal.gradle.GradleProjectIdentity                        : loaded 2 times (x 66B)
Class org.gradle.api.internal.DefaultClassPathRegistry                                : loaded 2 times (x 72B)
Class org.gradle.api.internal.ClassPathRegistry                                       : loaded 2 times (x 66B)
Class org.gradle.internal.classpath.DefaultClassPath$ImmutableUniqueList              : loaded 2 times (x 195B)
Class Settings_gradle$1                                                               : loaded 2 times (x 70B)
Class Program                                                                         : loaded 2 times (x 68B)
Class org.gradle.internal.classpath.ClassPath                                         : loaded 2 times (x 66B)
Class org.gradle.api.UncheckedIOException                                             : loaded 2 times (x 78B)
Class org.jetbrains.kotlin.idea.gradleTooling.KotlinGradleModel                       : loaded 2 times (x 66B)
Class org.gradle.tooling.model.Model                                                  : loaded 2 times (x 66B)
Class kotlin.UninitializedPropertyAccessException                                     : loaded 2 times (x 78B)
Class org.jetbrains.kotlin.idea.gradleTooling.model.annotation.AnnotationBasedPluginModel: loaded 2 times (x 66B)
Class org.jetbrains.plugins.gradle.model.IntelliJProjectSettings                      : loaded 2 times (x 66B)
Class org.gradle.internal.installation.GradleInstallation$1                           : loaded 2 times (x 71B)
Class org.gradle.api.internal.classpath.ModuleRegistry                                : loaded 2 times (x 66B)
Class org.jetbrains.plugins.gradle.model.VersionCatalogsModel                         : loaded 2 times (x 66B)
Class org.gradle.api.internal.classpath.DefaultModuleRegistry                         : loaded 2 times (x 82B)
Class org.gradle.internal.time.MonotonicClock                                         : loaded 2 times (x 73B)
Class org.gradle.internal.service.ServiceLookupException                              : loaded 2 times (x 78B)
Class org.gradle.internal.classloader.ClassLoaderFactory                              : loaded 2 times (x 66B)
Class org.gradle.internal.service.CachingServiceLocator                               : loaded 2 times (x 78B)
Class org.jetbrains.plugins.gradle.model.RepositoryModels                             : loaded 2 times (x 66B)
Class org.gradle.internal.time.TimeSource                                             : loaded 2 times (x 66B)
Class org.gradle.tooling.internal.gradle.GradleBuildIdentity                          : loaded 2 times (x 66B)
Class kotlin.enums.EnumEntries                                                        : loaded 2 times (x 66B)
Class org.gradle.internal.exceptions.ResolutionProvider                               : loaded 2 times (x 66B)
Class org.gradle.tooling.model.ProjectIdentifier                                      : loaded 2 times (x 66B)
Class org.gradle.internal.classloader.ClasspathUtil                                   : loaded 2 times (x 67B)
Class org.gradle.internal.time.TimeSource$1                                           : loaded 2 times (x 73B)
Class kotlin.jvm.internal.DefaultConstructorMarker                                    : loaded 2 times (x 67B)
Class org.gradle.api.specs.Spec                                                       : loaded 2 times (x 66B)
Class org.gradle.internal.time.Clock                                                  : loaded 2 times (x 66B)
Class kotlin.collections.AbstractList                                                 : loaded 2 times (x 193B)
Class kotlin.collections.AbstractCollection                                           : loaded 2 times (x 113B)
Class org.gradle.internal.classloader.VisitableURLClassLoader$InstrumentingVisitableURLClassLoader: loaded 2 times (x 119B)
Class org.gradle.internal.classloader.VisitableURLClassLoader$Spec                    : loaded 2 times (x 70B)
Class org.gradle.internal.classpath.DefaultClassPath                                  : loaded 2 times (x 86B)
Class org.gradle.internal.classloader.ClassLoaderSpec                                 : loaded 2 times (x 67B)
Class Settings_gradle$1$1                                                             : loaded 2 times (x 70B)
Class kotlin.Unit                                                                     : loaded 2 times (x 67B)
Class org.gradle.internal.classloader.VisitableURLClassLoader                         : loaded 2 times (x 113B)
Class Settings_gradle                                                                 : loaded 2 times (x 124B)
Class org.gradle.internal.Cast                                                        : loaded 2 times (x 67B)
Class org.gradle.api.Action                                                           : loaded 2 times (x 66B)
Class kotlin.jvm.functions.Function1                                                  : loaded 2 times (x 66B)
Class org.gradle.internal.classpath.DefaultClassPath$ImmutableUniqueList$Builder      : loaded 2 times (x 71B)
Class org.jetbrains.kotlin.idea.gradleTooling.model.samWithReceiver.SamWithReceiverModel: loaded 2 times (x 66B)
Class kotlin.NotImplementedError                                                      : loaded 2 times (x 78B)
Class org.gradle.internal.exceptions.NonGradleCauseExceptionsHolder                   : loaded 2 times (x 66B)
Class org.jetbrains.plugins.gradle.tooling.ModelBuilderService$Parameter              : loaded 2 times (x 66B)
Class org.jetbrains.kotlin.idea.gradleTooling.model.assignment.AssignmentModel        : loaded 2 times (x 66B)
Class kotlin.enums.EnumEntriesKt                                                      : loaded 2 times (x 67B)
Class org.gradle.internal.IoActions                                                   : loaded 2 times (x 67B)
Class org.gradle.internal.classloader.SystemClassLoaderSpec                           : loaded 2 times (x 67B)
Class org.gradle.internal.exceptions.MultiCauseException                              : loaded 2 times (x 66B)
Class org.gradle.internal.time.CountdownTimer                                         : loaded 2 times (x 66B)
Class kotlin.jvm.internal.Intrinsics                                                  : loaded 2 times (x 67B)
Class org.jetbrains.kotlin.idea.gradleTooling.model.parcelize.ParcelizeGradleModel    : loaded 2 times (x 66B)
Class org.gradle.tooling.model.ProjectModel                                           : loaded 2 times (x 66B)
Class kotlin.KotlinNullPointerException                                               : loaded 2 times (x 79B)
Class org.jetbrains.plugins.gradle.model.tests.ExternalTestsModel                     : loaded 2 times (x 66B)
Class org.gradle.internal.exceptions.DefaultMultiCauseException                       : loaded 2 times (x 91B)
Class org.gradle.internal.time.Time                                                   : loaded 2 times (x 67B)
Class org.jetbrains.plugins.gradle.model.DependencyAccessorsModel                     : loaded 2 times (x 66B)
Class org.gradle.api.internal.classpath.GlobalCacheRootsProvider                      : loaded 2 times (x 66B)
Class org.jetbrains.kotlin.idea.gradleTooling.KotlinMPPGradleModel                    : loaded 2 times (x 66B)
Class org.gradle.tooling.model.BuildIdentifier                                        : loaded 2 times (x 66B)
Class org.jetbrains.kotlin.idea.gradleTooling.PrepareKotlinIdeImportTaskModel         : loaded 2 times (x 66B)
Class org.gradle.internal.time.Timer                                                  : loaded 2 times (x 66B)
Class kotlin.jvm.internal.markers.KMappedMarker                                       : loaded 2 times (x 66B)
Class org.gradle.internal.installation.CurrentGradleInstallationLocator               : loaded 2 times (x 67B)
Class org.gradle.internal.service.DefaultServiceLocator                               : loaded 2 times (x 79B)
Class sync_studio_tooling8_bys13313xj0yu4ho3rp3qnne4                                  : loaded 2 times (x 175B)
Class org.gradle.util.GradleVersion                                                   : loaded 2 times (x 75B)
Class org.gradle.internal.installation.CurrentGradleInstallation                      : loaded 2 times (x 69B)
Class org.jetbrains.plugins.gradle.javaModel.JavaGradleManifestModel                  : loaded 2 times (x 66B)
Class org.gradle.util.internal.GUtil                                                  : loaded 2 times (x 67B)
Class org.gradle.internal.installation.GradleInstallation                             : loaded 2 times (x 71B)

---------------  S Y S T E M  ---------------

OS:
 Windows 11 , 64 bit Build 26100 (10.0.26100.7309)
OS uptime: 0 days 22:24 hours
Hyper-V role detected

CPU: total 12 (initial active 12) (6 cores per cpu, 2 threads per core) family 6 model 186 stepping 3 microcode 0x4128, cx8, cmov, fxsr, ht, mmx, 3dnowpref, sse, sse2, sse3, ssse3, sse4.1, sse4.2, popcnt, lzcnt, tsc, tscinvbit, avx, avx2, aes, erms, clmul, bmi1, bmi2, adx, sha, fma, vzeroupper, clflush, clflushopt, clwb, hv, serialize, rdtscp, rdpid, fsrm, f16c, cet_ibt, cet_ss
Processor Information for the first 12 processors :
  Max Mhz: 1400, Current Mhz: 1400, Mhz Limit: 1400

Memory: 4k page, system-wide physical 16066M (734M free)
TotalPageFile size 35591M (AvailPageFile size 8M)
current process WorkingSet (physical memory assigned to process): 378M, peak: 378M
current process commit charge ("private bytes"): 425M, peak: 426M

vm_info: OpenJDK 64-Bit Server VM (21.0.6+-13391695-b895.109) for windows-amd64 JRE (21.0.6+-13391695-b895.109), built on 2025-04-22T21:19:17Z by "builder" with MS VC++ 16.10 / 16.11 (VS2019)

END.
