#
# There is insufficient memory for the Java Runtime Environment to continue.
# Native memory allocation (mmap) failed to map 33554432 bytes. Error detail: G1 virtual space
# Possible reasons:
#   The system is out of physical RAM or swap space
#   This process is running with CompressedOops enabled, and the Java Heap may be blocking the growth of the native heap
# Possible solutions:
#   Reduce memory load on the system
#   Increase physical memory or swap space
#   Check if swap backing store is full
#   Decrease Java heap size (-Xmx/-Xms)
#   Decrease number of Java threads
#   Decrease Java thread stack sizes (-Xss)
#   Set larger code cache with -XX:ReservedCodeCacheSize=
#   JVM is running with Unscaled Compressed Oops mode in which the Java heap is
#     placed in the first 4GB address space. The Java Heap base address is the
#     maximum limit for the native heap growth. Please use -XX:HeapBaseMinAddress
#     to set the Java Heap base and to place the Java Heap above 4GB virtual address.
# This output file may be truncated or incomplete.
#
#  Out of Memory Error (os_windows.cpp:3898), pid=26664, tid=32156
#
# JRE version: OpenJDK Runtime Environment (21.0.6) (build 21.0.6+-13391695-b895.109)
# Java VM: OpenJDK 64-Bit Server VM (21.0.6+-13391695-b895.109, mixed mode, tiered, compressed oops, compressed class ptrs, g1 gc, windows-amd64)
# No core dump will be written. Minidumps are not enabled by default on client versions of Windows
#

---------------  S U M M A R Y ------------

Command Line: --add-opens=java.base/java.lang=ALL-UNNAMED --add-opens=java.base/java.lang.invoke=ALL-UNNAMED --add-opens=java.base/java.util=ALL-UNNAMED --add-opens=java.prefs/java.util.prefs=ALL-UNNAMED --add-exports=jdk.compiler/com.sun.tools.javac.api=ALL-UNNAMED --add-exports=jdk.compiler/com.sun.tools.javac.util=ALL-UNNAMED --add-opens=java.base/java.util=ALL-UNNAMED --add-opens=java.prefs/java.util.prefs=ALL-UNNAMED --add-opens=java.base/java.nio.charset=ALL-UNNAMED --add-opens=java.base/java.net=ALL-UNNAMED --add-opens=java.base/java.util.concurrent.atomic=ALL-UNNAMED --add-opens=java.xml/javax.xml.namespace=ALL-UNNAMED -Xmx2048m -Dfile.encoding=UTF-8 -Duser.country=IN -Duser.language=en -Duser.variant -javaagent:C:\Users\rishabh.jain\.gradle\wrapper\dists\gradle-8.13-bin\5xuhj0ry160q40clulazy9h7d\gradle-8.13\lib\agents\gradle-instrumentation-agent-8.13.jar org.gradle.launcher.daemon.bootstrap.GradleDaemon 8.13

Host: Intel(R) Core(TM) 5 120U, 12 cores, 15G,  Windows 11 , 64 bit Build 26100 (10.0.26100.7309)
Time: Wed Dec 17 16:30:19 2025 India Standard Time elapsed time: 12.347599 seconds (0d 0h 0m 12s)

---------------  T H R E A D  ---------------

Current thread (0x00000299216bbe70):  VMThread "VM Thread"          [id=32156, stack(0x000000df82b00000,0x000000df82c00000) (1024K)]

Stack: [0x000000df82b00000,0x000000df82c00000]
Native frames: (J=compiled Java code, j=interpreted, Vv=VM code, C=native code)
V  [jvm.dll+0x6d0639]
V  [jvm.dll+0x85eb03]
V  [jvm.dll+0x86105e]
V  [jvm.dll+0x861743]
V  [jvm.dll+0x27e6e6]
V  [jvm.dll+0x6ccfd5]
V  [jvm.dll+0x6c0a8a]
V  [jvm.dll+0x35537b]
V  [jvm.dll+0x35cfd6]
V  [jvm.dll+0x3aef86]
V  [jvm.dll+0x3af258]
V  [jvm.dll+0x327a2c]
V  [jvm.dll+0x327ab7]
V  [jvm.dll+0x36d93c]
V  [jvm.dll+0x36c0ee]
V  [jvm.dll+0x327181]
V  [jvm.dll+0x36b7f0]
V  [jvm.dll+0x8674c8]
V  [jvm.dll+0x868844]
V  [jvm.dll+0x868d80]
V  [jvm.dll+0x869013]
V  [jvm.dll+0x806ed8]
V  [jvm.dll+0x6cef0d]
C  [ucrtbase.dll+0x37b0]
C  [KERNEL32.DLL+0x2e8d7]
C  [ntdll.dll+0x8c53c]

VM_Operation (0x000000df840f6600): G1CollectForAllocation, mode: safepoint, requested by thread 0x0000029927910330


---------------  P R O C E S S  ---------------

Threads class SMR info:
_java_thread_list=0x000002992a406eb0, length=69, elements={
0x0000029909bf8c60, 0x0000029921770930, 0x0000029921775f10, 0x0000029921759db0,
0x000002992175a800, 0x000002992175bdc0, 0x0000029921786e20, 0x000002992175f420,
0x000002992178d4a0, 0x00000299218d18b0, 0x0000029926056710, 0x00000299279a0b20,
0x0000029927a5ece0, 0x000002992790f0e0, 0x0000029927935170, 0x000002992793b530,
0x0000029927ad9f70, 0x0000029927910330, 0x0000029927be87d0, 0x0000029927be8140,
0x0000029927be9b80, 0x0000029927be8e60, 0x0000029927be7420, 0x0000029927be7ab0,
0x0000029927be6700, 0x0000029927be94f0, 0x0000029927be6d90, 0x0000029928718d40,
0x0000029928719a60, 0x000002992871ae10, 0x00000299287193d0, 0x000002992871b4a0,
0x000002992871bb30, 0x000002992871a780, 0x000002992871c850, 0x000002992871a0f0,
0x000002992871e920, 0x000002992871efb0, 0x000002992871f640, 0x000002992871c1c0,
0x00000299281493c0, 0x000002992871d570, 0x000002992871dc00, 0x000002992b0502f0,
0x000002992b0523c0, 0x000002992b052a50, 0x000002992b051010, 0x000002992b0530e0,
0x000002992b04fc60, 0x000002992b050980, 0x000002992b054490, 0x000002992b056560,
0x000002992b053e00, 0x000002992b054b20, 0x000002992b056bf0, 0x000002992b057280,
0x000002992b055ed0, 0x000002992b0551b0, 0x000002992b055840, 0x0000029928720360,
0x000002992b0f7dc0, 0x000002992b0fa520, 0x000002992b0f8450, 0x000002992b0f70a0,
0x000002992b0f8ae0, 0x000002992b0fabb0, 0x000002992b0f9170, 0x000002992b0f9e90,
0x0000029929dd7fc0
}

Java Threads: ( => current thread )
  0x0000029909bf8c60 JavaThread "main"                              [_thread_blocked, id=36032, stack(0x000000df82400000,0x000000df82500000) (1024K)]
  0x0000029921770930 JavaThread "Reference Handler"          daemon [_thread_blocked, id=3920, stack(0x000000df82c00000,0x000000df82d00000) (1024K)]
  0x0000029921775f10 JavaThread "Finalizer"                  daemon [_thread_blocked, id=31592, stack(0x000000df82d00000,0x000000df82e00000) (1024K)]
  0x0000029921759db0 JavaThread "Signal Dispatcher"          daemon [_thread_blocked, id=8016, stack(0x000000df82e00000,0x000000df82f00000) (1024K)]
  0x000002992175a800 JavaThread "Attach Listener"            daemon [_thread_blocked, id=27464, stack(0x000000df82f00000,0x000000df83000000) (1024K)]
  0x000002992175bdc0 JavaThread "Service Thread"             daemon [_thread_blocked, id=25548, stack(0x000000df83000000,0x000000df83100000) (1024K)]
  0x0000029921786e20 JavaThread "Monitor Deflation Thread"   daemon [_thread_blocked, id=21868, stack(0x000000df83100000,0x000000df83200000) (1024K)]
  0x000002992175f420 JavaThread "C2 CompilerThread0"         daemon [_thread_blocked, id=35612, stack(0x000000df83200000,0x000000df83300000) (1024K)]
  0x000002992178d4a0 JavaThread "C1 CompilerThread0"         daemon [_thread_blocked, id=11808, stack(0x000000df83300000,0x000000df83400000) (1024K)]
  0x00000299218d18b0 JavaThread "Common-Cleaner"             daemon [_thread_blocked, id=16948, stack(0x000000df83400000,0x000000df83500000) (1024K)]
  0x0000029926056710 JavaThread "Notification Thread"        daemon [_thread_blocked, id=22888, stack(0x000000df83500000,0x000000df83600000) (1024K)]
  0x00000299279a0b20 JavaThread "Daemon health stats"               [_thread_blocked, id=10336, stack(0x000000df83e00000,0x000000df83f00000) (1024K)]
  0x0000029927a5ece0 JavaThread "Incoming local TCP Connector on port 49960"        [_thread_in_native, id=19144, stack(0x000000df83f00000,0x000000df84000000) (1024K)]
  0x000002992790f0e0 JavaThread "Daemon periodic checks"            [_thread_blocked, id=10056, stack(0x000000df84100000,0x000000df84200000) (1024K)]
  0x0000029927935170 JavaThread "Daemon"                            [_thread_blocked, id=36712, stack(0x000000df84200000,0x000000df84300000) (1024K)]
  0x000002992793b530 JavaThread "Handler for socket connection from /127.0.0.1:49960 to /127.0.0.1:49961"        [_thread_in_native, id=35272, stack(0x000000df84300000,0x000000df84400000) (1024K)]
  0x0000029927ad9f70 JavaThread "Cancel handler"                    [_thread_blocked, id=23796, stack(0x000000df84400000,0x000000df84500000) (1024K)]
  0x0000029927910330 JavaThread "Daemon worker"                     [_thread_blocked, id=7016, stack(0x000000df84000000,0x000000df84100000) (1024K)]
  0x0000029927be87d0 JavaThread "Asynchronous log dispatcher for DefaultDaemonConnection: socket connection from /127.0.0.1:49960 to /127.0.0.1:49961"        [_thread_blocked, id=35236, stack(0x000000df84500000,0x000000df84600000) (1024K)]
  0x0000029927be8140 JavaThread "Stdin handler"                     [_thread_blocked, id=24024, stack(0x000000df84600000,0x000000df84700000) (1024K)]
  0x0000029927be9b80 JavaThread "Daemon client event forwarder"        [_thread_blocked, id=32844, stack(0x000000df84700000,0x000000df84800000) (1024K)]
  0x0000029927be8e60 JavaThread "Cache worker for journal cache (C:\Users\rishabh.jain\.gradle\caches\journal-1)"        [_thread_blocked, id=26760, stack(0x000000df84b00000,0x000000df84c00000) (1024K)]
  0x0000029927be7420 JavaThread "File lock request listener"        [_thread_in_native, id=11440, stack(0x000000df84c00000,0x000000df84d00000) (1024K)]
  0x0000029927be7ab0 JavaThread "Cache worker for file hash cache (C:\Users\rishabh.jain\.gradle\caches\8.13\fileHashes)"        [_thread_blocked, id=32756, stack(0x000000df84d00000,0x000000df84e00000) (1024K)]
  0x0000029927be6700 JavaThread "Cache worker for file hash cache (C:\Users\rishabh.jain\AndroidStudioProjects\VendorApplication\.gradle\8.13\fileHashes)"        [_thread_blocked, id=32980, stack(0x000000df84f00000,0x000000df85000000) (1024K)]
  0x0000029927be94f0 JavaThread "Cache worker for Build Output Cleanup Cache (C:\Users\rishabh.jain\AndroidStudioProjects\VendorApplication\.gradle\buildOutputCleanup)"        [_thread_blocked, id=30532, stack(0x000000df85000000,0x000000df85100000) (1024K)]
  0x0000029927be6d90 JavaThread "File watcher server"        daemon [_thread_in_native, id=28488, stack(0x000000df85100000,0x000000df85200000) (1024K)]
  0x0000029928718d40 JavaThread "File watcher consumer"      daemon [_thread_blocked, id=18600, stack(0x000000df85200000,0x000000df85300000) (1024K)]
  0x0000029928719a60 JavaThread "jar transforms"                    [_thread_blocked, id=30560, stack(0x000000df85400000,0x000000df85500000) (1024K)]
  0x000002992871ae10 JavaThread "jar transforms Thread 2"           [_thread_blocked, id=28236, stack(0x000000df85500000,0x000000df85600000) (1024K)]
  0x00000299287193d0 JavaThread "jar transforms Thread 3"           [_thread_blocked, id=14468, stack(0x000000df85600000,0x000000df85700000) (1024K)]
  0x000002992871b4a0 JavaThread "jar transforms Thread 4"           [_thread_blocked, id=35208, stack(0x000000df85700000,0x000000df85800000) (1024K)]
  0x000002992871bb30 JavaThread "jar transforms Thread 5"           [_thread_blocked, id=8340, stack(0x000000df85800000,0x000000df85900000) (1024K)]
  0x000002992871a780 JavaThread "jar transforms Thread 6"           [_thread_blocked, id=15076, stack(0x000000df85900000,0x000000df85a00000) (1024K)]
  0x000002992871c850 JavaThread "jar transforms Thread 7"           [_thread_blocked, id=20860, stack(0x000000df85a00000,0x000000df85b00000) (1024K)]
  0x000002992871a0f0 JavaThread "jar transforms Thread 8"           [_thread_blocked, id=16976, stack(0x000000df85b00000,0x000000df85c00000) (1024K)]
  0x000002992871e920 JavaThread "jar transforms Thread 9"           [_thread_blocked, id=25564, stack(0x000000df85c00000,0x000000df85d00000) (1024K)]
  0x000002992871efb0 JavaThread "jar transforms Thread 10"          [_thread_blocked, id=17100, stack(0x000000df85d00000,0x000000df85e00000) (1024K)]
  0x000002992871f640 JavaThread "jar transforms Thread 11"          [_thread_blocked, id=27616, stack(0x000000df85e00000,0x000000df85f00000) (1024K)]
  0x000002992871c1c0 JavaThread "jar transforms Thread 12"          [_thread_blocked, id=22172, stack(0x000000df85f00000,0x000000df86000000) (1024K)]
  0x00000299281493c0 JavaThread "C2 CompilerThread1"         daemon [_thread_blocked, id=26376, stack(0x000000df84e00000,0x000000df84f00000) (1024K)]
  0x000002992871d570 JavaThread "Cache worker for checksums cache (C:\Users\rishabh.jain\AndroidStudioProjects\VendorApplication\.gradle\8.13\checksums)"        [_thread_blocked, id=3316, stack(0x000000df86000000,0x000000df86100000) (1024K)]
  0x000002992871dc00 JavaThread "Cache worker for file content cache (C:\Users\rishabh.jain\.gradle\caches\8.13\fileContent)"        [_thread_blocked, id=9272, stack(0x000000df86100000,0x000000df86200000) (1024K)]
  0x000002992b0502f0 JavaThread "Cache worker for cache directory md-supplier (C:\Users\rishabh.jain\.gradle\caches\8.13\md-supplier)"        [_thread_blocked, id=18344, stack(0x000000df86200000,0x000000df86300000) (1024K)]
  0x000002992b0523c0 JavaThread "Cache worker for cache directory md-rule (C:\Users\rishabh.jain\.gradle\caches\8.13\md-rule)"        [_thread_blocked, id=7164, stack(0x000000df86300000,0x000000df86400000) (1024K)]
  0x000002992b052a50 JavaThread "Unconstrained build operations"        [_thread_blocked, id=12716, stack(0x000000df86400000,0x000000df86500000) (1024K)]
  0x000002992b051010 JavaThread "Unconstrained build operations Thread 2"        [_thread_blocked, id=26872, stack(0x000000df86500000,0x000000df86600000) (1024K)]
  0x000002992b0530e0 JavaThread "Unconstrained build operations Thread 3"        [_thread_blocked, id=21280, stack(0x000000df86600000,0x000000df86700000) (1024K)]
  0x000002992b04fc60 JavaThread "Unconstrained build operations Thread 4"        [_thread_blocked, id=17816, stack(0x000000df86700000,0x000000df86800000) (1024K)]
  0x000002992b050980 JavaThread "Unconstrained build operations Thread 5"        [_thread_blocked, id=36048, stack(0x000000df86800000,0x000000df86900000) (1024K)]
  0x000002992b054490 JavaThread "Unconstrained build operations Thread 6"        [_thread_blocked, id=26876, stack(0x000000df86900000,0x000000df86a00000) (1024K)]
  0x000002992b056560 JavaThread "Unconstrained build operations Thread 7"        [_thread_blocked, id=6800, stack(0x000000df86a00000,0x000000df86b00000) (1024K)]
  0x000002992b053e00 JavaThread "Unconstrained build operations Thread 8"        [_thread_blocked, id=29744, stack(0x000000df86b00000,0x000000df86c00000) (1024K)]
  0x000002992b054b20 JavaThread "Unconstrained build operations Thread 9"        [_thread_blocked, id=30184, stack(0x000000df86c00000,0x000000df86d00000) (1024K)]
  0x000002992b056bf0 JavaThread "Unconstrained build operations Thread 10"        [_thread_blocked, id=13576, stack(0x000000df86d00000,0x000000df86e00000) (1024K)]
  0x000002992b057280 JavaThread "Unconstrained build operations Thread 11"        [_thread_blocked, id=20876, stack(0x000000df86e00000,0x000000df86f00000) (1024K)]
  0x000002992b055ed0 JavaThread "Unconstrained build operations Thread 12"        [_thread_blocked, id=32800, stack(0x000000df86f00000,0x000000df87000000) (1024K)]
  0x000002992b0551b0 JavaThread "Unconstrained build operations Thread 13"        [_thread_blocked, id=31780, stack(0x000000df87000000,0x000000df87100000) (1024K)]
  0x000002992b055840 JavaThread "Unconstrained build operations Thread 14"        [_thread_blocked, id=4256, stack(0x000000df87100000,0x000000df87200000) (1024K)]
  0x0000029928720360 JavaThread "Unconstrained build operations Thread 15"        [_thread_blocked, id=33844, stack(0x000000df87200000,0x000000df87300000) (1024K)]
  0x000002992b0f7dc0 JavaThread "Unconstrained build operations Thread 16"        [_thread_blocked, id=28136, stack(0x000000df87300000,0x000000df87400000) (1024K)]
  0x000002992b0fa520 JavaThread "Unconstrained build operations Thread 17"        [_thread_blocked, id=1144, stack(0x000000df87400000,0x000000df87500000) (1024K)]
  0x000002992b0f8450 JavaThread "Unconstrained build operations Thread 18"        [_thread_blocked, id=6640, stack(0x000000df87500000,0x000000df87600000) (1024K)]
  0x000002992b0f70a0 JavaThread "Unconstrained build operations Thread 19"        [_thread_blocked, id=23428, stack(0x000000df87600000,0x000000df87700000) (1024K)]
  0x000002992b0f8ae0 JavaThread "Unconstrained build operations Thread 20"        [_thread_blocked, id=36736, stack(0x000000df87700000,0x000000df87800000) (1024K)]
  0x000002992b0fabb0 JavaThread "Unconstrained build operations Thread 21"        [_thread_blocked, id=18060, stack(0x000000df87800000,0x000000df87900000) (1024K)]
  0x000002992b0f9170 JavaThread "Unconstrained build operations Thread 22"        [_thread_blocked, id=21632, stack(0x000000df87900000,0x000000df87a00000) (1024K)]
  0x000002992b0f9e90 JavaThread "Unconstrained build operations Thread 23"        [_thread_blocked, id=10972, stack(0x000000df87a00000,0x000000df87b00000) (1024K)]
  0x0000029929dd7fc0 JavaThread "C2 CompilerThread2"         daemon [_thread_blocked, id=23720, stack(0x000000df85300000,0x000000df85400000) (1024K)]
Total: 69

Other Threads:
=>0x00000299216bbe70 VMThread "VM Thread"                           [id=32156, stack(0x000000df82b00000,0x000000df82c00000) (1024K)]
  0x00000299216a0090 WatcherThread "VM Periodic Task Thread"        [id=18492, stack(0x000000df82a00000,0x000000df82b00000) (1024K)]
  0x0000029909c527d0 WorkerThread "GC Thread#0"                     [id=32732, stack(0x000000df82500000,0x000000df82600000) (1024K)]
  0x0000029926361a50 WorkerThread "GC Thread#1"                     [id=3304, stack(0x000000df83800000,0x000000df83900000) (1024K)]
  0x00000299262c2380 WorkerThread "GC Thread#2"                     [id=23548, stack(0x000000df83900000,0x000000df83a00000) (1024K)]
  0x00000299262c2720 WorkerThread "GC Thread#3"                     [id=32532, stack(0x000000df83a00000,0x000000df83b00000) (1024K)]
  0x00000299262c2ac0 WorkerThread "GC Thread#4"                     [id=12564, stack(0x000000df83b00000,0x000000df83c00000) (1024K)]
  0x0000029926192600 WorkerThread "GC Thread#5"                     [id=21604, stack(0x000000df83c00000,0x000000df83d00000) (1024K)]
  0x00000299279eeea0 WorkerThread "GC Thread#6"                     [id=31968, stack(0x000000df83600000,0x000000df83700000) (1024K)]
  0x0000029927994b80 WorkerThread "GC Thread#7"                     [id=31360, stack(0x000000df83700000,0x000000df83800000) (1024K)]
  0x000002992799b4c0 WorkerThread "GC Thread#8"                     [id=36796, stack(0x000000df83d00000,0x000000df83e00000) (1024K)]
  0x0000029927ad4d80 WorkerThread "GC Thread#9"                     [id=3620, stack(0x000000df84800000,0x000000df84900000) (1024K)]
  0x0000029909c636c0 ConcurrentGCThread "G1 Main Marker"            [id=18812, stack(0x000000df82600000,0x000000df82700000) (1024K)]
  0x0000029909c640d0 WorkerThread "G1 Conc#0"                       [id=33912, stack(0x000000df82700000,0x000000df82800000) (1024K)]
  0x0000029927ad5120 WorkerThread "G1 Conc#1"                       [id=31560, stack(0x000000df84900000,0x000000df84a00000) (1024K)]
  0x0000029927ad54c0 WorkerThread "G1 Conc#2"                       [id=34044, stack(0x000000df84a00000,0x000000df84b00000) (1024K)]
  0x0000029921542e20 ConcurrentGCThread "G1 Refine#0"               [id=34728, stack(0x000000df82800000,0x000000df82900000) (1024K)]
  0x0000029921544b50 ConcurrentGCThread "G1 Service"                [id=30800, stack(0x000000df82900000,0x000000df82a00000) (1024K)]
Total: 18

Threads with active compile tasks:
C2 CompilerThread2  12436 6251   !   4       java.net.URLClassLoader$1::run (81 bytes)
Total: 1

VM state: at safepoint (normal execution)

VM Mutex/Monitor currently owned by a thread:  ([mutex/lock_event])
[0x00007ffd2148e3a0] Threads_lock - owner thread: 0x00000299216bbe70
[0x00007ffd2148e4a0] Heap_lock - owner thread: 0x0000029927910330

Heap address: 0x0000000080000000, size: 2048 MB, Compressed Oops mode: 32-bit

CDS archive(s) not mapped
Compressed class space mapped at: 0x0000000100000000-0x0000000140000000, reserved size: 1073741824
Narrow klass base: 0x0000000000000000, Narrow klass shift: 3, Narrow klass range: 0x140000000

GC Precious Log:
 CardTable entry size: 512
 Card Set container configuration: InlinePtr #cards 5 size 8 Array Of Cards #cards 12 size 40 Howl #buckets 4 coarsen threshold 1843 Howl Bitmap #cards 512 size 80 coarsen threshold 460 Card regions per heap region 1 cards per card region 2048
 CPUs: 12 total, 12 available
 Memory: 16066M
 Large Page Support: Disabled
 NUMA Support: Disabled
 Compressed Oops: Enabled (32-bit)
 Heap Region Size: 1M
 Heap Min Capacity: 8M
 Heap Initial Capacity: 252M
 Heap Max Capacity: 2G
 Pre-touch: Disabled
 Parallel Workers: 10
 Concurrent Workers: 3
 Concurrent Refinement Workers: 10
 Periodic GC: Disabled

Heap:
 garbage-first heap   total 163840K, used 100773K [0x0000000080000000, 0x0000000100000000)
  region size 1024K, 5 young (5120K), 5 survivors (5120K)
 Metaspace       used 68191K, committed 70016K, reserved 1114112K
  class space    used 9232K, committed 10112K, reserved 1048576K

Heap Regions: E=young(eden), S=young(survivor), O=old, HS=humongous(starts), HC=humongous(continues), CS=collection set, F=free, TAMS=top-at-mark-start, PB=parsable bottom
|   0|0x0000000080000000, 0x0000000080100000, 0x0000000080100000|100%|HS|  |TAMS 0x0000000080000000| PB 0x0000000080000000| Complete 
|   1|0x0000000080100000, 0x0000000080200000, 0x0000000080200000|100%|HC|  |TAMS 0x0000000080100000| PB 0x0000000080100000| Complete 
|   2|0x0000000080200000, 0x0000000080300000, 0x0000000080300000|100%|HC|  |TAMS 0x0000000080200000| PB 0x0000000080200000| Complete 
|   3|0x0000000080300000, 0x0000000080400000, 0x0000000080400000|100%| O|  |TAMS 0x0000000080300000| PB 0x0000000080300000| Untracked 
|   4|0x0000000080400000, 0x0000000080500000, 0x0000000080500000|100%| O|  |TAMS 0x0000000080400000| PB 0x0000000080400000| Untracked 
|   5|0x0000000080500000, 0x0000000080600000, 0x0000000080600000|100%| O|  |TAMS 0x0000000080500000| PB 0x0000000080500000| Untracked 
|   6|0x0000000080600000, 0x0000000080700000, 0x0000000080700000|100%|HS|  |TAMS 0x0000000080600000| PB 0x0000000080600000| Complete 
|   7|0x0000000080700000, 0x0000000080800000, 0x0000000080800000|100%| O|  |TAMS 0x0000000080700000| PB 0x0000000080700000| Untracked 
|   8|0x0000000080800000, 0x0000000080900000, 0x0000000080900000|100%| O|  |TAMS 0x0000000080800000| PB 0x0000000080800000| Untracked 
|   9|0x0000000080900000, 0x0000000080a00000, 0x0000000080a00000|100%| O|  |TAMS 0x0000000080900000| PB 0x0000000080900000| Untracked 
|  10|0x0000000080a00000, 0x0000000080b00000, 0x0000000080b00000|100%| O|  |TAMS 0x0000000080a00000| PB 0x0000000080a00000| Untracked 
|  11|0x0000000080b00000, 0x0000000080c00000, 0x0000000080c00000|100%| O|  |TAMS 0x0000000080b00000| PB 0x0000000080b00000| Untracked 
|  12|0x0000000080c00000, 0x0000000080d00000, 0x0000000080d00000|100%| O|  |TAMS 0x0000000080c00000| PB 0x0000000080c00000| Untracked 
|  13|0x0000000080d00000, 0x0000000080e00000, 0x0000000080e00000|100%| O|  |TAMS 0x0000000080d00000| PB 0x0000000080d00000| Untracked 
|  14|0x0000000080e00000, 0x0000000080f00000, 0x0000000080f00000|100%| O|  |TAMS 0x0000000080e00000| PB 0x0000000080e00000| Untracked 
|  15|0x0000000080f00000, 0x0000000081000000, 0x0000000081000000|100%| O|  |TAMS 0x0000000080f00000| PB 0x0000000080f00000| Untracked 
|  16|0x0000000081000000, 0x0000000081100000, 0x0000000081100000|100%| O|  |TAMS 0x0000000081000000| PB 0x0000000081000000| Untracked 
|  17|0x0000000081100000, 0x0000000081200000, 0x0000000081200000|100%| O|  |TAMS 0x0000000081100000| PB 0x0000000081100000| Untracked 
|  18|0x0000000081200000, 0x0000000081300000, 0x0000000081300000|100%| O|  |TAMS 0x0000000081200000| PB 0x0000000081200000| Untracked 
|  19|0x0000000081300000, 0x000000008138c748, 0x0000000081400000| 54%| O|  |TAMS 0x0000000081300000| PB 0x0000000081300000| Untracked 
|  20|0x0000000081400000, 0x0000000081500000, 0x0000000081500000|100%| O|  |TAMS 0x0000000081400000| PB 0x0000000081400000| Untracked 
|  21|0x0000000081500000, 0x0000000081600000, 0x0000000081600000|100%| O|  |TAMS 0x0000000081500000| PB 0x0000000081500000| Untracked 
|  22|0x0000000081600000, 0x0000000081700000, 0x0000000081700000|100%|HS|  |TAMS 0x0000000081600000| PB 0x0000000081600000| Complete 
|  23|0x0000000081700000, 0x0000000081800000, 0x0000000081800000|100%|HC|  |TAMS 0x0000000081700000| PB 0x0000000081700000| Complete 
|  24|0x0000000081800000, 0x0000000081900000, 0x0000000081900000|100%|HC|  |TAMS 0x0000000081800000| PB 0x0000000081800000| Complete 
|  25|0x0000000081900000, 0x0000000081a00000, 0x0000000081a00000|100%|HC|  |TAMS 0x0000000081900000| PB 0x0000000081900000| Complete 
|  26|0x0000000081a00000, 0x0000000081b00000, 0x0000000081b00000|100%|HC|  |TAMS 0x0000000081a00000| PB 0x0000000081a00000| Complete 
|  27|0x0000000081b00000, 0x0000000081c00000, 0x0000000081c00000|100%|HC|  |TAMS 0x0000000081b00000| PB 0x0000000081b00000| Complete 
|  28|0x0000000081c00000, 0x0000000081d00000, 0x0000000081d00000|100%|HS|  |TAMS 0x0000000081c00000| PB 0x0000000081c00000| Complete 
|  29|0x0000000081d00000, 0x0000000081e00000, 0x0000000081e00000|100%|HS|  |TAMS 0x0000000081d00000| PB 0x0000000081d00000| Complete 
|  30|0x0000000081e00000, 0x0000000081f00000, 0x0000000081f00000|100%|HC|  |TAMS 0x0000000081e00000| PB 0x0000000081e00000| Complete 
|  31|0x0000000081f00000, 0x0000000082000000, 0x0000000082000000|100%|HC|  |TAMS 0x0000000081f00000| PB 0x0000000081f00000| Complete 
|  32|0x0000000082000000, 0x0000000082100000, 0x0000000082100000|100%|HC|  |TAMS 0x0000000082000000| PB 0x0000000082000000| Complete 
|  33|0x0000000082100000, 0x0000000082200000, 0x0000000082200000|100%|HS|  |TAMS 0x0000000082100000| PB 0x0000000082100000| Complete 
|  34|0x0000000082200000, 0x0000000082300000, 0x0000000082300000|100%|HC|  |TAMS 0x0000000082200000| PB 0x0000000082200000| Complete 
|  35|0x0000000082300000, 0x0000000082400000, 0x0000000082400000|100%|HS|  |TAMS 0x0000000082300000| PB 0x0000000082300000| Complete 
|  36|0x0000000082400000, 0x0000000082500000, 0x0000000082500000|100%|HS|  |TAMS 0x0000000082400000| PB 0x0000000082400000| Complete 
|  37|0x0000000082500000, 0x0000000082600000, 0x0000000082600000|100%|HC|  |TAMS 0x0000000082500000| PB 0x0000000082500000| Complete 
|  38|0x0000000082600000, 0x0000000082700000, 0x0000000082700000|100%|HC|  |TAMS 0x0000000082600000| PB 0x0000000082600000| Complete 
|  39|0x0000000082700000, 0x0000000082800000, 0x0000000082800000|100%|HC|  |TAMS 0x0000000082700000| PB 0x0000000082700000| Complete 
|  40|0x0000000082800000, 0x0000000082900000, 0x0000000082900000|100%|HC|  |TAMS 0x0000000082800000| PB 0x0000000082800000| Complete 
|  41|0x0000000082900000, 0x0000000082a00000, 0x0000000082a00000|100%|HC|  |TAMS 0x0000000082900000| PB 0x0000000082900000| Complete 
|  42|0x0000000082a00000, 0x0000000082b00000, 0x0000000082b00000|100%|HS|  |TAMS 0x0000000082a00000| PB 0x0000000082a00000| Complete 
|  43|0x0000000082b00000, 0x0000000082c00000, 0x0000000082c00000|100%|HS|  |TAMS 0x0000000082b00000| PB 0x0000000082b00000| Complete 
|  44|0x0000000082c00000, 0x0000000082d00000, 0x0000000082d00000|100%|HC|  |TAMS 0x0000000082c00000| PB 0x0000000082c00000| Complete 
|  45|0x0000000082d00000, 0x0000000082e00000, 0x0000000082e00000|100%|HC|  |TAMS 0x0000000082d00000| PB 0x0000000082d00000| Complete 
|  46|0x0000000082e00000, 0x0000000082f00000, 0x0000000082f00000|100%|HC|  |TAMS 0x0000000082e00000| PB 0x0000000082e00000| Complete 
|  47|0x0000000082f00000, 0x0000000083000000, 0x0000000083000000|100%|HS|  |TAMS 0x0000000082f00000| PB 0x0000000082f00000| Complete 
|  48|0x0000000083000000, 0x0000000083100000, 0x0000000083100000|100%|HC|  |TAMS 0x0000000083000000| PB 0x0000000083000000| Complete 
|  49|0x0000000083100000, 0x0000000083200000, 0x0000000083200000|100%|HS|  |TAMS 0x0000000083100000| PB 0x0000000083100000| Complete 
|  50|0x0000000083200000, 0x0000000083300000, 0x0000000083300000|100%| O|  |TAMS 0x0000000083200000| PB 0x0000000083200000| Untracked 
|  51|0x0000000083300000, 0x0000000083400000, 0x0000000083400000|100%| O|  |TAMS 0x0000000083300000| PB 0x0000000083300000| Untracked 
|  52|0x0000000083400000, 0x0000000083500000, 0x0000000083500000|100%| O|  |TAMS 0x0000000083400000| PB 0x0000000083400000| Untracked 
|  53|0x0000000083500000, 0x0000000083600000, 0x0000000083600000|100%| O|  |TAMS 0x0000000083500000| PB 0x0000000083500000| Untracked 
|  54|0x0000000083600000, 0x0000000083700000, 0x0000000083700000|100%| O|  |TAMS 0x0000000083600000| PB 0x0000000083600000| Untracked 
|  55|0x0000000083700000, 0x0000000083800000, 0x0000000083800000|100%| O|  |TAMS 0x0000000083700000| PB 0x0000000083700000| Untracked 
|  56|0x0000000083800000, 0x0000000083900000, 0x0000000083900000|100%| O|Cm|TAMS 0x0000000083800000| PB 0x0000000083800000| Complete 
|  57|0x0000000083900000, 0x0000000083a00000, 0x0000000083a00000|100%| O|  |TAMS 0x0000000083900000| PB 0x0000000083900000| Untracked 
|  58|0x0000000083a00000, 0x0000000083b00000, 0x0000000083b00000|100%| O|  |TAMS 0x0000000083a00000| PB 0x0000000083a00000| Untracked 
|  59|0x0000000083b00000, 0x0000000083c00000, 0x0000000083c00000|100%| O|Cm|TAMS 0x0000000083b00000| PB 0x0000000083b00000| Complete 
|  60|0x0000000083c00000, 0x0000000083d00000, 0x0000000083d00000|100%| O|  |TAMS 0x0000000083c00000| PB 0x0000000083c00000| Untracked 
|  61|0x0000000083d00000, 0x0000000083e00000, 0x0000000083e00000|100%| O|  |TAMS 0x0000000083d00000| PB 0x0000000083d00000| Untracked 
|  62|0x0000000083e00000, 0x0000000083f00000, 0x0000000083f00000|100%|HS|  |TAMS 0x0000000083e00000| PB 0x0000000083e00000| Complete 
|  63|0x0000000083f00000, 0x0000000084000000, 0x0000000084000000|100%|HC|  |TAMS 0x0000000083f00000| PB 0x0000000083f00000| Complete 
|  64|0x0000000084000000, 0x0000000084100000, 0x0000000084100000|100%|HS|  |TAMS 0x0000000084000000| PB 0x0000000084000000| Complete 
|  65|0x0000000084100000, 0x0000000084200000, 0x0000000084200000|100%|HS|  |TAMS 0x0000000084100000| PB 0x0000000084100000| Complete 
|  66|0x0000000084200000, 0x0000000084300000, 0x0000000084300000|100%| O|  |TAMS 0x0000000084200000| PB 0x0000000084200000| Untracked 
|  67|0x0000000084300000, 0x0000000084400000, 0x0000000084400000|100%|HS|  |TAMS 0x0000000084300000| PB 0x0000000084300000| Complete 
|  68|0x0000000084400000, 0x0000000084500000, 0x0000000084500000|100%|HC|  |TAMS 0x0000000084400000| PB 0x0000000084400000| Complete 
|  69|0x0000000084500000, 0x0000000084600000, 0x0000000084600000|100%|HC|  |TAMS 0x0000000084500000| PB 0x0000000084500000| Complete 
|  70|0x0000000084600000, 0x0000000084700000, 0x0000000084700000|100%|HC|  |TAMS 0x0000000084600000| PB 0x0000000084600000| Complete 
|  71|0x0000000084700000, 0x0000000084800000, 0x0000000084800000|100%|HC|  |TAMS 0x0000000084700000| PB 0x0000000084700000| Complete 
|  72|0x0000000084800000, 0x0000000084900000, 0x0000000084900000|100%|HC|  |TAMS 0x0000000084800000| PB 0x0000000084800000| Complete 
|  73|0x0000000084900000, 0x0000000084900000, 0x0000000084a00000|  0%| F|  |TAMS 0x0000000084900000| PB 0x0000000084900000| Untracked 
|  74|0x0000000084a00000, 0x0000000084a00000, 0x0000000084b00000|  0%| F|  |TAMS 0x0000000084a00000| PB 0x0000000084a00000| Untracked 
|  75|0x0000000084b00000, 0x0000000084c00000, 0x0000000084c00000|100%| O|  |TAMS 0x0000000084b00000| PB 0x0000000084b00000| Untracked 
|  76|0x0000000084c00000, 0x0000000084d00000, 0x0000000084d00000|100%| O|  |TAMS 0x0000000084c00000| PB 0x0000000084c00000| Untracked 
|  77|0x0000000084d00000, 0x0000000084e00000, 0x0000000084e00000|100%| O|  |TAMS 0x0000000084d00000| PB 0x0000000084d00000| Untracked 
|  78|0x0000000084e00000, 0x0000000084f00000, 0x0000000084f00000|100%| O|  |TAMS 0x0000000084e00000| PB 0x0000000084e00000| Untracked 
|  79|0x0000000084f00000, 0x0000000085000000, 0x0000000085000000|100%| O|  |TAMS 0x0000000084f00000| PB 0x0000000084f00000| Untracked 
|  80|0x0000000085000000, 0x0000000085100000, 0x0000000085100000|100%|HS|  |TAMS 0x0000000085000000| PB 0x0000000085000000| Complete 
|  81|0x0000000085100000, 0x0000000085200000, 0x0000000085200000|100%|HC|  |TAMS 0x0000000085100000| PB 0x0000000085100000| Complete 
|  82|0x0000000085200000, 0x0000000085300000, 0x0000000085300000|100%|HC|  |TAMS 0x0000000085200000| PB 0x0000000085200000| Complete 
|  83|0x0000000085300000, 0x0000000085400000, 0x0000000085400000|100%|HC|  |TAMS 0x0000000085300000| PB 0x0000000085300000| Complete 
|  84|0x0000000085400000, 0x0000000085500000, 0x0000000085500000|100%|HC|  |TAMS 0x0000000085400000| PB 0x0000000085400000| Complete 
|  85|0x0000000085500000, 0x0000000085600000, 0x0000000085600000|100%|HC|  |TAMS 0x0000000085500000| PB 0x0000000085500000| Complete 
|  86|0x0000000085600000, 0x0000000085700000, 0x0000000085700000|100%| O|  |TAMS 0x0000000085600000| PB 0x0000000085600000| Untracked 
|  87|0x0000000085700000, 0x0000000085800000, 0x0000000085800000|100%| O|  |TAMS 0x0000000085700000| PB 0x0000000085700000| Untracked 
|  88|0x0000000085800000, 0x0000000085900000, 0x0000000085900000|100%| O|  |TAMS 0x0000000085800000| PB 0x0000000085800000| Untracked 
|  89|0x0000000085900000, 0x0000000085900000, 0x0000000085a00000|  0%| F|  |TAMS 0x0000000085900000| PB 0x0000000085900000| Untracked 
|  90|0x0000000085a00000, 0x0000000085a00000, 0x0000000085b00000|  0%| F|  |TAMS 0x0000000085a00000| PB 0x0000000085a00000| Untracked 
|  91|0x0000000085b00000, 0x0000000085b00000, 0x0000000085c00000|  0%| F|  |TAMS 0x0000000085b00000| PB 0x0000000085b00000| Untracked 
|  92|0x0000000085c00000, 0x0000000085c00000, 0x0000000085d00000|  0%| F|  |TAMS 0x0000000085c00000| PB 0x0000000085c00000| Untracked 
|  93|0x0000000085d00000, 0x0000000085d00000, 0x0000000085e00000|  0%| F|  |TAMS 0x0000000085d00000| PB 0x0000000085d00000| Untracked 
|  94|0x0000000085e00000, 0x0000000085e00000, 0x0000000085f00000|  0%| F|  |TAMS 0x0000000085e00000| PB 0x0000000085e00000| Untracked 
|  95|0x0000000085f00000, 0x0000000085f00000, 0x0000000086000000|  0%| F|  |TAMS 0x0000000085f00000| PB 0x0000000085f00000| Untracked 
|  96|0x0000000086000000, 0x0000000086000000, 0x0000000086100000|  0%| F|  |TAMS 0x0000000086000000| PB 0x0000000086000000| Untracked 
|  97|0x0000000086100000, 0x0000000086100000, 0x0000000086200000|  0%| F|  |TAMS 0x0000000086100000| PB 0x0000000086100000| Untracked 
|  98|0x0000000086200000, 0x0000000086200000, 0x0000000086300000|  0%| F|  |TAMS 0x0000000086200000| PB 0x0000000086200000| Untracked 
|  99|0x0000000086300000, 0x0000000086300000, 0x0000000086400000|  0%| F|  |TAMS 0x0000000086300000| PB 0x0000000086300000| Untracked 
| 100|0x0000000086400000, 0x0000000086400000, 0x0000000086500000|  0%| F|  |TAMS 0x0000000086400000| PB 0x0000000086400000| Untracked 
| 101|0x0000000086500000, 0x0000000086500000, 0x0000000086600000|  0%| F|  |TAMS 0x0000000086500000| PB 0x0000000086500000| Untracked 
| 102|0x0000000086600000, 0x0000000086600000, 0x0000000086700000|  0%| F|  |TAMS 0x0000000086600000| PB 0x0000000086600000| Untracked 
| 103|0x0000000086700000, 0x0000000086700000, 0x0000000086800000|  0%| F|  |TAMS 0x0000000086700000| PB 0x0000000086700000| Untracked 
| 104|0x0000000086800000, 0x0000000086800000, 0x0000000086900000|  0%| F|  |TAMS 0x0000000086800000| PB 0x0000000086800000| Untracked 
| 105|0x0000000086900000, 0x0000000086900000, 0x0000000086a00000|  0%| F|  |TAMS 0x0000000086900000| PB 0x0000000086900000| Untracked 
| 106|0x0000000086a00000, 0x0000000086a00000, 0x0000000086b00000|  0%| F|  |TAMS 0x0000000086a00000| PB 0x0000000086a00000| Untracked 
| 107|0x0000000086b00000, 0x0000000086b00000, 0x0000000086c00000|  0%| F|  |TAMS 0x0000000086b00000| PB 0x0000000086b00000| Untracked 
| 108|0x0000000086c00000, 0x0000000086c00000, 0x0000000086d00000|  0%| F|  |TAMS 0x0000000086c00000| PB 0x0000000086c00000| Untracked 
| 109|0x0000000086d00000, 0x0000000086d00000, 0x0000000086e00000|  0%| F|  |TAMS 0x0000000086d00000| PB 0x0000000086d00000| Untracked 
| 110|0x0000000086e00000, 0x0000000086e00000, 0x0000000086f00000|  0%| F|  |TAMS 0x0000000086e00000| PB 0x0000000086e00000| Untracked 
| 111|0x0000000086f00000, 0x0000000086f00000, 0x0000000087000000|  0%| F|  |TAMS 0x0000000086f00000| PB 0x0000000086f00000| Untracked 
| 112|0x0000000087000000, 0x0000000087000000, 0x0000000087100000|  0%| F|  |TAMS 0x0000000087000000| PB 0x0000000087000000| Untracked 
| 113|0x0000000087100000, 0x0000000087100000, 0x0000000087200000|  0%| F|  |TAMS 0x0000000087100000| PB 0x0000000087100000| Untracked 
| 114|0x0000000087200000, 0x00000000872dcdc0, 0x0000000087300000| 86%| S|CS|TAMS 0x0000000087200000| PB 0x0000000087200000| Complete 
| 115|0x0000000087300000, 0x0000000087400000, 0x0000000087400000|100%| S|CS|TAMS 0x0000000087300000| PB 0x0000000087300000| Complete 
| 116|0x0000000087400000, 0x0000000087500000, 0x0000000087500000|100%| S|CS|TAMS 0x0000000087400000| PB 0x0000000087400000| Complete 
| 117|0x0000000087500000, 0x0000000087600000, 0x0000000087600000|100%| S|CS|TAMS 0x0000000087500000| PB 0x0000000087500000| Complete 
| 118|0x0000000087600000, 0x0000000087700000, 0x0000000087700000|100%| S|CS|TAMS 0x0000000087600000| PB 0x0000000087600000| Complete 
| 119|0x0000000087700000, 0x0000000087700000, 0x0000000087800000|  0%| F|  |TAMS 0x0000000087700000| PB 0x0000000087700000| Untracked 
| 120|0x0000000087800000, 0x0000000087800000, 0x0000000087900000|  0%| F|  |TAMS 0x0000000087800000| PB 0x0000000087800000| Untracked 
| 121|0x0000000087900000, 0x0000000087900000, 0x0000000087a00000|  0%| F|  |TAMS 0x0000000087900000| PB 0x0000000087900000| Untracked 
| 122|0x0000000087a00000, 0x0000000087a00000, 0x0000000087b00000|  0%| F|  |TAMS 0x0000000087a00000| PB 0x0000000087a00000| Untracked 
| 123|0x0000000087b00000, 0x0000000087b00000, 0x0000000087c00000|  0%| F|  |TAMS 0x0000000087b00000| PB 0x0000000087b00000| Untracked 
| 124|0x0000000087c00000, 0x0000000087c00000, 0x0000000087d00000|  0%| F|  |TAMS 0x0000000087c00000| PB 0x0000000087c00000| Untracked 
| 125|0x0000000087d00000, 0x0000000087d00000, 0x0000000087e00000|  0%| F|  |TAMS 0x0000000087d00000| PB 0x0000000087d00000| Untracked 
| 126|0x0000000087e00000, 0x0000000087e00000, 0x0000000087f00000|  0%| F|  |TAMS 0x0000000087e00000| PB 0x0000000087e00000| Untracked 
| 127|0x0000000087f00000, 0x0000000087f00000, 0x0000000088000000|  0%| F|  |TAMS 0x0000000087f00000| PB 0x0000000087f00000| Untracked 
| 128|0x0000000088000000, 0x0000000088000000, 0x0000000088100000|  0%| F|  |TAMS 0x0000000088000000| PB 0x0000000088000000| Untracked 
| 129|0x0000000088100000, 0x0000000088100000, 0x0000000088200000|  0%| F|  |TAMS 0x0000000088100000| PB 0x0000000088100000| Untracked 
| 130|0x0000000088200000, 0x0000000088200000, 0x0000000088300000|  0%| F|  |TAMS 0x0000000088200000| PB 0x0000000088200000| Untracked 
| 131|0x0000000088300000, 0x0000000088300000, 0x0000000088400000|  0%| F|  |TAMS 0x0000000088300000| PB 0x0000000088300000| Untracked 
| 132|0x0000000088400000, 0x0000000088400000, 0x0000000088500000|  0%| F|  |TAMS 0x0000000088400000| PB 0x0000000088400000| Untracked 
| 133|0x0000000088500000, 0x0000000088500000, 0x0000000088600000|  0%| F|  |TAMS 0x0000000088500000| PB 0x0000000088500000| Untracked 
| 134|0x0000000088600000, 0x0000000088600000, 0x0000000088700000|  0%| F|  |TAMS 0x0000000088600000| PB 0x0000000088600000| Untracked 
| 135|0x0000000088700000, 0x0000000088700000, 0x0000000088800000|  0%| F|  |TAMS 0x0000000088700000| PB 0x0000000088700000| Untracked 
| 136|0x0000000088800000, 0x0000000088800000, 0x0000000088900000|  0%| F|  |TAMS 0x0000000088800000| PB 0x0000000088800000| Untracked 
| 137|0x0000000088900000, 0x0000000088900000, 0x0000000088a00000|  0%| F|  |TAMS 0x0000000088900000| PB 0x0000000088900000| Untracked 
| 138|0x0000000088a00000, 0x0000000088a00000, 0x0000000088b00000|  0%| F|  |TAMS 0x0000000088a00000| PB 0x0000000088a00000| Untracked 
| 139|0x0000000088b00000, 0x0000000088b00000, 0x0000000088c00000|  0%| F|  |TAMS 0x0000000088b00000| PB 0x0000000088b00000| Untracked 
| 140|0x0000000088c00000, 0x0000000088c00000, 0x0000000088d00000|  0%| F|  |TAMS 0x0000000088c00000| PB 0x0000000088c00000| Untracked 
| 221|0x000000008dd00000, 0x000000008dd00000, 0x000000008de00000|  0%| F|  |TAMS 0x000000008dd00000| PB 0x000000008dd00000| Untracked 
| 222|0x000000008de00000, 0x000000008de00000, 0x000000008df00000|  0%| F|  |TAMS 0x000000008de00000| PB 0x000000008de00000| Untracked 
| 223|0x000000008df00000, 0x000000008df00000, 0x000000008e000000|  0%| F|  |TAMS 0x000000008df00000| PB 0x000000008df00000| Untracked 
| 224|0x000000008e000000, 0x000000008e000000, 0x000000008e100000|  0%| F|  |TAMS 0x000000008e000000| PB 0x000000008e000000| Untracked 
| 225|0x000000008e100000, 0x000000008e100000, 0x000000008e200000|  0%| F|  |TAMS 0x000000008e100000| PB 0x000000008e100000| Untracked 
| 226|0x000000008e200000, 0x000000008e200000, 0x000000008e300000|  0%| F|  |TAMS 0x000000008e200000| PB 0x000000008e200000| Untracked 
| 227|0x000000008e300000, 0x000000008e300000, 0x000000008e400000|  0%| F|  |TAMS 0x000000008e300000| PB 0x000000008e300000| Untracked 
| 228|0x000000008e400000, 0x000000008e400000, 0x000000008e500000|  0%| F|  |TAMS 0x000000008e400000| PB 0x000000008e400000| Untracked 
| 229|0x000000008e500000, 0x000000008e500000, 0x000000008e600000|  0%| F|  |TAMS 0x000000008e500000| PB 0x000000008e500000| Untracked 
| 250|0x000000008fa00000, 0x000000008fa00000, 0x000000008fb00000|  0%| F|  |TAMS 0x000000008fa00000| PB 0x000000008fa00000| Untracked 
| 251|0x000000008fb00000, 0x000000008fb00000, 0x000000008fc00000|  0%| F|  |TAMS 0x000000008fb00000| PB 0x000000008fb00000| Untracked 
|2040|0x00000000ff800000, 0x00000000ff900000, 0x00000000ff900000|100%| O|  |TAMS 0x00000000ff800000| PB 0x00000000ff800000| Untracked 
|2041|0x00000000ff900000, 0x00000000ffa00000, 0x00000000ffa00000|100%| O|  |TAMS 0x00000000ff900000| PB 0x00000000ff900000| Untracked 
|2042|0x00000000ffa00000, 0x00000000ffb00000, 0x00000000ffb00000|100%| O|  |TAMS 0x00000000ffa00000| PB 0x00000000ffa00000| Untracked 
|2043|0x00000000ffb00000, 0x00000000ffc00000, 0x00000000ffc00000|100%| O|  |TAMS 0x00000000ffb00000| PB 0x00000000ffb00000| Untracked 
|2044|0x00000000ffc00000, 0x00000000ffc00000, 0x00000000ffd00000|  0%| F|  |TAMS 0x00000000ffc00000| PB 0x00000000ffc00000| Untracked 
|2045|0x00000000ffd00000, 0x00000000ffe00000, 0x00000000ffe00000|100%| O|  |TAMS 0x00000000ffd00000| PB 0x00000000ffd00000| Untracked 
|2046|0x00000000ffe00000, 0x00000000fff00000, 0x00000000fff00000|100%| O|  |TAMS 0x00000000ffe00000| PB 0x00000000ffe00000| Untracked 
|2047|0x00000000fff00000, 0x0000000100000000, 0x0000000100000000|100%| O|  |TAMS 0x00000000fff00000| PB 0x00000000fff00000| Untracked 

Card table byte_map: [0x000002991c580000,0x000002991c980000] _byte_map_base: 0x000002991c180000

Marking Bits: (CMBitMap*) 0x0000029909c52de0
 Bits: [0x000002991c980000, 0x000002991e980000)

Polling page: 0x0000029907210000

Metaspace:

Usage:
  Non-class:     57.58 MB used.
      Class:      9.02 MB used.
       Both:     66.59 MB used.

Virtual space:
  Non-class space:       64.00 MB reserved,      58.50 MB ( 91%) committed,  1 nodes.
      Class space:        1.00 GB reserved,       9.88 MB ( <1%) committed,  1 nodes.
             Both:        1.06 GB reserved,      68.38 MB (  6%) committed. 

Chunk freelists:
   Non-Class:  5.53 MB
       Class:  6.14 MB
        Both:  11.67 MB

MaxMetaspaceSize: unlimited
CompressedClassSpaceSize: 1.00 GB
Initial GC threshold: 21.00 MB
Current GC threshold: 107.19 MB
CDS: off
 - commit_granule_bytes: 65536.
 - commit_granule_words: 8192.
 - virtual_space_node_default_size: 8388608.
 - enlarge_chunks_in_place: 1.
 - use_allocation_guard: 0.


Internal statistics:

num_allocs_failed_limit: 10.
num_arena_births: 3216.
num_arena_deaths: 0.
num_vsnodes_births: 2.
num_vsnodes_deaths: 0.
num_space_committed: 1094.
num_space_uncommitted: 0.
num_chunks_returned_to_freelist: 10.
num_chunks_taken_from_freelist: 6068.
num_chunk_merges: 7.
num_chunk_splits: 3905.
num_chunks_enlarged: 2397.
num_inconsistent_stats: 0.

CodeHeap 'non-profiled nmethods': size=120000Kb used=3409Kb max_used=3409Kb free=116590Kb
 bounds [0x0000029914810000, 0x0000029914b70000, 0x000002991bd40000]
CodeHeap 'profiled nmethods': size=120000Kb used=10584Kb max_used=10584Kb free=109415Kb
 bounds [0x000002990cd40000, 0x000002990d7a0000, 0x0000029914270000]
CodeHeap 'non-nmethods': size=5760Kb used=2739Kb max_used=2790Kb free=3021Kb
 bounds [0x0000029914270000, 0x0000029914540000, 0x0000029914810000]
 total_blobs=6529 nmethods=5644 adapters=789
 compilation: enabled
              stopped_count=0, restarted_count=0
 full_count=0

Compilation events (20 events):
Event: 12.286 Thread 0x000002992178d4a0 6555       3       com.google.common.collect.LinkedHashMultimap$ValueSet$1::checkForComodification (23 bytes)
Event: 12.286 Thread 0x000002992178d4a0 nmethod 6555 0x000002990d793c10 code [0x000002990d793dc0, 0x000002990d793ff0]
Event: 12.288 Thread 0x000002992175f420 nmethod 6550 0x0000029914a64710 code [0x0000029914a648e0, 0x0000029914a64d80]
Event: 12.288 Thread 0x000002992175f420 6551       4       java.util.Collections$UnmodifiableCollection::iterator (9 bytes)
Event: 12.290 Thread 0x000002992175f420 nmethod 6551 0x0000029914a64290 code [0x0000029914a64420, 0x0000029914a64610]
Event: 12.291 Thread 0x000002992175f420 6556       4       java.lang.invoke.LambdaFormEditor$TransformKey::inRange (36 bytes)
Event: 12.291 Thread 0x000002992175f420 nmethod 6556 0x0000029914a63f90 code [0x0000029914a64100, 0x0000029914a64170]
Event: 12.291 Thread 0x00000299281493c0 nmethod 6534 0x0000029914b5f990 code [0x0000029914b5fcc0, 0x0000029914b621a8]
Event: 12.293 Thread 0x000002992178d4a0 6557       3       jdk.internal.org.objectweb.asm.ClassReader::readUTF8 (23 bytes)
Event: 12.293 Thread 0x000002992178d4a0 nmethod 6557 0x000002990d794110 code [0x000002990d7942e0, 0x000002990d794528]
Event: 12.293 Thread 0x000002992178d4a0 6558       3       jdk.internal.org.objectweb.asm.ClassReader::readUtf (44 bytes)
Event: 12.294 Thread 0x000002992178d4a0 nmethod 6558 0x000002990d794610 code [0x000002990d794800, 0x000002990d794be8]
Event: 12.295 Thread 0x00000299281493c0 6559       4       org.gradle.internal.service.DefaultServiceRegistry$ClassInspector$ClassDetails::collectTypes (63 bytes)
Event: 12.296 Thread 0x000002992178d4a0 6561       3       org.gradle.internal.service.DefaultServiceRegistry$ConstructorService::<init> (15 bytes)
Event: 12.296 Thread 0x000002992178d4a0 nmethod 6561 0x000002990d794d90 code [0x000002990d794f60, 0x000002990d795338]
Event: 12.296 Thread 0x000002992178d4a0 6562   !   3       org.gradle.internal.instantiation.generator.DependencyInjectingInstantiator::doCreate (64 bytes)
Event: 12.296 Thread 0x000002992178d4a0 nmethod 6562 0x000002990d795510 code [0x000002990d795720, 0x000002990d795c20]
Event: 12.297 Thread 0x000002992178d4a0 6560       3       java.lang.Class::getSimpleName (36 bytes)
Event: 12.297 Thread 0x000002992178d4a0 nmethod 6560 0x000002990d795f90 code [0x000002990d796160, 0x000002990d796418]
Event: 12.302 Thread 0x00000299281493c0 nmethod 6559 0x0000029914b63190 code [0x0000029914b63400, 0x0000029914b63f60]

GC Heap History (20 events):
Event: 6.385 GC heap after
{Heap after GC invocations=8 (full 0):
 garbage-first heap   total 82944K, used 26147K [0x0000000080000000, 0x0000000100000000)
  region size 1024K, 4 young (4096K), 4 survivors (4096K)
 Metaspace       used 35241K, committed 36096K, reserved 1114112K
  class space    used 4736K, committed 5120K, reserved 1048576K
}
Event: 8.480 GC heap before
{Heap before GC invocations=9 (full 0):
 garbage-first heap   total 82944K, used 82467K [0x0000000080000000, 0x0000000100000000)
  region size 1024K, 31 young (31744K), 4 survivors (4096K)
 Metaspace       used 37793K, committed 38720K, reserved 1114112K
  class space    used 5112K, committed 5568K, reserved 1048576K
}
Event: 8.484 GC heap after
{Heap after GC invocations=10 (full 0):
 garbage-first heap   total 93184K, used 60887K [0x0000000080000000, 0x0000000100000000)
  region size 1024K, 6 young (6144K), 6 survivors (6144K)
 Metaspace       used 37793K, committed 38720K, reserved 1114112K
  class space    used 5112K, committed 5568K, reserved 1048576K
}
Event: 8.841 GC heap before
{Heap before GC invocations=10 (full 0):
 garbage-first heap   total 93184K, used 80343K [0x0000000080000000, 0x0000000100000000)
  region size 1024K, 25 young (25600K), 6 survivors (6144K)
 Metaspace       used 40535K, committed 41536K, reserved 1114112K
  class space    used 5551K, committed 6080K, reserved 1048576K
}
Event: 8.844 GC heap after
{Heap after GC invocations=11 (full 0):
 garbage-first heap   total 93184K, used 62160K [0x0000000080000000, 0x0000000100000000)
  region size 1024K, 2 young (2048K), 2 survivors (2048K)
 Metaspace       used 40535K, committed 41536K, reserved 1114112K
  class space    used 5551K, committed 6080K, reserved 1048576K
}
Event: 9.213 GC heap before
{Heap before GC invocations=11 (full 0):
 garbage-first heap   total 93184K, used 82640K [0x0000000080000000, 0x0000000100000000)
  region size 1024K, 23 young (23552K), 2 survivors (2048K)
 Metaspace       used 45568K, committed 46592K, reserved 1114112K
  class space    used 6061K, committed 6592K, reserved 1048576K
}
Event: 9.215 GC heap after
{Heap after GC invocations=12 (full 0):
 garbage-first heap   total 93184K, used 65536K [0x0000000080000000, 0x0000000100000000)
  region size 1024K, 3 young (3072K), 3 survivors (3072K)
 Metaspace       used 45568K, committed 46592K, reserved 1114112K
  class space    used 6061K, committed 6592K, reserved 1048576K
}
Event: 9.352 GC heap before
{Heap before GC invocations=13 (full 0):
 garbage-first heap   total 109568K, used 83968K [0x0000000080000000, 0x0000000100000000)
  region size 1024K, 21 young (21504K), 3 survivors (3072K)
 Metaspace       used 45894K, committed 46912K, reserved 1114112K
  class space    used 6088K, committed 6592K, reserved 1048576K
}
Event: 9.355 GC heap after
{Heap after GC invocations=14 (full 0):
 garbage-first heap   total 109568K, used 67855K [0x0000000080000000, 0x0000000100000000)
  region size 1024K, 2 young (2048K), 2 survivors (2048K)
 Metaspace       used 45894K, committed 46912K, reserved 1114112K
  class space    used 6088K, committed 6592K, reserved 1048576K
}
Event: 9.924 GC heap before
{Heap before GC invocations=14 (full 0):
 garbage-first heap   total 109568K, used 103695K [0x0000000080000000, 0x0000000100000000)
  region size 1024K, 32 young (32768K), 2 survivors (2048K)
 Metaspace       used 49596K, committed 50816K, reserved 1114112K
  class space    used 6512K, committed 7104K, reserved 1048576K
}
Event: 9.927 GC heap after
{Heap after GC invocations=15 (full 0):
 garbage-first heap   total 133120K, used 69956K [0x0000000080000000, 0x0000000100000000)
  region size 1024K, 4 young (4096K), 4 survivors (4096K)
 Metaspace       used 49596K, committed 50816K, reserved 1114112K
  class space    used 6512K, committed 7104K, reserved 1048576K
}
Event: 10.433 GC heap before
{Heap before GC invocations=15 (full 0):
 garbage-first heap   total 133120K, used 118084K [0x0000000080000000, 0x0000000100000000)
  region size 1024K, 51 young (52224K), 4 survivors (4096K)
 Metaspace       used 55171K, committed 56704K, reserved 1114112K
  class space    used 7452K, committed 8192K, reserved 1048576K
}
Event: 10.438 GC heap after
{Heap after GC invocations=16 (full 0):
 garbage-first heap   total 133120K, used 72637K [0x0000000080000000, 0x0000000100000000)
  region size 1024K, 6 young (6144K), 6 survivors (6144K)
 Metaspace       used 55171K, committed 56704K, reserved 1114112K
  class space    used 7452K, committed 8192K, reserved 1048576K
}
Event: 11.239 GC heap before
{Heap before GC invocations=17 (full 0):
 garbage-first heap   total 133120K, used 131005K [0x0000000080000000, 0x0000000100000000)
  region size 1024K, 48 young (49152K), 6 survivors (6144K)
 Metaspace       used 57719K, committed 59392K, reserved 1114112K
  class space    used 7835K, committed 8640K, reserved 1048576K
}
Event: 11.251 GC heap after
{Heap after GC invocations=18 (full 0):
 garbage-first heap   total 144384K, used 94989K [0x0000000080000000, 0x0000000100000000)
  region size 1024K, 7 young (7168K), 7 survivors (7168K)
 Metaspace       used 57719K, committed 59392K, reserved 1114112K
  class space    used 7835K, committed 8640K, reserved 1048576K
}
Event: 11.519 GC heap before
{Heap before GC invocations=18 (full 0):
 garbage-first heap   total 144384K, used 130829K [0x0000000080000000, 0x0000000100000000)
  region size 1024K, 40 young (40960K), 7 survivors (7168K)
 Metaspace       used 59967K, committed 61632K, reserved 1114112K
  class space    used 8029K, committed 8896K, reserved 1048576K
}
Event: 11.522 GC heap after
{Heap after GC invocations=19 (full 0):
 garbage-first heap   total 144384K, used 96113K [0x0000000080000000, 0x0000000100000000)
  region size 1024K, 2 young (2048K), 2 survivors (2048K)
 Metaspace       used 59967K, committed 61632K, reserved 1114112K
  class space    used 8029K, committed 8896K, reserved 1048576K
}
Event: 11.807 GC heap before
{Heap before GC invocations=19 (full 0):
 garbage-first heap   total 144384K, used 131953K [0x0000000080000000, 0x0000000100000000)
  region size 1024K, 37 young (37888K), 2 survivors (2048K)
 Metaspace       used 63970K, committed 65728K, reserved 1114112K
  class space    used 8585K, committed 9472K, reserved 1048576K
}
Event: 11.809 GC heap after
{Heap after GC invocations=20 (full 0):
 garbage-first heap   total 144384K, used 97582K [0x0000000080000000, 0x0000000100000000)
  region size 1024K, 3 young (3072K), 3 survivors (3072K)
 Metaspace       used 63970K, committed 65728K, reserved 1114112K
  class space    used 8585K, committed 9472K, reserved 1048576K
}
Event: 12.303 GC heap before
{Heap before GC invocations=21 (full 0):
 garbage-first heap   total 163840K, used 132398K [0x0000000080000000, 0x0000000100000000)
  region size 1024K, 37 young (37888K), 3 survivors (3072K)
 Metaspace       used 68191K, committed 70016K, reserved 1114112K
  class space    used 9232K, committed 10112K, reserved 1048576K
}

Dll operation events (3 events):
Event: 0.033 Loaded shared library C:\Program Files\Android\Android Studio\jbr\bin\java.dll
Event: 0.132 Loaded shared library C:\Program Files\Android\Android Studio\jbr\bin\zip.dll
Event: 1.117 Loaded shared library C:\Program Files\Android\Android Studio\jbr\bin\verify.dll

Deoptimization events (20 events):
Event: 12.282 Thread 0x0000029927910330 DEOPT PACKING pc=0x0000029914b5e91c sp=0x000000df840f8050
Event: 12.282 Thread 0x0000029927910330 DEOPT UNPACKING pc=0x00000299142c46a2 sp=0x000000df840f7f38 mode 2
Event: 12.282 Thread 0x0000029927910330 Uncommon trap: trap_request=0xffffff45 fr.pc=0x00000299149ca17c relative=0x00000000000006dc
Event: 12.282 Thread 0x0000029927910330 Uncommon trap: reason=unstable_if action=reinterpret pc=0x00000299149ca17c method=java.util.HashMap.putVal(ILjava/lang/Object;Ljava/lang/Object;ZZ)Ljava/lang/Object; @ 109 c2
Event: 12.282 Thread 0x0000029927910330 DEOPT PACKING pc=0x00000299149ca17c sp=0x000000df840f7f50
Event: 12.282 Thread 0x0000029927910330 DEOPT UNPACKING pc=0x00000299142c46a2 sp=0x000000df840f7ed8 mode 2
Event: 12.282 Thread 0x0000029927910330 Uncommon trap: trap_request=0xffffff45 fr.pc=0x00000299148449cc relative=0x00000000000009ac
Event: 12.282 Thread 0x0000029927910330 Uncommon trap: reason=unstable_if action=reinterpret pc=0x00000299148449cc method=java.util.HashMap.resize()[Ljava/util/HashMap$Node; @ 203 c2
Event: 12.282 Thread 0x0000029927910330 DEOPT PACKING pc=0x00000299148449cc sp=0x000000df840f7e60
Event: 12.282 Thread 0x0000029927910330 DEOPT UNPACKING pc=0x00000299142c46a2 sp=0x000000df840f7e08 mode 2
Event: 12.282 Thread 0x0000029927910330 Uncommon trap: trap_request=0xffffff45 fr.pc=0x0000029914a426c8 relative=0x0000000000000288
Event: 12.282 Thread 0x0000029927910330 Uncommon trap: reason=unstable_if action=reinterpret pc=0x0000029914a426c8 method=java.util.HashMap.getNode(Ljava/lang/Object;)Ljava/util/HashMap$Node; @ 85 c2
Event: 12.282 Thread 0x0000029927910330 DEOPT PACKING pc=0x0000029914a426c8 sp=0x000000df840f8020
Event: 12.282 Thread 0x0000029927910330 DEOPT UNPACKING pc=0x00000299142c46a2 sp=0x000000df840f7f30 mode 2
Event: 12.282 Thread 0x0000029927910330 Uncommon trap: trap_request=0xffffff45 fr.pc=0x00000299149077fc relative=0x000000000000023c
Event: 12.282 Thread 0x0000029927910330 Uncommon trap: reason=unstable_if action=reinterpret pc=0x00000299149077fc method=java.util.HashMap.getNode(Ljava/lang/Object;)Ljava/util/HashMap$Node; @ 85 c2
Event: 12.282 Thread 0x0000029927910330 DEOPT PACKING pc=0x00000299149077fc sp=0x000000df840f7fb0
Event: 12.282 Thread 0x0000029927910330 DEOPT UNPACKING pc=0x00000299142c46a2 sp=0x000000df840f7f30 mode 2
Event: 12.299 Thread 0x0000029927910330 DEOPT PACKING pc=0x000002990d40b7b1 sp=0x000000df840f9d70
Event: 12.299 Thread 0x0000029927910330 DEOPT UNPACKING pc=0x00000299142c4e42 sp=0x000000df840f9250 mode 0

Classes loaded (20 events):
Event: 12.002 Loading class java/security/cert/CertificateParsingException
Event: 12.003 Loading class java/security/cert/CertificateException
Event: 12.003 Loading class java/security/cert/CertificateException done
Event: 12.003 Loading class java/security/cert/CertificateParsingException done
Event: 12.003 Loading class javax/naming/NamingException
Event: 12.003 Loading class javax/naming/NamingException done
Event: 12.003 Loading class javax/naming/InvalidNameException
Event: 12.003 Loading class javax/naming/InvalidNameException done
Event: 12.078 Loading class java/nio/channels/Channels$ReadableByteChannelImpl
Event: 12.078 Loading class java/nio/channels/Channels$ReadableByteChannelImpl done
Event: 12.087 Loading class java/util/EmptyStackException
Event: 12.087 Loading class java/util/EmptyStackException done
Event: 12.092 Loading class java/io/InvalidClassException
Event: 12.092 Loading class java/io/InvalidClassException done
Event: 12.184 Loading class java/util/Comparators$NaturalOrderComparator
Event: 12.184 Loading class java/util/Comparators$NaturalOrderComparator done
Event: 12.240 Loading class java/lang/foreign/MemorySegment
Event: 12.242 Loading class java/lang/foreign/MemorySegment done
Event: 12.271 Loading class java/io/FileWriter
Event: 12.271 Loading class java/io/FileWriter done

Classes unloaded (0 events):
No events

Classes redefined (0 events):
No events

Internal exceptions (20 events):
Event: 11.461 Thread 0x0000029927910330 Exception <a 'sun/nio/fs/WindowsException'{0x000000008dfaee80}> (0x000000008dfaee80) 
thrown [s\src\hotspot\share\prims\jni.cpp, line 535]
Event: 11.461 Thread 0x0000029927910330 Exception <a 'sun/nio/fs/WindowsException'{0x000000008dfb0270}> (0x000000008dfb0270) 
thrown [s\src\hotspot\share\prims\jni.cpp, line 535]
Event: 11.462 Thread 0x0000029927910330 Exception <a 'java/lang/NoSuchMethodError'{0x000000008dfc5028}: 'java.lang.Object java.lang.invoke.Invokers$Holder.invoker(java.lang.Object, java.lang.Object, java.lang.Object, java.lang.Object, java.lang.Object, java.lang.Object)'> (0x000000008dfc5028) 
thrown [s\src\hotspot\share\interpreter\linkResolver.cpp, line 784]
Event: 11.471 Thread 0x0000029927910330 Exception <a 'java/lang/NoSuchMethodError'{0x000000008ded3c40}: 'java.lang.Object java.lang.invoke.DirectMethodHandle$Holder.invokeSpecial(java.lang.Object, java.lang.Object, java.lang.Object, java.lang.Object, java.lang.Object, java.lang.Object, java.lang.Object, java.lang.Object, java.lang.Object, java.lang.Object, java.lang.Object, java.lang.Object, java.lang.Object, java.lang.Object, java.lang.Object, java.lang.Object, java.lang.Object, java.lang.Object, java.lang.Object, java.lang.Object, java.lang.Ob
Event: 11.471 Thread 0x0000029927910330 Exception <a 'java/lang/NoSuchMethodError'{0x000000008ded9f58}: 'java.lang.Object java.lang.invoke.DelegatingMethodHandle$Holder.reinvoke_L(java.lang.Object, java.lang.Object, java.lang.Object, java.lang.Object, java.lang.Object, java.lang.Object, java.lang.Object, java.lang.Object, java.lang.Object, java.lang.Object, java.lang.Object, java.lang.Object, java.lang.Object, java.lang.Object, java.lang.Object, java.lang.Object, java.lang.Object, java.lang.Object, java.lang.Object, java.lang.Object, java.lang.O
Event: 11.471 Thread 0x0000029927910330 Exception <a 'java/lang/NoSuchMethodError'{0x000000008dee5300}: 'java.lang.Object java.lang.invoke.Invokers$Holder.invoker(java.lang.Object, java.lang.Object, java.lang.Object, java.lang.Object, java.lang.Object, java.lang.Object, java.lang.Object, java.lang.Object, java.lang.Object, java.lang.Object, java.lang.Object, java.lang.Object, java.lang.Object, java.lang.Object, java.lang.Object, java.lang.Object, java.lang.Object, java.lang.Object, java.lang.Object, java.lang.Object, java.lang.Object, java.lang.
Event: 11.471 Thread 0x0000029927910330 Exception <a 'java/lang/NoSuchMethodError'{0x000000008deebec8}: 'java.lang.Object java.lang.invoke.DelegatingMethodHandle$Holder.delegate(java.lang.Object, java.lang.Object, java.lang.Object, java.lang.Object, java.lang.Object, java.lang.Object, java.lang.Object, java.lang.Object, java.lang.Object, java.lang.Object, java.lang.Object, java.lang.Object, java.lang.Object, java.lang.Object, java.lang.Object, java.lang.Object, java.lang.Object, java.lang.Object, java.lang.Object, java.lang.Object, java.lang.Obj
Event: 11.650 Thread 0x0000029927910330 Exception <a 'java/lang/NoSuchMethodError'{0x0000000087980a10}: 'java.lang.Object java.lang.invoke.DirectMethodHandle$Holder.newInvokeSpecial(java.lang.Object, java.lang.Object, java.lang.Object, java.lang.Object, java.lang.Object, java.lang.Object, java.lang.Object, java.lang.Object, java.lang.Object, java.lang.Object, java.lang.Object, java.lang.Object, java.lang.Object, java.lang.Object, java.lang.Object, java.lang.Object, java.lang.Object, java.lang.Object, java.lang.Object)'> (0x0000000087980a10) 
thr
Event: 11.650 Thread 0x0000029927910330 Exception <a 'java/lang/NoSuchMethodError'{0x00000000879878d8}: 'java.lang.Object java.lang.invoke.DirectMethodHandle$Holder.invokeSpecial(java.lang.Object, java.lang.Object, java.lang.Object, java.lang.Object, java.lang.Object, java.lang.Object, java.lang.Object, java.lang.Object, java.lang.Object, java.lang.Object, java.lang.Object, java.lang.Object, java.lang.Object, java.lang.Object, java.lang.Object, java.lang.Object, java.lang.Object, java.lang.Object, java.lang.Object, java.lang.Object)'> (0x0000000
Event: 11.650 Thread 0x0000029927910330 Exception <a 'java/lang/NoSuchMethodError'{0x000000008798d3d8}: 'java.lang.Object java.lang.invoke.DelegatingMethodHandle$Holder.reinvoke_L(java.lang.Object, java.lang.Object, java.lang.Object, java.lang.Object, java.lang.Object, java.lang.Object, java.lang.Object, java.lang.Object, java.lang.Object, java.lang.Object, java.lang.Object, java.lang.Object, java.lang.Object, java.lang.Object, java.lang.Object, java.lang.Object, java.lang.Object, java.lang.Object, java.lang.Object)'> (0x000000008798d3d8) 
throw
Event: 11.660 Thread 0x0000029927910330 Exception <a 'java/lang/IncompatibleClassChangeError'{0x000000008785d218}: Found class java.lang.Object, but interface was expected> (0x000000008785d218) 
thrown [s\src\hotspot\share\interpreter\linkResolver.cpp, line 851]
Event: 11.973 Thread 0x0000029927be9b80 Exception <a 'java/lang/NoSuchMethodError'{0x000000008de13390}: static Lorg/gradle/internal/build/event/types/DefaultOperationStartedProgressEvent;.<clinit>()V> (0x000000008de13390) 
thrown [s\src\hotspot\share\prims\jni.cpp, line 1139]
Event: 11.974 Thread 0x0000029927be9b80 Exception <a 'java/lang/NoSuchMethodError'{0x000000008de14e50}: static Lorg/gradle/internal/build/event/types/AbstractProgressEvent;.<clinit>()V> (0x000000008de14e50) 
thrown [s\src\hotspot\share\prims\jni.cpp, line 1139]
Event: 11.975 Thread 0x0000029927be9b80 Exception <a 'java/lang/NoSuchMethodError'{0x000000008de29d88}: static Lorg/gradle/internal/build/event/types/DefaultBuildPhaseDescriptor;.<clinit>()V> (0x000000008de29d88) 
thrown [s\src\hotspot\share\prims\jni.cpp, line 1139]
Event: 11.976 Thread 0x0000029927be9b80 Exception <a 'java/lang/NoSuchMethodError'{0x000000008de2d940}: static Lorg/gradle/internal/build/event/types/DefaultOperationDescriptor;.<clinit>()V> (0x000000008de2d940) 
thrown [s\src\hotspot\share\prims\jni.cpp, line 1139]
Event: 11.977 Thread 0x0000029927be9b80 Exception <a 'java/lang/NoSuchMethodError'{0x000000008dec8e40}: static Lorg/gradle/internal/operations/OperationIdentifier;.<clinit>()V> (0x000000008dec8e40) 
thrown [s\src\hotspot\share\prims\jni.cpp, line 1139]
Event: 12.065 Thread 0x0000029927910330 Exception <a 'sun/nio/fs/WindowsException'{0x00000000889665c0}> (0x00000000889665c0) 
thrown [s\src\hotspot\share\prims\jni.cpp, line 535]
Event: 12.065 Thread 0x0000029927910330 Exception <a 'sun/nio/fs/WindowsException'{0x0000000088967fa8}> (0x0000000088967fa8) 
thrown [s\src\hotspot\share\prims\jni.cpp, line 535]
Event: 12.066 Thread 0x0000029927910330 Exception <a 'sun/nio/fs/WindowsException'{0x00000000889714c0}> (0x00000000889714c0) 
thrown [s\src\hotspot\share\prims\jni.cpp, line 535]
Event: 12.168 Thread 0x0000029927910330 Exception <a 'java/lang/NoSuchMethodError'{0x0000000088156ad0}: 'void java.lang.invoke.DirectMethodHandle$Holder.invokeStatic(java.lang.Object, java.lang.Object, java.lang.Object, java.lang.Object, java.lang.Object, java.lang.Object, java.lang.Object)'> (0x0000000088156ad0) 
thrown [s\src\hotspot\share\interpreter\linkResolver.cpp, line 784]

ZGC Phase Switch (0 events):
No events

VM Operations (20 events):
Event: 10.962 Executing VM operation: ICBufferFull done
Event: 11.195 Executing VM operation: HandshakeAllThreads (Deoptimize)
Event: 11.195 Executing VM operation: HandshakeAllThreads (Deoptimize) done
Event: 11.239 Executing VM operation: G1CollectForAllocation (G1 Evacuation Pause)
Event: 11.251 Executing VM operation: G1CollectForAllocation (G1 Evacuation Pause) done
Event: 11.519 Executing VM operation: G1CollectForAllocation (G1 Evacuation Pause)
Event: 11.522 Executing VM operation: G1CollectForAllocation (G1 Evacuation Pause) done
Event: 11.807 Executing VM operation: G1CollectForAllocation (G1 Evacuation Pause)
Event: 11.810 Executing VM operation: G1CollectForAllocation (G1 Evacuation Pause) done
Event: 11.834 Executing VM operation: G1PauseRemark
Event: 11.836 Executing VM operation: G1PauseRemark done
Event: 11.845 Executing VM operation: G1PauseCleanup
Event: 11.845 Executing VM operation: G1PauseCleanup done
Event: 12.188 Executing VM operation: HandshakeAllThreads (Deoptimize)
Event: 12.188 Executing VM operation: HandshakeAllThreads (Deoptimize) done
Event: 12.272 Executing VM operation: HandshakeAllThreads (Deoptimize)
Event: 12.272 Executing VM operation: HandshakeAllThreads (Deoptimize) done
Event: 12.292 Executing VM operation: ICBufferFull
Event: 12.293 Executing VM operation: ICBufferFull done
Event: 12.303 Executing VM operation: G1CollectForAllocation (G1 Evacuation Pause)

Memory protections (0 events):
No events

Nmethod flushes (20 events):
Event: 11.836 Thread 0x00000299216bbe70 flushing  nmethod 0x000002990cf00010
Event: 11.836 Thread 0x00000299216bbe70 flushing  nmethod 0x000002990cf00610
Event: 11.836 Thread 0x00000299216bbe70 flushing  nmethod 0x000002990d01c010
Event: 11.836 Thread 0x00000299216bbe70 flushing  nmethod 0x000002990d01cb10
Event: 11.836 Thread 0x00000299216bbe70 flushing  nmethod 0x000002990d01d790
Event: 11.836 Thread 0x00000299216bbe70 flushing  nmethod 0x000002990d01fc10
Event: 11.836 Thread 0x00000299216bbe70 flushing  nmethod 0x000002990d021990
Event: 11.836 Thread 0x00000299216bbe70 flushing  nmethod 0x000002990d023910
Event: 11.836 Thread 0x00000299216bbe70 flushing  nmethod 0x000002990d086a10
Event: 11.836 Thread 0x00000299216bbe70 flushing  nmethod 0x000002990d0e2590
Event: 11.836 Thread 0x00000299216bbe70 flushing  nmethod 0x000002990d1cd910
Event: 11.836 Thread 0x00000299216bbe70 flushing  nmethod 0x000002990d248d90
Event: 11.836 Thread 0x00000299216bbe70 flushing  nmethod 0x000002990d24a890
Event: 11.836 Thread 0x00000299216bbe70 flushing  nmethod 0x000002990d24b590
Event: 11.836 Thread 0x00000299216bbe70 flushing  nmethod 0x000002990d24ba90
Event: 11.836 Thread 0x00000299216bbe70 flushing  nmethod 0x000002990d2abe90
Event: 11.836 Thread 0x00000299216bbe70 flushing  nmethod 0x000002990d2ead90
Event: 11.836 Thread 0x00000299216bbe70 flushing  nmethod 0x000002990d37ac90
Event: 11.836 Thread 0x00000299216bbe70 flushing  nmethod 0x000002990d46f790
Event: 11.836 Thread 0x00000299216bbe70 flushing  nmethod 0x000002990d4a4a90

Events (20 events):
Event: 10.889 Thread 0x0000029927910330 Thread added: 0x000002992b054490
Event: 10.889 Thread 0x0000029927910330 Thread added: 0x000002992b056560
Event: 10.891 Thread 0x0000029927910330 Thread added: 0x000002992b053e00
Event: 10.892 Thread 0x0000029927910330 Thread added: 0x000002992b054b20
Event: 10.894 Thread 0x0000029927910330 Thread added: 0x000002992b056bf0
Event: 10.895 Thread 0x0000029927910330 Thread added: 0x000002992b057280
Event: 10.897 Thread 0x0000029927910330 Thread added: 0x000002992b055ed0
Event: 10.898 Thread 0x0000029927910330 Thread added: 0x000002992b0551b0
Event: 10.959 Thread 0x0000029927910330 Thread added: 0x000002992b055840
Event: 10.960 Thread 0x0000029927910330 Thread added: 0x0000029928720360
Event: 10.960 Thread 0x0000029927910330 Thread added: 0x000002992b0f7dc0
Event: 10.960 Thread 0x0000029927910330 Thread added: 0x000002992b0fa520
Event: 10.960 Thread 0x0000029927910330 Thread added: 0x000002992b0f8450
Event: 10.961 Thread 0x0000029927910330 Thread added: 0x000002992b0f70a0
Event: 10.963 Thread 0x0000029927910330 Thread added: 0x000002992b0f8ae0
Event: 10.964 Thread 0x0000029927910330 Thread added: 0x000002992b0fabb0
Event: 10.965 Thread 0x0000029927910330 Thread added: 0x000002992b0f9170
Event: 10.966 Thread 0x0000029927910330 Thread added: 0x000002992b0f9e90
Event: 11.170 Thread 0x000002992ab479d0 Thread exited: 0x000002992ab479d0
Event: 12.131 Thread 0x000002992178d4a0 Thread added: 0x0000029929dd7fc0


Dynamic libraries:
0x00007ff678c00000 - 0x00007ff678c0a000 	C:\Program Files\Android\Android Studio\jbr\bin\java.exe
0x00007ffda8520000 - 0x00007ffda8787000 	C:\windows\SYSTEM32\ntdll.dll
0x00007ffda6780000 - 0x00007ffda6849000 	C:\windows\System32\KERNEL32.DLL
0x00007ffda5930000 - 0x00007ffda5d1f000 	C:\windows\System32\KERNELBASE.dll
0x00007ffda5380000 - 0x00007ffda5535000 	C:\Windows\system32\hmpalert.dll
0x00007ffda4fe0000 - 0x00007ffda51cc000 	C:\windows\System32\SophosED\SophosED.dll
0x00007ffda57e0000 - 0x00007ffda592b000 	C:\windows\System32\ucrtbase.dll
0x00007ffd208a0000 - 0x00007ffd208bb000 	C:\Program Files\Android\Android Studio\jbr\bin\VCRUNTIME140.dll
0x00007ffd777d0000 - 0x00007ffd777e8000 	C:\Program Files\Android\Android Studio\jbr\bin\jli.dll
0x00007ffda6580000 - 0x00007ffda6745000 	C:\windows\System32\USER32.dll
0x00007ffda5e60000 - 0x00007ffda5e87000 	C:\windows\System32\win32u.dll
0x00007ffda6750000 - 0x00007ffda677b000 	C:\windows\System32\GDI32.dll
0x00007ffda5d30000 - 0x00007ffda5e5c000 	C:\windows\System32\gdi32full.dll
0x00007ffda6090000 - 0x00007ffda6133000 	C:\windows\System32\msvcp_win.dll
0x00007ffd8c000000 - 0x00007ffd8c293000 	C:\windows\WinSxS\amd64_microsoft.windows.common-controls_6595b64144ccf1df_6.0.26100.7309_none_3e05feeae336a044\COMCTL32.dll
0x00007ffda6340000 - 0x00007ffda63e9000 	C:\windows\System32\msvcrt.dll
0x00007ffda7880000 - 0x00007ffda78b1000 	C:\windows\System32\IMM32.DLL
0x00007ffd76610000 - 0x00007ffd7661c000 	C:\Program Files\Android\Android Studio\jbr\bin\vcruntime140_1.dll
0x00007ffd2e160000 - 0x00007ffd2e1ed000 	C:\Program Files\Android\Android Studio\jbr\bin\msvcp140.dll
0x00007ffd208e0000 - 0x00007ffd2156b000 	C:\Program Files\Android\Android Studio\jbr\bin\server\jvm.dll
0x00007ffda8420000 - 0x00007ffda84d4000 	C:\windows\System32\ADVAPI32.dll
0x00007ffda6eb0000 - 0x00007ffda6f56000 	C:\windows\System32\sechost.dll
0x00007ffda63f0000 - 0x00007ffda6508000 	C:\windows\System32\RPCRT4.dll
0x00007ffda62c0000 - 0x00007ffda6334000 	C:\windows\System32\WS2_32.dll
0x00007ffda4f70000 - 0x00007ffda4fce000 	C:\windows\SYSTEM32\POWRPROF.dll
0x00007ffd9fc30000 - 0x00007ffd9fc65000 	C:\windows\SYSTEM32\WINMM.dll
0x00007ffd9e370000 - 0x00007ffd9e37b000 	C:\windows\SYSTEM32\VERSION.dll
0x00007ffda4f50000 - 0x00007ffda4f64000 	C:\windows\SYSTEM32\UMPDC.dll
0x00007ffda4030000 - 0x00007ffda404b000 	C:\windows\SYSTEM32\kernel.appcore.dll
0x00007ffd6fcc0000 - 0x00007ffd6fcca000 	C:\Program Files\Android\Android Studio\jbr\bin\jimage.dll
0x00007ffda2930000 - 0x00007ffda2b72000 	C:\windows\SYSTEM32\DBGHELP.DLL
0x00007ffda7420000 - 0x00007ffda77a5000 	C:\windows\System32\combase.dll
0x00007ffda6f60000 - 0x00007ffda7036000 	C:\windows\System32\OLEAUT32.dll
0x00007ffd8be60000 - 0x00007ffd8be9c000 	C:\windows\SYSTEM32\dbgcore.DLL
0x00007ffda5fe0000 - 0x00007ffda6085000 	C:\windows\System32\bcryptPrimitives.dll
0x00007ffd9e770000 - 0x00007ffd9e77e000 	C:\Program Files\Android\Android Studio\jbr\bin\instrument.dll
0x00007ffd208c0000 - 0x00007ffd208e0000 	C:\Program Files\Android\Android Studio\jbr\bin\java.dll
0x00007ffd20880000 - 0x00007ffd20898000 	C:\Program Files\Android\Android Studio\jbr\bin\zip.dll
0x00007ffda7ae0000 - 0x00007ffda8233000 	C:\windows\System32\SHELL32.dll
0x00007ffda5670000 - 0x00007ffda57da000 	C:\windows\System32\wintypes.dll
0x00007ffda2b80000 - 0x00007ffda33de000 	C:\windows\SYSTEM32\windows.storage.dll
0x00007ffda79e0000 - 0x00007ffda7ad5000 	C:\windows\System32\SHCORE.dll
0x00007ffda6510000 - 0x00007ffda6576000 	C:\windows\System32\shlwapi.dll
0x00007ffda5590000 - 0x00007ffda55b9000 	C:\windows\SYSTEM32\profapi.dll
0x00007ffd8ac90000 - 0x00007ffd8aca0000 	C:\Program Files\Android\Android Studio\jbr\bin\net.dll
0x00007ffd9eb40000 - 0x00007ffd9ec68000 	C:\windows\SYSTEM32\WINHTTP.dll
0x00007ffda4580000 - 0x00007ffda45eb000 	C:\windows\system32\mswsock.dll
0x00007ffd225b0000 - 0x00007ffd225c6000 	C:\Program Files\Android\Android Studio\jbr\bin\nio.dll
0x00007ffd9e390000 - 0x00007ffd9e3a0000 	C:\Program Files\Android\Android Studio\jbr\bin\verify.dll
0x00007ffd87e70000 - 0x00007ffd87e97000 	C:\Users\rishabh.jain\.gradle\native\1def1411415f61bf3af743bc5b6707747c0891f09f0c88961ee8f79bc544acac\windows-amd64\native-platform.dll
0x00007ffd49eb0000 - 0x00007ffd49f28000 	C:\Users\rishabh.jain\.gradle\native\0.2.7\x86_64-windows-gnu\gradle-fileevents.dll
0x00007ffd6e8a0000 - 0x00007ffd6e8a9000 	C:\Program Files\Android\Android Studio\jbr\bin\management.dll
0x00007ffd63ba0000 - 0x00007ffd63bab000 	C:\Program Files\Android\Android Studio\jbr\bin\management_ext.dll
0x00007ffda6850000 - 0x00007ffda6858000 	C:\windows\System32\PSAPI.DLL
0x00007ffda3810000 - 0x00007ffda3844000 	C:\windows\SYSTEM32\IPHLPAPI.DLL
0x00007ffda70d0000 - 0x00007ffda70da000 	C:\windows\System32\NSI.dll
0x00007ffd6f200000 - 0x00007ffd6f209000 	C:\Program Files\Android\Android Studio\jbr\bin\extnet.dll
0x00007ffda4970000 - 0x00007ffda498b000 	C:\windows\SYSTEM32\CRYPTSP.dll
0x00007ffda3f90000 - 0x00007ffda3fca000 	C:\windows\system32\rsaenh.dll
0x00007ffda4630000 - 0x00007ffda465b000 	C:\windows\SYSTEM32\USERENV.dll
0x00007ffda5560000 - 0x00007ffda558a000 	C:\windows\SYSTEM32\bcrypt.dll
0x00007ffda47d0000 - 0x00007ffda47dc000 	C:\windows\SYSTEM32\CRYPTBASE.dll
0x00007ffd6c9c0000 - 0x00007ffd6c9c8000 	C:\windows\system32\wshunix.dll

dbghelp: loaded successfully - version: 4.0.5 - missing functions: none
symbol engine: initialized successfully - sym options: 0x614 - pdb path: .;C:\Program Files\Android\Android Studio\jbr\bin;C:\windows\SYSTEM32;C:\windows\System32\SophosED;C:\windows\WinSxS\amd64_microsoft.windows.common-controls_6595b64144ccf1df_6.0.26100.7309_none_3e05feeae336a044;C:\Program Files\Android\Android Studio\jbr\bin\server;C:\Users\rishabh.jain\.gradle\native\1def1411415f61bf3af743bc5b6707747c0891f09f0c88961ee8f79bc544acac\windows-amd64;C:\Users\rishabh.jain\.gradle\native\0.2.7\x86_64-windows-gnu

VM Arguments:
jvm_args: --add-opens=java.base/java.lang=ALL-UNNAMED --add-opens=java.base/java.lang.invoke=ALL-UNNAMED --add-opens=java.base/java.util=ALL-UNNAMED --add-opens=java.prefs/java.util.prefs=ALL-UNNAMED --add-exports=jdk.compiler/com.sun.tools.javac.api=ALL-UNNAMED --add-exports=jdk.compiler/com.sun.tools.javac.util=ALL-UNNAMED --add-opens=java.base/java.util=ALL-UNNAMED --add-opens=java.prefs/java.util.prefs=ALL-UNNAMED --add-opens=java.base/java.nio.charset=ALL-UNNAMED --add-opens=java.base/java.net=ALL-UNNAMED --add-opens=java.base/java.util.concurrent.atomic=ALL-UNNAMED --add-opens=java.xml/javax.xml.namespace=ALL-UNNAMED -Xmx2048m -Dfile.encoding=UTF-8 -Duser.country=IN -Duser.language=en -Duser.variant -javaagent:C:\Users\rishabh.jain\.gradle\wrapper\dists\gradle-8.13-bin\5xuhj0ry160q40clulazy9h7d\gradle-8.13\lib\agents\gradle-instrumentation-agent-8.13.jar 
java_command: org.gradle.launcher.daemon.bootstrap.GradleDaemon 8.13
java_class_path (initial): C:\Users\rishabh.jain\.gradle\wrapper\dists\gradle-8.13-bin\5xuhj0ry160q40clulazy9h7d\gradle-8.13\lib\gradle-daemon-main-8.13.jar
Launcher Type: SUN_STANDARD

[Global flags]
     intx CICompilerCount                          = 4                                         {product} {ergonomic}
     uint ConcGCThreads                            = 3                                         {product} {ergonomic}
     uint G1ConcRefinementThreads                  = 10                                        {product} {ergonomic}
   size_t G1HeapRegionSize                         = 1048576                                   {product} {ergonomic}
    uintx GCDrainStackTargetSize                   = 64                                        {product} {ergonomic}
   size_t InitialHeapSize                          = 264241152                                 {product} {ergonomic}
   size_t MarkStackSize                            = 4194304                                   {product} {ergonomic}
   size_t MaxHeapSize                              = 2147483648                                {product} {command line}
   size_t MaxNewSize                               = 1287651328                                {product} {ergonomic}
   size_t MinHeapDeltaBytes                        = 1048576                                   {product} {ergonomic}
   size_t MinHeapSize                              = 8388608                                   {product} {ergonomic}
    uintx NonNMethodCodeHeapSize                   = 5839372                                {pd product} {ergonomic}
    uintx NonProfiledCodeHeapSize                  = 122909434                              {pd product} {ergonomic}
    uintx ProfiledCodeHeapSize                     = 122909434                              {pd product} {ergonomic}
    uintx ReservedCodeCacheSize                    = 251658240                              {pd product} {ergonomic}
     bool SegmentedCodeCache                       = true                                      {product} {ergonomic}
   size_t SoftMaxHeapSize                          = 2147483648                             {manageable} {ergonomic}
     bool UseCompressedOops                        = true                           {product lp64_product} {ergonomic}
     bool UseG1GC                                  = true                                      {product} {ergonomic}
     bool UseLargePagesIndividualAllocation        = false                                  {pd product} {ergonomic}

Logging:
Log output configuration:
 #0: stdout all=warning uptime,level,tags foldmultilines=false
 #1: stderr all=off uptime,level,tags foldmultilines=false

Environment Variables:
JAVA_HOME=C:\Program Files\Java\jdk-17
PATH=C:\Program Files\Common Files\Oracle\Java\javapath;C:\windows\system32;C:\windows;C:\windows\System32\Wbem;C:\windows\System32\WindowsPowerShell\v1.0\;C:\windows\System32\OpenSSH\;C:\Program Files\dotnet\;C:\Program Files\nodejs\;C:\Program Files\Java\jdk-17\bin;C:\Program Files\Common Files\Oracle\Java\javapath;C:\windows\system32;C:\windows;C:\windows\System32\Wbem;C:\windows\System32\WindowsPowerShell\v1.0\;C:\windows\System32\OpenSSH\;C:\Program Files\dotnet\;C:\Program Files\nodejs\;C:\Users\rishabh.jain\AppData\Local\Android\Sdk\platform-tools;C:\Users\rishabh.jain\AppData\Local\Android\Sdk\tools;C:\Users\rishabh.jain\AppData\Local\Android\Sdk\platform-tools;C:\Users\rishabh.jain\AppData\Local\Android\Sdk\tools;C:\Program Files\Common Files\Oracle\Java\javapath;C:\windows\system32;C:\windows;C:\windows\System32\Wbem;C:\windows\System32\WindowsPowerShell\v1.0\;C:\windows\System32\OpenSSH\;C:\Program Files\dotnet\;C:\Program Files\nodejs\;C:\Program Files\Common Files\Oracle\Java\javapath;C:\windows\system32;C:\windows;C:\windows\System32\Wbem;C:\windows\System32\WindowsPowerShell\v1.0\;C:\windows\System32\OpenSSH\;C:\Program Files\dotnet\;C:\Program Files\nodejs\;C:\Users\rishabh.jain\AppData\Local\Microsoft\WindowsApps;C:\Users\rishabh.jain\AppD;C:\Users\rishabh.jain\AppData\Local\Programs\Microsoft VS Code\bin
USERNAME=rishabh.jain
OS=Windows_NT
PROCESSOR_IDENTIFIER=Intel64 Family 6 Model 186 Stepping 3, GenuineIntel
TMP=C:\Users\RISHAB~1.JAI\AppData\Local\Temp
TEMP=C:\Users\RISHAB~1.JAI\AppData\Local\Temp




Periodic native trim disabled

JNI global refs:
JNI global refs: 26, weak refs: 0

JNI global refs memory usage: 835, weak refs: 833

Process memory usage:
Resident Set Size: 394100K (2% of 16452404K total physical memory with 937280K free physical memory)

OOME stack traces (most recent first):
Classloader memory used:
Loader org.gradle.internal.classloader.VisitableURLClassLoader                         : 35120K
Loader bootstrap                                                                       : 22945K
Loader org.gradle.initialization.MixInLegacyTypesClassLoader                           : 7547K
Loader org.gradle.internal.classloader.VisitableURLClassLoader                         : 873K
Loader org.gradle.internal.classloader.VisitableURLClassLoader$InstrumentingVisitableURLClassLoader: 632K
Loader jdk.internal.loader.ClassLoaders$PlatformClassLoader                            : 513K
Loader jdk.internal.loader.ClassLoaders$AppClassLoader                                 : 235K
Loader jdk.internal.reflect.DelegatingClassLoader                                      : 187K
Loader org.gradle.groovy.scripts.internal.DefaultScriptCompilationHandler$ScriptClassLoader: 90368B
Loader org.codehaus.groovy.runtime.callsite.CallSiteClassLoader                        : 48680B

Classes loaded by more than one classloader:
Class org.gradle.api.GradleException                                                  : loaded 3 times (x 78B)
Class org.gradle.internal.classloader.FilteringClassLoader                            : loaded 2 times (x 101B)
Class org.gradle.internal.classloader.ClassLoaderHierarchy                            : loaded 2 times (x 66B)
Class org.gradle.api.internal.classpath.ManifestUtil                                  : loaded 2 times (x 67B)
Class org.jetbrains.plugins.gradle.model.GradleExtensions                             : loaded 2 times (x 66B)
Class org.jetbrains.plugins.gradle.model.AnnotationProcessingModel                    : loaded 2 times (x 66B)
Class org.gradle.internal.operations.MultipleBuildOperationFailures                   : loaded 2 times (x 91B)
Class org.jetbrains.kotlin.idea.gradleTooling.model.noarg.NoArgModel                  : loaded 2 times (x 66B)
Class org.gradle.internal.classloader.DefaultClassLoaderFactory                       : loaded 2 times (x 78B)
Class kotlin.collections.AbstractList$Companion                                       : loaded 2 times (x 67B)
Class org.gradle.internal.classloader.ClassLoaderVisitor                              : loaded 2 times (x 72B)
Class org.gradle.api.internal.classpath.EffectiveClassPath                            : loaded 2 times (x 86B)
Class org.gradle.tooling.internal.gradle.DefaultProjectIdentifier                     : loaded 2 times (x 82B)
Class org.jetbrains.kotlin.idea.gradleTooling.model.allopen.AllOpenModel              : loaded 2 times (x 66B)
Class org.gradle.api.internal.DefaultClassPathProvider                                : loaded 2 times (x 72B)
Class [Lorg.gradle.api.internal.ClassPathProvider;                                    : loaded 2 times (x 65B)
Class org.gradle.api.internal.ClassPathProvider                                       : loaded 2 times (x 66B)
Class org.gradle.internal.service.UnknownServiceException                             : loaded 2 times (x 79B)
Class org.jetbrains.kotlin.idea.gradleTooling.KotlinDslScriptAdditionalTask           : loaded 2 times (x 66B)
Class org.gradle.internal.classpath.TransformedClassPath                              : loaded 2 times (x 92B)
Class org.gradle.internal.classloader.InstrumentingClassLoader                        : loaded 2 times (x 66B)
Class kotlin.enums.EnumEntriesList                                                    : loaded 2 times (x 219B)
Class org.jetbrains.kotlin.idea.gradleTooling.KotlinSourceSetContainer                : loaded 2 times (x 66B)
Class org.jetbrains.plugins.gradle.model.IntelliJSettings                             : loaded 2 times (x 66B)
Class ijInit4_24j9u5vibx830r786qo72hseq                                               : loaded 2 times (x 175B)
Class org.gradle.internal.service.ServiceLocator                                      : loaded 2 times (x 66B)
Class org.jetbrains.kotlin.android.synthetic.idea.AndroidExtensionsGradleModel        : loaded 2 times (x 66B)
Class org.gradle.tooling.model.UnsupportedMethodException                             : loaded 2 times (x 78B)
Class com.intellij.compose.ide.plugin.gradleTooling.rt.ComposeResourcesModel          : loaded 2 times (x 66B)
Class sync_studio_tooling1419_cswqtt96imltfivf2yx9bjbp5                               : loaded 2 times (x 175B)
Class org.gradle.internal.InternalTransformer                                         : loaded 2 times (x 66B)
Class org.gradle.internal.time.DefaultTimer                                           : loaded 2 times (x 76B)
Class org.gradle.internal.classloader.ClasspathUtil$1                                 : loaded 2 times (x 72B)
Class org.gradle.api.internal.classpath.DefaultModuleRegistry$DefaultModule           : loaded 2 times (x 82B)
Class org.jetbrains.kotlin.idea.gradleTooling.model.lombok.LombokModel                : loaded 2 times (x 66B)
Class org.gradle.internal.time.DefaultCountdownTimer                                  : loaded 2 times (x 84B)
Class org.gradle.tooling.internal.gradle.DefaultBuildIdentifier                       : loaded 2 times (x 75B)
Class kotlin.Function                                                                 : loaded 2 times (x 66B)
Class org.gradle.api.internal.classpath.Module                                        : loaded 2 times (x 66B)
Class org.gradle.api.internal.classpath.UnknownModuleException                        : loaded 2 times (x 78B)
Class com.intellij.openapi.externalSystem.model.project.dependencies.ProjectDependencies: loaded 2 times (x 66B)
Class org.gradle.tooling.internal.gradle.GradleProjectIdentity                        : loaded 2 times (x 66B)
Class org.gradle.api.internal.DefaultClassPathRegistry                                : loaded 2 times (x 72B)
Class org.gradle.api.internal.ClassPathRegistry                                       : loaded 2 times (x 66B)
Class org.gradle.internal.classpath.DefaultClassPath$ImmutableUniqueList              : loaded 2 times (x 195B)
Class Settings_gradle$1                                                               : loaded 2 times (x 70B)
Class Program                                                                         : loaded 2 times (x 68B)
Class org.gradle.internal.classpath.ClassPath                                         : loaded 2 times (x 66B)
Class org.gradle.api.UncheckedIOException                                             : loaded 2 times (x 78B)
Class org.jetbrains.kotlin.idea.gradleTooling.KotlinGradleModel                       : loaded 2 times (x 66B)
Class org.gradle.tooling.model.Model                                                  : loaded 2 times (x 66B)
Class kotlin.UninitializedPropertyAccessException                                     : loaded 2 times (x 78B)
Class org.jetbrains.kotlin.idea.gradleTooling.model.annotation.AnnotationBasedPluginModel: loaded 2 times (x 66B)
Class org.jetbrains.plugins.gradle.model.IntelliJProjectSettings                      : loaded 2 times (x 66B)
Class org.gradle.internal.installation.GradleInstallation$1                           : loaded 2 times (x 71B)
Class org.gradle.api.internal.classpath.ModuleRegistry                                : loaded 2 times (x 66B)
Class org.jetbrains.plugins.gradle.model.VersionCatalogsModel                         : loaded 2 times (x 66B)
Class org.gradle.api.internal.classpath.DefaultModuleRegistry                         : loaded 2 times (x 82B)
Class org.gradle.internal.time.MonotonicClock                                         : loaded 2 times (x 73B)
Class org.gradle.internal.service.ServiceLookupException                              : loaded 2 times (x 78B)
Class org.gradle.internal.classloader.ClassLoaderFactory                              : loaded 2 times (x 66B)
Class org.gradle.internal.service.CachingServiceLocator                               : loaded 2 times (x 78B)
Class org.jetbrains.plugins.gradle.model.RepositoryModels                             : loaded 2 times (x 66B)
Class org.gradle.internal.time.TimeSource                                             : loaded 2 times (x 66B)
Class org.gradle.tooling.internal.gradle.GradleBuildIdentity                          : loaded 2 times (x 66B)
Class kotlin.enums.EnumEntries                                                        : loaded 2 times (x 66B)
Class org.gradle.internal.exceptions.ResolutionProvider                               : loaded 2 times (x 66B)
Class org.gradle.tooling.model.ProjectIdentifier                                      : loaded 2 times (x 66B)
Class org.gradle.internal.classloader.ClasspathUtil                                   : loaded 2 times (x 67B)
Class org.gradle.internal.time.TimeSource$1                                           : loaded 2 times (x 73B)
Class kotlin.jvm.internal.DefaultConstructorMarker                                    : loaded 2 times (x 67B)
Class org.gradle.api.specs.Spec                                                       : loaded 2 times (x 66B)
Class org.gradle.internal.time.Clock                                                  : loaded 2 times (x 66B)
Class kotlin.collections.AbstractList                                                 : loaded 2 times (x 193B)
Class kotlin.collections.AbstractCollection                                           : loaded 2 times (x 113B)
Class org.gradle.internal.classloader.VisitableURLClassLoader$InstrumentingVisitableURLClassLoader: loaded 2 times (x 119B)
Class org.gradle.internal.classloader.VisitableURLClassLoader$Spec                    : loaded 2 times (x 70B)
Class org.gradle.internal.classpath.DefaultClassPath                                  : loaded 2 times (x 86B)
Class org.gradle.internal.classloader.ClassLoaderSpec                                 : loaded 2 times (x 67B)
Class Settings_gradle$1$1                                                             : loaded 2 times (x 70B)
Class kotlin.Unit                                                                     : loaded 2 times (x 67B)
Class org.gradle.internal.classloader.VisitableURLClassLoader                         : loaded 2 times (x 113B)
Class Settings_gradle                                                                 : loaded 2 times (x 124B)
Class org.gradle.internal.Cast                                                        : loaded 2 times (x 67B)
Class org.gradle.api.Action                                                           : loaded 2 times (x 66B)
Class kotlin.jvm.functions.Function1                                                  : loaded 2 times (x 66B)
Class org.gradle.internal.classpath.DefaultClassPath$ImmutableUniqueList$Builder      : loaded 2 times (x 71B)
Class org.jetbrains.kotlin.idea.gradleTooling.model.samWithReceiver.SamWithReceiverModel: loaded 2 times (x 66B)
Class kotlin.NotImplementedError                                                      : loaded 2 times (x 78B)
Class org.gradle.internal.exceptions.NonGradleCauseExceptionsHolder                   : loaded 2 times (x 66B)
Class org.jetbrains.plugins.gradle.tooling.ModelBuilderService$Parameter              : loaded 2 times (x 66B)
Class org.jetbrains.kotlin.idea.gradleTooling.model.assignment.AssignmentModel        : loaded 2 times (x 66B)
Class kotlin.enums.EnumEntriesKt                                                      : loaded 2 times (x 67B)
Class org.gradle.internal.IoActions                                                   : loaded 2 times (x 67B)
Class org.gradle.internal.classloader.SystemClassLoaderSpec                           : loaded 2 times (x 67B)
Class org.gradle.internal.exceptions.MultiCauseException                              : loaded 2 times (x 66B)
Class org.gradle.internal.time.CountdownTimer                                         : loaded 2 times (x 66B)
Class kotlin.jvm.internal.Intrinsics                                                  : loaded 2 times (x 67B)
Class org.jetbrains.kotlin.idea.gradleTooling.model.parcelize.ParcelizeGradleModel    : loaded 2 times (x 66B)
Class org.gradle.tooling.model.ProjectModel                                           : loaded 2 times (x 66B)
Class kotlin.KotlinNullPointerException                                               : loaded 2 times (x 79B)
Class org.jetbrains.plugins.gradle.model.tests.ExternalTestsModel                     : loaded 2 times (x 66B)
Class org.gradle.internal.exceptions.DefaultMultiCauseException                       : loaded 2 times (x 91B)
Class org.gradle.internal.time.Time                                                   : loaded 2 times (x 67B)
Class org.jetbrains.plugins.gradle.model.DependencyAccessorsModel                     : loaded 2 times (x 66B)
Class org.gradle.api.internal.classpath.GlobalCacheRootsProvider                      : loaded 2 times (x 66B)
Class org.jetbrains.kotlin.idea.gradleTooling.KotlinMPPGradleModel                    : loaded 2 times (x 66B)
Class org.gradle.tooling.model.BuildIdentifier                                        : loaded 2 times (x 66B)
Class org.jetbrains.kotlin.idea.gradleTooling.PrepareKotlinIdeImportTaskModel         : loaded 2 times (x 66B)
Class org.gradle.internal.time.Timer                                                  : loaded 2 times (x 66B)
Class kotlin.jvm.internal.markers.KMappedMarker                                       : loaded 2 times (x 66B)
Class org.gradle.internal.installation.CurrentGradleInstallationLocator               : loaded 2 times (x 67B)
Class org.gradle.internal.service.DefaultServiceLocator                               : loaded 2 times (x 79B)
Class org.gradle.util.GradleVersion                                                   : loaded 2 times (x 75B)
Class org.gradle.internal.installation.CurrentGradleInstallation                      : loaded 2 times (x 69B)
Class org.jetbrains.plugins.gradle.javaModel.JavaGradleManifestModel                  : loaded 2 times (x 66B)
Class org.gradle.util.internal.GUtil                                                  : loaded 2 times (x 67B)
Class org.gradle.internal.installation.GradleInstallation                             : loaded 2 times (x 71B)

---------------  S Y S T E M  ---------------

OS:
 Windows 11 , 64 bit Build 26100 (10.0.26100.7309)
OS uptime: 0 days 22:27 hours
Hyper-V role detected

CPU: total 12 (initial active 12) (6 cores per cpu, 2 threads per core) family 6 model 186 stepping 3 microcode 0x4128, cx8, cmov, fxsr, ht, mmx, 3dnowpref, sse, sse2, sse3, ssse3, sse4.1, sse4.2, popcnt, lzcnt, tsc, tscinvbit, avx, avx2, aes, erms, clmul, bmi1, bmi2, adx, sha, fma, vzeroupper, clflush, clflushopt, clwb, hv, serialize, rdtscp, rdpid, fsrm, f16c, cet_ibt, cet_ss
Processor Information for the first 12 processors :
  Max Mhz: 1400, Current Mhz: 1400, Mhz Limit: 1400

Memory: 4k page, system-wide physical 16066M (915M free)
TotalPageFile size 35788M (AvailPageFile size 39M)
current process WorkingSet (physical memory assigned to process): 384M, peak: 387M
current process commit charge ("private bytes"): 429M, peak: 465M

vm_info: OpenJDK 64-Bit Server VM (21.0.6+-13391695-b895.109) for windows-amd64 JRE (21.0.6+-13391695-b895.109), built on 2025-04-22T21:19:17Z by "builder" with MS VC++ 16.10 / 16.11 (VS2019)

END.
