#
# There is insufficient memory for the Java Runtime Environment to continue.
# Native memory allocation (malloc) failed to allocate 1276192 bytes. Error detail: Chunk::new
# Possible reasons:
#   The system is out of physical RAM or swap space
#   This process is running with CompressedOops enabled, and the Java Heap may be blocking the growth of the native heap
# Possible solutions:
#   Reduce memory load on the system
#   Increase physical memory or swap space
#   Check if swap backing store is full
#   Decrease Java heap size (-Xmx/-Xms)
#   Decrease number of Java threads
#   Decrease Java thread stack sizes (-Xss)
#   Set larger code cache with -XX:ReservedCodeCacheSize=
#   JVM is running with Zero Based Compressed Oops mode in which the Java heap is
#     placed in the first 32GB address space. The Java Heap base address is the
#     maximum limit for the native heap growth. Please use -XX:HeapBaseMinAddress
#     to set the Java Heap base and to place the Java Heap above 32GB virtual address.
# This output file may be truncated or incomplete.
#
#  Out of Memory Error (arena.cpp:168), pid=24488, tid=37320
#
# JRE version: OpenJDK Runtime Environment (21.0.6) (build 21.0.6+-13391695-b895.109)
# Java VM: OpenJDK 64-Bit Server VM (21.0.6+-13391695-b895.109, mixed mode, tiered, compressed oops, compressed class ptrs, g1 gc, windows-amd64)
# No core dump will be written. Minidumps are not enabled by default on client versions of Windows
#

---------------  S U M M A R Y ------------

Command Line: org.jetbrains.kotlin.cli.jvm.K2JVMCompiler @C:\Users\rishabh.jain\AndroidStudioProjects\VendorApplication\app\build\20251205_8862883559605338632.compiler.options

Host: Intel(R) Core(TM) 5 120U, 12 cores, 15G,  Windows 11 , 64 bit Build 26100 (10.0.26100.6725)
Time: Fri Dec  5 11:00:32 2025 India Standard Time elapsed time: 16.041394 seconds (0d 0h 0m 16s)

---------------  T H R E A D  ---------------

Current thread (0x00000238554e0d20):  JavaThread "C2 CompilerThread1" daemon [_thread_in_native, id=37320, stack(0x000000ad69b00000,0x000000ad69c00000) (1024K)]


Current CompileTask:
C2:16041 18086       4       org.jetbrains.kotlin.types.AbstractTypeMapper::mapType (561 bytes)

Stack: [0x000000ad69b00000,0x000000ad69c00000]
Native frames: (J=compiled Java code, j=interpreted, Vv=VM code, C=native code)
V  [jvm.dll+0x6d0639]
V  [jvm.dll+0x85eb03]
V  [jvm.dll+0x86105e]
V  [jvm.dll+0x861743]
V  [jvm.dll+0x27e6e6]
V  [jvm.dll+0xbff6d]
V  [jvm.dll+0xc04a3]
V  [jvm.dll+0x3b61ab]
V  [jvm.dll+0x1de872]
V  [jvm.dll+0x247dd4]
V  [jvm.dll+0x247251]
V  [jvm.dll+0x1c5f04]
V  [jvm.dll+0x2569ac]
V  [jvm.dll+0x254ef6]
V  [jvm.dll+0x3f0e96]
V  [jvm.dll+0x806ed8]
V  [jvm.dll+0x6cef0d]
C  [ucrtbase.dll+0x37b0]
C  [KERNEL32.DLL+0x2e8d7]
C  [ntdll.dll+0x8c53c]


---------------  P R O C E S S  ---------------

Threads class SMR info:
_java_thread_list=0x000002385af9dc50, length=13, elements={
0x0000023838293390, 0x0000023855271700, 0x000002385527d210, 0x000002385528ac90,
0x000002385528b960, 0x000002385528e0e0, 0x0000023855297b60, 0x0000023855299450,
0x0000023855299ee0, 0x0000023855439e50, 0x0000023855447780, 0x00000238554e0d20,
0x000002385d27f2d0
}

Java Threads: ( => current thread )
  0x0000023838293390 JavaThread "main"                              [_thread_in_Java, id=31692, stack(0x000000ad68900000,0x000000ad68a00000) (1024K)]
  0x0000023855271700 JavaThread "Reference Handler"          daemon [_thread_blocked, id=41720, stack(0x000000ad69100000,0x000000ad69200000) (1024K)]
  0x000002385527d210 JavaThread "Finalizer"                  daemon [_thread_blocked, id=41880, stack(0x000000ad69200000,0x000000ad69300000) (1024K)]
  0x000002385528ac90 JavaThread "Signal Dispatcher"          daemon [_thread_blocked, id=35736, stack(0x000000ad69300000,0x000000ad69400000) (1024K)]
  0x000002385528b960 JavaThread "Attach Listener"            daemon [_thread_blocked, id=19176, stack(0x000000ad69400000,0x000000ad69500000) (1024K)]
  0x000002385528e0e0 JavaThread "Service Thread"             daemon [_thread_blocked, id=43120, stack(0x000000ad69500000,0x000000ad69600000) (1024K)]
  0x0000023855297b60 JavaThread "Monitor Deflation Thread"   daemon [_thread_blocked, id=36312, stack(0x000000ad69600000,0x000000ad69700000) (1024K)]
  0x0000023855299450 JavaThread "C2 CompilerThread0"         daemon [_thread_in_native, id=41208, stack(0x000000ad69700000,0x000000ad69800000) (1024K)]
  0x0000023855299ee0 JavaThread "C1 CompilerThread0"         daemon [_thread_in_native, id=9556, stack(0x000000ad69800000,0x000000ad69900000) (1024K)]
  0x0000023855439e50 JavaThread "Notification Thread"        daemon [_thread_blocked, id=39480, stack(0x000000ad69900000,0x000000ad69a00000) (1024K)]
  0x0000023855447780 JavaThread "Common-Cleaner"             daemon [_thread_blocked, id=37948, stack(0x000000ad69a00000,0x000000ad69b00000) (1024K)]
=>0x00000238554e0d20 JavaThread "C2 CompilerThread1"         daemon [_thread_in_native, id=37320, stack(0x000000ad69b00000,0x000000ad69c00000) (1024K)]
  0x000002385d27f2d0 JavaThread "C2 CompilerThread2"         daemon [_thread_in_native, id=20876, stack(0x000000ad6a600000,0x000000ad6a700000) (1024K)]
Total: 13

Other Threads:
  0x000002385521c460 VMThread "VM Thread"                           [id=3804, stack(0x000000ad69000000,0x000000ad69100000) (1024K)]
  0x0000023855055da0 WatcherThread "VM Periodic Task Thread"        [id=18852, stack(0x000000ad68f00000,0x000000ad69000000) (1024K)]
  0x000002383af5b400 WorkerThread "GC Thread#0"                     [id=29936, stack(0x000000ad68a00000,0x000000ad68b00000) (1024K)]
  0x0000023855b7a700 WorkerThread "GC Thread#1"                     [id=33016, stack(0x000000ad69d00000,0x000000ad69e00000) (1024K)]
  0x0000023855b7cb30 WorkerThread "GC Thread#2"                     [id=15384, stack(0x000000ad69e00000,0x000000ad69f00000) (1024K)]
  0x0000023855b7dee0 WorkerThread "GC Thread#3"                     [id=4512, stack(0x000000ad69f00000,0x000000ad6a000000) (1024K)]
  0x0000023855b7e280 WorkerThread "GC Thread#4"                     [id=25344, stack(0x000000ad6a000000,0x000000ad6a100000) (1024K)]
  0x0000023855b7e950 WorkerThread "GC Thread#5"                     [id=42360, stack(0x000000ad6a100000,0x000000ad6a200000) (1024K)]
  0x0000023855ce0de0 WorkerThread "GC Thread#6"                     [id=5480, stack(0x000000ad6a200000,0x000000ad6a300000) (1024K)]
  0x0000023855ce1180 WorkerThread "GC Thread#7"                     [id=41164, stack(0x000000ad6a300000,0x000000ad6a400000) (1024K)]
  0x000002385a531d00 WorkerThread "GC Thread#8"                     [id=15328, stack(0x000000ad69c00000,0x000000ad69d00000) (1024K)]
  0x000002385a5332c0 WorkerThread "GC Thread#9"                     [id=44016, stack(0x000000ad6a700000,0x000000ad6a800000) (1024K)]
  0x000002383af6bef0 ConcurrentGCThread "G1 Main Marker"            [id=43852, stack(0x000000ad68b00000,0x000000ad68c00000) (1024K)]
  0x000002383af6c9f0 WorkerThread "G1 Conc#0"                       [id=13316, stack(0x000000ad68c00000,0x000000ad68d00000) (1024K)]
  0x0000023855ce2000 WorkerThread "G1 Conc#1"                       [id=23588, stack(0x000000ad6a400000,0x000000ad6a500000) (1024K)]
  0x0000023855ce1520 WorkerThread "G1 Conc#2"                       [id=25960, stack(0x000000ad6a500000,0x000000ad6a600000) (1024K)]
  0x0000023854f225f0 ConcurrentGCThread "G1 Refine#0"               [id=23096, stack(0x000000ad68d00000,0x000000ad68e00000) (1024K)]
  0x0000023854f22f00 ConcurrentGCThread "G1 Service"                [id=30184, stack(0x000000ad68e00000,0x000000ad68f00000) (1024K)]
Total: 18

Threads with active compile tasks:
C2 CompilerThread0  16103 18396 %     4       org.jetbrains.kotlin.codegen.optimization.temporaryVals.TemporaryValsAnalyzer::analyze @ 260 (1247 bytes)
C1 CompilerThread0  16103 18462       3       org.jetbrains.org.objectweb.asm.ByteVector::putUTF8 (144 bytes)
C2 CompilerThread1  16103 18086       4       org.jetbrains.kotlin.types.AbstractTypeMapper::mapType (561 bytes)
C2 CompilerThread2  16103 18436       4       org.jetbrains.org.objectweb.asm.tree.analysis.Frame::execute (2125 bytes)
Total: 4

VM state: not at safepoint (normal execution)

VM Mutex/Monitor currently owned by a thread: None

Heap address: 0x0000000704e00000, size: 4018 MB, Compressed Oops mode: Zero based, Oop shift amount: 3

CDS archive(s) not mapped
Compressed class space mapped at: 0x0000000800000000-0x0000000840000000, reserved size: 1073741824
Narrow klass base: 0x0000000800000000, Narrow klass shift: 0, Narrow klass range: 0x40000000

GC Precious Log:
 CardTable entry size: 512
 Card Set container configuration: InlinePtr #cards 4 size 8 Array Of Cards #cards 16 size 48 Howl #buckets 8 coarsen threshold 3686 Howl Bitmap #cards 512 size 80 coarsen threshold 460 Card regions per heap region 1 cards per card region 4096
 CPUs: 12 total, 12 available
 Memory: 16066M
 Large Page Support: Disabled
 NUMA Support: Disabled
 Compressed Oops: Enabled (Zero based)
 Heap Region Size: 2M
 Heap Min Capacity: 8M
 Heap Initial Capacity: 252M
 Heap Max Capacity: 4018M
 Pre-touch: Disabled
 Parallel Workers: 10
 Concurrent Workers: 3
 Concurrent Refinement Workers: 10
 Periodic GC: Disabled

Heap:
 garbage-first heap   total 376832K, used 300006K [0x0000000704e00000, 0x0000000800000000)
  region size 2048K, 40 young (81920K), 2 survivors (4096K)
 Metaspace       used 90199K, committed 90560K, reserved 1179648K
  class space    used 8980K, committed 9152K, reserved 1048576K

Heap Regions: E=young(eden), S=young(survivor), O=old, HS=humongous(starts), HC=humongous(continues), CS=collection set, F=free, TAMS=top-at-mark-start, PB=parsable bottom
|   0|0x0000000704e00000, 0x0000000705000000, 0x0000000705000000|100%|HS|  |TAMS 0x0000000704e00000| PB 0x0000000704e00000| Complete 
|   1|0x0000000705000000, 0x0000000705200000, 0x0000000705200000|100%|HC|  |TAMS 0x0000000705000000| PB 0x0000000705000000| Complete 
|   2|0x0000000705200000, 0x0000000705400000, 0x0000000705400000|100%| O|  |TAMS 0x0000000705200000| PB 0x0000000705200000| Untracked 
|   3|0x0000000705400000, 0x0000000705600000, 0x0000000705600000|100%| O|  |TAMS 0x0000000705400000| PB 0x0000000705400000| Untracked 
|   4|0x0000000705600000, 0x0000000705800000, 0x0000000705800000|100%| O|  |TAMS 0x0000000705600000| PB 0x0000000705600000| Untracked 
|   5|0x0000000705800000, 0x0000000705a00000, 0x0000000705a00000|100%| O|  |TAMS 0x0000000705800000| PB 0x0000000705800000| Untracked 
|   6|0x0000000705a00000, 0x0000000705c00000, 0x0000000705c00000|100%| O|  |TAMS 0x0000000705a00000| PB 0x0000000705a00000| Untracked 
|   7|0x0000000705c00000, 0x0000000705e00000, 0x0000000705e00000|100%| O|  |TAMS 0x0000000705c00000| PB 0x0000000705c00000| Untracked 
|   8|0x0000000705e00000, 0x0000000706000000, 0x0000000706000000|100%| O|  |TAMS 0x0000000705e00000| PB 0x0000000705e00000| Untracked 
|   9|0x0000000706000000, 0x0000000706200000, 0x0000000706200000|100%| O|  |TAMS 0x0000000706000000| PB 0x0000000706000000| Untracked 
|  10|0x0000000706200000, 0x0000000706400000, 0x0000000706400000|100%| O|  |TAMS 0x0000000706200000| PB 0x0000000706200000| Untracked 
|  11|0x0000000706400000, 0x0000000706600000, 0x0000000706600000|100%| O|  |TAMS 0x0000000706400000| PB 0x0000000706400000| Untracked 
|  12|0x0000000706600000, 0x0000000706800000, 0x0000000706800000|100%| O|  |TAMS 0x0000000706600000| PB 0x0000000706600000| Untracked 
|  13|0x0000000706800000, 0x0000000706a00000, 0x0000000706a00000|100%| O|  |TAMS 0x0000000706800000| PB 0x0000000706800000| Untracked 
|  14|0x0000000706a00000, 0x0000000706c00000, 0x0000000706c00000|100%| O|  |TAMS 0x0000000706a00000| PB 0x0000000706a00000| Untracked 
|  15|0x0000000706c00000, 0x0000000706e00000, 0x0000000706e00000|100%| O|  |TAMS 0x0000000706c00000| PB 0x0000000706c00000| Untracked 
|  16|0x0000000706e00000, 0x0000000707000000, 0x0000000707000000|100%| O|  |TAMS 0x0000000706e00000| PB 0x0000000706e00000| Untracked 
|  17|0x0000000707000000, 0x0000000707200000, 0x0000000707200000|100%| O|  |TAMS 0x0000000707000000| PB 0x0000000707000000| Untracked 
|  18|0x0000000707200000, 0x0000000707400000, 0x0000000707400000|100%| O|  |TAMS 0x0000000707200000| PB 0x0000000707200000| Untracked 
|  19|0x0000000707400000, 0x0000000707600000, 0x0000000707600000|100%| O|  |TAMS 0x0000000707400000| PB 0x0000000707400000| Untracked 
|  20|0x0000000707600000, 0x0000000707800000, 0x0000000707800000|100%| O|  |TAMS 0x0000000707600000| PB 0x0000000707600000| Untracked 
|  21|0x0000000707800000, 0x0000000707a00000, 0x0000000707a00000|100%| O|  |TAMS 0x0000000707800000| PB 0x0000000707800000| Untracked 
|  22|0x0000000707a00000, 0x0000000707c00000, 0x0000000707c00000|100%| O|  |TAMS 0x0000000707a00000| PB 0x0000000707a00000| Untracked 
|  23|0x0000000707c00000, 0x0000000707e00000, 0x0000000707e00000|100%| O|  |TAMS 0x0000000707c00000| PB 0x0000000707c00000| Untracked 
|  24|0x0000000707e00000, 0x0000000708000000, 0x0000000708000000|100%| O|  |TAMS 0x0000000707e00000| PB 0x0000000707e00000| Untracked 
|  25|0x0000000708000000, 0x0000000708200000, 0x0000000708200000|100%| O|  |TAMS 0x0000000708000000| PB 0x0000000708000000| Untracked 
|  26|0x0000000708200000, 0x0000000708400000, 0x0000000708400000|100%| O|  |TAMS 0x0000000708200000| PB 0x0000000708200000| Untracked 
|  27|0x0000000708400000, 0x0000000708600000, 0x0000000708600000|100%| O|  |TAMS 0x0000000708400000| PB 0x0000000708400000| Untracked 
|  28|0x0000000708600000, 0x0000000708800000, 0x0000000708800000|100%| O|Cm|TAMS 0x0000000708600000| PB 0x0000000708600000| Complete 
|  29|0x0000000708800000, 0x0000000708a00000, 0x0000000708a00000|100%| O|  |TAMS 0x0000000708800000| PB 0x0000000708800000| Untracked 
|  30|0x0000000708a00000, 0x0000000708c00000, 0x0000000708c00000|100%| O|  |TAMS 0x0000000708a00000| PB 0x0000000708a00000| Untracked 
|  31|0x0000000708c00000, 0x0000000708e00000, 0x0000000708e00000|100%| O|  |TAMS 0x0000000708c00000| PB 0x0000000708c00000| Untracked 
|  32|0x0000000708e00000, 0x0000000709000000, 0x0000000709000000|100%| O|  |TAMS 0x0000000708e00000| PB 0x0000000708e00000| Untracked 
|  33|0x0000000709000000, 0x0000000709200000, 0x0000000709200000|100%| O|  |TAMS 0x0000000709000000| PB 0x0000000709000000| Untracked 
|  34|0x0000000709200000, 0x0000000709400000, 0x0000000709400000|100%| O|  |TAMS 0x0000000709200000| PB 0x0000000709200000| Untracked 
|  35|0x0000000709400000, 0x0000000709600000, 0x0000000709600000|100%| O|  |TAMS 0x0000000709400000| PB 0x0000000709400000| Untracked 
|  36|0x0000000709600000, 0x0000000709800000, 0x0000000709800000|100%| O|  |TAMS 0x0000000709600000| PB 0x0000000709600000| Untracked 
|  37|0x0000000709800000, 0x0000000709a00000, 0x0000000709a00000|100%| O|  |TAMS 0x0000000709800000| PB 0x0000000709800000| Untracked 
|  38|0x0000000709a00000, 0x0000000709c00000, 0x0000000709c00000|100%| O|  |TAMS 0x0000000709a00000| PB 0x0000000709a00000| Untracked 
|  39|0x0000000709c00000, 0x0000000709e00000, 0x0000000709e00000|100%| O|  |TAMS 0x0000000709c00000| PB 0x0000000709c00000| Untracked 
|  40|0x0000000709e00000, 0x000000070a000000, 0x000000070a000000|100%| O|  |TAMS 0x0000000709e00000| PB 0x0000000709e00000| Untracked 
|  41|0x000000070a000000, 0x000000070a200000, 0x000000070a200000|100%| O|  |TAMS 0x000000070a000000| PB 0x000000070a000000| Untracked 
|  42|0x000000070a200000, 0x000000070a400000, 0x000000070a400000|100%| O|  |TAMS 0x000000070a200000| PB 0x000000070a200000| Untracked 
|  43|0x000000070a400000, 0x000000070a600000, 0x000000070a600000|100%| O|  |TAMS 0x000000070a400000| PB 0x000000070a400000| Untracked 
|  44|0x000000070a600000, 0x000000070a800000, 0x000000070a800000|100%| O|  |TAMS 0x000000070a600000| PB 0x000000070a600000| Untracked 
|  45|0x000000070a800000, 0x000000070aa00000, 0x000000070aa00000|100%| O|  |TAMS 0x000000070a800000| PB 0x000000070a800000| Untracked 
|  46|0x000000070aa00000, 0x000000070ac00000, 0x000000070ac00000|100%| O|  |TAMS 0x000000070aa00000| PB 0x000000070aa00000| Untracked 
|  47|0x000000070ac00000, 0x000000070ae00000, 0x000000070ae00000|100%| O|  |TAMS 0x000000070ac00000| PB 0x000000070ac00000| Untracked 
|  48|0x000000070ae00000, 0x000000070b000000, 0x000000070b000000|100%| O|  |TAMS 0x000000070ae00000| PB 0x000000070ae00000| Untracked 
|  49|0x000000070b000000, 0x000000070b200000, 0x000000070b200000|100%| O|  |TAMS 0x000000070b000000| PB 0x000000070b000000| Untracked 
|  50|0x000000070b200000, 0x000000070b400000, 0x000000070b400000|100%| O|  |TAMS 0x000000070b200000| PB 0x000000070b200000| Untracked 
|  51|0x000000070b400000, 0x000000070b600000, 0x000000070b600000|100%| O|  |TAMS 0x000000070b400000| PB 0x000000070b400000| Untracked 
|  52|0x000000070b600000, 0x000000070b800000, 0x000000070b800000|100%| O|  |TAMS 0x000000070b600000| PB 0x000000070b600000| Untracked 
|  53|0x000000070b800000, 0x000000070ba00000, 0x000000070ba00000|100%| O|  |TAMS 0x000000070b800000| PB 0x000000070b800000| Untracked 
|  54|0x000000070ba00000, 0x000000070bc00000, 0x000000070bc00000|100%| O|  |TAMS 0x000000070ba00000| PB 0x000000070ba00000| Untracked 
|  55|0x000000070bc00000, 0x000000070be00000, 0x000000070be00000|100%| O|  |TAMS 0x000000070bc00000| PB 0x000000070bc00000| Untracked 
|  56|0x000000070be00000, 0x000000070c000000, 0x000000070c000000|100%| O|  |TAMS 0x000000070be00000| PB 0x000000070be00000| Untracked 
|  57|0x000000070c000000, 0x000000070c200000, 0x000000070c200000|100%| O|  |TAMS 0x000000070c000000| PB 0x000000070c000000| Untracked 
|  58|0x000000070c200000, 0x000000070c400000, 0x000000070c400000|100%| O|  |TAMS 0x000000070c200000| PB 0x000000070c200000| Untracked 
|  59|0x000000070c400000, 0x000000070c600000, 0x000000070c600000|100%| O|  |TAMS 0x000000070c400000| PB 0x000000070c400000| Untracked 
|  60|0x000000070c600000, 0x000000070c800000, 0x000000070c800000|100%| O|  |TAMS 0x000000070c600000| PB 0x000000070c600000| Untracked 
|  61|0x000000070c800000, 0x000000070ca00000, 0x000000070ca00000|100%| O|  |TAMS 0x000000070c800000| PB 0x000000070c800000| Untracked 
|  62|0x000000070ca00000, 0x000000070cc00000, 0x000000070cc00000|100%| O|  |TAMS 0x000000070ca00000| PB 0x000000070ca00000| Untracked 
|  63|0x000000070cc00000, 0x000000070ce00000, 0x000000070ce00000|100%| O|  |TAMS 0x000000070cc00000| PB 0x000000070cc00000| Untracked 
|  64|0x000000070ce00000, 0x000000070d000000, 0x000000070d000000|100%| O|  |TAMS 0x000000070ce00000| PB 0x000000070ce00000| Untracked 
|  65|0x000000070d000000, 0x000000070d200000, 0x000000070d200000|100%| O|  |TAMS 0x000000070d000000| PB 0x000000070d000000| Untracked 
|  66|0x000000070d200000, 0x000000070d400000, 0x000000070d400000|100%| O|  |TAMS 0x000000070d200000| PB 0x000000070d200000| Untracked 
|  67|0x000000070d400000, 0x000000070d600000, 0x000000070d600000|100%| O|  |TAMS 0x000000070d400000| PB 0x000000070d400000| Untracked 
|  68|0x000000070d600000, 0x000000070d800000, 0x000000070d800000|100%| O|  |TAMS 0x000000070d600000| PB 0x000000070d600000| Untracked 
|  69|0x000000070d800000, 0x000000070da00000, 0x000000070da00000|100%| O|  |TAMS 0x000000070d800000| PB 0x000000070d800000| Untracked 
|  70|0x000000070da00000, 0x000000070dc00000, 0x000000070dc00000|100%| O|  |TAMS 0x000000070da00000| PB 0x000000070da00000| Untracked 
|  71|0x000000070dc00000, 0x000000070de00000, 0x000000070de00000|100%| O|  |TAMS 0x000000070dc00000| PB 0x000000070dc00000| Untracked 
|  72|0x000000070de00000, 0x000000070e000000, 0x000000070e000000|100%| O|  |TAMS 0x000000070de00000| PB 0x000000070de00000| Untracked 
|  73|0x000000070e000000, 0x000000070e200000, 0x000000070e200000|100%| O|  |TAMS 0x000000070e000000| PB 0x000000070e000000| Untracked 
|  74|0x000000070e200000, 0x000000070e400000, 0x000000070e400000|100%| O|Cm|TAMS 0x000000070e200000| PB 0x000000070e200000| Complete 
|  75|0x000000070e400000, 0x000000070e600000, 0x000000070e600000|100%| O|  |TAMS 0x000000070e400000| PB 0x000000070e400000| Untracked 
|  76|0x000000070e600000, 0x000000070e800000, 0x000000070e800000|100%| O|  |TAMS 0x000000070e600000| PB 0x000000070e600000| Untracked 
|  77|0x000000070e800000, 0x000000070ea00000, 0x000000070ea00000|100%| O|  |TAMS 0x000000070e800000| PB 0x000000070e800000| Untracked 
|  78|0x000000070ea00000, 0x000000070ec00000, 0x000000070ec00000|100%| O|  |TAMS 0x000000070ea00000| PB 0x000000070ea00000| Untracked 
|  79|0x000000070ec00000, 0x000000070ee00000, 0x000000070ee00000|100%| O|  |TAMS 0x000000070ec00000| PB 0x000000070ec00000| Untracked 
|  80|0x000000070ee00000, 0x000000070f000000, 0x000000070f000000|100%| O|  |TAMS 0x000000070ee00000| PB 0x000000070ee00000| Untracked 
|  81|0x000000070f000000, 0x000000070f200000, 0x000000070f200000|100%| O|  |TAMS 0x000000070f000000| PB 0x000000070f000000| Untracked 
|  82|0x000000070f200000, 0x000000070f400000, 0x000000070f400000|100%| O|Cm|TAMS 0x000000070f200000| PB 0x000000070f200000| Complete 
|  83|0x000000070f400000, 0x000000070f600000, 0x000000070f600000|100%| O|  |TAMS 0x000000070f400000| PB 0x000000070f400000| Untracked 
|  84|0x000000070f600000, 0x000000070f800000, 0x000000070f800000|100%| O|  |TAMS 0x000000070f600000| PB 0x000000070f600000| Untracked 
|  85|0x000000070f800000, 0x000000070fa00000, 0x000000070fa00000|100%| O|  |TAMS 0x000000070f800000| PB 0x000000070f800000| Untracked 
|  86|0x000000070fa00000, 0x000000070fc00000, 0x000000070fc00000|100%| O|  |TAMS 0x000000070fa00000| PB 0x000000070fa00000| Untracked 
|  87|0x000000070fc00000, 0x000000070fe00000, 0x000000070fe00000|100%| O|  |TAMS 0x000000070fc00000| PB 0x000000070fc00000| Untracked 
|  88|0x000000070fe00000, 0x0000000710000000, 0x0000000710000000|100%| O|  |TAMS 0x000000070fe00000| PB 0x000000070fe00000| Untracked 
|  89|0x0000000710000000, 0x0000000710200000, 0x0000000710200000|100%| O|  |TAMS 0x0000000710000000| PB 0x0000000710000000| Untracked 
|  90|0x0000000710200000, 0x0000000710400000, 0x0000000710400000|100%| O|  |TAMS 0x0000000710200000| PB 0x0000000710200000| Untracked 
|  91|0x0000000710400000, 0x0000000710600000, 0x0000000710600000|100%| O|  |TAMS 0x0000000710400000| PB 0x0000000710400000| Untracked 
|  92|0x0000000710600000, 0x0000000710800000, 0x0000000710800000|100%| O|  |TAMS 0x0000000710600000| PB 0x0000000710600000| Untracked 
|  93|0x0000000710800000, 0x0000000710a00000, 0x0000000710a00000|100%| O|  |TAMS 0x0000000710800000| PB 0x0000000710800000| Untracked 
|  94|0x0000000710a00000, 0x0000000710c00000, 0x0000000710c00000|100%| O|  |TAMS 0x0000000710a00000| PB 0x0000000710a00000| Untracked 
|  95|0x0000000710c00000, 0x0000000710e00000, 0x0000000710e00000|100%| O|  |TAMS 0x0000000710c00000| PB 0x0000000710c00000| Untracked 
|  96|0x0000000710e00000, 0x0000000711000000, 0x0000000711000000|100%| O|  |TAMS 0x0000000710e00000| PB 0x0000000710e00000| Untracked 
|  97|0x0000000711000000, 0x0000000711200000, 0x0000000711200000|100%| O|  |TAMS 0x0000000711000000| PB 0x0000000711000000| Untracked 
|  98|0x0000000711200000, 0x0000000711400000, 0x0000000711400000|100%| O|  |TAMS 0x0000000711200000| PB 0x0000000711200000| Untracked 
|  99|0x0000000711400000, 0x0000000711600000, 0x0000000711600000|100%| O|  |TAMS 0x0000000711400000| PB 0x0000000711400000| Untracked 
| 100|0x0000000711600000, 0x0000000711800000, 0x0000000711800000|100%| O|  |TAMS 0x0000000711600000| PB 0x0000000711600000| Untracked 
| 101|0x0000000711800000, 0x0000000711a00000, 0x0000000711a00000|100%| O|  |TAMS 0x0000000711800000| PB 0x0000000711800000| Untracked 
| 102|0x0000000711a00000, 0x0000000711c00000, 0x0000000711c00000|100%| O|  |TAMS 0x0000000711a00000| PB 0x0000000711a00000| Untracked 
| 103|0x0000000711c00000, 0x0000000711e00000, 0x0000000711e00000|100%| O|  |TAMS 0x0000000711c00000| PB 0x0000000711c00000| Untracked 
| 104|0x0000000711e00000, 0x0000000712000000, 0x0000000712000000|100%| O|  |TAMS 0x0000000711e00000| PB 0x0000000711e00000| Untracked 
| 105|0x0000000712000000, 0x0000000712200000, 0x0000000712200000|100%| O|  |TAMS 0x0000000712000000| PB 0x0000000712000000| Untracked 
| 106|0x0000000712200000, 0x0000000712200000, 0x0000000712400000|  0%| F|  |TAMS 0x0000000712200000| PB 0x0000000712200000| Untracked 
| 107|0x0000000712400000, 0x0000000712600000, 0x0000000712600000|100%| O|  |TAMS 0x0000000712400000| PB 0x0000000712400000| Untracked 
| 108|0x0000000712600000, 0x0000000712600000, 0x0000000712800000|  0%| F|  |TAMS 0x0000000712600000| PB 0x0000000712600000| Untracked 
| 109|0x0000000712800000, 0x0000000712800000, 0x0000000712a00000|  0%| F|  |TAMS 0x0000000712800000| PB 0x0000000712800000| Untracked 
| 110|0x0000000712a00000, 0x0000000712a00000, 0x0000000712c00000|  0%| F|  |TAMS 0x0000000712a00000| PB 0x0000000712a00000| Untracked 
| 111|0x0000000712c00000, 0x0000000712c00000, 0x0000000712e00000|  0%| F|  |TAMS 0x0000000712c00000| PB 0x0000000712c00000| Untracked 
| 112|0x0000000712e00000, 0x0000000712e00000, 0x0000000713000000|  0%| F|  |TAMS 0x0000000712e00000| PB 0x0000000712e00000| Untracked 
| 113|0x0000000713000000, 0x0000000713000000, 0x0000000713200000|  0%| F|  |TAMS 0x0000000713000000| PB 0x0000000713000000| Untracked 
| 114|0x0000000713200000, 0x0000000713200000, 0x0000000713400000|  0%| F|  |TAMS 0x0000000713200000| PB 0x0000000713200000| Untracked 
| 115|0x0000000713400000, 0x0000000713400000, 0x0000000713600000|  0%| F|  |TAMS 0x0000000713400000| PB 0x0000000713400000| Untracked 
| 116|0x0000000713600000, 0x0000000713600000, 0x0000000713800000|  0%| F|  |TAMS 0x0000000713600000| PB 0x0000000713600000| Untracked 
| 117|0x0000000713800000, 0x0000000713800000, 0x0000000713a00000|  0%| F|  |TAMS 0x0000000713800000| PB 0x0000000713800000| Untracked 
| 118|0x0000000713a00000, 0x0000000713a00000, 0x0000000713c00000|  0%| F|  |TAMS 0x0000000713a00000| PB 0x0000000713a00000| Untracked 
| 119|0x0000000713c00000, 0x0000000713c00000, 0x0000000713e00000|  0%| F|  |TAMS 0x0000000713c00000| PB 0x0000000713c00000| Untracked 
| 120|0x0000000713e00000, 0x0000000713e00000, 0x0000000714000000|  0%| F|  |TAMS 0x0000000713e00000| PB 0x0000000713e00000| Untracked 
| 121|0x0000000714000000, 0x0000000714000000, 0x0000000714200000|  0%| F|  |TAMS 0x0000000714000000| PB 0x0000000714000000| Untracked 
| 122|0x0000000714200000, 0x0000000714200000, 0x0000000714400000|  0%| F|  |TAMS 0x0000000714200000| PB 0x0000000714200000| Untracked 
| 123|0x0000000714400000, 0x0000000714400000, 0x0000000714600000|  0%| F|  |TAMS 0x0000000714400000| PB 0x0000000714400000| Untracked 
| 124|0x0000000714600000, 0x0000000714600000, 0x0000000714800000|  0%| F|  |TAMS 0x0000000714600000| PB 0x0000000714600000| Untracked 
| 125|0x0000000714800000, 0x0000000714800000, 0x0000000714a00000|  0%| F|  |TAMS 0x0000000714800000| PB 0x0000000714800000| Untracked 
| 126|0x0000000714a00000, 0x0000000714a00000, 0x0000000714c00000|  0%| F|  |TAMS 0x0000000714a00000| PB 0x0000000714a00000| Untracked 
| 127|0x0000000714c00000, 0x0000000714c00000, 0x0000000714e00000|  0%| F|  |TAMS 0x0000000714c00000| PB 0x0000000714c00000| Untracked 
| 128|0x0000000714e00000, 0x0000000714e00000, 0x0000000715000000|  0%| F|  |TAMS 0x0000000714e00000| PB 0x0000000714e00000| Untracked 
| 129|0x0000000715000000, 0x0000000715000000, 0x0000000715200000|  0%| F|  |TAMS 0x0000000715000000| PB 0x0000000715000000| Untracked 
| 130|0x0000000715200000, 0x0000000715200000, 0x0000000715400000|  0%| F|  |TAMS 0x0000000715200000| PB 0x0000000715200000| Untracked 
| 131|0x0000000715400000, 0x0000000715400000, 0x0000000715600000|  0%| F|  |TAMS 0x0000000715400000| PB 0x0000000715400000| Untracked 
| 132|0x0000000715600000, 0x0000000715600000, 0x0000000715800000|  0%| F|  |TAMS 0x0000000715600000| PB 0x0000000715600000| Untracked 
| 133|0x0000000715800000, 0x0000000715800000, 0x0000000715a00000|  0%| F|  |TAMS 0x0000000715800000| PB 0x0000000715800000| Untracked 
| 134|0x0000000715a00000, 0x0000000715a00000, 0x0000000715c00000|  0%| F|  |TAMS 0x0000000715a00000| PB 0x0000000715a00000| Untracked 
| 135|0x0000000715c00000, 0x0000000715c00000, 0x0000000715e00000|  0%| F|  |TAMS 0x0000000715c00000| PB 0x0000000715c00000| Untracked 
| 136|0x0000000715e00000, 0x0000000715e00000, 0x0000000716000000|  0%| F|  |TAMS 0x0000000715e00000| PB 0x0000000715e00000| Untracked 
| 137|0x0000000716000000, 0x0000000716000000, 0x0000000716200000|  0%| F|  |TAMS 0x0000000716000000| PB 0x0000000716000000| Untracked 
| 138|0x0000000716200000, 0x0000000716200000, 0x0000000716400000|  0%| F|  |TAMS 0x0000000716200000| PB 0x0000000716200000| Untracked 
| 139|0x0000000716400000, 0x0000000716400000, 0x0000000716600000|  0%| F|  |TAMS 0x0000000716400000| PB 0x0000000716400000| Untracked 
| 140|0x0000000716600000, 0x0000000716600000, 0x0000000716800000|  0%| F|  |TAMS 0x0000000716600000| PB 0x0000000716600000| Untracked 
| 141|0x0000000716800000, 0x0000000716800000, 0x0000000716a00000|  0%| F|  |TAMS 0x0000000716800000| PB 0x0000000716800000| Untracked 
| 142|0x0000000716a00000, 0x0000000716a00000, 0x0000000716c00000|  0%| F|  |TAMS 0x0000000716a00000| PB 0x0000000716a00000| Untracked 
| 143|0x0000000716c00000, 0x0000000716d00000, 0x0000000716e00000| 50%| E|  |TAMS 0x0000000716c00000| PB 0x0000000716c00000| Complete 
| 144|0x0000000716e00000, 0x0000000717000000, 0x0000000717000000|100%| E|CS|TAMS 0x0000000716e00000| PB 0x0000000716e00000| Complete 
| 145|0x0000000717000000, 0x0000000717200000, 0x0000000717200000|100%| E|CS|TAMS 0x0000000717000000| PB 0x0000000717000000| Complete 
| 146|0x0000000717200000, 0x0000000717400000, 0x0000000717400000|100%| E|CS|TAMS 0x0000000717200000| PB 0x0000000717200000| Complete 
| 147|0x0000000717400000, 0x0000000717600000, 0x0000000717600000|100%| E|CS|TAMS 0x0000000717400000| PB 0x0000000717400000| Complete 
| 148|0x0000000717600000, 0x0000000717800000, 0x0000000717800000|100%| E|CS|TAMS 0x0000000717600000| PB 0x0000000717600000| Complete 
| 149|0x0000000717800000, 0x0000000717a00000, 0x0000000717a00000|100%| E|CS|TAMS 0x0000000717800000| PB 0x0000000717800000| Complete 
| 150|0x0000000717a00000, 0x0000000717c00000, 0x0000000717c00000|100%| E|CS|TAMS 0x0000000717a00000| PB 0x0000000717a00000| Complete 
| 151|0x0000000717c00000, 0x0000000717e00000, 0x0000000717e00000|100%| E|CS|TAMS 0x0000000717c00000| PB 0x0000000717c00000| Complete 
| 152|0x0000000717e00000, 0x0000000718000000, 0x0000000718000000|100%| E|CS|TAMS 0x0000000717e00000| PB 0x0000000717e00000| Complete 
| 153|0x0000000718000000, 0x0000000718200000, 0x0000000718200000|100%| E|CS|TAMS 0x0000000718000000| PB 0x0000000718000000| Complete 
| 154|0x0000000718200000, 0x0000000718400000, 0x0000000718400000|100%| E|CS|TAMS 0x0000000718200000| PB 0x0000000718200000| Complete 
| 155|0x0000000718400000, 0x0000000718600000, 0x0000000718600000|100%| E|CS|TAMS 0x0000000718400000| PB 0x0000000718400000| Complete 
| 156|0x0000000718600000, 0x0000000718800000, 0x0000000718800000|100%| E|CS|TAMS 0x0000000718600000| PB 0x0000000718600000| Complete 
| 157|0x0000000718800000, 0x0000000718a00000, 0x0000000718a00000|100%| E|CS|TAMS 0x0000000718800000| PB 0x0000000718800000| Complete 
| 158|0x0000000718a00000, 0x0000000718c00000, 0x0000000718c00000|100%| E|CS|TAMS 0x0000000718a00000| PB 0x0000000718a00000| Complete 
| 159|0x0000000718c00000, 0x0000000718e00000, 0x0000000718e00000|100%| E|CS|TAMS 0x0000000718c00000| PB 0x0000000718c00000| Complete 
| 160|0x0000000718e00000, 0x0000000719000000, 0x0000000719000000|100%| E|CS|TAMS 0x0000000718e00000| PB 0x0000000718e00000| Complete 
| 161|0x0000000719000000, 0x0000000719200000, 0x0000000719200000|100%| E|CS|TAMS 0x0000000719000000| PB 0x0000000719000000| Complete 
| 162|0x0000000719200000, 0x0000000719400000, 0x0000000719400000|100%| E|CS|TAMS 0x0000000719200000| PB 0x0000000719200000| Complete 
| 163|0x0000000719400000, 0x0000000719600000, 0x0000000719600000|100%| E|CS|TAMS 0x0000000719400000| PB 0x0000000719400000| Complete 
| 164|0x0000000719600000, 0x0000000719800000, 0x0000000719800000|100%| E|CS|TAMS 0x0000000719600000| PB 0x0000000719600000| Complete 
| 165|0x0000000719800000, 0x00000007198f9ac8, 0x0000000719a00000| 48%| S|CS|TAMS 0x0000000719800000| PB 0x0000000719800000| Complete 
| 166|0x0000000719a00000, 0x0000000719c00000, 0x0000000719c00000|100%| S|CS|TAMS 0x0000000719a00000| PB 0x0000000719a00000| Complete 
| 167|0x0000000719c00000, 0x0000000719e00000, 0x0000000719e00000|100%| E|CS|TAMS 0x0000000719c00000| PB 0x0000000719c00000| Complete 
| 168|0x0000000719e00000, 0x000000071a000000, 0x000000071a000000|100%| E|CS|TAMS 0x0000000719e00000| PB 0x0000000719e00000| Complete 
| 169|0x000000071a000000, 0x000000071a200000, 0x000000071a200000|100%| E|CS|TAMS 0x000000071a000000| PB 0x000000071a000000| Complete 
| 170|0x000000071a200000, 0x000000071a400000, 0x000000071a400000|100%| E|CS|TAMS 0x000000071a200000| PB 0x000000071a200000| Complete 
| 171|0x000000071a400000, 0x000000071a600000, 0x000000071a600000|100%| E|CS|TAMS 0x000000071a400000| PB 0x000000071a400000| Complete 
| 172|0x000000071a600000, 0x000000071a800000, 0x000000071a800000|100%| E|CS|TAMS 0x000000071a600000| PB 0x000000071a600000| Complete 
| 173|0x000000071a800000, 0x000000071aa00000, 0x000000071aa00000|100%| E|CS|TAMS 0x000000071a800000| PB 0x000000071a800000| Complete 
| 174|0x000000071aa00000, 0x000000071ac00000, 0x000000071ac00000|100%| E|CS|TAMS 0x000000071aa00000| PB 0x000000071aa00000| Complete 
| 175|0x000000071ac00000, 0x000000071ae00000, 0x000000071ae00000|100%| E|CS|TAMS 0x000000071ac00000| PB 0x000000071ac00000| Complete 
| 176|0x000000071ae00000, 0x000000071b000000, 0x000000071b000000|100%| E|CS|TAMS 0x000000071ae00000| PB 0x000000071ae00000| Complete 
| 177|0x000000071b000000, 0x000000071b200000, 0x000000071b200000|100%| E|CS|TAMS 0x000000071b000000| PB 0x000000071b000000| Complete 
| 178|0x000000071b200000, 0x000000071b400000, 0x000000071b400000|100%| E|CS|TAMS 0x000000071b200000| PB 0x000000071b200000| Complete 
| 179|0x000000071b400000, 0x000000071b600000, 0x000000071b600000|100%| E|CS|TAMS 0x000000071b400000| PB 0x000000071b400000| Complete 
| 180|0x000000071b600000, 0x000000071b800000, 0x000000071b800000|100%| E|CS|TAMS 0x000000071b600000| PB 0x000000071b600000| Complete 
| 181|0x000000071b800000, 0x000000071ba00000, 0x000000071ba00000|100%| E|CS|TAMS 0x000000071b800000| PB 0x000000071b800000| Complete 
| 182|0x000000071ba00000, 0x000000071bc00000, 0x000000071bc00000|100%| E|CS|TAMS 0x000000071ba00000| PB 0x000000071ba00000| Complete 
|2008|0x00000007ffe00000, 0x0000000800000000, 0x0000000800000000|100%| O|  |TAMS 0x00000007ffe00000| PB 0x00000007ffe00000| Untracked 

Card table byte_map: [0x000002384dd70000,0x000002384e550000] _byte_map_base: 0x000002384a549000

Marking Bits: (CMBitMap*) 0x000002383af5bb00
 Bits: [0x000002384e550000, 0x0000023852418000)

Polling page: 0x0000023838f00000

Metaspace:

Usage:
  Non-class:     79.32 MB used.
      Class:      8.77 MB used.
       Both:     88.09 MB used.

Virtual space:
  Non-class space:      128.00 MB reserved,      79.50 MB ( 62%) committed,  2 nodes.
      Class space:        1.00 GB reserved,       8.94 MB ( <1%) committed,  1 nodes.
             Both:        1.12 GB reserved,      88.44 MB (  8%) committed. 

Chunk freelists:
   Non-Class:  384.00 KB
       Class:  7.07 MB
        Both:  7.45 MB

MaxMetaspaceSize: unlimited
CompressedClassSpaceSize: 1.00 GB
Initial GC threshold: 21.00 MB
Current GC threshold: 137.75 MB
CDS: off
 - commit_granule_bytes: 65536.
 - commit_granule_words: 8192.
 - virtual_space_node_default_size: 8388608.
 - enlarge_chunks_in_place: 1.
 - use_allocation_guard: 0.


Internal statistics:

num_allocs_failed_limit: 3.
num_arena_births: 452.
num_arena_deaths: 0.
num_vsnodes_births: 3.
num_vsnodes_deaths: 0.
num_space_committed: 1413.
num_space_uncommitted: 0.
num_chunks_returned_to_freelist: 3.
num_chunks_taken_from_freelist: 3345.
num_chunk_merges: 3.
num_chunk_splits: 2762.
num_chunks_enlarged: 2471.
num_inconsistent_stats: 0.

CodeHeap 'non-profiled nmethods': size=120000Kb used=11988Kb max_used=11988Kb free=108011Kb
 bounds [0x0000023845b10000, 0x00000238466d0000, 0x000002384d040000]
CodeHeap 'profiled nmethods': size=120000Kb used=59169Kb max_used=59169Kb free=60831Kb
 bounds [0x000002383e040000, 0x0000023841a10000, 0x0000023845570000]
CodeHeap 'non-nmethods': size=5760Kb used=1837Kb max_used=1886Kb free=3922Kb
 bounds [0x0000023845570000, 0x00000238457e0000, 0x0000023845b10000]
 total_blobs=17102 nmethods=16270 adapters=729
 compilation: enabled
              stopped_count=0, restarted_count=0
 full_count=0

Compilation events (20 events):
Event: 15.980 Thread 0x0000023855299ee0 nmethod 18356 0x0000023841990e10 code [0x0000023841991080, 0x0000023841991980]
Event: 15.980 Thread 0x0000023855299ee0 18359       3       org.jetbrains.kotlin.codegen.inline.LocalVarRemapper::visitVarInsn (188 bytes)
Event: 15.982 Thread 0x0000023855299ee0 nmethod 18359 0x0000023841991d10 code [0x00000238419920e0, 0x0000023841993a70]
Event: 15.982 Thread 0x0000023855299ee0 18360       3       org.jetbrains.kotlin.codegen.inline.InlineCodegenUtilsKt::isStoreInstruction (18 bytes)
Event: 15.982 Thread 0x0000023855299ee0 nmethod 18360 0x000002383f86bf10 code [0x000002383f86c0a0, 0x000002383f86c210]
Event: 15.982 Thread 0x0000023855299ee0 18361       3       org.jetbrains.org.objectweb.asm.commons.InstructionAdapter::visitJumpInsn (357 bytes)
Event: 15.983 Thread 0x0000023855299ee0 nmethod 18361 0x0000023841994310 code [0x00000238419947a0, 0x00000238419970c8]
Event: 15.983 Thread 0x0000023855299ee0 18363       3       org.jetbrains.org.objectweb.asm.commons.InstructionAdapter::getstatic (14 bytes)
Event: 15.983 Thread 0x0000023855299ee0 nmethod 18363 0x0000023841997810 code [0x00000238419979c0, 0x0000023841997bb8]
Event: 15.983 Thread 0x0000023855299ee0 18364       3       org.jetbrains.org.objectweb.asm.commons.InstructionAdapter::visitIntInsn (197 bytes)
Event: 15.984 Thread 0x0000023855299ee0 nmethod 18364 0x0000023841997c90 code [0x0000023841997fa0, 0x0000023841998fa8]
Event: 15.984 Thread 0x0000023855299ee0 18357       3       org.jetbrains.org.objectweb.asm.tree.TypeInsnNode::accept (18 bytes)
Event: 15.984 Thread 0x0000023855299ee0 nmethod 18357 0x0000023841999310 code [0x00000238419994c0, 0x00000238419996f8]
Event: 15.984 Thread 0x0000023855299ee0 18354       3       org.jetbrains.org.objectweb.asm.tree.MethodInsnNode::<init> (28 bytes)
Event: 15.985 Thread 0x0000023855299ee0 nmethod 18354 0x0000023841999810 code [0x00000238419999c0, 0x0000023841999cc0]
Event: 15.985 Thread 0x0000023855299ee0 18358       3       org.jetbrains.org.objectweb.asm.commons.Remapper::mapType (18 bytes)
Event: 15.985 Thread 0x0000023855299ee0 nmethod 18358 0x0000023841999e10 code [0x000002384199a000, 0x000002384199a298]
Event: 15.985 Thread 0x0000023855299ee0 18366       3       org.jetbrains.kotlin.codegen.inline.InlineCodegenUtilsKt::preprocessSuspendMarkers (435 bytes)
Event: 15.987 Thread 0x0000023855299450 nmethod 18304 0x00000238466b3990 code [0x00000238466b4840, 0x00000238466b6950]
Event: 15.987 Thread 0x0000023855299450 18333       4       java.util.ArrayList::removeIf (204 bytes)

GC Heap History (20 events):
Event: 4.416 GC heap before
{Heap before GC invocations=18 (full 0):
 garbage-first heap   total 120832K, used 102992K [0x0000000704e00000, 0x0000000800000000)
  region size 2048K, 14 young (28672K), 2 survivors (4096K)
 Metaspace       used 50862K, committed 51136K, reserved 1114112K
  class space    used 5755K, committed 5888K, reserved 1048576K
}
Event: 4.428 GC heap after
{Heap after GC invocations=19 (full 0):
 garbage-first heap   total 241664K, used 86016K [0x0000000704e00000, 0x0000000800000000)
  region size 2048K, 2 young (4096K), 2 survivors (4096K)
 Metaspace       used 50862K, committed 51136K, reserved 1114112K
  class space    used 5755K, committed 5888K, reserved 1048576K
}
Event: 5.846 GC heap before
{Heap before GC invocations=19 (full 0):
 garbage-first heap   total 241664K, used 182272K [0x0000000704e00000, 0x0000000800000000)
  region size 2048K, 50 young (102400K), 2 survivors (4096K)
 Metaspace       used 56564K, committed 56896K, reserved 1114112K
  class space    used 6272K, committed 6400K, reserved 1048576K
}
Event: 5.863 GC heap after
{Heap after GC invocations=20 (full 0):
 garbage-first heap   total 241664K, used 103242K [0x0000000704e00000, 0x0000000800000000)
  region size 2048K, 7 young (14336K), 7 survivors (14336K)
 Metaspace       used 56564K, committed 56896K, reserved 1114112K
  class space    used 6272K, committed 6400K, reserved 1048576K
}
Event: 5.972 GC heap before
{Heap before GC invocations=20 (full 0):
 garbage-first heap   total 241664K, used 185162K [0x0000000704e00000, 0x0000000800000000)
  region size 2048K, 47 young (96256K), 7 survivors (14336K)
 Metaspace       used 56568K, committed 56896K, reserved 1114112K
  class space    used 6272K, committed 6400K, reserved 1048576K
}
Event: 5.985 GC heap after
{Heap after GC invocations=21 (full 0):
 garbage-first heap   total 241664K, used 121853K [0x0000000704e00000, 0x0000000800000000)
  region size 2048K, 6 young (12288K), 6 survivors (12288K)
 Metaspace       used 56568K, committed 56896K, reserved 1114112K
  class space    used 6272K, committed 6400K, reserved 1048576K
}
Event: 6.583 GC heap before
{Heap before GC invocations=21 (full 0):
 garbage-first heap   total 241664K, used 195581K [0x0000000704e00000, 0x0000000800000000)
  region size 2048K, 42 young (86016K), 6 survivors (12288K)
 Metaspace       used 57184K, committed 57536K, reserved 1114112K
  class space    used 6316K, committed 6464K, reserved 1048576K
}
Event: 6.593 GC heap after
{Heap after GC invocations=22 (full 0):
 garbage-first heap   total 241664K, used 136447K [0x0000000704e00000, 0x0000000800000000)
  region size 2048K, 6 young (12288K), 6 survivors (12288K)
 Metaspace       used 57184K, committed 57536K, reserved 1114112K
  class space    used 6316K, committed 6464K, reserved 1048576K
}
Event: 7.620 GC heap before
{Heap before GC invocations=23 (full 0):
 garbage-first heap   total 241664K, used 204031K [0x0000000704e00000, 0x0000000800000000)
  region size 2048K, 39 young (79872K), 6 survivors (12288K)
 Metaspace       used 57719K, committed 58048K, reserved 1114112K
  class space    used 6345K, committed 6464K, reserved 1048576K
}
Event: 7.629 GC heap after
{Heap after GC invocations=24 (full 0):
 garbage-first heap   total 356352K, used 143814K [0x0000000704e00000, 0x0000000800000000)
  region size 2048K, 3 young (6144K), 3 survivors (6144K)
 Metaspace       used 57719K, committed 58048K, reserved 1114112K
  class space    used 6345K, committed 6464K, reserved 1048576K
}
Event: 8.309 GC heap before
{Heap before GC invocations=24 (full 0):
 garbage-first heap   total 356352K, used 295366K [0x0000000704e00000, 0x0000000800000000)
  region size 2048K, 77 young (157696K), 3 survivors (6144K)
 Metaspace       used 57873K, committed 58240K, reserved 1114112K
  class space    used 6346K, committed 6528K, reserved 1048576K
}
Event: 8.318 GC heap after
{Heap after GC invocations=25 (full 0):
 garbage-first heap   total 356352K, used 170928K [0x0000000704e00000, 0x0000000800000000)
  region size 2048K, 10 young (20480K), 10 survivors (20480K)
 Metaspace       used 57873K, committed 58240K, reserved 1114112K
  class space    used 6346K, committed 6528K, reserved 1048576K
}
Event: 10.221 GC heap before
{Heap before GC invocations=25 (full 0):
 garbage-first heap   total 356352K, used 287664K [0x0000000704e00000, 0x0000000800000000)
  region size 2048K, 67 young (137216K), 10 survivors (20480K)
 Metaspace       used 64857K, committed 65152K, reserved 1114112K
  class space    used 6909K, committed 7040K, reserved 1048576K
}
Event: 10.237 GC heap after
{Heap after GC invocations=26 (full 0):
 garbage-first heap   total 356352K, used 191915K [0x0000000704e00000, 0x0000000800000000)
  region size 2048K, 9 young (18432K), 9 survivors (18432K)
 Metaspace       used 64857K, committed 65152K, reserved 1114112K
  class space    used 6909K, committed 7040K, reserved 1048576K
}
Event: 12.059 GC heap before
{Heap before GC invocations=27 (full 0):
 garbage-first heap   total 356352K, used 300459K [0x0000000704e00000, 0x0000000800000000)
  region size 2048K, 62 young (126976K), 9 survivors (18432K)
 Metaspace       used 73930K, committed 74240K, reserved 1179648K
  class space    used 7659K, committed 7808K, reserved 1048576K
}
Event: 12.078 GC heap after
{Heap after GC invocations=28 (full 0):
 garbage-first heap   total 356352K, used 210333K [0x0000000704e00000, 0x0000000800000000)
  region size 2048K, 8 young (16384K), 8 survivors (16384K)
 Metaspace       used 73930K, committed 74240K, reserved 1179648K
  class space    used 7659K, committed 7808K, reserved 1048576K
}
Event: 14.071 GC heap before
{Heap before GC invocations=28 (full 0):
 garbage-first heap   total 356352K, used 308637K [0x0000000704e00000, 0x0000000800000000)
  region size 2048K, 56 young (114688K), 8 survivors (16384K)
 Metaspace       used 83542K, committed 83968K, reserved 1179648K
  class space    used 8531K, committed 8704K, reserved 1048576K
}
Event: 14.086 GC heap after
{Heap after GC invocations=29 (full 0):
 garbage-first heap   total 356352K, used 221597K [0x0000000704e00000, 0x0000000800000000)
  region size 2048K, 7 young (14336K), 7 survivors (14336K)
 Metaspace       used 83542K, committed 83968K, reserved 1179648K
  class space    used 8531K, committed 8704K, reserved 1048576K
}
Event: 14.301 GC heap before
{Heap before GC invocations=29 (full 0):
 garbage-first heap   total 356352K, used 231837K [0x0000000704e00000, 0x0000000800000000)
  region size 2048K, 13 young (26624K), 7 survivors (14336K)
 Metaspace       used 84076K, committed 84480K, reserved 1179648K
  class space    used 8540K, committed 8704K, reserved 1048576K
}
Event: 14.309 GC heap after
{Heap after GC invocations=30 (full 0):
 garbage-first heap   total 356352K, used 224230K [0x0000000704e00000, 0x0000000800000000)
  region size 2048K, 2 young (4096K), 2 survivors (4096K)
 Metaspace       used 84076K, committed 84480K, reserved 1179648K
  class space    used 8540K, committed 8704K, reserved 1048576K
}

Dll operation events (3 events):
Event: 0.021 Loaded shared library C:\Program Files\Android\Android Studio\jbr\bin\java.dll
Event: 0.028 Loaded shared library C:\Program Files\Android\Android Studio\jbr\bin\zip.dll
Event: 1.181 Loaded shared library C:\Program Files\Android\Android Studio\jbr\bin\verify.dll

Deoptimization events (20 events):
Event: 15.864 Thread 0x0000023838293390 Uncommon trap: trap_request=0xffffffc6 fr.pc=0x0000023845e8e0b8 relative=0x0000000000000358
Event: 15.864 Thread 0x0000023838293390 Uncommon trap: reason=bimorphic_or_optimized_type_check action=maybe_recompile pc=0x0000023845e8e0b8 method=kotlin.collections.IndexingIterator.next()Lkotlin/collections/IndexedValue; @ 30 c2
Event: 15.864 Thread 0x0000023838293390 DEOPT PACKING pc=0x0000023845e8e0b8 sp=0x000000ad689fc960
Event: 15.864 Thread 0x0000023838293390 DEOPT UNPACKING pc=0x00000238455c46a2 sp=0x000000ad689fc8b0 mode 2
Event: 15.864 Thread 0x0000023838293390 Uncommon trap: trap_request=0xffffffc6 fr.pc=0x0000023845e8e0b8 relative=0x0000000000000358
Event: 15.864 Thread 0x0000023838293390 Uncommon trap: reason=bimorphic_or_optimized_type_check action=maybe_recompile pc=0x0000023845e8e0b8 method=kotlin.collections.IndexingIterator.next()Lkotlin/collections/IndexedValue; @ 30 c2
Event: 15.864 Thread 0x0000023838293390 DEOPT PACKING pc=0x0000023845e8e0b8 sp=0x000000ad689fc960
Event: 15.864 Thread 0x0000023838293390 DEOPT UNPACKING pc=0x00000238455c46a2 sp=0x000000ad689fc8b0 mode 2
Event: 15.864 Thread 0x0000023838293390 Uncommon trap: trap_request=0xffffffc6 fr.pc=0x0000023845e8e0b8 relative=0x0000000000000358
Event: 15.864 Thread 0x0000023838293390 Uncommon trap: reason=bimorphic_or_optimized_type_check action=maybe_recompile pc=0x0000023845e8e0b8 method=kotlin.collections.IndexingIterator.next()Lkotlin/collections/IndexedValue; @ 30 c2
Event: 15.864 Thread 0x0000023838293390 DEOPT PACKING pc=0x0000023845e8e0b8 sp=0x000000ad689fc960
Event: 15.864 Thread 0x0000023838293390 DEOPT UNPACKING pc=0x00000238455c46a2 sp=0x000000ad689fc8b0 mode 2
Event: 15.931 Thread 0x0000023838293390 Uncommon trap: trap_request=0xffffffde fr.pc=0x000002384660ed10 relative=0x00000000000002d0
Event: 15.931 Thread 0x0000023838293390 Uncommon trap: reason=class_check action=maybe_recompile pc=0x000002384660ed10 method=org.jetbrains.kotlin.ir.types.IrTypeUtilsKt.isNullable(Lorg/jetbrains/kotlin/ir/types/IrType;)Z @ 119 c2
Event: 15.931 Thread 0x0000023838293390 DEOPT PACKING pc=0x000002384660ed10 sp=0x000000ad689f8780
Event: 15.931 Thread 0x0000023838293390 DEOPT UNPACKING pc=0x00000238455c46a2 sp=0x000000ad689f86d8 mode 2
Event: 15.931 Thread 0x0000023838293390 Uncommon trap: trap_request=0xffffffde fr.pc=0x000002384660ed10 relative=0x00000000000002d0
Event: 15.931 Thread 0x0000023838293390 Uncommon trap: reason=class_check action=maybe_recompile pc=0x000002384660ed10 method=org.jetbrains.kotlin.ir.types.IrTypeUtilsKt.isNullable(Lorg/jetbrains/kotlin/ir/types/IrType;)Z @ 119 c2
Event: 15.931 Thread 0x0000023838293390 DEOPT PACKING pc=0x000002384660ed10 sp=0x000000ad689f8740
Event: 15.931 Thread 0x0000023838293390 DEOPT UNPACKING pc=0x00000238455c46a2 sp=0x000000ad689f8698 mode 2

Classes loaded (20 events):
Event: 13.732 Loading class java/security/MessageDigest$Delegate
Event: 13.732 Loading class sun/security/util/MessageDigestSpi2
Event: 13.732 Loading class sun/security/util/MessageDigestSpi2 done
Event: 13.732 Loading class java/security/MessageDigest$Delegate done
Event: 13.732 Loading class java/security/MessageDigest$Delegate$CloneableDelegate
Event: 13.732 Loading class java/security/MessageDigest$Delegate$CloneableDelegate done
Event: 13.732 Loading class sun/security/provider/ByteArrayAccess$LE
Event: 13.732 Loading class sun/security/provider/ByteArrayAccess$LE done
Event: 13.733 Loading class sun/security/provider/ByteArrayAccess
Event: 13.733 Loading class sun/security/provider/ByteArrayAccess done
Event: 13.733 Loading class java/util/Base64
Event: 13.735 Loading class java/util/Base64 done
Event: 13.735 Loading class java/util/Base64$Encoder
Event: 13.735 Loading class java/util/Base64$Encoder done
Event: 15.395 Loading class java/lang/TypeNotPresentException
Event: 15.395 Loading class java/lang/TypeNotPresentException done
Event: 15.423 Loading class java/util/function/ToIntFunction
Event: 15.423 Loading class java/util/function/ToIntFunction done
Event: 15.510 Loading class java/util/Vector$Itr
Event: 15.510 Loading class java/util/Vector$Itr done

Classes unloaded (0 events):
No events

Classes redefined (0 events):
No events

Internal exceptions (20 events):
Event: 12.828 Thread 0x0000023838293390 Exception <a 'java/lang/NoSuchMethodError'{0x0000000717dbea58}: 'java.lang.Object java.lang.invoke.DirectMethodHandle$Holder.newInvokeSpecial(java.lang.Object, int, java.lang.Object, java.lang.Object, java.lang.Object)'> (0x0000000717dbea58) 
thrown [s\src\hotspot\share\interpreter\linkResolver.cpp, line 784]
Event: 12.828 Thread 0x0000023838293390 Exception <a 'java/lang/NoSuchMethodError'{0x0000000717dc2c60}: 'java.lang.Object java.lang.invoke.DirectMethodHandle$Holder.invokeSpecial(java.lang.Object, java.lang.Object, int, java.lang.Object, java.lang.Object, java.lang.Object)'> (0x0000000717dc2c60) 
thrown [s\src\hotspot\share\interpreter\linkResolver.cpp, line 784]
Event: 12.828 Thread 0x0000023838293390 Exception <a 'java/lang/NoSuchMethodError'{0x0000000717dc6498}: 'java.lang.Object java.lang.invoke.Invokers$Holder.linkToTargetMethod(int, java.lang.Object, java.lang.Object, java.lang.Object, java.lang.Object)'> (0x0000000717dc6498) 
thrown [s\src\hotspot\share\interpreter\linkResolver.cpp, line 784]
Event: 13.070 Thread 0x0000023838293390 Exception <a 'java/lang/NoSuchMethodError'{0x0000000716e74488}: 'java.lang.Object java.lang.invoke.DirectMethodHandle$Holder.newInvokeSpecial(java.lang.Object, java.lang.Object, int, java.lang.Object)'> (0x0000000716e74488) 
thrown [s\src\hotspot\share\interpreter\linkResolver.cpp, line 784]
Event: 13.070 Thread 0x0000023838293390 Exception <a 'java/lang/NoSuchMethodError'{0x0000000716e782e8}: 'java.lang.Object java.lang.invoke.DirectMethodHandle$Holder.invokeSpecial(java.lang.Object, java.lang.Object, java.lang.Object, int, java.lang.Object)'> (0x0000000716e782e8) 
thrown [s\src\hotspot\share\interpreter\linkResolver.cpp, line 784]
Event: 13.070 Thread 0x0000023838293390 Exception <a 'java/lang/NoSuchMethodError'{0x0000000716e7ba08}: 'java.lang.Object java.lang.invoke.Invokers$Holder.linkToTargetMethod(java.lang.Object, int, java.lang.Object, java.lang.Object)'> (0x0000000716e7ba08) 
thrown [s\src\hotspot\share\interpreter\linkResolver.cpp, line 784]
Event: 13.269 Thread 0x0000023838293390 Exception <a 'java/lang/NoSuchMethodError'{0x00000007164b1710}: 'java.lang.Object java.lang.invoke.DirectMethodHandle$Holder.newInvokeSpecial(java.lang.Object, int, java.lang.Object, int)'> (0x00000007164b1710) 
thrown [s\src\hotspot\share\interpreter\linkResolver.cpp, line 784]
Event: 13.614 Thread 0x0000023838293390 Implicit null exception at 0x0000023845cdc199 to 0x0000023845cdc370
Event: 13.710 Thread 0x0000023838293390 Exception <a 'java/lang/NoSuchMethodError'{0x000000071520d2a0}: 'java.lang.Object java.lang.invoke.DirectMethodHandle$Holder.invokeStatic(java.lang.Object, java.lang.Object, java.lang.Object, java.lang.Object, int, java.lang.Object)'> (0x000000071520d2a0) 
thrown [s\src\hotspot\share\interpreter\linkResolver.cpp, line 784]
Event: 13.777 Thread 0x0000023838293390 Implicit null exception at 0x0000023846534151 to 0x000002384653472c
Event: 15.483 Thread 0x0000023838293390 Exception <a 'java/lang/NoSuchMethodError'{0x0000000718c7cb80}: 'java.lang.Object java.lang.invoke.DirectMethodHandle$Holder.invokeStatic(java.lang.Object, int, int)'> (0x0000000718c7cb80) 
thrown [s\src\hotspot\share\interpreter\linkResolver.cpp, line 784]
Event: 15.531 Thread 0x0000023838293390 Exception <a 'java/lang/NoSuchMethodError'{0x0000000718aadbb8}: 'java.lang.Object java.lang.invoke.DirectMethodHandle$Holder.newInvokeSpecial(java.lang.Object, java.lang.Object, java.lang.Object, java.lang.Object, java.lang.Object, int, java.lang.Object)'> (0x0000000718aadbb8) 
thrown [s\src\hotspot\share\interpreter\linkResolver.cpp, line 784]
Event: 15.531 Thread 0x0000023838293390 Exception <a 'java/lang/NoSuchMethodError'{0x0000000718ab1da8}: 'java.lang.Object java.lang.invoke.DirectMethodHandle$Holder.invokeSpecial(java.lang.Object, java.lang.Object, java.lang.Object, java.lang.Object, java.lang.Object, java.lang.Object, int, java.lang.Object)'> (0x0000000718ab1da8) 
thrown [s\src\hotspot\share\interpreter\linkResolver.cpp, line 784]
Event: 15.531 Thread 0x0000023838293390 Exception <a 'java/lang/NoSuchMethodError'{0x0000000718ab5518}: 'java.lang.Object java.lang.invoke.Invokers$Holder.linkToTargetMethod(java.lang.Object, java.lang.Object, java.lang.Object, java.lang.Object, int, java.lang.Object, java.lang.Object)'> (0x0000000718ab5518) 
thrown [s\src\hotspot\share\interpreter\linkResolver.cpp, line 784]
Event: 15.611 Thread 0x0000023838293390 Exception <a 'java/lang/NoSuchMethodError'{0x00000007189e0938}: 'java.lang.Object java.lang.invoke.DirectMethodHandle$Holder.newInvokeSpecial(java.lang.Object, java.lang.Object, java.lang.Object, java.lang.Object, int, java.lang.Object)'> (0x00000007189e0938) 
thrown [s\src\hotspot\share\interpreter\linkResolver.cpp, line 784]
Event: 15.611 Thread 0x0000023838293390 Exception <a 'java/lang/NoSuchMethodError'{0x00000007189e5168}: 'java.lang.Object java.lang.invoke.DirectMethodHandle$Holder.invokeSpecial(java.lang.Object, java.lang.Object, java.lang.Object, java.lang.Object, java.lang.Object, int, java.lang.Object)'> (0x00000007189e5168) 
thrown [s\src\hotspot\share\interpreter\linkResolver.cpp, line 784]
Event: 15.611 Thread 0x0000023838293390 Exception <a 'java/lang/NoSuchMethodError'{0x00000007189e92a0}: 'java.lang.Object java.lang.invoke.Invokers$Holder.linkToTargetMethod(java.lang.Object, java.lang.Object, java.lang.Object, int, java.lang.Object, java.lang.Object)'> (0x00000007189e92a0) 
thrown [s\src\hotspot\share\interpreter\linkResolver.cpp, line 784]
Event: 15.700 Thread 0x0000023838293390 Exception <a 'java/lang/NoSuchMethodError'{0x0000000718311418}: 'java.lang.Object java.lang.invoke.DirectMethodHandle$Holder.invokeStatic(java.lang.Object, java.lang.Object, java.lang.Object, java.lang.Object, java.lang.Object, int)'> (0x0000000718311418) 
thrown [s\src\hotspot\share\interpreter\linkResolver.cpp, line 784]
Event: 15.838 Thread 0x0000023838293390 Exception <a 'java/lang/NoSuchMethodError'{0x0000000717db9370}: 'java.lang.Object java.lang.invoke.DirectMethodHandle$Holder.newInvokeSpecial(java.lang.Object, int, int, java.lang.Object)'> (0x0000000717db9370) 
thrown [s\src\hotspot\share\interpreter\linkResolver.cpp, line 784]
Event: 15.840 Thread 0x0000023838293390 Exception <a 'java/lang/NoSuchMethodError'{0x0000000717dc9da8}: 'java.lang.Object java.lang.invoke.DirectMethodHandle$Holder.invokeStatic(java.lang.Object, java.lang.Object, int, int, java.lang.Object)'> (0x0000000717dc9da8) 
thrown [s\src\hotspot\share\interpreter\linkResolver.cpp, line 784]

ZGC Phase Switch (0 events):
No events

VM Operations (20 events):
Event: 15.607 Executing VM operation: HandshakeAllThreads (Deoptimize)
Event: 15.607 Executing VM operation: HandshakeAllThreads (Deoptimize) done
Event: 15.610 Executing VM operation: HandshakeAllThreads (Deoptimize)
Event: 15.610 Executing VM operation: HandshakeAllThreads (Deoptimize) done
Event: 15.650 Executing VM operation: HandshakeAllThreads (Deoptimize)
Event: 15.650 Executing VM operation: HandshakeAllThreads (Deoptimize) done
Event: 15.672 Executing VM operation: ICBufferFull
Event: 15.673 Executing VM operation: ICBufferFull done
Event: 15.697 Executing VM operation: HandshakeAllThreads (Deoptimize)
Event: 15.697 Executing VM operation: HandshakeAllThreads (Deoptimize) done
Event: 15.698 Executing VM operation: HandshakeAllThreads (Deoptimize)
Event: 15.698 Executing VM operation: HandshakeAllThreads (Deoptimize) done
Event: 15.729 Executing VM operation: ICBufferFull
Event: 15.729 Executing VM operation: ICBufferFull done
Event: 15.732 Executing VM operation: HandshakeAllThreads (Deoptimize)
Event: 15.732 Executing VM operation: HandshakeAllThreads (Deoptimize) done
Event: 15.816 Executing VM operation: ICBufferFull
Event: 15.816 Executing VM operation: ICBufferFull done
Event: 15.988 Executing VM operation: ICBufferFull
Event: 15.989 Executing VM operation: ICBufferFull done

Memory protections (0 events):
No events

Nmethod flushes (20 events):
Event: 14.412 Thread 0x000002385521c460 flushing  nmethod 0x000002383ee34110
Event: 14.412 Thread 0x000002385521c460 flushing  nmethod 0x000002383ef64a10
Event: 14.412 Thread 0x000002385521c460 flushing  nmethod 0x000002383f185e90
Event: 14.412 Thread 0x000002385521c460 flushing  nmethod 0x000002383f319390
Event: 14.412 Thread 0x000002385521c460 flushing  nmethod 0x000002383f44a790
Event: 14.412 Thread 0x000002385521c460 flushing  nmethod 0x000002383f778c10
Event: 14.412 Thread 0x000002385521c460 flushing  nmethod 0x000002383f8e4c90
Event: 14.412 Thread 0x000002385521c460 flushing  nmethod 0x000002383f8f5210
Event: 14.412 Thread 0x000002385521c460 flushing  nmethod 0x000002383f8f5f90
Event: 14.412 Thread 0x000002385521c460 flushing  nmethod 0x000002383f8f6990
Event: 14.412 Thread 0x000002385521c460 flushing  nmethod 0x000002383f8f7e90
Event: 14.412 Thread 0x000002385521c460 flushing  nmethod 0x000002383f8f8a10
Event: 14.412 Thread 0x000002385521c460 flushing  nmethod 0x000002383f9bf390
Event: 14.412 Thread 0x000002385521c460 flushing  nmethod 0x000002383f9c1410
Event: 14.412 Thread 0x000002385521c460 flushing  nmethod 0x000002383f9c6010
Event: 14.412 Thread 0x000002385521c460 flushing  nmethod 0x000002383f9ccd10
Event: 14.412 Thread 0x000002385521c460 flushing  nmethod 0x000002383f9d0c90
Event: 14.412 Thread 0x000002385521c460 flushing  nmethod 0x000002383fad9710
Event: 14.412 Thread 0x000002385521c460 flushing  nmethod 0x000002383ff37210
Event: 14.412 Thread 0x000002385521c460 flushing  nmethod 0x0000023840027d90

Events (20 events):
Event: 0.056 Thread 0x0000023838293390 Thread added: 0x000002385528ac90
Event: 0.056 Thread 0x0000023838293390 Thread added: 0x000002385528b960
Event: 0.056 Thread 0x0000023838293390 Thread added: 0x000002385528e0e0
Event: 0.056 Thread 0x0000023838293390 Thread added: 0x0000023855297b60
Event: 0.056 Thread 0x0000023838293390 Thread added: 0x0000023855299450
Event: 0.056 Thread 0x0000023838293390 Thread added: 0x0000023855299ee0
Event: 0.087 Thread 0x0000023838293390 Thread added: 0x0000023855439e50
Event: 0.090 Thread 0x0000023838293390 Thread added: 0x0000023855447780
Event: 0.098 Loaded shared library C:\Program Files\Android\Android Studio\jbr\bin\net.dll
Event: 0.102 Loaded shared library C:\Program Files\Android\Android Studio\jbr\bin\nio.dll
Event: 0.122 Thread 0x0000023855299450 Thread added: 0x00000238554e0e60
Event: 0.129 Loaded shared library C:\Program Files\Android\Android Studio\jbr\bin\zip.dll
Event: 0.161 Loaded shared library C:\Program Files\Android\Android Studio\jbr\bin\jimage.dll
Event: 0.301 Thread 0x0000023855299ee0 Thread added: 0x00000238557d9080
Event: 1.015 Thread 0x00000238557d9080 Thread exited: 0x00000238557d9080
Event: 1.700 Thread 0x0000023855299450 Thread added: 0x000002385a7be640
Event: 2.084 Thread 0x000002385a7be640 Thread exited: 0x000002385a7be640
Event: 2.084 Thread 0x00000238554e0e60 Thread exited: 0x00000238554e0e60
Event: 2.094 Thread 0x0000023855299450 Thread added: 0x00000238554e0d20
Event: 2.576 Thread 0x0000023855299ee0 Thread added: 0x000002385d27f2d0


Dynamic libraries:
0x00007ff6380c0000 - 0x00007ff6380ca000 	C:\Program Files\Android\Android Studio\jbr\bin\java.exe
0x00007ffecd2e0000 - 0x00007ffecd548000 	C:\windows\SYSTEM32\ntdll.dll
0x00007ffecbca0000 - 0x00007ffecbd69000 	C:\windows\System32\KERNEL32.DLL
0x00007ffeca870000 - 0x00007ffecac62000 	C:\windows\System32\KERNELBASE.dll
0x00007ffec9ae0000 - 0x00007ffec9c95000 	C:\Windows\system32\hmpalert.dll
0x00007ffec98f0000 - 0x00007ffec9adc000 	C:\windows\System32\SophosED\SophosED.dll
0x00007ffecac70000 - 0x00007ffecadbb000 	C:\windows\System32\ucrtbase.dll
0x00007ffec6380000 - 0x00007ffec639b000 	C:\Program Files\Android\Android Studio\jbr\bin\VCRUNTIME140.dll
0x00007ffeb61f0000 - 0x00007ffeb6208000 	C:\Program Files\Android\Android Studio\jbr\bin\jli.dll
0x00007ffecc640000 - 0x00007ffecc805000 	C:\windows\System32\USER32.dll
0x00007ffecadc0000 - 0x00007ffecade7000 	C:\windows\System32\win32u.dll
0x00007ffecb7c0000 - 0x00007ffecb7eb000 	C:\windows\System32\GDI32.dll
0x00007ffeca470000 - 0x00007ffeca59d000 	C:\windows\System32\gdi32full.dll
0x00007ffecb000000 - 0x00007ffecb0a3000 	C:\windows\System32\msvcp_win.dll
0x00007ffeafbf0000 - 0x00007ffeafe83000 	C:\windows\WinSxS\amd64_microsoft.windows.common-controls_6595b64144ccf1df_6.0.26100.6725_none_3e085828e334708b\COMCTL32.dll
0x00007ffecb3c0000 - 0x00007ffecb469000 	C:\windows\System32\msvcrt.dll
0x00007ffeccdd0000 - 0x00007ffeccdff000 	C:\windows\System32\IMM32.DLL
0x00007ffec4df0000 - 0x00007ffec4dfc000 	C:\Program Files\Android\Android Studio\jbr\bin\vcruntime140_1.dll
0x00007ffe9aec0000 - 0x00007ffe9af4d000 	C:\Program Files\Android\Android Studio\jbr\bin\msvcp140.dll
0x00007ffe3dca0000 - 0x00007ffe3e92b000 	C:\Program Files\Android\Android Studio\jbr\bin\server\jvm.dll
0x00007ffecb690000 - 0x00007ffecb744000 	C:\windows\System32\ADVAPI32.dll
0x00007ffecca40000 - 0x00007ffeccae6000 	C:\windows\System32\sechost.dll
0x00007ffecb470000 - 0x00007ffecb588000 	C:\windows\System32\RPCRT4.dll
0x00007ffecce10000 - 0x00007ffecce84000 	C:\windows\System32\WS2_32.dll
0x00007ffec9830000 - 0x00007ffec988e000 	C:\windows\SYSTEM32\POWRPROF.dll
0x00007ffec38c0000 - 0x00007ffec38f5000 	C:\windows\SYSTEM32\WINMM.dll
0x00007ffec35c0000 - 0x00007ffec35cb000 	C:\windows\SYSTEM32\VERSION.dll
0x00007ffec9810000 - 0x00007ffec9824000 	C:\windows\SYSTEM32\UMPDC.dll
0x00007ffec8e50000 - 0x00007ffec8e6b000 	C:\windows\SYSTEM32\kernel.appcore.dll
0x00007ffec4de0000 - 0x00007ffec4dea000 	C:\Program Files\Android\Android Studio\jbr\bin\jimage.dll
0x00007ffec76b0000 - 0x00007ffec78f2000 	C:\windows\SYSTEM32\DBGHELP.DLL
0x00007ffeccf20000 - 0x00007ffecd29b000 	C:\windows\System32\combase.dll
0x00007ffeccb50000 - 0x00007ffeccc27000 	C:\windows\System32\OLEAUT32.dll
0x00007ffeafb40000 - 0x00007ffeafb7c000 	C:\windows\SYSTEM32\dbgcore.DLL
0x00007ffecaf60000 - 0x00007ffecaff8000 	C:\windows\System32\bcryptPrimitives.dll
0x00007ffec4dc0000 - 0x00007ffec4de0000 	C:\Program Files\Android\Android Studio\jbr\bin\java.dll
0x00007ffec3bc0000 - 0x00007ffec3bd8000 	C:\Program Files\Android\Android Studio\jbr\bin\zip.dll
0x00007ffecbe70000 - 0x00007ffecc5bc000 	C:\windows\System32\SHELL32.dll
0x00007ffecadf0000 - 0x00007ffecaf5b000 	C:\windows\System32\wintypes.dll
0x00007ffec7ac0000 - 0x00007ffec831d000 	C:\windows\SYSTEM32\windows.storage.dll
0x00007ffecbd70000 - 0x00007ffecbe62000 	C:\windows\System32\SHCORE.dll
0x00007ffecb130000 - 0x00007ffecb192000 	C:\windows\System32\shlwapi.dll
0x00007ffeca390000 - 0x00007ffeca3b9000 	C:\windows\SYSTEM32\profapi.dll
0x00007ffec4b50000 - 0x00007ffec4b60000 	C:\Program Files\Android\Android Studio\jbr\bin\net.dll
0x00007ffec2800000 - 0x00007ffec291f000 	C:\windows\SYSTEM32\WINHTTP.dll
0x00007ffec93a0000 - 0x00007ffec940b000 	C:\windows\system32\mswsock.dll
0x00007ffec26f0000 - 0x00007ffec2706000 	C:\Program Files\Android\Android Studio\jbr\bin\nio.dll
0x00007ffec1c40000 - 0x00007ffec1c50000 	C:\Program Files\Android\Android Studio\jbr\bin\verify.dll

dbghelp: loaded successfully - version: 4.0.5 - missing functions: none
symbol engine: initialized successfully - sym options: 0x614 - pdb path: .;C:\Program Files\Android\Android Studio\jbr\bin;C:\windows\SYSTEM32;C:\windows\System32\SophosED;C:\windows\WinSxS\amd64_microsoft.windows.common-controls_6595b64144ccf1df_6.0.26100.6725_none_3e085828e334708b;C:\Program Files\Android\Android Studio\jbr\bin\server

VM Arguments:
java_command: org.jetbrains.kotlin.cli.jvm.K2JVMCompiler @C:\Users\rishabh.jain\AndroidStudioProjects\VendorApplication\app\build\20251205_8862883559605338632.compiler.options
java_class_path (initial): C:\Users\rishabh.jain\.gradle\caches\modules-2\files-2.1\org.jetbrains.kotlin\kotlin-compiler-embeddable\2.0.21\79346ed53db48b18312a472602eb5c057070c54d\kotlin-compiler-embeddable-2.0.21.jar;C:\Users\rishabh.jain\.gradle\caches\modules-2\files-2.1\org.jetbrains.kotlin\kotlin-stdlib\2.0.21\618b539767b4899b4660a83006e052b63f1db551\kotlin-stdlib-2.0.21.jar;C:\Users\rishabh.jain\.gradle\caches\modules-2\files-2.1\org.jetbrains.kotlin\kotlin-script-runtime\2.0.21\c9b044380ad41f89aa89aa896c2d32a8c0b2129d\kotlin-script-runtime-2.0.21.jar;C:\Users\rishabh.jain\.gradle\caches\modules-2\files-2.1\org.jetbrains.kotlin\kotlin-reflect\1.6.10\1cbe9c92c12a94eea200d23c2bbaedaf3daf5132\kotlin-reflect-1.6.10.jar;C:\Users\rishabh.jain\.gradle\caches\modules-2\files-2.1\org.jetbrains.kotlin\kotlin-daemon-embeddable\2.0.21\c9e933b23287de9b5a17e2116b4657bb91aea72c\kotlin-daemon-embeddable-2.0.21.jar;C:\Users\rishabh.jain\.gradle\caches\modules-2\files-2.1\org.jetbrains.intellij.deps\trove4j\1.0.20200330\3afb14d5f9ceb459d724e907a21145e8ff394f02\trove4j-1.0.20200330.jar;C:\Users\rishabh.jain\.gradle\caches\modules-2\files-2.1\org.jetbrains.kotlinx\kotlinx-coroutines-core-jvm\1.6.4\2c997cd1c0ef33f3e751d3831929aeff1390cb30\kotlinx-coroutines-core-jvm-1.6.4.jar;C:\Users\rishabh.jain\.gradle\caches\modules-2\files-2.1\org.jetbrains\annotations\13.0\919f0dfe192fb4e063e7dacadee7f8bb9a2672a9\annotations-13.0.jar
Launcher Type: SUN_STANDARD

[Global flags]
     intx CICompilerCount                          = 4                                         {product} {ergonomic}
     uint ConcGCThreads                            = 3                                         {product} {ergonomic}
     uint G1ConcRefinementThreads                  = 10                                        {product} {ergonomic}
   size_t G1HeapRegionSize                         = 2097152                                   {product} {ergonomic}
    uintx GCDrainStackTargetSize                   = 64                                        {product} {ergonomic}
   size_t InitialHeapSize                          = 264241152                                 {product} {ergonomic}
   size_t MarkStackSize                            = 4194304                                   {product} {ergonomic}
   size_t MaxHeapSize                              = 4213178368                                {product} {ergonomic}
   size_t MaxNewSize                               = 2527068160                                {product} {ergonomic}
   size_t MinHeapDeltaBytes                        = 2097152                                   {product} {ergonomic}
   size_t MinHeapSize                              = 8388608                                   {product} {ergonomic}
    uintx NonNMethodCodeHeapSize                   = 5839372                                {pd product} {ergonomic}
    uintx NonProfiledCodeHeapSize                  = 122909434                              {pd product} {ergonomic}
    uintx ProfiledCodeHeapSize                     = 122909434                              {pd product} {ergonomic}
    uintx ReservedCodeCacheSize                    = 251658240                              {pd product} {ergonomic}
     bool SegmentedCodeCache                       = true                                      {product} {ergonomic}
   size_t SoftMaxHeapSize                          = 4213178368                             {manageable} {ergonomic}
     bool UseCompressedOops                        = true                           {product lp64_product} {ergonomic}
     bool UseG1GC                                  = true                                      {product} {ergonomic}
     bool UseLargePagesIndividualAllocation        = false                                  {pd product} {ergonomic}

Logging:
Log output configuration:
 #0: stdout all=warning uptime,level,tags foldmultilines=false
 #1: stderr all=off uptime,level,tags foldmultilines=false

Environment Variables:
JAVA_HOME=C:\Program Files\Java\jdk-17
PATH=C:\Program Files\Common Files\Oracle\Java\javapath;C:\windows\system32;C:\windows;C:\windows\System32\Wbem;C:\windows\System32\WindowsPowerShell\v1.0\;C:\windows\System32\OpenSSH\;C:\Program Files\dotnet\;C:\Program Files\nodejs\;C:\Program Files\Java\jdk-17\bin;C:\Program Files\Common Files\Oracle\Java\javapath;C:\windows\system32;C:\windows;C:\windows\System32\Wbem;C:\windows\System32\WindowsPowerShell\v1.0\;C:\windows\System32\OpenSSH\;C:\Program Files\dotnet\;C:\Program Files\nodejs\;C:\Users\rishabh.jain\AppData\Local\Android\Sdk\platform-tools;C:\Users\rishabh.jain\AppData\Local\Android\Sdk\tools;C:\Users\rishabh.jain\AppData\Local\Android\Sdk\platform-tools;C:\Users\rishabh.jain\AppData\Local\Android\Sdk\tools;C:\Program Files\Common Files\Oracle\Java\javapath;C:\windows\system32;C:\windows;C:\windows\System32\Wbem;C:\windows\System32\WindowsPowerShell\v1.0\;C:\windows\System32\OpenSSH\;C:\Program Files\dotnet\;C:\Program Files\nodejs\;C:\Program Files\Common Files\Oracle\Java\javapath;C:\windows\system32;C:\windows;C:\windows\System32\Wbem;C:\windows\System32\WindowsPowerShell\v1.0\;C:\windows\System32\OpenSSH\;C:\Program Files\dotnet\;C:\Program Files\nodejs\;C:\Users\rishabh.jain\AppData\Local\Microsoft\WindowsApps;C:\Users\rishabh.jain\AppD;C:\Users\rishabh.jain\AppData\Local\Programs\Microsoft VS Code\bin
USERNAME=rishabh.jain
OS=Windows_NT
PROCESSOR_IDENTIFIER=Intel64 Family 6 Model 186 Stepping 3, GenuineIntel
TMP=C:\Users\RISHAB~1.JAI\AppData\Local\Temp
TEMP=C:\Users\RISHAB~1.JAI\AppData\Local\Temp




Periodic native trim disabled

JNI global refs:
JNI global refs: 14, weak refs: 11

JNI global refs memory usage: 835, weak refs: 833

Process memory usage:
Resident Set Size: 737396K (4% of 16452404K total physical memory with 789828K free physical memory)

OOME stack traces (most recent first):
Classloader memory used:
Loader jdk.internal.loader.ClassLoaders$AppClassLoader                                 : 76013K
Loader bootstrap                                                                       : 11604K
Loader java.net.URLClassLoader                                                         : 2603K

---------------  S Y S T E M  ---------------

OS:
 Windows 11 , 64 bit Build 26100 (10.0.26100.6725)
OS uptime: 36 days 22:17 hours
Hyper-V role detected

CPU: total 12 (initial active 12) (6 cores per cpu, 2 threads per core) family 6 model 186 stepping 3 microcode 0x4128, cx8, cmov, fxsr, ht, mmx, 3dnowpref, sse, sse2, sse3, ssse3, sse4.1, sse4.2, popcnt, lzcnt, tsc, tscinvbit, avx, avx2, aes, erms, clmul, bmi1, bmi2, adx, sha, fma, vzeroupper, clflush, clflushopt, clwb, hv, serialize, rdtscp, rdpid, fsrm, f16c, cet_ibt, cet_ss
Processor Information for the first 12 processors :
  Max Mhz: 1400, Current Mhz: 1400, Mhz Limit: 1400

Memory: 4k page, system-wide physical 16066M (773M free)
TotalPageFile size 44736M (AvailPageFile size 5M)
current process WorkingSet (physical memory assigned to process): 723M, peak: 723M
current process commit charge ("private bytes"): 707M, peak: 707M

vm_info: OpenJDK 64-Bit Server VM (21.0.6+-13391695-b895.109) for windows-amd64 JRE (21.0.6+-13391695-b895.109), built on 2025-04-22T21:19:17Z by "builder" with MS VC++ 16.10 / 16.11 (VS2019)

END.
