#
# There is insufficient memory for the Java Runtime Environment to continue.
# Native memory allocation (malloc) failed to allocate 1062096 bytes. Error detail: Chunk::new
# Possible reasons:
#   The system is out of physical RAM or swap space
#   This process is running with CompressedOops enabled, and the Java Heap may be blocking the growth of the native heap
# Possible solutions:
#   Reduce memory load on the system
#   Increase physical memory or swap space
#   Check if swap backing store is full
#   Decrease Java heap size (-Xmx/-Xms)
#   Decrease number of Java threads
#   Decrease Java thread stack sizes (-Xss)
#   Set larger code cache with -XX:ReservedCodeCacheSize=
#   JVM is running with Zero Based Compressed Oops mode in which the Java heap is
#     placed in the first 32GB address space. The Java Heap base address is the
#     maximum limit for the native heap growth. Please use -XX:HeapBaseMinAddress
#     to set the Java Heap base and to place the Java Heap above 32GB virtual address.
# This output file may be truncated or incomplete.
#
#  Out of Memory Error (arena.cpp:168), pid=24932, tid=14424
#
# JRE version: OpenJDK Runtime Environment (21.0.6) (build 21.0.6+-13391695-b895.109)
# Java VM: OpenJDK 64-Bit Server VM (21.0.6+-13391695-b895.109, mixed mode, tiered, compressed oops, compressed class ptrs, g1 gc, windows-amd64)
# No core dump will be written. Minidumps are not enabled by default on client versions of Windows
#

---------------  S U M M A R Y ------------

Command Line: org.jetbrains.kotlin.cli.jvm.K2JVMCompiler @C:\Users\rishabh.jain\AndroidStudioProjects\VendorApplication\app\build\20251209_16316443351982687967.compiler.options

Host: Intel(R) Core(TM) 5 120U, 12 cores, 15G,  Windows 11 , 64 bit Build 26100 (10.0.26100.7019)
Time: Tue Dec  9 17:24:11 2025 India Standard Time elapsed time: 30.096035 seconds (0d 0h 0m 30s)

---------------  T H R E A D  ---------------

Current thread (0x0000021b120da430):  JavaThread "C2 CompilerThread2" daemon [_thread_in_native, id=14424, stack(0x0000004195800000,0x0000004195900000) (1024K)]


Current CompileTask:
C2:30096 23291   !   4       org.jetbrains.kotlin.codegen.inline.MethodInliner::preprocessNodeBeforeInline (293 bytes)

Stack: [0x0000004195800000,0x0000004195900000]
Native frames: (J=compiled Java code, j=interpreted, Vv=VM code, C=native code)
V  [jvm.dll+0x6d0639]
V  [jvm.dll+0x85eb03]
V  [jvm.dll+0x86105e]
V  [jvm.dll+0x861743]
V  [jvm.dll+0x27e6e6]
V  [jvm.dll+0xbff6d]
V  [jvm.dll+0xc04a3]
V  [jvm.dll+0x2f2780]
V  [jvm.dll+0x5fa409]
V  [jvm.dll+0x250d92]
V  [jvm.dll+0x25114f]
V  [jvm.dll+0x2498f5]
V  [jvm.dll+0x24714e]
V  [jvm.dll+0x1c5f04]
V  [jvm.dll+0x2569ac]
V  [jvm.dll+0x254ef6]
V  [jvm.dll+0x3f0e96]
V  [jvm.dll+0x806ed8]
V  [jvm.dll+0x6cef0d]
C  [ucrtbase.dll+0x37b0]
C  [KERNEL32.DLL+0x2e8d7]
C  [ntdll.dll+0x8c53c]


---------------  P R O C E S S  ---------------

Threads class SMR info:
_java_thread_list=0x0000021b07bb3250, length=13, elements={
0x0000021b6322b830, 0x0000021b7d5da680, 0x0000021b7d5db0d0, 0x0000021b7d60cdb0,
0x0000021b7d60d800, 0x0000021b7d5fad60, 0x0000021b7d611e70, 0x0000021b7d5fb7b0,
0x0000021b7d5fc370, 0x0000021b7d79dd40, 0x0000021b7d7bb4d0, 0x0000021b120d6db0,
0x0000021b120da430
}

Java Threads: ( => current thread )
  0x0000021b6322b830 JavaThread "main"                              [_thread_in_Java, id=13668, stack(0x0000004193b00000,0x0000004193c00000) (1024K)]
  0x0000021b7d5da680 JavaThread "Reference Handler"          daemon [_thread_blocked, id=18388, stack(0x0000004194300000,0x0000004194400000) (1024K)]
  0x0000021b7d5db0d0 JavaThread "Finalizer"                  daemon [_thread_blocked, id=37728, stack(0x0000004194400000,0x0000004194500000) (1024K)]
  0x0000021b7d60cdb0 JavaThread "Signal Dispatcher"          daemon [_thread_blocked, id=36188, stack(0x0000004194500000,0x0000004194600000) (1024K)]
  0x0000021b7d60d800 JavaThread "Attach Listener"            daemon [_thread_blocked, id=18984, stack(0x0000004194600000,0x0000004194700000) (1024K)]
  0x0000021b7d5fad60 JavaThread "Service Thread"             daemon [_thread_blocked, id=31240, stack(0x0000004194700000,0x0000004194800000) (1024K)]
  0x0000021b7d611e70 JavaThread "Monitor Deflation Thread"   daemon [_thread_blocked, id=28788, stack(0x0000004194800000,0x0000004194900000) (1024K)]
  0x0000021b7d5fb7b0 JavaThread "C2 CompilerThread0"         daemon [_thread_in_native, id=30060, stack(0x0000004194900000,0x0000004194a00000) (1024K)]
  0x0000021b7d5fc370 JavaThread "C1 CompilerThread0"         daemon [_thread_blocked, id=15388, stack(0x0000004194a00000,0x0000004194b00000) (1024K)]
  0x0000021b7d79dd40 JavaThread "Notification Thread"        daemon [_thread_blocked, id=37808, stack(0x0000004194b00000,0x0000004194c00000) (1024K)]
  0x0000021b7d7bb4d0 JavaThread "Common-Cleaner"             daemon [_thread_blocked, id=5540, stack(0x0000004194c00000,0x0000004194d00000) (1024K)]
  0x0000021b120d6db0 JavaThread "C2 CompilerThread1"         daemon [_thread_in_native, id=28856, stack(0x0000004194d00000,0x0000004194e00000) (1024K)]
=>0x0000021b120da430 JavaThread "C2 CompilerThread2"         daemon [_thread_in_native, id=14424, stack(0x0000004195800000,0x0000004195900000) (1024K)]
Total: 13

Other Threads:
  0x0000021b60711210 VMThread "VM Thread"                           [id=33044, stack(0x0000004194200000,0x0000004194300000) (1024K)]
  0x0000021b7cb33540 WatcherThread "VM Periodic Task Thread"        [id=16060, stack(0x0000004194100000,0x0000004194200000) (1024K)]
  0x0000021b607115b0 WorkerThread "GC Thread#0"                     [id=5508, stack(0x0000004193c00000,0x0000004193d00000) (1024K)]
  0x0000021b7dddcbc0 WorkerThread "GC Thread#1"                     [id=1428, stack(0x0000004194f00000,0x0000004195000000) (1024K)]
  0x0000021b7dddc480 WorkerThread "GC Thread#2"                     [id=34156, stack(0x0000004195000000,0x0000004195100000) (1024K)]
  0x0000021b7ddddde0 WorkerThread "GC Thread#3"                     [id=16308, stack(0x0000004195100000,0x0000004195200000) (1024K)]
  0x0000021b7dddc820 WorkerThread "GC Thread#4"                     [id=8888, stack(0x0000004195200000,0x0000004195300000) (1024K)]
  0x0000021b7dddbd40 WorkerThread "GC Thread#5"                     [id=32368, stack(0x0000004195300000,0x0000004195400000) (1024K)]
  0x0000021b7dddd6a0 WorkerThread "GC Thread#6"                     [id=36432, stack(0x0000004195400000,0x0000004195500000) (1024K)]
  0x0000021b7dddb600 WorkerThread "GC Thread#7"                     [id=33524, stack(0x0000004195500000,0x0000004195600000) (1024K)]
  0x0000021b7ead5480 WorkerThread "GC Thread#8"                     [id=16752, stack(0x0000004194e00000,0x0000004194f00000) (1024K)]
  0x0000021b7ead50e0 WorkerThread "GC Thread#9"                     [id=40144, stack(0x0000004195900000,0x0000004195a00000) (1024K)]
  0x0000021b6329e440 ConcurrentGCThread "G1 Main Marker"            [id=26072, stack(0x0000004193d00000,0x0000004193e00000) (1024K)]
  0x0000021b60710730 WorkerThread "G1 Conc#0"                       [id=27524, stack(0x0000004193e00000,0x0000004193f00000) (1024K)]
  0x0000021b7dddec60 WorkerThread "G1 Conc#1"                       [id=29332, stack(0x0000004195600000,0x0000004195700000) (1024K)]
  0x0000021b7ddde180 WorkerThread "G1 Conc#2"                       [id=18972, stack(0x0000004195700000,0x0000004195800000) (1024K)]
  0x0000021b7ca03430 ConcurrentGCThread "G1 Refine#0"               [id=5428, stack(0x0000004193f00000,0x0000004194000000) (1024K)]
  0x0000021b7ca04e50 ConcurrentGCThread "G1 Service"                [id=29208, stack(0x0000004194000000,0x0000004194100000) (1024K)]
Total: 18

Threads with active compile tasks:
C2 CompilerThread0  30179 23284       4       org.jetbrains.org.objectweb.asm.SymbolTable::addConstantMemberReference (147 bytes)
C2 CompilerThread1  30179 23296 %     4       org.jetbrains.kotlin.codegen.inline.MethodInliner::markPlacesForInlineAndRemoveInlinable @ 93 (1330 bytes)
C2 CompilerThread2  30179 23291   !   4       org.jetbrains.kotlin.codegen.inline.MethodInliner::preprocessNodeBeforeInline (293 bytes)
Total: 3

VM state: not at safepoint (normal execution)

VM Mutex/Monitor currently owned by a thread: None

Heap address: 0x0000000704e00000, size: 4018 MB, Compressed Oops mode: Zero based, Oop shift amount: 3

CDS archive(s) not mapped
Compressed class space mapped at: 0x0000000800000000-0x0000000840000000, reserved size: 1073741824
Narrow klass base: 0x0000000800000000, Narrow klass shift: 0, Narrow klass range: 0x40000000

GC Precious Log:
 CardTable entry size: 512
 Card Set container configuration: InlinePtr #cards 4 size 8 Array Of Cards #cards 16 size 48 Howl #buckets 8 coarsen threshold 3686 Howl Bitmap #cards 512 size 80 coarsen threshold 460 Card regions per heap region 1 cards per card region 4096
 CPUs: 12 total, 12 available
 Memory: 16066M
 Large Page Support: Disabled
 NUMA Support: Disabled
 Compressed Oops: Enabled (Zero based)
 Heap Region Size: 2M
 Heap Min Capacity: 8M
 Heap Initial Capacity: 252M
 Heap Max Capacity: 4018M
 Pre-touch: Disabled
 Parallel Workers: 10
 Concurrent Workers: 3
 Concurrent Refinement Workers: 10
 Periodic GC: Disabled

Heap:
 garbage-first heap   total 454656K, used 387466K [0x0000000704e00000, 0x0000000800000000)
  region size 2048K, 63 young (129024K), 7 survivors (14336K)
 Metaspace       used 94816K, committed 95168K, reserved 1179648K
  class space    used 9181K, committed 9344K, reserved 1048576K

Heap Regions: E=young(eden), S=young(survivor), O=old, HS=humongous(starts), HC=humongous(continues), CS=collection set, F=free, TAMS=top-at-mark-start, PB=parsable bottom
|   0|0x0000000704e00000, 0x0000000705000000, 0x0000000705000000|100%|HS|  |TAMS 0x0000000704e00000| PB 0x0000000704e00000| Complete 
|   1|0x0000000705000000, 0x0000000705200000, 0x0000000705200000|100%|HC|  |TAMS 0x0000000705000000| PB 0x0000000705000000| Complete 
|   2|0x0000000705200000, 0x0000000705400000, 0x0000000705400000|100%| O|  |TAMS 0x0000000705200000| PB 0x0000000705200000| Untracked 
|   3|0x0000000705400000, 0x0000000705600000, 0x0000000705600000|100%| O|  |TAMS 0x0000000705400000| PB 0x0000000705400000| Untracked 
|   4|0x0000000705600000, 0x0000000705800000, 0x0000000705800000|100%| O|  |TAMS 0x0000000705600000| PB 0x0000000705600000| Untracked 
|   5|0x0000000705800000, 0x0000000705a00000, 0x0000000705a00000|100%| O|  |TAMS 0x0000000705800000| PB 0x0000000705800000| Untracked 
|   6|0x0000000705a00000, 0x0000000705c00000, 0x0000000705c00000|100%| O|  |TAMS 0x0000000705a00000| PB 0x0000000705a00000| Untracked 
|   7|0x0000000705c00000, 0x0000000705e00000, 0x0000000705e00000|100%| O|  |TAMS 0x0000000705c00000| PB 0x0000000705c00000| Untracked 
|   8|0x0000000705e00000, 0x0000000706000000, 0x0000000706000000|100%| O|  |TAMS 0x0000000705e00000| PB 0x0000000705e00000| Untracked 
|   9|0x0000000706000000, 0x0000000706200000, 0x0000000706200000|100%| O|  |TAMS 0x0000000706000000| PB 0x0000000706000000| Untracked 
|  10|0x0000000706200000, 0x0000000706400000, 0x0000000706400000|100%| O|  |TAMS 0x0000000706200000| PB 0x0000000706200000| Untracked 
|  11|0x0000000706400000, 0x0000000706600000, 0x0000000706600000|100%| O|  |TAMS 0x0000000706400000| PB 0x0000000706400000| Untracked 
|  12|0x0000000706600000, 0x0000000706800000, 0x0000000706800000|100%| O|  |TAMS 0x0000000706600000| PB 0x0000000706600000| Untracked 
|  13|0x0000000706800000, 0x0000000706a00000, 0x0000000706a00000|100%| O|  |TAMS 0x0000000706800000| PB 0x0000000706800000| Untracked 
|  14|0x0000000706a00000, 0x0000000706c00000, 0x0000000706c00000|100%| O|  |TAMS 0x0000000706a00000| PB 0x0000000706a00000| Untracked 
|  15|0x0000000706c00000, 0x0000000706e00000, 0x0000000706e00000|100%| O|  |TAMS 0x0000000706c00000| PB 0x0000000706c00000| Untracked 
|  16|0x0000000706e00000, 0x0000000707000000, 0x0000000707000000|100%| O|  |TAMS 0x0000000706e00000| PB 0x0000000706e00000| Untracked 
|  17|0x0000000707000000, 0x0000000707200000, 0x0000000707200000|100%| O|  |TAMS 0x0000000707000000| PB 0x0000000707000000| Untracked 
|  18|0x0000000707200000, 0x0000000707400000, 0x0000000707400000|100%| O|  |TAMS 0x0000000707200000| PB 0x0000000707200000| Untracked 
|  19|0x0000000707400000, 0x0000000707600000, 0x0000000707600000|100%| O|  |TAMS 0x0000000707400000| PB 0x0000000707400000| Untracked 
|  20|0x0000000707600000, 0x0000000707800000, 0x0000000707800000|100%| O|  |TAMS 0x0000000707600000| PB 0x0000000707600000| Untracked 
|  21|0x0000000707800000, 0x0000000707a00000, 0x0000000707a00000|100%| O|  |TAMS 0x0000000707800000| PB 0x0000000707800000| Untracked 
|  22|0x0000000707a00000, 0x0000000707c00000, 0x0000000707c00000|100%| O|  |TAMS 0x0000000707a00000| PB 0x0000000707a00000| Untracked 
|  23|0x0000000707c00000, 0x0000000707e00000, 0x0000000707e00000|100%| O|  |TAMS 0x0000000707c00000| PB 0x0000000707c00000| Untracked 
|  24|0x0000000707e00000, 0x0000000708000000, 0x0000000708000000|100%| O|  |TAMS 0x0000000707e00000| PB 0x0000000707e00000| Untracked 
|  25|0x0000000708000000, 0x0000000708200000, 0x0000000708200000|100%| O|  |TAMS 0x0000000708000000| PB 0x0000000708000000| Untracked 
|  26|0x0000000708200000, 0x0000000708400000, 0x0000000708400000|100%| O|  |TAMS 0x0000000708200000| PB 0x0000000708200000| Untracked 
|  27|0x0000000708400000, 0x0000000708600000, 0x0000000708600000|100%| O|  |TAMS 0x0000000708400000| PB 0x0000000708400000| Untracked 
|  28|0x0000000708600000, 0x0000000708800000, 0x0000000708800000|100%| O|  |TAMS 0x0000000708600000| PB 0x0000000708600000| Untracked 
|  29|0x0000000708800000, 0x0000000708a00000, 0x0000000708a00000|100%| O|  |TAMS 0x0000000708800000| PB 0x0000000708800000| Untracked 
|  30|0x0000000708a00000, 0x0000000708c00000, 0x0000000708c00000|100%| O|  |TAMS 0x0000000708a00000| PB 0x0000000708a00000| Untracked 
|  31|0x0000000708c00000, 0x0000000708e00000, 0x0000000708e00000|100%| O|  |TAMS 0x0000000708c00000| PB 0x0000000708c00000| Untracked 
|  32|0x0000000708e00000, 0x0000000709000000, 0x0000000709000000|100%| O|  |TAMS 0x0000000708e00000| PB 0x0000000708e00000| Untracked 
|  33|0x0000000709000000, 0x0000000709200000, 0x0000000709200000|100%| O|  |TAMS 0x0000000709000000| PB 0x0000000709000000| Untracked 
|  34|0x0000000709200000, 0x0000000709400000, 0x0000000709400000|100%| O|  |TAMS 0x0000000709200000| PB 0x0000000709200000| Untracked 
|  35|0x0000000709400000, 0x0000000709600000, 0x0000000709600000|100%| O|  |TAMS 0x0000000709400000| PB 0x0000000709400000| Untracked 
|  36|0x0000000709600000, 0x0000000709800000, 0x0000000709800000|100%| O|  |TAMS 0x0000000709600000| PB 0x0000000709600000| Untracked 
|  37|0x0000000709800000, 0x0000000709a00000, 0x0000000709a00000|100%| O|  |TAMS 0x0000000709800000| PB 0x0000000709800000| Untracked 
|  38|0x0000000709a00000, 0x0000000709c00000, 0x0000000709c00000|100%| O|  |TAMS 0x0000000709a00000| PB 0x0000000709a00000| Untracked 
|  39|0x0000000709c00000, 0x0000000709e00000, 0x0000000709e00000|100%| O|  |TAMS 0x0000000709c00000| PB 0x0000000709c00000| Untracked 
|  40|0x0000000709e00000, 0x000000070a000000, 0x000000070a000000|100%| O|  |TAMS 0x0000000709e00000| PB 0x0000000709e00000| Untracked 
|  41|0x000000070a000000, 0x000000070a200000, 0x000000070a200000|100%| O|  |TAMS 0x000000070a000000| PB 0x000000070a000000| Untracked 
|  42|0x000000070a200000, 0x000000070a400000, 0x000000070a400000|100%| O|  |TAMS 0x000000070a200000| PB 0x000000070a200000| Untracked 
|  43|0x000000070a400000, 0x000000070a600000, 0x000000070a600000|100%| O|  |TAMS 0x000000070a400000| PB 0x000000070a400000| Untracked 
|  44|0x000000070a600000, 0x000000070a800000, 0x000000070a800000|100%| O|  |TAMS 0x000000070a600000| PB 0x000000070a600000| Untracked 
|  45|0x000000070a800000, 0x000000070aa00000, 0x000000070aa00000|100%| O|  |TAMS 0x000000070a800000| PB 0x000000070a800000| Untracked 
|  46|0x000000070aa00000, 0x000000070ac00000, 0x000000070ac00000|100%| O|  |TAMS 0x000000070aa00000| PB 0x000000070aa00000| Untracked 
|  47|0x000000070ac00000, 0x000000070ae00000, 0x000000070ae00000|100%| O|  |TAMS 0x000000070ac00000| PB 0x000000070ac00000| Untracked 
|  48|0x000000070ae00000, 0x000000070b000000, 0x000000070b000000|100%| O|  |TAMS 0x000000070ae00000| PB 0x000000070ae00000| Untracked 
|  49|0x000000070b000000, 0x000000070b200000, 0x000000070b200000|100%| O|  |TAMS 0x000000070b000000| PB 0x000000070b000000| Untracked 
|  50|0x000000070b200000, 0x000000070b400000, 0x000000070b400000|100%| O|  |TAMS 0x000000070b200000| PB 0x000000070b200000| Untracked 
|  51|0x000000070b400000, 0x000000070b600000, 0x000000070b600000|100%| O|  |TAMS 0x000000070b400000| PB 0x000000070b400000| Untracked 
|  52|0x000000070b600000, 0x000000070b800000, 0x000000070b800000|100%| O|  |TAMS 0x000000070b600000| PB 0x000000070b600000| Untracked 
|  53|0x000000070b800000, 0x000000070ba00000, 0x000000070ba00000|100%| O|  |TAMS 0x000000070b800000| PB 0x000000070b800000| Untracked 
|  54|0x000000070ba00000, 0x000000070bc00000, 0x000000070bc00000|100%| O|  |TAMS 0x000000070ba00000| PB 0x000000070ba00000| Untracked 
|  55|0x000000070bc00000, 0x000000070be00000, 0x000000070be00000|100%| O|  |TAMS 0x000000070bc00000| PB 0x000000070bc00000| Untracked 
|  56|0x000000070be00000, 0x000000070c000000, 0x000000070c000000|100%| O|  |TAMS 0x000000070be00000| PB 0x000000070be00000| Untracked 
|  57|0x000000070c000000, 0x000000070c200000, 0x000000070c200000|100%| O|  |TAMS 0x000000070c000000| PB 0x000000070c000000| Untracked 
|  58|0x000000070c200000, 0x000000070c400000, 0x000000070c400000|100%| O|  |TAMS 0x000000070c200000| PB 0x000000070c200000| Untracked 
|  59|0x000000070c400000, 0x000000070c600000, 0x000000070c600000|100%| O|  |TAMS 0x000000070c400000| PB 0x000000070c400000| Untracked 
|  60|0x000000070c600000, 0x000000070c800000, 0x000000070c800000|100%| O|Cm|TAMS 0x000000070c600000| PB 0x000000070c600000| Complete 
|  61|0x000000070c800000, 0x000000070ca00000, 0x000000070ca00000|100%| O|  |TAMS 0x000000070c800000| PB 0x000000070c800000| Untracked 
|  62|0x000000070ca00000, 0x000000070cc00000, 0x000000070cc00000|100%| O|  |TAMS 0x000000070ca00000| PB 0x000000070ca00000| Untracked 
|  63|0x000000070cc00000, 0x000000070ce00000, 0x000000070ce00000|100%| O|  |TAMS 0x000000070cc00000| PB 0x000000070cc00000| Untracked 
|  64|0x000000070ce00000, 0x000000070d000000, 0x000000070d000000|100%| O|  |TAMS 0x000000070ce00000| PB 0x000000070ce00000| Untracked 
|  65|0x000000070d000000, 0x000000070d200000, 0x000000070d200000|100%| O|  |TAMS 0x000000070d000000| PB 0x000000070d000000| Untracked 
|  66|0x000000070d200000, 0x000000070d400000, 0x000000070d400000|100%| O|  |TAMS 0x000000070d200000| PB 0x000000070d200000| Untracked 
|  67|0x000000070d400000, 0x000000070d600000, 0x000000070d600000|100%| O|  |TAMS 0x000000070d400000| PB 0x000000070d400000| Untracked 
|  68|0x000000070d600000, 0x000000070d800000, 0x000000070d800000|100%| O|  |TAMS 0x000000070d600000| PB 0x000000070d600000| Untracked 
|  69|0x000000070d800000, 0x000000070da00000, 0x000000070da00000|100%| O|  |TAMS 0x000000070d800000| PB 0x000000070d800000| Untracked 
|  70|0x000000070da00000, 0x000000070dc00000, 0x000000070dc00000|100%| O|  |TAMS 0x000000070da00000| PB 0x000000070da00000| Untracked 
|  71|0x000000070dc00000, 0x000000070de00000, 0x000000070de00000|100%| O|Cm|TAMS 0x000000070dc00000| PB 0x000000070dc00000| Complete 
|  72|0x000000070de00000, 0x000000070e000000, 0x000000070e000000|100%| O|  |TAMS 0x000000070de00000| PB 0x000000070de00000| Untracked 
|  73|0x000000070e000000, 0x000000070e200000, 0x000000070e200000|100%| O|  |TAMS 0x000000070e000000| PB 0x000000070e000000| Untracked 
|  74|0x000000070e200000, 0x000000070e400000, 0x000000070e400000|100%| O|  |TAMS 0x000000070e200000| PB 0x000000070e200000| Untracked 
|  75|0x000000070e400000, 0x000000070e600000, 0x000000070e600000|100%| O|  |TAMS 0x000000070e400000| PB 0x000000070e400000| Untracked 
|  76|0x000000070e600000, 0x000000070e800000, 0x000000070e800000|100%| O|  |TAMS 0x000000070e600000| PB 0x000000070e600000| Untracked 
|  77|0x000000070e800000, 0x000000070ea00000, 0x000000070ea00000|100%| O|  |TAMS 0x000000070e800000| PB 0x000000070e800000| Untracked 
|  78|0x000000070ea00000, 0x000000070ec00000, 0x000000070ec00000|100%| O|  |TAMS 0x000000070ea00000| PB 0x000000070ea00000| Untracked 
|  79|0x000000070ec00000, 0x000000070ee00000, 0x000000070ee00000|100%| O|  |TAMS 0x000000070ec00000| PB 0x000000070ec00000| Untracked 
|  80|0x000000070ee00000, 0x000000070f000000, 0x000000070f000000|100%| O|Cm|TAMS 0x000000070ee00000| PB 0x000000070ee00000| Complete 
|  81|0x000000070f000000, 0x000000070f200000, 0x000000070f200000|100%| O|  |TAMS 0x000000070f000000| PB 0x000000070f000000| Untracked 
|  82|0x000000070f200000, 0x000000070f400000, 0x000000070f400000|100%| O|  |TAMS 0x000000070f200000| PB 0x000000070f200000| Untracked 
|  83|0x000000070f400000, 0x000000070f600000, 0x000000070f600000|100%| O|  |TAMS 0x000000070f400000| PB 0x000000070f400000| Untracked 
|  84|0x000000070f600000, 0x000000070f800000, 0x000000070f800000|100%| O|  |TAMS 0x000000070f600000| PB 0x000000070f600000| Untracked 
|  85|0x000000070f800000, 0x000000070fa00000, 0x000000070fa00000|100%| O|  |TAMS 0x000000070f800000| PB 0x000000070f800000| Untracked 
|  86|0x000000070fa00000, 0x000000070fc00000, 0x000000070fc00000|100%| O|  |TAMS 0x000000070fa00000| PB 0x000000070fa00000| Untracked 
|  87|0x000000070fc00000, 0x000000070fe00000, 0x000000070fe00000|100%| O|  |TAMS 0x000000070fc00000| PB 0x000000070fc00000| Untracked 
|  88|0x000000070fe00000, 0x0000000710000000, 0x0000000710000000|100%| O|  |TAMS 0x000000070fe00000| PB 0x000000070fe00000| Untracked 
|  89|0x0000000710000000, 0x0000000710200000, 0x0000000710200000|100%| O|  |TAMS 0x0000000710000000| PB 0x0000000710000000| Untracked 
|  90|0x0000000710200000, 0x0000000710400000, 0x0000000710400000|100%| O|  |TAMS 0x0000000710200000| PB 0x0000000710200000| Untracked 
|  91|0x0000000710400000, 0x0000000710600000, 0x0000000710600000|100%| O|  |TAMS 0x0000000710400000| PB 0x0000000710400000| Untracked 
|  92|0x0000000710600000, 0x0000000710800000, 0x0000000710800000|100%| O|  |TAMS 0x0000000710600000| PB 0x0000000710600000| Untracked 
|  93|0x0000000710800000, 0x0000000710a00000, 0x0000000710a00000|100%| O|  |TAMS 0x0000000710800000| PB 0x0000000710800000| Untracked 
|  94|0x0000000710a00000, 0x0000000710c00000, 0x0000000710c00000|100%| O|  |TAMS 0x0000000710a00000| PB 0x0000000710a00000| Untracked 
|  95|0x0000000710c00000, 0x0000000710e00000, 0x0000000710e00000|100%| O|  |TAMS 0x0000000710c00000| PB 0x0000000710c00000| Untracked 
|  96|0x0000000710e00000, 0x0000000711000000, 0x0000000711000000|100%| O|  |TAMS 0x0000000710e00000| PB 0x0000000710e00000| Untracked 
|  97|0x0000000711000000, 0x0000000711200000, 0x0000000711200000|100%| O|  |TAMS 0x0000000711000000| PB 0x0000000711000000| Untracked 
|  98|0x0000000711200000, 0x0000000711400000, 0x0000000711400000|100%| O|  |TAMS 0x0000000711200000| PB 0x0000000711200000| Untracked 
|  99|0x0000000711400000, 0x0000000711600000, 0x0000000711600000|100%| O|  |TAMS 0x0000000711400000| PB 0x0000000711400000| Untracked 
| 100|0x0000000711600000, 0x0000000711800000, 0x0000000711800000|100%| O|  |TAMS 0x0000000711600000| PB 0x0000000711600000| Untracked 
| 101|0x0000000711800000, 0x0000000711a00000, 0x0000000711a00000|100%| O|  |TAMS 0x0000000711800000| PB 0x0000000711800000| Untracked 
| 102|0x0000000711a00000, 0x0000000711c00000, 0x0000000711c00000|100%| O|  |TAMS 0x0000000711a00000| PB 0x0000000711a00000| Untracked 
| 103|0x0000000711c00000, 0x0000000711e00000, 0x0000000711e00000|100%| O|  |TAMS 0x0000000711c00000| PB 0x0000000711c00000| Untracked 
| 104|0x0000000711e00000, 0x0000000712000000, 0x0000000712000000|100%| O|  |TAMS 0x0000000711e00000| PB 0x0000000711e00000| Untracked 
| 105|0x0000000712000000, 0x0000000712200000, 0x0000000712200000|100%| O|  |TAMS 0x0000000712000000| PB 0x0000000712000000| Untracked 
| 106|0x0000000712200000, 0x0000000712400000, 0x0000000712400000|100%| O|  |TAMS 0x0000000712200000| PB 0x0000000712200000| Untracked 
| 107|0x0000000712400000, 0x0000000712600000, 0x0000000712600000|100%| O|  |TAMS 0x0000000712400000| PB 0x0000000712400000| Untracked 
| 108|0x0000000712600000, 0x0000000712800000, 0x0000000712800000|100%| O|  |TAMS 0x0000000712600000| PB 0x0000000712600000| Untracked 
| 109|0x0000000712800000, 0x0000000712a00000, 0x0000000712a00000|100%| O|  |TAMS 0x0000000712800000| PB 0x0000000712800000| Untracked 
| 110|0x0000000712a00000, 0x0000000712c00000, 0x0000000712c00000|100%| O|  |TAMS 0x0000000712a00000| PB 0x0000000712a00000| Untracked 
| 111|0x0000000712c00000, 0x0000000712e00000, 0x0000000712e00000|100%| O|  |TAMS 0x0000000712c00000| PB 0x0000000712c00000| Untracked 
| 112|0x0000000712e00000, 0x0000000713000000, 0x0000000713000000|100%| O|  |TAMS 0x0000000712e00000| PB 0x0000000712e00000| Untracked 
| 113|0x0000000713000000, 0x0000000713200000, 0x0000000713200000|100%| O|  |TAMS 0x0000000713000000| PB 0x0000000713000000| Untracked 
| 114|0x0000000713200000, 0x0000000713400000, 0x0000000713400000|100%| O|  |TAMS 0x0000000713200000| PB 0x0000000713200000| Untracked 
| 115|0x0000000713400000, 0x0000000713600000, 0x0000000713600000|100%| O|  |TAMS 0x0000000713400000| PB 0x0000000713400000| Untracked 
| 116|0x0000000713600000, 0x0000000713800000, 0x0000000713800000|100%| O|  |TAMS 0x0000000713600000| PB 0x0000000713600000| Untracked 
| 117|0x0000000713800000, 0x0000000713a00000, 0x0000000713a00000|100%| O|  |TAMS 0x0000000713800000| PB 0x0000000713800000| Untracked 
| 118|0x0000000713a00000, 0x0000000713c00000, 0x0000000713c00000|100%| O|  |TAMS 0x0000000713a00000| PB 0x0000000713a00000| Untracked 
| 119|0x0000000713c00000, 0x0000000713e00000, 0x0000000713e00000|100%| O|Cm|TAMS 0x0000000713c00000| PB 0x0000000713c00000| Complete 
| 120|0x0000000713e00000, 0x0000000714000000, 0x0000000714000000|100%| O|  |TAMS 0x0000000713e00000| PB 0x0000000713e00000| Untracked 
| 121|0x0000000714000000, 0x0000000714200000, 0x0000000714200000|100%| O|  |TAMS 0x0000000714000000| PB 0x0000000714000000| Untracked 
| 122|0x0000000714200000, 0x0000000714400000, 0x0000000714400000|100%| O|  |TAMS 0x0000000714200000| PB 0x0000000714200000| Untracked 
| 123|0x0000000714400000, 0x0000000714600000, 0x0000000714600000|100%| O|  |TAMS 0x0000000714400000| PB 0x0000000714400000| Untracked 
| 124|0x0000000714600000, 0x0000000714800000, 0x0000000714800000|100%| O|  |TAMS 0x0000000714600000| PB 0x0000000714600000| Untracked 
| 125|0x0000000714800000, 0x0000000714a00000, 0x0000000714a00000|100%| O|  |TAMS 0x0000000714800000| PB 0x0000000714800000| Untracked 
| 126|0x0000000714a00000, 0x0000000714abf5d8, 0x0000000714c00000| 37%| O|  |TAMS 0x0000000714a00000| PB 0x0000000714a00000| Untracked 
| 127|0x0000000714c00000, 0x0000000714c00000, 0x0000000714e00000|  0%| F|  |TAMS 0x0000000714c00000| PB 0x0000000714c00000| Untracked 
| 128|0x0000000714e00000, 0x0000000714e00000, 0x0000000715000000|  0%| F|  |TAMS 0x0000000714e00000| PB 0x0000000714e00000| Untracked 
| 129|0x0000000715000000, 0x0000000715000000, 0x0000000715200000|  0%| F|  |TAMS 0x0000000715000000| PB 0x0000000715000000| Untracked 
| 130|0x0000000715200000, 0x0000000715200000, 0x0000000715400000|  0%| F|  |TAMS 0x0000000715200000| PB 0x0000000715200000| Untracked 
| 131|0x0000000715400000, 0x0000000715400000, 0x0000000715600000|  0%| F|  |TAMS 0x0000000715400000| PB 0x0000000715400000| Untracked 
| 132|0x0000000715600000, 0x0000000715600000, 0x0000000715800000|  0%| F|  |TAMS 0x0000000715600000| PB 0x0000000715600000| Untracked 
| 133|0x0000000715800000, 0x0000000715800000, 0x0000000715a00000|  0%| F|  |TAMS 0x0000000715800000| PB 0x0000000715800000| Untracked 
| 134|0x0000000715a00000, 0x0000000715a00000, 0x0000000715c00000|  0%| F|  |TAMS 0x0000000715a00000| PB 0x0000000715a00000| Untracked 
| 135|0x0000000715c00000, 0x0000000715c00000, 0x0000000715e00000|  0%| F|  |TAMS 0x0000000715c00000| PB 0x0000000715c00000| Untracked 
| 136|0x0000000715e00000, 0x0000000715e00000, 0x0000000716000000|  0%| F|  |TAMS 0x0000000715e00000| PB 0x0000000715e00000| Untracked 
| 137|0x0000000716000000, 0x0000000716000000, 0x0000000716200000|  0%| F|  |TAMS 0x0000000716000000| PB 0x0000000716000000| Untracked 
| 138|0x0000000716200000, 0x0000000716200000, 0x0000000716400000|  0%| F|  |TAMS 0x0000000716200000| PB 0x0000000716200000| Untracked 
| 139|0x0000000716400000, 0x0000000716400000, 0x0000000716600000|  0%| F|  |TAMS 0x0000000716400000| PB 0x0000000716400000| Untracked 
| 140|0x0000000716600000, 0x0000000716600000, 0x0000000716800000|  0%| F|  |TAMS 0x0000000716600000| PB 0x0000000716600000| Untracked 
| 141|0x0000000716800000, 0x0000000716800000, 0x0000000716a00000|  0%| F|  |TAMS 0x0000000716800000| PB 0x0000000716800000| Untracked 
| 142|0x0000000716a00000, 0x0000000716a00000, 0x0000000716c00000|  0%| F|  |TAMS 0x0000000716a00000| PB 0x0000000716a00000| Untracked 
| 143|0x0000000716c00000, 0x0000000716c00000, 0x0000000716e00000|  0%| F|  |TAMS 0x0000000716c00000| PB 0x0000000716c00000| Untracked 
| 144|0x0000000716e00000, 0x0000000716e00000, 0x0000000717000000|  0%| F|  |TAMS 0x0000000716e00000| PB 0x0000000716e00000| Untracked 
| 145|0x0000000717000000, 0x0000000717000000, 0x0000000717200000|  0%| F|  |TAMS 0x0000000717000000| PB 0x0000000717000000| Untracked 
| 146|0x0000000717200000, 0x0000000717200000, 0x0000000717400000|  0%| F|  |TAMS 0x0000000717200000| PB 0x0000000717200000| Untracked 
| 147|0x0000000717400000, 0x0000000717400000, 0x0000000717600000|  0%| F|  |TAMS 0x0000000717400000| PB 0x0000000717400000| Untracked 
| 148|0x0000000717600000, 0x0000000717600000, 0x0000000717800000|  0%| F|  |TAMS 0x0000000717600000| PB 0x0000000717600000| Untracked 
| 149|0x0000000717800000, 0x0000000717800000, 0x0000000717a00000|  0%| F|  |TAMS 0x0000000717800000| PB 0x0000000717800000| Untracked 
| 150|0x0000000717a00000, 0x0000000717a00000, 0x0000000717c00000|  0%| F|  |TAMS 0x0000000717a00000| PB 0x0000000717a00000| Untracked 
| 151|0x0000000717c00000, 0x0000000717c00000, 0x0000000717e00000|  0%| F|  |TAMS 0x0000000717c00000| PB 0x0000000717c00000| Untracked 
| 152|0x0000000717e00000, 0x0000000717e00000, 0x0000000718000000|  0%| F|  |TAMS 0x0000000717e00000| PB 0x0000000717e00000| Untracked 
| 153|0x0000000718000000, 0x0000000718000000, 0x0000000718200000|  0%| F|  |TAMS 0x0000000718000000| PB 0x0000000718000000| Untracked 
| 154|0x0000000718200000, 0x0000000718200000, 0x0000000718400000|  0%| F|  |TAMS 0x0000000718200000| PB 0x0000000718200000| Untracked 
| 155|0x0000000718400000, 0x00000007185a35c8, 0x0000000718600000| 81%| S|CS|TAMS 0x0000000718400000| PB 0x0000000718400000| Complete 
| 156|0x0000000718600000, 0x0000000718800000, 0x0000000718800000|100%| S|CS|TAMS 0x0000000718600000| PB 0x0000000718600000| Complete 
| 157|0x0000000718800000, 0x0000000718a00000, 0x0000000718a00000|100%| S|CS|TAMS 0x0000000718800000| PB 0x0000000718800000| Complete 
| 158|0x0000000718a00000, 0x0000000718c00000, 0x0000000718c00000|100%| S|CS|TAMS 0x0000000718a00000| PB 0x0000000718a00000| Complete 
| 159|0x0000000718c00000, 0x0000000718e00000, 0x0000000718e00000|100%| S|CS|TAMS 0x0000000718c00000| PB 0x0000000718c00000| Complete 
| 160|0x0000000718e00000, 0x0000000719000000, 0x0000000719000000|100%| S|CS|TAMS 0x0000000718e00000| PB 0x0000000718e00000| Complete 
| 161|0x0000000719000000, 0x0000000719200000, 0x0000000719200000|100%| S|CS|TAMS 0x0000000719000000| PB 0x0000000719000000| Complete 
| 162|0x0000000719200000, 0x0000000719200000, 0x0000000719400000|  0%| F|  |TAMS 0x0000000719200000| PB 0x0000000719200000| Untracked 
| 163|0x0000000719400000, 0x0000000719400000, 0x0000000719600000|  0%| F|  |TAMS 0x0000000719400000| PB 0x0000000719400000| Untracked 
| 164|0x0000000719600000, 0x0000000719600000, 0x0000000719800000|  0%| F|  |TAMS 0x0000000719600000| PB 0x0000000719600000| Untracked 
| 165|0x0000000719800000, 0x0000000719a00000, 0x0000000719a00000|100%| E|  |TAMS 0x0000000719800000| PB 0x0000000719800000| Complete 
| 166|0x0000000719a00000, 0x0000000719c00000, 0x0000000719c00000|100%| E|CS|TAMS 0x0000000719a00000| PB 0x0000000719a00000| Complete 
| 167|0x0000000719c00000, 0x0000000719e00000, 0x0000000719e00000|100%| E|CS|TAMS 0x0000000719c00000| PB 0x0000000719c00000| Complete 
| 168|0x0000000719e00000, 0x000000071a000000, 0x000000071a000000|100%| E|CS|TAMS 0x0000000719e00000| PB 0x0000000719e00000| Complete 
| 169|0x000000071a000000, 0x000000071a200000, 0x000000071a200000|100%| E|CS|TAMS 0x000000071a000000| PB 0x000000071a000000| Complete 
| 170|0x000000071a200000, 0x000000071a400000, 0x000000071a400000|100%| E|CS|TAMS 0x000000071a200000| PB 0x000000071a200000| Complete 
| 171|0x000000071a400000, 0x000000071a600000, 0x000000071a600000|100%| E|CS|TAMS 0x000000071a400000| PB 0x000000071a400000| Complete 
| 172|0x000000071a600000, 0x000000071a800000, 0x000000071a800000|100%| E|CS|TAMS 0x000000071a600000| PB 0x000000071a600000| Complete 
| 173|0x000000071a800000, 0x000000071aa00000, 0x000000071aa00000|100%| E|CS|TAMS 0x000000071a800000| PB 0x000000071a800000| Complete 
| 174|0x000000071aa00000, 0x000000071ac00000, 0x000000071ac00000|100%| E|CS|TAMS 0x000000071aa00000| PB 0x000000071aa00000| Complete 
| 175|0x000000071ac00000, 0x000000071ae00000, 0x000000071ae00000|100%| E|CS|TAMS 0x000000071ac00000| PB 0x000000071ac00000| Complete 
| 176|0x000000071ae00000, 0x000000071b000000, 0x000000071b000000|100%| E|CS|TAMS 0x000000071ae00000| PB 0x000000071ae00000| Complete 
| 177|0x000000071b000000, 0x000000071b200000, 0x000000071b200000|100%| E|CS|TAMS 0x000000071b000000| PB 0x000000071b000000| Complete 
| 178|0x000000071b200000, 0x000000071b400000, 0x000000071b400000|100%| E|CS|TAMS 0x000000071b200000| PB 0x000000071b200000| Complete 
| 179|0x000000071b400000, 0x000000071b600000, 0x000000071b600000|100%| E|CS|TAMS 0x000000071b400000| PB 0x000000071b400000| Complete 
| 180|0x000000071b600000, 0x000000071b800000, 0x000000071b800000|100%| E|CS|TAMS 0x000000071b600000| PB 0x000000071b600000| Complete 
| 181|0x000000071b800000, 0x000000071ba00000, 0x000000071ba00000|100%| E|CS|TAMS 0x000000071b800000| PB 0x000000071b800000| Complete 
| 182|0x000000071ba00000, 0x000000071bc00000, 0x000000071bc00000|100%| E|CS|TAMS 0x000000071ba00000| PB 0x000000071ba00000| Complete 
| 183|0x000000071bc00000, 0x000000071be00000, 0x000000071be00000|100%| E|CS|TAMS 0x000000071bc00000| PB 0x000000071bc00000| Complete 
| 184|0x000000071be00000, 0x000000071c000000, 0x000000071c000000|100%| E|CS|TAMS 0x000000071be00000| PB 0x000000071be00000| Complete 
| 185|0x000000071c000000, 0x000000071c200000, 0x000000071c200000|100%| E|CS|TAMS 0x000000071c000000| PB 0x000000071c000000| Complete 
| 186|0x000000071c200000, 0x000000071c400000, 0x000000071c400000|100%| E|CS|TAMS 0x000000071c200000| PB 0x000000071c200000| Complete 
| 187|0x000000071c400000, 0x000000071c600000, 0x000000071c600000|100%| E|CS|TAMS 0x000000071c400000| PB 0x000000071c400000| Complete 
| 188|0x000000071c600000, 0x000000071c800000, 0x000000071c800000|100%| E|CS|TAMS 0x000000071c600000| PB 0x000000071c600000| Complete 
| 189|0x000000071c800000, 0x000000071ca00000, 0x000000071ca00000|100%| E|CS|TAMS 0x000000071c800000| PB 0x000000071c800000| Complete 
| 190|0x000000071ca00000, 0x000000071cc00000, 0x000000071cc00000|100%| E|CS|TAMS 0x000000071ca00000| PB 0x000000071ca00000| Complete 
| 191|0x000000071cc00000, 0x000000071ce00000, 0x000000071ce00000|100%| E|CS|TAMS 0x000000071cc00000| PB 0x000000071cc00000| Complete 
| 192|0x000000071ce00000, 0x000000071d000000, 0x000000071d000000|100%| E|CS|TAMS 0x000000071ce00000| PB 0x000000071ce00000| Complete 
| 193|0x000000071d000000, 0x000000071d200000, 0x000000071d200000|100%| E|CS|TAMS 0x000000071d000000| PB 0x000000071d000000| Complete 
| 194|0x000000071d200000, 0x000000071d400000, 0x000000071d400000|100%| E|CS|TAMS 0x000000071d200000| PB 0x000000071d200000| Complete 
| 195|0x000000071d400000, 0x000000071d600000, 0x000000071d600000|100%| E|CS|TAMS 0x000000071d400000| PB 0x000000071d400000| Complete 
| 196|0x000000071d600000, 0x000000071d800000, 0x000000071d800000|100%| E|CS|TAMS 0x000000071d600000| PB 0x000000071d600000| Complete 
| 197|0x000000071d800000, 0x000000071da00000, 0x000000071da00000|100%| E|CS|TAMS 0x000000071d800000| PB 0x000000071d800000| Complete 
| 198|0x000000071da00000, 0x000000071dc00000, 0x000000071dc00000|100%| E|CS|TAMS 0x000000071da00000| PB 0x000000071da00000| Complete 
| 199|0x000000071dc00000, 0x000000071de00000, 0x000000071de00000|100%| E|CS|TAMS 0x000000071dc00000| PB 0x000000071dc00000| Complete 
| 200|0x000000071de00000, 0x000000071e000000, 0x000000071e000000|100%| E|CS|TAMS 0x000000071de00000| PB 0x000000071de00000| Complete 
| 201|0x000000071e000000, 0x000000071e200000, 0x000000071e200000|100%| E|CS|TAMS 0x000000071e000000| PB 0x000000071e000000| Complete 
| 202|0x000000071e200000, 0x000000071e400000, 0x000000071e400000|100%| E|CS|TAMS 0x000000071e200000| PB 0x000000071e200000| Complete 
| 203|0x000000071e400000, 0x000000071e600000, 0x000000071e600000|100%| E|CS|TAMS 0x000000071e400000| PB 0x000000071e400000| Complete 
| 204|0x000000071e600000, 0x000000071e800000, 0x000000071e800000|100%| E|CS|TAMS 0x000000071e600000| PB 0x000000071e600000| Complete 
| 205|0x000000071e800000, 0x000000071ea00000, 0x000000071ea00000|100%| E|CS|TAMS 0x000000071e800000| PB 0x000000071e800000| Complete 
| 206|0x000000071ea00000, 0x000000071ec00000, 0x000000071ec00000|100%| E|CS|TAMS 0x000000071ea00000| PB 0x000000071ea00000| Complete 
| 207|0x000000071ec00000, 0x000000071ee00000, 0x000000071ee00000|100%| E|CS|TAMS 0x000000071ec00000| PB 0x000000071ec00000| Complete 
| 208|0x000000071ee00000, 0x000000071f000000, 0x000000071f000000|100%| E|CS|TAMS 0x000000071ee00000| PB 0x000000071ee00000| Complete 
| 209|0x000000071f000000, 0x000000071f200000, 0x000000071f200000|100%| E|CS|TAMS 0x000000071f000000| PB 0x000000071f000000| Complete 
| 210|0x000000071f200000, 0x000000071f400000, 0x000000071f400000|100%| E|CS|TAMS 0x000000071f200000| PB 0x000000071f200000| Complete 
| 211|0x000000071f400000, 0x000000071f600000, 0x000000071f600000|100%| E|CS|TAMS 0x000000071f400000| PB 0x000000071f400000| Complete 
| 212|0x000000071f600000, 0x000000071f800000, 0x000000071f800000|100%| E|CS|TAMS 0x000000071f600000| PB 0x000000071f600000| Complete 
| 213|0x000000071f800000, 0x000000071fa00000, 0x000000071fa00000|100%| E|CS|TAMS 0x000000071f800000| PB 0x000000071f800000| Complete 
| 214|0x000000071fa00000, 0x000000071fc00000, 0x000000071fc00000|100%| E|CS|TAMS 0x000000071fa00000| PB 0x000000071fa00000| Complete 
| 215|0x000000071fc00000, 0x000000071fe00000, 0x000000071fe00000|100%| E|CS|TAMS 0x000000071fc00000| PB 0x000000071fc00000| Complete 
| 216|0x000000071fe00000, 0x0000000720000000, 0x0000000720000000|100%| E|CS|TAMS 0x000000071fe00000| PB 0x000000071fe00000| Complete 
| 217|0x0000000720000000, 0x0000000720200000, 0x0000000720200000|100%| E|CS|TAMS 0x0000000720000000| PB 0x0000000720000000| Complete 
| 218|0x0000000720200000, 0x0000000720400000, 0x0000000720400000|100%| E|CS|TAMS 0x0000000720200000| PB 0x0000000720200000| Complete 
| 219|0x0000000720400000, 0x0000000720600000, 0x0000000720600000|100%| E|CS|TAMS 0x0000000720400000| PB 0x0000000720400000| Complete 
| 220|0x0000000720600000, 0x0000000720800000, 0x0000000720800000|100%| E|CS|TAMS 0x0000000720600000| PB 0x0000000720600000| Complete 
|2008|0x00000007ffe00000, 0x0000000800000000, 0x0000000800000000|100%| O|  |TAMS 0x00000007ffe00000| PB 0x00000007ffe00000| Untracked 

Card table byte_map: [0x0000021b760b0000,0x0000021b76890000] _byte_map_base: 0x0000021b72889000

Marking Bits: (CMBitMap*) 0x0000021b6328d210
 Bits: [0x0000021b76890000, 0x0000021b7a758000)

Polling page: 0x0000021b60970000

Metaspace:

Usage:
  Non-class:     83.64 MB used.
      Class:      8.97 MB used.
       Both:     92.61 MB used.

Virtual space:
  Non-class space:      128.00 MB reserved,      83.81 MB ( 65%) committed,  2 nodes.
      Class space:        1.00 GB reserved,       9.12 MB ( <1%) committed,  1 nodes.
             Both:        1.12 GB reserved,      92.94 MB (  8%) committed. 

Chunk freelists:
   Non-Class:  12.14 MB
       Class:  6.88 MB
        Both:  19.02 MB

MaxMetaspaceSize: unlimited
CompressedClassSpaceSize: 1.00 GB
Initial GC threshold: 21.00 MB
Current GC threshold: 154.31 MB
CDS: off
 - commit_granule_bytes: 65536.
 - commit_granule_words: 8192.
 - virtual_space_node_default_size: 8388608.
 - enlarge_chunks_in_place: 1.
 - use_allocation_guard: 0.


Internal statistics:

num_allocs_failed_limit: 6.
num_arena_births: 456.
num_arena_deaths: 0.
num_vsnodes_births: 3.
num_vsnodes_deaths: 0.
num_space_committed: 1485.
num_space_uncommitted: 0.
num_chunks_returned_to_freelist: 6.
num_chunks_taken_from_freelist: 3498.
num_chunk_merges: 6.
num_chunk_splits: 2890.
num_chunks_enlarged: 2597.
num_inconsistent_stats: 0.

CodeHeap 'non-profiled nmethods': size=120000Kb used=15064Kb max_used=16142Kb free=104935Kb
 bounds [0x0000021b6de40000, 0x0000021b6ee10000, 0x0000021b75370000]
CodeHeap 'profiled nmethods': size=120000Kb used=65452Kb max_used=71165Kb free=54547Kb
 bounds [0x0000021b66370000, 0x0000021b6a8f0000, 0x0000021b6d8a0000]
CodeHeap 'non-nmethods': size=5760Kb used=1851Kb max_used=1912Kb free=3908Kb
 bounds [0x0000021b6d8a0000, 0x0000021b6db10000, 0x0000021b6de40000]
 total_blobs=18501 nmethods=17661 adapters=739
 compilation: enabled
              stopped_count=0, restarted_count=0
 full_count=0

Compilation events (20 events):
Event: 29.866 Thread 0x0000021b7d5fc370 nmethod 23293 0x0000021b66726310 code [0x0000021b667264e0, 0x0000021b66726758]
Event: 29.866 Thread 0x0000021b7d5fc370 23292       3       org.jetbrains.kotlin.types.KotlinTypeFactory::simpleType$default (21 bytes)
Event: 29.866 Thread 0x0000021b7d5fc370 nmethod 23292 0x0000021b666e5b10 code [0x0000021b666e5cc0, 0x0000021b666e5e10]
Event: 30.029 Thread 0x0000021b120d6db0 nmethod 23269 0x0000021b6e02b590 code [0x0000021b6e02be60, 0x0000021b6e031670]
Event: 30.030 Thread 0x0000021b120d6db0 23296 %     4       org.jetbrains.kotlin.codegen.inline.MethodInliner::markPlacesForInlineAndRemoveInlinable @ 93 (1330 bytes)
Event: 30.053 Thread 0x0000021b7d5fc370 23302       3       org.jetbrains.kotlin.codegen.optimization.RedundantNopsCleanupMethodTransformerKt::getRequiredNopInRange (61 bytes)
Event: 30.054 Thread 0x0000021b7d5fc370 nmethod 23302 0x0000021b68ac8490 code [0x0000021b68ac8700, 0x0000021b68ac9270]
Event: 30.054 Thread 0x0000021b7d5fc370 23303       3       org.jetbrains.kotlin.serialization.deserialization.descriptors.DeserializedClassDescriptor$DeserializedClassTypeConstructor::getDeclarationDescriptor (8 bytes)
Event: 30.055 Thread 0x0000021b7d5fc370 nmethod 23303 0x0000021b66a25c10 code [0x0000021b66a25da0, 0x0000021b66a25ec8]
Event: 30.055 Thread 0x0000021b7d5fc370 23304       3       org.jetbrains.kotlin.serialization.deserialization.descriptors.DeserializedClassDescriptor::getValueClassRepresentation (13 bytes)
Event: 30.055 Thread 0x0000021b7d5fc370 nmethod 23304 0x0000021b6674d690 code [0x0000021b6674d840, 0x0000021b6674db10]
Event: 30.055 Thread 0x0000021b7d5fc370 23298       3       org.jetbrains.kotlin.codegen.StackValue::put (21 bytes)
Event: 30.055 Thread 0x0000021b7d5fc370 nmethod 23298 0x0000021b669f3290 code [0x0000021b669f3440, 0x0000021b669f36a0]
Event: 30.055 Thread 0x0000021b7d5fc370 23297       3       org.jetbrains.kotlin.codegen.DelegatingClassBuilder::visitOuterClass (22 bytes)
Event: 30.056 Thread 0x0000021b7d5fc370 nmethod 23297 0x0000021b66922e10 code [0x0000021b66922fe0, 0x0000021b66923300]
Event: 30.056 Thread 0x0000021b7d5fc370 23299       1       org.jetbrains.kotlin.backend.jvm.JvmBackendContext::getTypeToCachedSMAP (5 bytes)
Event: 30.056 Thread 0x0000021b7d5fc370 nmethod 23299 0x0000021b6dfe5010 code [0x0000021b6dfe51a0, 0x0000021b6dfe5270]
Event: 30.056 Thread 0x0000021b7d5fc370 23300       1       org.jetbrains.kotlin.backend.jvm.codegen.ClassCodegen::getSmap (5 bytes)
Event: 30.056 Thread 0x0000021b7d5fc370 nmethod 23300 0x0000021b6e01b390 code [0x0000021b6e01b520, 0x0000021b6e01b5f0]
Event: 30.071 Thread 0x0000021b7d5fc370 23306       3       org.jetbrains.kotlin.codegen.inline.DefaultMethodUtilKt::expandMaskConditionsAndUpdateVariableNodes (830 bytes)

GC Heap History (20 events):
Event: 14.926 GC heap before
{Heap before GC invocations=27 (full 0):
 garbage-first heap   total 317440K, used 272165K [0x0000000704e00000, 0x0000000800000000)
  region size 2048K, 45 young (92160K), 4 survivors (8192K)
 Metaspace       used 63057K, committed 63360K, reserved 1114112K
  class space    used 6718K, committed 6848K, reserved 1048576K
}
Event: 14.938 GC heap after
{Heap after GC invocations=28 (full 0):
 garbage-first heap   total 317440K, used 196601K [0x0000000704e00000, 0x0000000800000000)
  region size 2048K, 6 young (12288K), 6 survivors (12288K)
 Metaspace       used 63057K, committed 63360K, reserved 1114112K
  class space    used 6718K, committed 6848K, reserved 1048576K
}
Event: 16.586 GC heap before
{Heap before GC invocations=28 (full 0):
 garbage-first heap   total 317440K, used 284665K [0x0000000704e00000, 0x0000000800000000)
  region size 2048K, 49 young (100352K), 6 survivors (12288K)
 Metaspace       used 70666K, committed 70976K, reserved 1114112K
  class space    used 7373K, committed 7488K, reserved 1048576K
}
Event: 16.605 GC heap after
{Heap after GC invocations=29 (full 0):
 garbage-first heap   total 317440K, used 209468K [0x0000000704e00000, 0x0000000800000000)
  region size 2048K, 7 young (14336K), 7 survivors (14336K)
 Metaspace       used 70666K, committed 70976K, reserved 1114112K
  class space    used 7373K, committed 7488K, reserved 1048576K
}
Event: 17.834 GC heap before
{Heap before GC invocations=29 (full 0):
 garbage-first heap   total 317440K, used 283196K [0x0000000704e00000, 0x0000000800000000)
  region size 2048K, 43 young (88064K), 7 survivors (14336K)
 Metaspace       used 74959K, committed 75328K, reserved 1179648K
  class space    used 7721K, committed 7872K, reserved 1048576K
}
Event: 17.851 GC heap after
{Heap after GC invocations=30 (full 0):
 garbage-first heap   total 317440K, used 220429K [0x0000000704e00000, 0x0000000800000000)
  region size 2048K, 5 young (10240K), 5 survivors (10240K)
 Metaspace       used 74959K, committed 75328K, reserved 1179648K
  class space    used 7721K, committed 7872K, reserved 1048576K
}
Event: 19.093 GC heap before
{Heap before GC invocations=31 (full 0):
 garbage-first heap   total 368640K, used 288013K [0x0000000704e00000, 0x0000000800000000)
  region size 2048K, 38 young (77824K), 5 survivors (10240K)
 Metaspace       used 75899K, committed 76224K, reserved 1179648K
  class space    used 7784K, committed 7936K, reserved 1048576K
}
Event: 19.111 GC heap after
{Heap after GC invocations=32 (full 0):
 garbage-first heap   total 368640K, used 240303K [0x0000000704e00000, 0x0000000800000000)
  region size 2048K, 5 young (10240K), 5 survivors (10240K)
 Metaspace       used 75899K, committed 76224K, reserved 1179648K
  class space    used 7784K, committed 7936K, reserved 1048576K
}
Event: 20.481 GC heap before
{Heap before GC invocations=32 (full 0):
 garbage-first heap   total 368640K, used 322223K [0x0000000704e00000, 0x0000000800000000)
  region size 2048K, 45 young (92160K), 5 survivors (10240K)
 Metaspace       used 79655K, committed 80064K, reserved 1179648K
  class space    used 8144K, committed 8320K, reserved 1048576K
}
Event: 20.495 GC heap after
{Heap after GC invocations=33 (full 0):
 garbage-first heap   total 368640K, used 247687K [0x0000000704e00000, 0x0000000800000000)
  region size 2048K, 5 young (10240K), 5 survivors (10240K)
 Metaspace       used 79655K, committed 80064K, reserved 1179648K
  class space    used 8144K, committed 8320K, reserved 1048576K
}
Event: 22.791 GC heap before
{Heap before GC invocations=33 (full 0):
 garbage-first heap   total 368640K, used 327559K [0x0000000704e00000, 0x0000000800000000)
  region size 2048K, 44 young (90112K), 5 survivors (10240K)
 Metaspace       used 86757K, committed 87104K, reserved 1179648K
  class space    used 8646K, committed 8832K, reserved 1048576K
}
Event: 22.803 GC heap after
{Heap after GC invocations=34 (full 0):
 garbage-first heap   total 368640K, used 253941K [0x0000000704e00000, 0x0000000800000000)
  region size 2048K, 4 young (8192K), 4 survivors (8192K)
 Metaspace       used 86757K, committed 87104K, reserved 1179648K
  class space    used 8646K, committed 8832K, reserved 1048576K
}
Event: 25.118 GC heap before
{Heap before GC invocations=35 (full 0):
 garbage-first heap   total 428032K, used 333813K [0x0000000704e00000, 0x0000000800000000)
  region size 2048K, 43 young (88064K), 4 survivors (8192K)
 Metaspace       used 92472K, committed 92864K, reserved 1179648K
  class space    used 9093K, committed 9280K, reserved 1048576K
}
Event: 25.126 GC heap after
{Heap after GC invocations=36 (full 0):
 garbage-first heap   total 428032K, used 259890K [0x0000000704e00000, 0x0000000800000000)
  region size 2048K, 6 young (12288K), 6 survivors (12288K)
 Metaspace       used 92472K, committed 92864K, reserved 1179648K
  class space    used 9093K, committed 9280K, reserved 1048576K
}
Event: 26.638 GC heap before
{Heap before GC invocations=36 (full 0):
 garbage-first heap   total 428032K, used 382770K [0x0000000704e00000, 0x0000000800000000)
  region size 2048K, 66 young (135168K), 6 survivors (12288K)
 Metaspace       used 94181K, committed 94592K, reserved 1179648K
  class space    used 9171K, committed 9344K, reserved 1048576K
}
Event: 26.655 GC heap after
{Heap after GC invocations=37 (full 0):
 garbage-first heap   total 428032K, used 268199K [0x0000000704e00000, 0x0000000800000000)
  region size 2048K, 9 young (18432K), 9 survivors (18432K)
 Metaspace       used 94181K, committed 94592K, reserved 1179648K
  class space    used 9171K, committed 9344K, reserved 1048576K
}
Event: 27.365 GC heap before
{Heap before GC invocations=37 (full 0):
 garbage-first heap   total 428032K, used 384935K [0x0000000704e00000, 0x0000000800000000)
  region size 2048K, 66 young (135168K), 9 survivors (18432K)
 Metaspace       used 94375K, committed 94784K, reserved 1179648K
  class space    used 9172K, committed 9344K, reserved 1048576K
}
Event: 27.380 GC heap after
{Heap after GC invocations=38 (full 0):
 garbage-first heap   total 428032K, used 269910K [0x0000000704e00000, 0x0000000800000000)
  region size 2048K, 5 young (10240K), 5 survivors (10240K)
 Metaspace       used 94375K, committed 94784K, reserved 1179648K
  class space    used 9172K, committed 9344K, reserved 1048576K
}
Event: 28.631 GC heap before
{Heap before GC invocations=39 (full 0):
 garbage-first heap   total 454656K, used 390742K [0x0000000704e00000, 0x0000000800000000)
  region size 2048K, 64 young (131072K), 5 survivors (10240K)
 Metaspace       used 94562K, committed 94912K, reserved 1179648K
  class space    used 9174K, committed 9344K, reserved 1048576K
}
Event: 28.649 GC heap after
{Heap after GC invocations=40 (full 0):
 garbage-first heap   total 454656K, used 274826K [0x0000000704e00000, 0x0000000800000000)
  region size 2048K, 7 young (14336K), 7 survivors (14336K)
 Metaspace       used 94562K, committed 94912K, reserved 1179648K
  class space    used 9174K, committed 9344K, reserved 1048576K
}

Dll operation events (3 events):
Event: 0.028 Loaded shared library C:\Program Files\Android\Android Studio\jbr\bin\java.dll
Event: 0.039 Loaded shared library C:\Program Files\Android\Android Studio\jbr\bin\zip.dll
Event: 1.039 Loaded shared library C:\Program Files\Android\Android Studio\jbr\bin\verify.dll

Deoptimization events (20 events):
Event: 29.832 Thread 0x0000021b6322b830 DEOPT PACKING pc=0x0000021b6ede5ebc sp=0x0000004193bfbf20
Event: 29.832 Thread 0x0000021b6322b830 DEOPT UNPACKING pc=0x0000021b6d8f46a2 sp=0x0000004193bfbea8 mode 2
Event: 29.832 Thread 0x0000021b6322b830 Uncommon trap: trap_request=0xffffff45 fr.pc=0x0000021b6ede62b8 relative=0x0000000000000098
Event: 29.832 Thread 0x0000021b6322b830 Uncommon trap: reason=unstable_if action=reinterpret pc=0x0000021b6ede62b8 method=org.jetbrains.kotlin.codegen.optimization.boxing.RedundantBoxingInterpreter.copyOperation(Lorg/jetbrains/org/objectweb/asm/tree/AbstractInsnNode;Lorg/jetbrains/org/objectweb
Event: 29.832 Thread 0x0000021b6322b830 DEOPT PACKING pc=0x0000021b6ede62b8 sp=0x0000004193bfbe90
Event: 29.832 Thread 0x0000021b6322b830 DEOPT UNPACKING pc=0x0000021b6d8f46a2 sp=0x0000004193bfbe40 mode 2
Event: 29.832 Thread 0x0000021b6322b830 Uncommon trap: trap_request=0xffffffde fr.pc=0x0000021b6ede5ebc relative=0x000000000000009c
Event: 29.832 Thread 0x0000021b6322b830 Uncommon trap: reason=class_check action=maybe_recompile pc=0x0000021b6ede5ebc method=org.jetbrains.kotlin.codegen.optimization.boxing.RedundantBoxingInterpreter.copyOperation(Lorg/jetbrains/org/objectweb/asm/tree/AbstractInsnNode;Lorg/jetbrains/org/objec
Event: 29.832 Thread 0x0000021b6322b830 DEOPT PACKING pc=0x0000021b6ede5ebc sp=0x0000004193bfbf20
Event: 29.832 Thread 0x0000021b6322b830 DEOPT UNPACKING pc=0x0000021b6d8f46a2 sp=0x0000004193bfbea8 mode 2
Event: 29.910 Thread 0x0000021b6322b830 DEOPT PACKING pc=0x0000021b66891985 sp=0x0000004193bfbf50
Event: 29.911 Thread 0x0000021b6322b830 DEOPT UNPACKING pc=0x0000021b6d8f4e42 sp=0x0000004193bfb508 mode 0
Event: 29.970 Thread 0x0000021b6322b830 Uncommon trap: trap_request=0xffffff45 fr.pc=0x0000021b6de7b0b4 relative=0x0000000000000174
Event: 29.970 Thread 0x0000021b6322b830 Uncommon trap: reason=unstable_if action=reinterpret pc=0x0000021b6de7b0b4 method=org.jetbrains.kotlin.codegen.optimization.RedundantNopsCleanupMethodTransformerKt.getRequiredNopInRange(Lorg/jetbrains/org/objectweb/asm/tree/AbstractInsnNode;Lorg/jetbrains
Event: 29.970 Thread 0x0000021b6322b830 DEOPT PACKING pc=0x0000021b6de7b0b4 sp=0x0000004193bfc0b0
Event: 29.970 Thread 0x0000021b6322b830 DEOPT UNPACKING pc=0x0000021b6d8f46a2 sp=0x0000004193bfc040 mode 2
Event: 29.998 Thread 0x0000021b6322b830 DEOPT PACKING pc=0x0000021b6a4d1640 sp=0x0000004193bfc180
Event: 29.998 Thread 0x0000021b6322b830 DEOPT UNPACKING pc=0x0000021b6d8f4e42 sp=0x0000004193bfb708 mode 0
Event: 30.056 Thread 0x0000021b6322b830 DEOPT PACKING pc=0x0000021b66f7766e sp=0x0000004193bfc1a0
Event: 30.056 Thread 0x0000021b6322b830 DEOPT UNPACKING pc=0x0000021b6d8f4e42 sp=0x0000004193bfb690 mode 0

Classes loaded (20 events):
Event: 21.124 Loading class java/security/MessageDigest$Delegate
Event: 21.124 Loading class sun/security/util/MessageDigestSpi2
Event: 21.124 Loading class sun/security/util/MessageDigestSpi2 done
Event: 21.124 Loading class java/security/MessageDigest$Delegate done
Event: 21.124 Loading class java/security/MessageDigest$Delegate$CloneableDelegate
Event: 21.124 Loading class java/security/MessageDigest$Delegate$CloneableDelegate done
Event: 21.124 Loading class sun/security/provider/ByteArrayAccess$LE
Event: 21.124 Loading class sun/security/provider/ByteArrayAccess$LE done
Event: 21.124 Loading class sun/security/provider/ByteArrayAccess
Event: 21.124 Loading class sun/security/provider/ByteArrayAccess done
Event: 21.124 Loading class java/util/Base64
Event: 21.124 Loading class java/util/Base64 done
Event: 21.124 Loading class java/util/Base64$Encoder
Event: 21.125 Loading class java/util/Base64$Encoder done
Event: 24.248 Loading class java/lang/TypeNotPresentException
Event: 24.249 Loading class java/lang/TypeNotPresentException done
Event: 24.274 Loading class java/util/function/ToIntFunction
Event: 24.274 Loading class java/util/function/ToIntFunction done
Event: 24.399 Loading class java/util/Vector$Itr
Event: 24.415 Loading class java/util/Vector$Itr done

Classes unloaded (0 events):
No events

Classes redefined (0 events):
No events

Internal exceptions (20 events):
Event: 19.578 Thread 0x0000021b6322b830 Exception <a 'java/lang/NoSuchMethodError'{0x0000000719193118}: 'java.lang.Object java.lang.invoke.DirectMethodHandle$Holder.newInvokeSpecial(java.lang.Object, int, java.lang.Object, java.lang.Object, java.lang.Object)'> (0x0000000719193118) 
thrown [s\src\hotspot\share\interpreter\linkResolver.cpp, line 784]
Event: 19.579 Thread 0x0000021b6322b830 Exception <a 'java/lang/NoSuchMethodError'{0x0000000719197320}: 'java.lang.Object java.lang.invoke.DirectMethodHandle$Holder.invokeSpecial(java.lang.Object, java.lang.Object, int, java.lang.Object, java.lang.Object, java.lang.Object)'> (0x0000000719197320) 
thrown [s\src\hotspot\share\interpreter\linkResolver.cpp, line 784]
Event: 19.579 Thread 0x0000021b6322b830 Exception <a 'java/lang/NoSuchMethodError'{0x000000071919ab58}: 'java.lang.Object java.lang.invoke.Invokers$Holder.linkToTargetMethod(int, java.lang.Object, java.lang.Object, java.lang.Object, java.lang.Object)'> (0x000000071919ab58) 
thrown [s\src\hotspot\share\interpreter\linkResolver.cpp, line 784]
Event: 19.588 Thread 0x0000021b6322b830 Exception <a 'java/lang/NoSuchMethodError'{0x00000007191d7678}: 'java.lang.Object java.lang.invoke.DirectMethodHandle$Holder.newInvokeSpecial(java.lang.Object, java.lang.Object, int, java.lang.Object)'> (0x00000007191d7678) 
thrown [s\src\hotspot\share\interpreter\linkResolver.cpp, line 784]
Event: 19.588 Thread 0x0000021b6322b830 Exception <a 'java/lang/NoSuchMethodError'{0x00000007191db4d8}: 'java.lang.Object java.lang.invoke.DirectMethodHandle$Holder.invokeSpecial(java.lang.Object, java.lang.Object, java.lang.Object, int, java.lang.Object)'> (0x00000007191db4d8) 
thrown [s\src\hotspot\share\interpreter\linkResolver.cpp, line 784]
Event: 19.589 Thread 0x0000021b6322b830 Exception <a 'java/lang/NoSuchMethodError'{0x00000007191debf8}: 'java.lang.Object java.lang.invoke.Invokers$Holder.linkToTargetMethod(java.lang.Object, int, java.lang.Object, java.lang.Object)'> (0x00000007191debf8) 
thrown [s\src\hotspot\share\interpreter\linkResolver.cpp, line 784]
Event: 20.334 Thread 0x0000021b6322b830 Exception <a 'java/lang/NoSuchMethodError'{0x0000000715c6a1b0}: 'java.lang.Object java.lang.invoke.DirectMethodHandle$Holder.newInvokeSpecial(java.lang.Object, int, java.lang.Object, int)'> (0x0000000715c6a1b0) 
thrown [s\src\hotspot\share\interpreter\linkResolver.cpp, line 784]
Event: 20.978 Thread 0x0000021b6322b830 Implicit null exception at 0x0000021b6e075b1d to 0x0000021b6e075d24
Event: 21.092 Thread 0x0000021b6322b830 Exception <a 'java/lang/NoSuchMethodError'{0x000000071a15b200}: 'java.lang.Object java.lang.invoke.DirectMethodHandle$Holder.invokeStatic(java.lang.Object, java.lang.Object, java.lang.Object, java.lang.Object, int, java.lang.Object)'> (0x000000071a15b200) 
thrown [s\src\hotspot\share\interpreter\linkResolver.cpp, line 784]
Event: 24.355 Thread 0x0000021b6322b830 Exception <a 'java/lang/NoSuchMethodError'{0x000000071c034350}: 'java.lang.Object java.lang.invoke.DirectMethodHandle$Holder.invokeStatic(java.lang.Object, int, int)'> (0x000000071c034350) 
thrown [s\src\hotspot\share\interpreter\linkResolver.cpp, line 784]
Event: 24.451 Thread 0x0000021b6322b830 Exception <a 'java/lang/NoSuchMethodError'{0x000000071be67c60}: 'java.lang.Object java.lang.invoke.DirectMethodHandle$Holder.newInvokeSpecial(java.lang.Object, java.lang.Object, java.lang.Object, java.lang.Object, java.lang.Object, int, java.lang.Object)'> (0x000000071be67c60) 
thrown [s\src\hotspot\share\interpreter\linkResolver.cpp, line 784]
Event: 24.452 Thread 0x0000021b6322b830 Exception <a 'java/lang/NoSuchMethodError'{0x000000071be6bec0}: 'java.lang.Object java.lang.invoke.DirectMethodHandle$Holder.invokeSpecial(java.lang.Object, java.lang.Object, java.lang.Object, java.lang.Object, java.lang.Object, java.lang.Object, int, java.lang.Object)'> (0x000000071be6bec0) 
thrown [s\src\hotspot\share\interpreter\linkResolver.cpp, line 784]
Event: 24.452 Thread 0x0000021b6322b830 Exception <a 'java/lang/NoSuchMethodError'{0x000000071be6f630}: 'java.lang.Object java.lang.invoke.Invokers$Holder.linkToTargetMethod(java.lang.Object, java.lang.Object, java.lang.Object, java.lang.Object, int, java.lang.Object, java.lang.Object)'> (0x000000071be6f630) 
thrown [s\src\hotspot\share\interpreter\linkResolver.cpp, line 784]
Event: 24.609 Thread 0x0000021b6322b830 Exception <a 'java/lang/NoSuchMethodError'{0x000000071bdf4fb8}: 'java.lang.Object java.lang.invoke.DirectMethodHandle$Holder.newInvokeSpecial(java.lang.Object, java.lang.Object, java.lang.Object, java.lang.Object, int, java.lang.Object)'> (0x000000071bdf4fb8) 
thrown [s\src\hotspot\share\interpreter\linkResolver.cpp, line 784]
Event: 24.609 Thread 0x0000021b6322b830 Exception <a 'java/lang/NoSuchMethodError'{0x000000071bdf9848}: 'java.lang.Object java.lang.invoke.DirectMethodHandle$Holder.invokeSpecial(java.lang.Object, java.lang.Object, java.lang.Object, java.lang.Object, java.lang.Object, int, java.lang.Object)'> (0x000000071bdf9848) 
thrown [s\src\hotspot\share\interpreter\linkResolver.cpp, line 784]
Event: 24.610 Thread 0x0000021b6322b830 Exception <a 'java/lang/NoSuchMethodError'{0x000000071bdfda30}: 'java.lang.Object java.lang.invoke.Invokers$Holder.linkToTargetMethod(java.lang.Object, java.lang.Object, java.lang.Object, int, java.lang.Object, java.lang.Object)'> (0x000000071bdfda30) 
thrown [s\src\hotspot\share\interpreter\linkResolver.cpp, line 784]
Event: 24.763 Thread 0x0000021b6322b830 Implicit null exception at 0x0000021b6ec122bd to 0x0000021b6ec122f8
Event: 24.778 Thread 0x0000021b6322b830 Exception <a 'java/lang/NoSuchMethodError'{0x000000071b7302b8}: 'java.lang.Object java.lang.invoke.DirectMethodHandle$Holder.invokeStatic(java.lang.Object, java.lang.Object, java.lang.Object, java.lang.Object, java.lang.Object, int)'> (0x000000071b7302b8) 
thrown [s\src\hotspot\share\interpreter\linkResolver.cpp, line 784]
Event: 25.006 Thread 0x0000021b6322b830 Exception <a 'java/lang/NoSuchMethodError'{0x000000071a9d5f18}: 'java.lang.Object java.lang.invoke.DirectMethodHandle$Holder.newInvokeSpecial(java.lang.Object, int, int, java.lang.Object)'> (0x000000071a9d5f18) 
thrown [s\src\hotspot\share\interpreter\linkResolver.cpp, line 784]
Event: 25.008 Thread 0x0000021b6322b830 Exception <a 'java/lang/NoSuchMethodError'{0x000000071a9e69f0}: 'java.lang.Object java.lang.invoke.DirectMethodHandle$Holder.invokeStatic(java.lang.Object, java.lang.Object, int, int, java.lang.Object)'> (0x000000071a9e69f0) 
thrown [s\src\hotspot\share\interpreter\linkResolver.cpp, line 784]

ZGC Phase Switch (0 events):
No events

VM Operations (20 events):
Event: 26.201 Executing VM operation: HandshakeAllThreads (Deoptimize)
Event: 26.201 Executing VM operation: HandshakeAllThreads (Deoptimize) done
Event: 26.364 Executing VM operation: ICBufferFull
Event: 26.364 Executing VM operation: ICBufferFull done
Event: 26.638 Executing VM operation: G1CollectForAllocation (G1 Evacuation Pause)
Event: 26.655 Executing VM operation: G1CollectForAllocation (G1 Evacuation Pause) done
Event: 27.333 Executing VM operation: ICBufferFull
Event: 27.334 Executing VM operation: ICBufferFull done
Event: 27.365 Executing VM operation: G1CollectForAllocation (G1 Evacuation Pause)
Event: 27.380 Executing VM operation: G1CollectForAllocation (G1 Evacuation Pause) done
Event: 27.573 Executing VM operation: G1PauseRemark
Event: 27.589 Executing VM operation: G1PauseRemark done
Event: 27.711 Executing VM operation: G1PauseCleanup
Event: 27.711 Executing VM operation: G1PauseCleanup done
Event: 28.139 Executing VM operation: ICBufferFull
Event: 28.140 Executing VM operation: ICBufferFull done
Event: 28.631 Executing VM operation: G1CollectForAllocation (G1 Evacuation Pause)
Event: 28.649 Executing VM operation: G1CollectForAllocation (G1 Evacuation Pause) done
Event: 29.655 Executing VM operation: Cleanup
Event: 29.655 Executing VM operation: Cleanup done

Memory protections (0 events):
No events

Nmethod flushes (20 events):
Event: 27.586 Thread 0x0000021b60711210 flushing  nmethod 0x0000021b69780d90
Event: 27.586 Thread 0x0000021b60711210 flushing  nmethod 0x0000021b69784d90
Event: 27.586 Thread 0x0000021b60711210 flushing  nmethod 0x0000021b69786990
Event: 27.586 Thread 0x0000021b60711210 flushing  nmethod 0x0000021b69788710
Event: 27.586 Thread 0x0000021b60711210 flushing  nmethod 0x0000021b6978a210
Event: 27.586 Thread 0x0000021b60711210 flushing  nmethod 0x0000021b6978c290
Event: 27.586 Thread 0x0000021b60711210 flushing  nmethod 0x0000021b6983c490
Event: 27.586 Thread 0x0000021b60711210 flushing  nmethod 0x0000021b6983ee90
Event: 27.586 Thread 0x0000021b60711210 flushing  nmethod 0x0000021b69841890
Event: 27.586 Thread 0x0000021b60711210 flushing  nmethod 0x0000021b69845d90
Event: 27.586 Thread 0x0000021b60711210 flushing  nmethod 0x0000021b69846310
Event: 27.586 Thread 0x0000021b60711210 flushing  nmethod 0x0000021b69848d90
Event: 27.586 Thread 0x0000021b60711210 flushing  nmethod 0x0000021b6984a490
Event: 27.586 Thread 0x0000021b60711210 flushing  nmethod 0x0000021b6984b290
Event: 27.586 Thread 0x0000021b60711210 flushing  nmethod 0x0000021b69919690
Event: 27.586 Thread 0x0000021b60711210 flushing  nmethod 0x0000021b69922990
Event: 27.586 Thread 0x0000021b60711210 flushing  nmethod 0x0000021b69926790
Event: 27.586 Thread 0x0000021b60711210 flushing  nmethod 0x0000021b6996c590
Event: 27.586 Thread 0x0000021b60711210 flushing  nmethod 0x0000021b69970910
Event: 27.586 Thread 0x0000021b60711210 flushing  nmethod 0x0000021b69a5cc10

Events (20 events):
Event: 0.184 Loaded shared library C:\Program Files\Android\Android Studio\jbr\bin\zip.dll
Event: 0.220 Loaded shared library C:\Program Files\Android\Android Studio\jbr\bin\jimage.dll
Event: 1.071 Thread 0x0000021b7d820a70 Thread exited: 0x0000021b7d820a70
Event: 1.357 Thread 0x0000021b7d8203d0 Thread exited: 0x0000021b7d8203d0
Event: 1.388 Thread 0x0000021b7d5fc370 Thread added: 0x0000021b7d8203d0
Event: 1.388 Thread 0x0000021b7d5fc370 Thread added: 0x0000021b7ea7ffc0
Event: 2.155 Thread 0x0000021b7ea7ffc0 Thread exited: 0x0000021b7ea7ffc0
Event: 2.350 Thread 0x0000021b7d8203d0 Thread added: 0x0000021b05083ac0
Event: 12.879 Thread 0x0000021b05083ac0 Thread exited: 0x0000021b05083ac0
Event: 13.156 Thread 0x0000021b7d5fc370 Thread added: 0x0000021b06c872f0
Event: 15.931 Thread 0x0000021b06c872f0 Thread exited: 0x0000021b06c872f0
Event: 15.931 Thread 0x0000021b7d8203d0 Thread exited: 0x0000021b7d8203d0
Event: 16.020 Thread 0x0000021b7d5fc370 Thread added: 0x0000021b06c872f0
Event: 16.476 Thread 0x0000021b7d5fc370 Thread added: 0x0000021b079ede00
Event: 20.301 Thread 0x0000021b079ede00 Thread exited: 0x0000021b079ede00
Event: 20.404 Thread 0x0000021b7d5fc370 Thread added: 0x0000021b056d51b0
Event: 29.033 Thread 0x0000021b056d51b0 Thread exited: 0x0000021b056d51b0
Event: 29.098 Thread 0x0000021b06c872f0 Thread exited: 0x0000021b06c872f0
Event: 29.143 Thread 0x0000021b7d5fc370 Thread added: 0x0000021b120d6db0
Event: 29.144 Thread 0x0000021b7d5fc370 Thread added: 0x0000021b120da430


Dynamic libraries:
0x00007ff643ba0000 - 0x00007ff643baa000 	C:\Program Files\Android\Android Studio\jbr\bin\java.exe
0x00007ffb18c20000 - 0x00007ffb18e88000 	C:\windows\SYSTEM32\ntdll.dll
0x00007ffb173e0000 - 0x00007ffb174a9000 	C:\windows\System32\KERNEL32.DLL
0x00007ffb160f0000 - 0x00007ffb164e8000 	C:\windows\System32\KERNELBASE.dll
0x00007ffb15490000 - 0x00007ffb15645000 	C:\Windows\system32\hmpalert.dll
0x00007ffb152a0000 - 0x00007ffb1548c000 	C:\windows\System32\SophosED\SophosED.dll
0x00007ffb165b0000 - 0x00007ffb166fb000 	C:\windows\System32\ucrtbase.dll
0x00007ffaefb60000 - 0x00007ffaefb7b000 	C:\Program Files\Android\Android Studio\jbr\bin\VCRUNTIME140.dll
0x00007ffb0cdd0000 - 0x00007ffb0cde8000 	C:\Program Files\Android\Android Studio\jbr\bin\jli.dll
0x00007ffb17f30000 - 0x00007ffb180f7000 	C:\windows\System32\USER32.dll
0x00007ffb15f90000 - 0x00007ffb15fb7000 	C:\windows\System32\win32u.dll
0x00007ffb16e60000 - 0x00007ffb16e8b000 	C:\windows\System32\GDI32.dll
0x00007ffb15fc0000 - 0x00007ffb160ec000 	C:\windows\System32\gdi32full.dll
0x00007ffb16700000 - 0x00007ffb167a3000 	C:\windows\System32\msvcp_win.dll
0x00007ffafa490000 - 0x00007ffafa724000 	C:\windows\WinSxS\amd64_microsoft.windows.common-controls_6595b64144ccf1df_6.0.26100.7019_none_3e06ffa0e335b8a8\COMCTL32.dll
0x00007ffb18100000 - 0x00007ffb181a9000 	C:\windows\System32\msvcrt.dll
0x00007ffb17650000 - 0x00007ffb17681000 	C:\windows\System32\IMM32.DLL
0x00007ffb02240000 - 0x00007ffb0224c000 	C:\Program Files\Android\Android Studio\jbr\bin\vcruntime140_1.dll
0x00007ffaece50000 - 0x00007ffaecedd000 	C:\Program Files\Android\Android Studio\jbr\bin\msvcp140.dll
0x00007ffa9d7e0000 - 0x00007ffa9e46b000 	C:\Program Files\Android\Android Studio\jbr\bin\server\jvm.dll
0x00007ffb185f0000 - 0x00007ffb186a4000 	C:\windows\System32\ADVAPI32.dll
0x00007ffb187a0000 - 0x00007ffb18846000 	C:\windows\System32\sechost.dll
0x00007ffb18410000 - 0x00007ffb18528000 	C:\windows\System32\RPCRT4.dll
0x00007ffb170c0000 - 0x00007ffb17134000 	C:\windows\System32\WS2_32.dll
0x00007ffb0f480000 - 0x00007ffb0f4b5000 	C:\windows\SYSTEM32\WINMM.dll
0x00007ffb15230000 - 0x00007ffb1528e000 	C:\windows\SYSTEM32\POWRPROF.dll
0x00007ffb0e730000 - 0x00007ffb0e73b000 	C:\windows\SYSTEM32\VERSION.dll
0x00007ffb15210000 - 0x00007ffb15224000 	C:\windows\SYSTEM32\UMPDC.dll
0x00007ffb146e0000 - 0x00007ffb146fb000 	C:\windows\SYSTEM32\kernel.appcore.dll
0x00007ffb02040000 - 0x00007ffb0204a000 	C:\Program Files\Android\Android Studio\jbr\bin\jimage.dll
0x00007ffb13100000 - 0x00007ffb13342000 	C:\windows\SYSTEM32\DBGHELP.DLL
0x00007ffb18850000 - 0x00007ffb18bdb000 	C:\windows\System32\combase.dll
0x00007ffb17e00000 - 0x00007ffb17ed7000 	C:\windows\System32\OLEAUT32.dll
0x00007ffafa450000 - 0x00007ffafa48c000 	C:\windows\SYSTEM32\dbgcore.DLL
0x00007ffb15d70000 - 0x00007ffb15e15000 	C:\windows\System32\bcryptPrimitives.dll
0x00007ffaaac00000 - 0x00007ffaaac20000 	C:\Program Files\Android\Android Studio\jbr\bin\java.dll
0x00007ffaaabe0000 - 0x00007ffaaabf8000 	C:\Program Files\Android\Android Studio\jbr\bin\zip.dll
0x00007ffb176a0000 - 0x00007ffb17df1000 	C:\windows\System32\SHELL32.dll
0x00007ffb15e20000 - 0x00007ffb15f8b000 	C:\windows\System32\wintypes.dll
0x00007ffb133a0000 - 0x00007ffb13bfd000 	C:\windows\SYSTEM32\windows.storage.dll
0x00007ffb172d0000 - 0x00007ffb173c2000 	C:\windows\System32\SHCORE.dll
0x00007ffb186b0000 - 0x00007ffb18717000 	C:\windows\System32\shlwapi.dll
0x00007ffb15c90000 - 0x00007ffb15cb9000 	C:\windows\SYSTEM32\profapi.dll
0x00007ffb01cb0000 - 0x00007ffb01cc0000 	C:\Program Files\Android\Android Studio\jbr\bin\net.dll
0x00007ffb0db40000 - 0x00007ffb0dc68000 	C:\windows\SYSTEM32\WINHTTP.dll
0x00007ffb14c90000 - 0x00007ffb14cfb000 	C:\windows\system32\mswsock.dll
0x00007ffaaabc0000 - 0x00007ffaaabd6000 	C:\Program Files\Android\Android Studio\jbr\bin\nio.dll
0x00007ffb01f70000 - 0x00007ffb01f80000 	C:\Program Files\Android\Android Studio\jbr\bin\verify.dll

dbghelp: loaded successfully - version: 4.0.5 - missing functions: none
symbol engine: initialized successfully - sym options: 0x614 - pdb path: .;C:\Program Files\Android\Android Studio\jbr\bin;C:\windows\SYSTEM32;C:\windows\System32\SophosED;C:\windows\WinSxS\amd64_microsoft.windows.common-controls_6595b64144ccf1df_6.0.26100.7019_none_3e06ffa0e335b8a8;C:\Program Files\Android\Android Studio\jbr\bin\server

VM Arguments:
java_command: org.jetbrains.kotlin.cli.jvm.K2JVMCompiler @C:\Users\rishabh.jain\AndroidStudioProjects\VendorApplication\app\build\20251209_16316443351982687967.compiler.options
java_class_path (initial): C:\Users\rishabh.jain\.gradle\caches\modules-2\files-2.1\org.jetbrains.kotlin\kotlin-compiler-embeddable\2.0.21\79346ed53db48b18312a472602eb5c057070c54d\kotlin-compiler-embeddable-2.0.21.jar;C:\Users\rishabh.jain\.gradle\caches\modules-2\files-2.1\org.jetbrains.kotlin\kotlin-stdlib\2.0.21\618b539767b4899b4660a83006e052b63f1db551\kotlin-stdlib-2.0.21.jar;C:\Users\rishabh.jain\.gradle\caches\modules-2\files-2.1\org.jetbrains.kotlin\kotlin-script-runtime\2.0.21\c9b044380ad41f89aa89aa896c2d32a8c0b2129d\kotlin-script-runtime-2.0.21.jar;C:\Users\rishabh.jain\.gradle\caches\modules-2\files-2.1\org.jetbrains.kotlin\kotlin-reflect\1.6.10\1cbe9c92c12a94eea200d23c2bbaedaf3daf5132\kotlin-reflect-1.6.10.jar;C:\Users\rishabh.jain\.gradle\caches\modules-2\files-2.1\org.jetbrains.kotlin\kotlin-daemon-embeddable\2.0.21\c9e933b23287de9b5a17e2116b4657bb91aea72c\kotlin-daemon-embeddable-2.0.21.jar;C:\Users\rishabh.jain\.gradle\caches\modules-2\files-2.1\org.jetbrains.intellij.deps\trove4j\1.0.20200330\3afb14d5f9ceb459d724e907a21145e8ff394f02\trove4j-1.0.20200330.jar;C:\Users\rishabh.jain\.gradle\caches\modules-2\files-2.1\org.jetbrains.kotlinx\kotlinx-coroutines-core-jvm\1.6.4\2c997cd1c0ef33f3e751d3831929aeff1390cb30\kotlinx-coroutines-core-jvm-1.6.4.jar;C:\Users\rishabh.jain\.gradle\caches\modules-2\files-2.1\org.jetbrains\annotations\13.0\919f0dfe192fb4e063e7dacadee7f8bb9a2672a9\annotations-13.0.jar
Launcher Type: SUN_STANDARD

[Global flags]
     intx CICompilerCount                          = 4                                         {product} {ergonomic}
     uint ConcGCThreads                            = 3                                         {product} {ergonomic}
     uint G1ConcRefinementThreads                  = 10                                        {product} {ergonomic}
   size_t G1HeapRegionSize                         = 2097152                                   {product} {ergonomic}
    uintx GCDrainStackTargetSize                   = 64                                        {product} {ergonomic}
   size_t InitialHeapSize                          = 264241152                                 {product} {ergonomic}
   size_t MarkStackSize                            = 4194304                                   {product} {ergonomic}
   size_t MaxHeapSize                              = 4213178368                                {product} {ergonomic}
   size_t MaxNewSize                               = 2527068160                                {product} {ergonomic}
   size_t MinHeapDeltaBytes                        = 2097152                                   {product} {ergonomic}
   size_t MinHeapSize                              = 8388608                                   {product} {ergonomic}
    uintx NonNMethodCodeHeapSize                   = 5839372                                {pd product} {ergonomic}
    uintx NonProfiledCodeHeapSize                  = 122909434                              {pd product} {ergonomic}
    uintx ProfiledCodeHeapSize                     = 122909434                              {pd product} {ergonomic}
    uintx ReservedCodeCacheSize                    = 251658240                              {pd product} {ergonomic}
     bool SegmentedCodeCache                       = true                                      {product} {ergonomic}
   size_t SoftMaxHeapSize                          = 4213178368                             {manageable} {ergonomic}
     bool UseCompressedOops                        = true                           {product lp64_product} {ergonomic}
     bool UseG1GC                                  = true                                      {product} {ergonomic}
     bool UseLargePagesIndividualAllocation        = false                                  {pd product} {ergonomic}

Logging:
Log output configuration:
 #0: stdout all=warning uptime,level,tags foldmultilines=false
 #1: stderr all=off uptime,level,tags foldmultilines=false

Environment Variables:
JAVA_HOME=C:\Program Files\Java\jdk-17
PATH=C:\Program Files\Common Files\Oracle\Java\javapath;C:\windows\system32;C:\windows;C:\windows\System32\Wbem;C:\windows\System32\WindowsPowerShell\v1.0\;C:\windows\System32\OpenSSH\;C:\Program Files\dotnet\;C:\Program Files\nodejs\;C:\Program Files\Java\jdk-17\bin;C:\Program Files\Common Files\Oracle\Java\javapath;C:\windows\system32;C:\windows;C:\windows\System32\Wbem;C:\windows\System32\WindowsPowerShell\v1.0\;C:\windows\System32\OpenSSH\;C:\Program Files\dotnet\;C:\Program Files\nodejs\;C:\Users\rishabh.jain\AppData\Local\Android\Sdk\platform-tools;C:\Users\rishabh.jain\AppData\Local\Android\Sdk\tools;C:\Users\rishabh.jain\AppData\Local\Android\Sdk\platform-tools;C:\Users\rishabh.jain\AppData\Local\Android\Sdk\tools;C:\Program Files\Common Files\Oracle\Java\javapath;C:\windows\system32;C:\windows;C:\windows\System32\Wbem;C:\windows\System32\WindowsPowerShell\v1.0\;C:\windows\System32\OpenSSH\;C:\Program Files\dotnet\;C:\Program Files\nodejs\;C:\Program Files\Common Files\Oracle\Java\javapath;C:\windows\system32;C:\windows;C:\windows\System32\Wbem;C:\windows\System32\WindowsPowerShell\v1.0\;C:\windows\System32\OpenSSH\;C:\Program Files\dotnet\;C:\Program Files\nodejs\;C:\Users\rishabh.jain\AppData\Local\Microsoft\WindowsApps;C:\Users\rishabh.jain\AppD;C:\Users\rishabh.jain\AppData\Local\Programs\Microsoft VS Code\bin
USERNAME=rishabh.jain
OS=Windows_NT
PROCESSOR_IDENTIFIER=Intel64 Family 6 Model 186 Stepping 3, GenuineIntel
TMP=C:\Users\RISHAB~1.JAI\AppData\Local\Temp
TEMP=C:\Users\RISHAB~1.JAI\AppData\Local\Temp




Periodic native trim disabled

JNI global refs:
JNI global refs: 13, weak refs: 9

JNI global refs memory usage: 835, weak refs: 833

Process memory usage:
Resident Set Size: 865024K (5% of 16452404K total physical memory with 688584K free physical memory)

OOME stack traces (most recent first):
Classloader memory used:
Loader jdk.internal.loader.ClassLoaders$AppClassLoader                                 : 80422K
Loader bootstrap                                                                       : 11676K
Loader java.net.URLClassLoader                                                         : 2739K

---------------  S Y S T E M  ---------------

OS:
 Windows 11 , 64 bit Build 26100 (10.0.26100.7019)
OS uptime: 4 days 5:47 hours
Hyper-V role detected

CPU: total 12 (initial active 12) (6 cores per cpu, 2 threads per core) family 6 model 186 stepping 3 microcode 0x4128, cx8, cmov, fxsr, ht, mmx, 3dnowpref, sse, sse2, sse3, ssse3, sse4.1, sse4.2, popcnt, lzcnt, tsc, tscinvbit, avx, avx2, aes, erms, clmul, bmi1, bmi2, adx, sha, fma, vzeroupper, clflush, clflushopt, clwb, hv, serialize, rdtscp, rdpid, fsrm, f16c, cet_ibt, cet_ss
Processor Information for the first 12 processors :
  Max Mhz: 1400, Current Mhz: 1400, Mhz Limit: 1400

Memory: 4k page, system-wide physical 16066M (672M free)
TotalPageFile size 40387M (AvailPageFile size 8M)
current process WorkingSet (physical memory assigned to process): 844M, peak: 846M
current process commit charge ("private bytes"): 823M, peak: 827M

vm_info: OpenJDK 64-Bit Server VM (21.0.6+-13391695-b895.109) for windows-amd64 JRE (21.0.6+-13391695-b895.109), built on 2025-04-22T21:19:17Z by "builder" with MS VC++ 16.10 / 16.11 (VS2019)

END.
